Record 93
{
  "Event": {
    "#attributes": {
      "xmlns": "http://schemas.microsoft.com/win/2004/08/events/event"
    },
    "EventData": {
      "Session": 1
    },
    "System": {
      "Channel": "Microsoft-Windows-User Profile Service/Operational",
      "Computer": "DESKTOP-QLKN511",
      "Correlation": null,
      "EventID": 2,
      "EventRecordID": 93,
      "Execution": {
        "#attributes": {
          "ProcessID": 1328,
          "ThreadID": 1588
        }
      },
      "Keywords": "0x4000000000000000",
      "Level": 4,
      "Opcode": 0,
      "Provider": {
        "#attributes": {
          "Guid": "89B1E9F0-5AFF-44A6-9B44-0A07A7CE5845",
          "Name": "Microsoft-Windows-User Profiles Service"
        }
      },
      "Security": {
        "#attributes": {
          "UserID": "S-1-5-21-297825045-448280702-2256943394-1001"
        }
      },
      "Task": 0,
      "TimeCreated": {
        "#attributes": {
          "SystemTime": "2020-04-06T05:38:21.482002Z"
        }
      },
      "Version": 0
    }
  }
}
Record 94
{
  "Event": {
    "#attributes": {
      "xmlns": "http://schemas.microsoft.com/win/2004/08/events/event"
    },
    "EventData": {
      "Session": 1
    },
    "System": {
      "Channel": "Microsoft-Windows-User Profile Service/Operational",
      "Computer": "DESKTOP-QLKN511",
      "Correlation": null,
      "EventID": 3,
      "EventRecordID": 94,
      "Execution": {
        "#attributes": {
          "ProcessID": 1328,
          "ThreadID": 1588
        }
      },
      "Keywords": "0x4000000000000000",
      "Level": 4,
      "Opcode": 0,
      "Provider": {
        "#attributes": {
          "Guid": "89B1E9F0-5AFF-44A6-9B44-0A07A7CE5845",
          "Name": "Microsoft-Windows-User Profiles Service"
        }
      },
      "Security": {
        "#attributes": {
          "UserID": "S-1-5-21-297825045-448280702-2256943394-1001"
        }
      },
      "Task": 0,
      "TimeCreated": {
        "#attributes": {
          "SystemTime": "2020-04-06T05:39:19.338958Z"
        }
      },
      "Version": 0
    }
  }
}
Record 95
{
  "Event": {
    "#attributes": {
      "xmlns": "http://schemas.microsoft.com/win/2004/08/events/event"
    },
    "EventData": {
      "Session": 1
    },
    "System": {
      "Channel": "Microsoft-Windows-User Profile Service/Operational",
      "Computer": "DESKTOP-QLKN511",
      "Correlation": null,
      "EventID": 4,
      "EventRecordID": 95,
      "Execution": {
        "#attributes": {
          "ProcessID": 1328,
          "ThreadID": 1588
        }
      },
      "Keywords": "0x4000000000000000",
      "Level": 4,
      "Opcode": 0,
      "Provider": {
        "#attributes": {
          "Guid": "89B1E9F0-5AFF-44A6-9B44-0A07A7CE5845",
          "Name": "Microsoft-Windows-User Profiles Service"
        }
      },
      "Security": {
        "#attributes": {
          "UserID": "S-1-5-21-297825045-448280702-2256943394-1001"
        }
      },
      "Task": 0,
      "TimeCreated": {
        "#attributes": {
          "SystemTime": "2020-04-06T05:39:19.390639Z"
        }
      },
      "Version": 0
    }
  }
}
Record 96
{
  "Event": {
    "#attributes": {
      "xmlns": "http://schemas.microsoft.com/win/2004/08/events/event"
    },
    "EventData": {
      "Session": 1
    },
    "System": {
      "Channel": "Microsoft-Windows-User Profile Service/Operational",
      "Computer": "DESKTOP-QLKN511",
      "Correlation": null,
      "EventID": 1,
      "EventRecordID": 96,
      "Execution": {
        "#attributes": {
          "ProcessID": 1584,
          "ThreadID": 1772
        }
      },
      "Keywords": "0x4000000000000000",
      "Level": 4,
      "Opcode": 0,
      "Provider": {
        "#attributes": {
          "Guid": "89B1E9F0-5AFF-44A6-9B44-0A07A7CE5845",
          "Name": "Microsoft-Windows-User Profiles Service"
        }
      },
      "Security": {
        "#attributes": {
          "UserID": "S-1-5-21-297825045-448280702-2256943394-1001"
        }
      },
      "Task": 0,
      "TimeCreated": {
        "#attributes": {
          "SystemTime": "2020-04-06T09:14:46.116428Z"
        }
      },
      "Version": 0
    }
  }
}
Record 97
{
  "Event": {
    "#attributes": {
      "xmlns": "http://schemas.microsoft.com/win/2004/08/events/event"
    },
    "EventData": {
      "File": "C:\\Users\\ENTER\\ntuser.dat",
      "Key": "S-1-5-21-297825045-448280702-2256943394-1001"
    },
    "System": {
      "Channel": "Microsoft-Windows-User Profile Service/Operational",
      "Computer": "DESKTOP-QLKN511",
      "Correlation": null,
      "EventID": 5,
      "EventRecordID": 97,
      "Execution": {
        "#attributes": {
          "ProcessID": 1584,
          "ThreadID": 1768
        }
      },
      "Keywords": "0x4000000000000000",
      "Level": 4,
      "Opcode": 0,
      "Provider": {
        "#attributes": {
          "Guid": "89B1E9F0-5AFF-44A6-9B44-0A07A7CE5845",
          "Name": "Microsoft-Windows-User Profiles Service"
        }
      },
      "Security": {
        "#attributes": {
          "UserID": "S-1-5-18"
        }
      },
      "Task": 0,
      "TimeCreated": {
        "#attributes": {
          "SystemTime": "2020-04-06T09:14:46.130458Z"
        }
      },
      "Version": 0
    }
  }
}
Record 98
{
  "Event": {
    "#attributes": {
      "xmlns": "http://schemas.microsoft.com/win/2004/08/events/event"
    },
    "EventData": {
      "LocalPath": "C:\\Users\\ENTER",
      "LogonType": "Regular",
      "ProfileType": "Regular"
    },
    "System": {
      "Channel": "Microsoft-Windows-User Profile Service/Operational",
      "Computer": "DESKTOP-QLKN511",
      "Correlation": null,
      "EventID": 67,
      "EventRecordID": 98,
      "Execution": {
        "#attributes": {
          "ProcessID": 1584,
          "ThreadID": 1768
        }
      },
      "Keywords": "0x4000000000000000",
      "Level": 4,
      "Opcode": 0,
      "Provider": {
        "#attributes": {
          "Guid": "89B1E9F0-5AFF-44A6-9B44-0A07A7CE5845",
          "Name": "Microsoft-Windows-User Profiles Service"
        }
      },
      "Security": {
        "#attributes": {
          "UserID": "S-1-5-18"
        }
      },
      "Task": 0,
      "TimeCreated": {
        "#attributes": {
          "SystemTime": "2020-04-06T09:14:46.131335Z"
        }
      },
      "Version": 0
    }
  }
}
Record 99
{
  "Event": {
    "#attributes": {
      "xmlns": "http://schemas.microsoft.com/win/2004/08/events/event"
    },
    "EventData": {
      "File": "C:\\Users\\ENTER\\AppData\\Local\\Microsoft\\Windows\\\\UsrClass.dat",
      "Key": "S-1-5-21-297825045-448280702-2256943394-1001_Classes"
    },
    "System": {
      "Channel": "Microsoft-Windows-User Profile Service/Operational",
      "Computer": "DESKTOP-QLKN511",
      "Correlation": null,
      "EventID": 5,
      "EventRecordID": 99,
      "Execution": {
        "#attributes": {
          "ProcessID": 1584,
          "ThreadID": 1768
        }
      },
      "Keywords": "0x4000000000000000",
      "Level": 4,
      "Opcode": 0,
      "Provider": {
        "#attributes": {
          "Guid": "89B1E9F0-5AFF-44A6-9B44-0A07A7CE5845",
          "Name": "Microsoft-Windows-User Profiles Service"
        }
      },
      "Security": {
        "#attributes": {
          "UserID": "S-1-5-18"
        }
      },
      "Task": 0,
      "TimeCreated": {
        "#attributes": {
          "SystemTime": "2020-04-06T09:14:46.247667Z"
        }
      },
      "Version": 0
    }
  }
}
Record 100
{
  "Event": {
    "#attributes": {
      "xmlns": "http://schemas.microsoft.com/win/2004/08/events/event"
    },
    "EventData": {
      "Session": 1
    },
    "System": {
      "Channel": "Microsoft-Windows-User Profile Service/Operational",
      "Computer": "DESKTOP-QLKN511",
      "Correlation": null,
      "EventID": 2,
      "EventRecordID": 100,
      "Execution": {
        "#attributes": {
          "ProcessID": 1584,
          "ThreadID": 1772
        }
      },
      "Keywords": "0x4000000000000000",
      "Level": 4,
      "Opcode": 0,
      "Provider": {
        "#attributes": {
          "Guid": "89B1E9F0-5AFF-44A6-9B44-0A07A7CE5845",
          "Name": "Microsoft-Windows-User Profiles Service"
        }
      },
      "Security": {
        "#attributes": {
          "UserID": "S-1-5-21-297825045-448280702-2256943394-1001"
        }
      },
      "Task": 0,
      "TimeCreated": {
        "#attributes": {
          "SystemTime": "2020-04-06T09:14:46.357352Z"
        }
      },
      "Version": 0
    }
  }
}
Record 101
{
  "Event": {
    "#attributes": {
      "xmlns": "http://schemas.microsoft.com/win/2004/08/events/event"
    },
    "EventData": {
      "Session": 1
    },
    "System": {
      "Channel": "Microsoft-Windows-User Profile Service/Operational",
      "Computer": "DESKTOP-QLKN511",
      "Correlation": null,
      "EventID": 3,
      "EventRecordID": 101,
      "Execution": {
        "#attributes": {
          "ProcessID": 1584,
          "ThreadID": 9792
        }
      },
      "Keywords": "0x4000000000000000",
      "Level": 4,
      "Opcode": 0,
      "Provider": {
        "#attributes": {
          "Guid": "89B1E9F0-5AFF-44A6-9B44-0A07A7CE5845",
          "Name": "Microsoft-Windows-User Profiles Service"
        }
      },
      "Security": {
        "#attributes": {
          "UserID": "S-1-5-21-297825045-448280702-2256943394-1001"
        }
      },
      "Task": 0,
      "TimeCreated": {
        "#attributes": {
          "SystemTime": "2020-04-06T10:43:53.706921Z"
        }
      },
      "Version": 0
    }
  }
}
Record 102
{
  "Event": {
    "#attributes": {
      "xmlns": "http://schemas.microsoft.com/win/2004/08/events/event"
    },
    "EventData": {
      "Session": 1
    },
    "System": {
      "Channel": "Microsoft-Windows-User Profile Service/Operational",
      "Computer": "DESKTOP-QLKN511",
      "Correlation": null,
      "EventID": 4,
      "EventRecordID": 102,
      "Execution": {
        "#attributes": {
          "ProcessID": 1584,
          "ThreadID": 9792
        }
      },
      "Keywords": "0x4000000000000000",
      "Level": 4,
      "Opcode": 0,
      "Provider": {
        "#attributes": {
          "Guid": "89B1E9F0-5AFF-44A6-9B44-0A07A7CE5845",
          "Name": "Microsoft-Windows-User Profiles Service"
        }
      },
      "Security": {
        "#attributes": {
          "UserID": "S-1-5-21-297825045-448280702-2256943394-1001"
        }
      },
      "Task": 0,
      "TimeCreated": {
        "#attributes": {
          "SystemTime": "2020-04-06T10:43:53.713393Z"
        }
      },
      "Version": 0
    }
  }
}
Record 103
{
  "Event": {
    "#attributes": {
      "xmlns": "http://schemas.microsoft.com/win/2004/08/events/event"
    },
    "EventData": {
      "Session": 1
    },
    "System": {
      "Channel": "Microsoft-Windows-User Profile Service/Operational",
      "Computer": "DESKTOP-QLKN511",
      "Correlation": null,
      "EventID": 1,
      "EventRecordID": 103,
      "Execution": {
        "#attributes": {
          "ProcessID": 1328,
          "ThreadID": 1528
        }
      },
      "Keywords": "0x4000000000000000",
      "Level": 4,
      "Opcode": 0,
      "Provider": {
        "#attributes": {
          "Guid": "89B1E9F0-5AFF-44A6-9B44-0A07A7CE5845",
          "Name": "Microsoft-Windows-User Profiles Service"
        }
      },
      "Security": {
        "#attributes": {
          "UserID": "S-1-5-21-297825045-448280702-2256943394-1001"
        }
      },
      "Task": 0,
      "TimeCreated": {
        "#attributes": {
          "SystemTime": "2020-04-06T12:15:12.960047Z"
        }
      },
      "Version": 0
    }
  }
}
Record 104
{
  "Event": {
    "#attributes": {
      "xmlns": "http://schemas.microsoft.com/win/2004/08/events/event"
    },
    "EventData": {
      "File": "C:\\Users\\ENTER\\ntuser.dat",
      "Key": "S-1-5-21-297825045-448280702-2256943394-1001"
    },
    "System": {
      "Channel": "Microsoft-Windows-User Profile Service/Operational",
      "Computer": "DESKTOP-QLKN511",
      "Correlation": null,
      "EventID": 5,
      "EventRecordID": 104,
      "Execution": {
        "#attributes": {
          "ProcessID": 1328,
          "ThreadID": 1520
        }
      },
      "Keywords": "0x4000000000000000",
      "Level": 4,
      "Opcode": 0,
      "Provider": {
        "#attributes": {
          "Guid": "89B1E9F0-5AFF-44A6-9B44-0A07A7CE5845",
          "Name": "Microsoft-Windows-User Profiles Service"
        }
      },
      "Security": {
        "#attributes": {
          "UserID": "S-1-5-18"
        }
      },
      "Task": 0,
      "TimeCreated": {
        "#attributes": {
          "SystemTime": "2020-04-06T12:15:12.975176Z"
        }
      },
      "Version": 0
    }
  }
}
Record 105
{
  "Event": {
    "#attributes": {
      "xmlns": "http://schemas.microsoft.com/win/2004/08/events/event"
    },
    "EventData": {
      "LocalPath": "C:\\Users\\ENTER",
      "LogonType": "Regular",
      "ProfileType": "Regular"
    },
    "System": {
      "Channel": "Microsoft-Windows-User Profile Service/Operational",
      "Computer": "DESKTOP-QLKN511",
      "Correlation": null,
      "EventID": 67,
      "EventRecordID": 105,
      "Execution": {
        "#attributes": {
          "ProcessID": 1328,
          "ThreadID": 1520
        }
      },
      "Keywords": "0x4000000000000000",
      "Level": 4,
      "Opcode": 0,
      "Provider": {
        "#attributes": {
          "Guid": "89B1E9F0-5AFF-44A6-9B44-0A07A7CE5845",
          "Name": "Microsoft-Windows-User Profiles Service"
        }
      },
      "Security": {
        "#attributes": {
          "UserID": "S-1-5-18"
        }
      },
      "Task": 0,
      "TimeCreated": {
        "#attributes": {
          "SystemTime": "2020-04-06T12:15:12.976402Z"
        }
      },
      "Version": 0
    }
  }
}
Record 106
{
  "Event": {
    "#attributes": {
      "xmlns": "http://schemas.microsoft.com/win/2004/08/events/event"
    },
    "EventData": {
      "File": "C:\\Users\\ENTER\\AppData\\Local\\Microsoft\\Windows\\\\UsrClass.dat",
      "Key": "S-1-5-21-297825045-448280702-2256943394-1001_Classes"
    },
    "System": {
      "Channel": "Microsoft-Windows-User Profile Service/Operational",
      "Computer": "DESKTOP-QLKN511",
      "Correlation": null,
      "EventID": 5,
      "EventRecordID": 106,
      "Execution": {
        "#attributes": {
          "ProcessID": 1328,
          "ThreadID": 1520
        }
      },
      "Keywords": "0x4000000000000000",
      "Level": 4,
      "Opcode": 0,
      "Provider": {
        "#attributes": {
          "Guid": "89B1E9F0-5AFF-44A6-9B44-0A07A7CE5845",
          "Name": "Microsoft-Windows-User Profiles Service"
        }
      },
      "Security": {
        "#attributes": {
          "UserID": "S-1-5-18"
        }
      },
      "Task": 0,
      "TimeCreated": {
        "#attributes": {
          "SystemTime": "2020-04-06T12:15:13.068110Z"
        }
      },
      "Version": 0
    }
  }
}
Record 107
{
  "Event": {
    "#attributes": {
      "xmlns": "http://schemas.microsoft.com/win/2004/08/events/event"
    },
    "EventData": {
      "Session": 1
    },
    "System": {
      "Channel": "Microsoft-Windows-User Profile Service/Operational",
      "Computer": "DESKTOP-QLKN511",
      "Correlation": null,
      "EventID": 2,
      "EventRecordID": 107,
      "Execution": {
        "#attributes": {
          "ProcessID": 1328,
          "ThreadID": 1528
        }
      },
      "Keywords": "0x4000000000000000",
      "Level": 4,
      "Opcode": 0,
      "Provider": {
        "#attributes": {
          "Guid": "89B1E9F0-5AFF-44A6-9B44-0A07A7CE5845",
          "Name": "Microsoft-Windows-User Profiles Service"
        }
      },
      "Security": {
        "#attributes": {
          "UserID": "S-1-5-21-297825045-448280702-2256943394-1001"
        }
      },
      "Task": 0,
      "TimeCreated": {
        "#attributes": {
          "SystemTime": "2020-04-06T12:15:13.101592Z"
        }
      },
      "Version": 0
    }
  }
}
Record 108
{
  "Event": {
    "#attributes": {
      "xmlns": "http://schemas.microsoft.com/win/2004/08/events/event"
    },
    "EventData": {
      "Session": 1
    },
    "System": {
      "Channel": "Microsoft-Windows-User Profile Service/Operational",
      "Computer": "DESKTOP-QLKN511",
      "Correlation": null,
      "EventID": 3,
      "EventRecordID": 108,
      "Execution": {
        "#attributes": {
          "ProcessID": 1328,
          "ThreadID": 8668
        }
      },
      "Keywords": "0x4000000000000000",
      "Level": 4,
      "Opcode": 0,
      "Provider": {
        "#attributes": {
          "Guid": "89B1E9F0-5AFF-44A6-9B44-0A07A7CE5845",
          "Name": "Microsoft-Windows-User Profiles Service"
        }
      },
      "Security": {
        "#attributes": {
          "UserID": "S-1-5-21-297825045-448280702-2256943394-1001"
        }
      },
      "Task": 0,
      "TimeCreated": {
        "#attributes": {
          "SystemTime": "2020-04-06T14:11:03.706662Z"
        }
      },
      "Version": 0
    }
  }
}
Record 109
{
  "Event": {
    "#attributes": {
      "xmlns": "http://schemas.microsoft.com/win/2004/08/events/event"
    },
    "EventData": {
      "Session": 1
    },
    "System": {
      "Channel": "Microsoft-Windows-User Profile Service/Operational",
      "Computer": "DESKTOP-QLKN511",
      "Correlation": null,
      "EventID": 4,
      "EventRecordID": 109,
      "Execution": {
        "#attributes": {
          "ProcessID": 1328,
          "ThreadID": 8668
        }
      },
      "Keywords": "0x4000000000000000",
      "Level": 4,
      "Opcode": 0,
      "Provider": {
        "#attributes": {
          "Guid": "89B1E9F0-5AFF-44A6-9B44-0A07A7CE5845",
          "Name": "Microsoft-Windows-User Profiles Service"
        }
      },
      "Security": {
        "#attributes": {
          "UserID": "S-1-5-21-297825045-448280702-2256943394-1001"
        }
      },
      "Task": 0,
      "TimeCreated": {
        "#attributes": {
          "SystemTime": "2020-04-06T14:11:03.741538Z"
        }
      },
      "Version": 0
    }
  }
}
Record 110
{
  "Event": {
    "#attributes": {
      "xmlns": "http://schemas.microsoft.com/win/2004/08/events/event"
    },
    "EventData": {
      "Session": 1
    },
    "System": {
      "Channel": "Microsoft-Windows-User Profile Service/Operational",
      "Computer": "DESKTOP-QLKN511",
      "Correlation": null,
      "EventID": 1,
      "EventRecordID": 110,
      "Execution": {
        "#attributes": {
          "ProcessID": 1292,
          "ThreadID": 1532
        }
      },
      "Keywords": "0x4000000000000000",
      "Level": 4,
      "Opcode": 0,
      "Provider": {
        "#attributes": {
          "Guid": "89B1E9F0-5AFF-44A6-9B44-0A07A7CE5845",
          "Name": "Microsoft-Windows-User Profiles Service"
        }
      },
      "Security": {
        "#attributes": {
          "UserID": "S-1-5-21-297825045-448280702-2256943394-1001"
        }
      },
      "Task": 0,
      "TimeCreated": {
        "#attributes": {
          "SystemTime": "2020-04-08T12:31:44.646133Z"
        }
      },
      "Version": 0
    }
  }
}
Record 111
{
  "Event": {
    "#attributes": {
      "xmlns": "http://schemas.microsoft.com/win/2004/08/events/event"
    },
    "EventData": {
      "File": "C:\\Users\\ENTER\\ntuser.dat",
      "Key": "S-1-5-21-297825045-448280702-2256943394-1001"
    },
    "System": {
      "Channel": "Microsoft-Windows-User Profile Service/Operational",
      "Computer": "DESKTOP-QLKN511",
      "Correlation": null,
      "EventID": 5,
      "EventRecordID": 111,
      "Execution": {
        "#attributes": {
          "ProcessID": 1292,
          "ThreadID": 1528
        }
      },
      "Keywords": "0x4000000000000000",
      "Level": 4,
      "Opcode": 0,
      "Provider": {
        "#attributes": {
          "Guid": "89B1E9F0-5AFF-44A6-9B44-0A07A7CE5845",
          "Name": "Microsoft-Windows-User Profiles Service"
        }
      },
      "Security": {
        "#attributes": {
          "UserID": "S-1-5-18"
        }
      },
      "Task": 0,
      "TimeCreated": {
        "#attributes": {
          "SystemTime": "2020-04-08T12:31:44.682034Z"
        }
      },
      "Version": 0
    }
  }
}
Record 112
{
  "Event": {
    "#attributes": {
      "xmlns": "http://schemas.microsoft.com/win/2004/08/events/event"
    },
    "EventData": {
      "LocalPath": "C:\\Users\\ENTER",
      "LogonType": "Regular",
      "ProfileType": "Regular"
    },
    "System": {
      "Channel": "Microsoft-Windows-User Profile Service/Operational",
      "Computer": "DESKTOP-QLKN511",
      "Correlation": null,
      "EventID": 67,
      "EventRecordID": 112,
      "Execution": {
        "#attributes": {
          "ProcessID": 1292,
          "ThreadID": 1528
        }
      },
      "Keywords": "0x4000000000000000",
      "Level": 4,
      "Opcode": 0,
      "Provider": {
        "#attributes": {
          "Guid": "89B1E9F0-5AFF-44A6-9B44-0A07A7CE5845",
          "Name": "Microsoft-Windows-User Profiles Service"
        }
      },
      "Security": {
        "#attributes": {
          "UserID": "S-1-5-18"
        }
      },
      "Task": 0,
      "TimeCreated": {
        "#attributes": {
          "SystemTime": "2020-04-08T12:31:44.683351Z"
        }
      },
      "Version": 0
    }
  }
}
Record 113
{
  "Event": {
    "#attributes": {
      "xmlns": "http://schemas.microsoft.com/win/2004/08/events/event"
    },
    "EventData": {
      "File": "C:\\Users\\ENTER\\AppData\\Local\\Microsoft\\Windows\\\\UsrClass.dat",
      "Key": "S-1-5-21-297825045-448280702-2256943394-1001_Classes"
    },
    "System": {
      "Channel": "Microsoft-Windows-User Profile Service/Operational",
      "Computer": "DESKTOP-QLKN511",
      "Correlation": null,
      "EventID": 5,
      "EventRecordID": 113,
      "Execution": {
        "#attributes": {
          "ProcessID": 1292,
          "ThreadID": 1528
        }
      },
      "Keywords": "0x4000000000000000",
      "Level": 4,
      "Opcode": 0,
      "Provider": {
        "#attributes": {
          "Guid": "89B1E9F0-5AFF-44A6-9B44-0A07A7CE5845",
          "Name": "Microsoft-Windows-User Profiles Service"
        }
      },
      "Security": {
        "#attributes": {
          "UserID": "S-1-5-18"
        }
      },
      "Task": 0,
      "TimeCreated": {
        "#attributes": {
          "SystemTime": "2020-04-08T12:31:44.791992Z"
        }
      },
      "Version": 0
    }
  }
}
Record 114
{
  "Event": {
    "#attributes": {
      "xmlns": "http://schemas.microsoft.com/win/2004/08/events/event"
    },
    "EventData": {
      "Session": 1
    },
    "System": {
      "Channel": "Microsoft-Windows-User Profile Service/Operational",
      "Computer": "DESKTOP-QLKN511",
      "Correlation": null,
      "EventID": 2,
      "EventRecordID": 114,
      "Execution": {
        "#attributes": {
          "ProcessID": 1292,
          "ThreadID": 1532
        }
      },
      "Keywords": "0x4000000000000000",
      "Level": 4,
      "Opcode": 0,
      "Provider": {
        "#attributes": {
          "Guid": "89B1E9F0-5AFF-44A6-9B44-0A07A7CE5845",
          "Name": "Microsoft-Windows-User Profiles Service"
        }
      },
      "Security": {
        "#attributes": {
          "UserID": "S-1-5-21-297825045-448280702-2256943394-1001"
        }
      },
      "Task": 0,
      "TimeCreated": {
        "#attributes": {
          "SystemTime": "2020-04-08T12:31:44.825698Z"
        }
      },
      "Version": 0
    }
  }
}
Record 115
{
  "Event": {
    "#attributes": {
      "xmlns": "http://schemas.microsoft.com/win/2004/08/events/event"
    },
    "EventData": {
      "Session": 1
    },
    "System": {
      "Channel": "Microsoft-Windows-User Profile Service/Operational",
      "Computer": "DESKTOP-QLKN511",
      "Correlation": null,
      "EventID": 3,
      "EventRecordID": 115,
      "Execution": {
        "#attributes": {
          "ProcessID": 1292,
          "ThreadID": 1532
        }
      },
      "Keywords": "0x4000000000000000",
      "Level": 4,
      "Opcode": 0,
      "Provider": {
        "#attributes": {
          "Guid": "89B1E9F0-5AFF-44A6-9B44-0A07A7CE5845",
          "Name": "Microsoft-Windows-User Profiles Service"
        }
      },
      "Security": {
        "#attributes": {
          "UserID": "S-1-5-21-297825045-448280702-2256943394-1001"
        }
      },
      "Task": 0,
      "TimeCreated": {
        "#attributes": {
          "SystemTime": "2020-04-08T12:32:36.851091Z"
        }
      },
      "Version": 0
    }
  }
}
Record 116
{
  "Event": {
    "#attributes": {
      "xmlns": "http://schemas.microsoft.com/win/2004/08/events/event"
    },
    "EventData": {
      "Session": 1
    },
    "System": {
      "Channel": "Microsoft-Windows-User Profile Service/Operational",
      "Computer": "DESKTOP-QLKN511",
      "Correlation": null,
      "EventID": 4,
      "EventRecordID": 116,
      "Execution": {
        "#attributes": {
          "ProcessID": 1292,
          "ThreadID": 1532
        }
      },
      "Keywords": "0x4000000000000000",
      "Level": 4,
      "Opcode": 0,
      "Provider": {
        "#attributes": {
          "Guid": "89B1E9F0-5AFF-44A6-9B44-0A07A7CE5845",
          "Name": "Microsoft-Windows-User Profiles Service"
        }
      },
      "Security": {
        "#attributes": {
          "UserID": "S-1-5-21-297825045-448280702-2256943394-1001"
        }
      },
      "Task": 0,
      "TimeCreated": {
        "#attributes": {
          "SystemTime": "2020-04-08T12:32:36.879822Z"
        }
      },
      "Version": 0
    }
  }
}
Record 117
{
  "Event": {
    "#attributes": {
      "xmlns": "http://schemas.microsoft.com/win/2004/08/events/event"
    },
    "EventData": {
      "Session": 1
    },
    "System": {
      "Channel": "Microsoft-Windows-User Profile Service/Operational",
      "Computer": "DESKTOP-QLKN511",
      "Correlation": null,
      "EventID": 1,
      "EventRecordID": 117,
      "Execution": {
        "#attributes": {
          "ProcessID": 1460,
          "ThreadID": 1616
        }
      },
      "Keywords": "0x4000000000000000",
      "Level": 4,
      "Opcode": 0,
      "Provider": {
        "#attributes": {
          "Guid": "89B1E9F0-5AFF-44A6-9B44-0A07A7CE5845",
          "Name": "Microsoft-Windows-User Profiles Service"
        }
      },
      "Security": {
        "#attributes": {
          "UserID": "S-1-5-21-297825045-448280702-2256943394-1001"
        }
      },
      "Task": 0,
      "TimeCreated": {
        "#attributes": {
          "SystemTime": "2020-04-08T12:38:01.970251Z"
        }
      },
      "Version": 0
    }
  }
}
Record 118
{
  "Event": {
    "#attributes": {
      "xmlns": "http://schemas.microsoft.com/win/2004/08/events/event"
    },
    "EventData": {
      "File": "C:\\Users\\ENTER\\ntuser.dat",
      "Key": "S-1-5-21-297825045-448280702-2256943394-1001"
    },
    "System": {
      "Channel": "Microsoft-Windows-User Profile Service/Operational",
      "Computer": "DESKTOP-QLKN511",
      "Correlation": null,
      "EventID": 5,
      "EventRecordID": 118,
      "Execution": {
        "#attributes": {
          "ProcessID": 1460,
          "ThreadID": 1612
        }
      },
      "Keywords": "0x4000000000000000",
      "Level": 4,
      "Opcode": 0,
      "Provider": {
        "#attributes": {
          "Guid": "89B1E9F0-5AFF-44A6-9B44-0A07A7CE5845",
          "Name": "Microsoft-Windows-User Profiles Service"
        }
      },
      "Security": {
        "#attributes": {
          "UserID": "S-1-5-18"
        }
      },
      "Task": 0,
      "TimeCreated": {
        "#attributes": {
          "SystemTime": "2020-04-08T12:38:01.993207Z"
        }
      },
      "Version": 0
    }
  }
}
Record 119
{
  "Event": {
    "#attributes": {
      "xmlns": "http://schemas.microsoft.com/win/2004/08/events/event"
    },
    "EventData": {
      "LocalPath": "C:\\Users\\ENTER",
      "LogonType": "Regular",
      "ProfileType": "Regular"
    },
    "System": {
      "Channel": "Microsoft-Windows-User Profile Service/Operational",
      "Computer": "DESKTOP-QLKN511",
      "Correlation": null,
      "EventID": 67,
      "EventRecordID": 119,
      "Execution": {
        "#attributes": {
          "ProcessID": 1460,
          "ThreadID": 1612
        }
      },
      "Keywords": "0x4000000000000000",
      "Level": 4,
      "Opcode": 0,
      "Provider": {
        "#attributes": {
          "Guid": "89B1E9F0-5AFF-44A6-9B44-0A07A7CE5845",
          "Name": "Microsoft-Windows-User Profiles Service"
        }
      },
      "Security": {
        "#attributes": {
          "UserID": "S-1-5-18"
        }
      },
      "Task": 0,
      "TimeCreated": {
        "#attributes": {
          "SystemTime": "2020-04-08T12:38:01.995084Z"
        }
      },
      "Version": 0
    }
  }
}
Record 120
{
  "Event": {
    "#attributes": {
      "xmlns": "http://schemas.microsoft.com/win/2004/08/events/event"
    },
    "EventData": {
      "File": "C:\\Users\\ENTER\\AppData\\Local\\Microsoft\\Windows\\\\UsrClass.dat",
      "Key": "S-1-5-21-297825045-448280702-2256943394-1001_Classes"
    },
    "System": {
      "Channel": "Microsoft-Windows-User Profile Service/Operational",
      "Computer": "DESKTOP-QLKN511",
      "Correlation": null,
      "EventID": 5,
      "EventRecordID": 120,
      "Execution": {
        "#attributes": {
          "ProcessID": 1460,
          "ThreadID": 1612
        }
      },
      "Keywords": "0x4000000000000000",
      "Level": 4,
      "Opcode": 0,
      "Provider": {
        "#attributes": {
          "Guid": "89B1E9F0-5AFF-44A6-9B44-0A07A7CE5845",
          "Name": "Microsoft-Windows-User Profiles Service"
        }
      },
      "Security": {
        "#attributes": {
          "UserID": "S-1-5-18"
        }
      },
      "Task": 0,
      "TimeCreated": {
        "#attributes": {
          "SystemTime": "2020-04-08T12:38:02.123656Z"
        }
      },
      "Version": 0
    }
  }
}
Record 121
{
  "Event": {
    "#attributes": {
      "xmlns": "http://schemas.microsoft.com/win/2004/08/events/event"
    },
    "EventData": {
      "Session": 1
    },
    "System": {
      "Channel": "Microsoft-Windows-User Profile Service/Operational",
      "Computer": "DESKTOP-QLKN511",
      "Correlation": null,
      "EventID": 2,
      "EventRecordID": 121,
      "Execution": {
        "#attributes": {
          "ProcessID": 1460,
          "ThreadID": 1616
        }
      },
      "Keywords": "0x4000000000000000",
      "Level": 4,
      "Opcode": 0,
      "Provider": {
        "#attributes": {
          "Guid": "89B1E9F0-5AFF-44A6-9B44-0A07A7CE5845",
          "Name": "Microsoft-Windows-User Profiles Service"
        }
      },
      "Security": {
        "#attributes": {
          "UserID": "S-1-5-21-297825045-448280702-2256943394-1001"
        }
      },
      "Task": 0,
      "TimeCreated": {
        "#attributes": {
          "SystemTime": "2020-04-08T12:38:02.158819Z"
        }
      },
      "Version": 0
    }
  }
}
Record 122
{
  "Event": {
    "#attributes": {
      "xmlns": "http://schemas.microsoft.com/win/2004/08/events/event"
    },
    "EventData": {
      "Session": 1
    },
    "System": {
      "Channel": "Microsoft-Windows-User Profile Service/Operational",
      "Computer": "DESKTOP-QLKN511",
      "Correlation": null,
      "EventID": 3,
      "EventRecordID": 122,
      "Execution": {
        "#attributes": {
          "ProcessID": 1460,
          "ThreadID": 1612
        }
      },
      "Keywords": "0x4000000000000000",
      "Level": 4,
      "Opcode": 0,
      "Provider": {
        "#attributes": {
          "Guid": "89B1E9F0-5AFF-44A6-9B44-0A07A7CE5845",
          "Name": "Microsoft-Windows-User Profiles Service"
        }
      },
      "Security": {
        "#attributes": {
          "UserID": "S-1-5-21-297825045-448280702-2256943394-1001"
        }
      },
      "Task": 0,
      "TimeCreated": {
        "#attributes": {
          "SystemTime": "2020-04-08T12:38:11.954375Z"
        }
      },
      "Version": 0
    }
  }
}
Record 123
{
  "Event": {
    "#attributes": {
      "xmlns": "http://schemas.microsoft.com/win/2004/08/events/event"
    },
    "EventData": {
      "Session": 1
    },
    "System": {
      "Channel": "Microsoft-Windows-User Profile Service/Operational",
      "Computer": "DESKTOP-QLKN511",
      "Correlation": null,
      "EventID": 4,
      "EventRecordID": 123,
      "Execution": {
        "#attributes": {
          "ProcessID": 1460,
          "ThreadID": 1612
        }
      },
      "Keywords": "0x4000000000000000",
      "Level": 4,
      "Opcode": 0,
      "Provider": {
        "#attributes": {
          "Guid": "89B1E9F0-5AFF-44A6-9B44-0A07A7CE5845",
          "Name": "Microsoft-Windows-User Profiles Service"
        }
      },
      "Security": {
        "#attributes": {
          "UserID": "S-1-5-21-297825045-448280702-2256943394-1001"
        }
      },
      "Task": 0,
      "TimeCreated": {
        "#attributes": {
          "SystemTime": "2020-04-08T12:38:11.978118Z"
        }
      },
      "Version": 0
    }
  }
}
Record 124
{
  "Event": {
    "#attributes": {
      "xmlns": "http://schemas.microsoft.com/win/2004/08/events/event"
    },
    "EventData": {
      "Session": 1
    },
    "System": {
      "Channel": "Microsoft-Windows-User Profile Service/Operational",
      "Computer": "DESKTOP-QLKN511",
      "Correlation": null,
      "EventID": 1,
      "EventRecordID": 124,
      "Execution": {
        "#attributes": {
          "ProcessID": 1260,
          "ThreadID": 1492
        }
      },
      "Keywords": "0x4000000000000000",
      "Level": 4,
      "Opcode": 0,
      "Provider": {
        "#attributes": {
          "Guid": "89B1E9F0-5AFF-44A6-9B44-0A07A7CE5845",
          "Name": "Microsoft-Windows-User Profiles Service"
        }
      },
      "Security": {
        "#attributes": {
          "UserID": "S-1-5-21-297825045-448280702-2256943394-1001"
        }
      },
      "Task": 0,
      "TimeCreated": {
        "#attributes": {
          "SystemTime": "2020-04-08T12:39:05.020672Z"
        }
      },
      "Version": 0
    }
  }
}
Record 125
{
  "Event": {
    "#attributes": {
      "xmlns": "http://schemas.microsoft.com/win/2004/08/events/event"
    },
    "EventData": {
      "File": "C:\\Users\\ENTER\\ntuser.dat",
      "Key": "S-1-5-21-297825045-448280702-2256943394-1001"
    },
    "System": {
      "Channel": "Microsoft-Windows-User Profile Service/Operational",
      "Computer": "DESKTOP-QLKN511",
      "Correlation": null,
      "EventID": 5,
      "EventRecordID": 125,
      "Execution": {
        "#attributes": {
          "ProcessID": 1260,
          "ThreadID": 1496
        }
      },
      "Keywords": "0x4000000000000000",
      "Level": 4,
      "Opcode": 0,
      "Provider": {
        "#attributes": {
          "Guid": "89B1E9F0-5AFF-44A6-9B44-0A07A7CE5845",
          "Name": "Microsoft-Windows-User Profiles Service"
        }
      },
      "Security": {
        "#attributes": {
          "UserID": "S-1-5-18"
        }
      },
      "Task": 0,
      "TimeCreated": {
        "#attributes": {
          "SystemTime": "2020-04-08T12:39:05.041569Z"
        }
      },
      "Version": 0
    }
  }
}
Record 126
{
  "Event": {
    "#attributes": {
      "xmlns": "http://schemas.microsoft.com/win/2004/08/events/event"
    },
    "EventData": {
      "LocalPath": "C:\\Users\\ENTER",
      "LogonType": "Regular",
      "ProfileType": "Regular"
    },
    "System": {
      "Channel": "Microsoft-Windows-User Profile Service/Operational",
      "Computer": "DESKTOP-QLKN511",
      "Correlation": null,
      "EventID": 67,
      "EventRecordID": 126,
      "Execution": {
        "#attributes": {
          "ProcessID": 1260,
          "ThreadID": 1496
        }
      },
      "Keywords": "0x4000000000000000",
      "Level": 4,
      "Opcode": 0,
      "Provider": {
        "#attributes": {
          "Guid": "89B1E9F0-5AFF-44A6-9B44-0A07A7CE5845",
          "Name": "Microsoft-Windows-User Profiles Service"
        }
      },
      "Security": {
        "#attributes": {
          "UserID": "S-1-5-18"
        }
      },
      "Task": 0,
      "TimeCreated": {
        "#attributes": {
          "SystemTime": "2020-04-08T12:39:05.043064Z"
        }
      },
      "Version": 0
    }
  }
}
Record 127
{
  "Event": {
    "#attributes": {
      "xmlns": "http://schemas.microsoft.com/win/2004/08/events/event"
    },
    "EventData": {
      "File": "C:\\Users\\ENTER\\AppData\\Local\\Microsoft\\Windows\\\\UsrClass.dat",
      "Key": "S-1-5-21-297825045-448280702-2256943394-1001_Classes"
    },
    "System": {
      "Channel": "Microsoft-Windows-User Profile Service/Operational",
      "Computer": "DESKTOP-QLKN511",
      "Correlation": null,
      "EventID": 5,
      "EventRecordID": 127,
      "Execution": {
        "#attributes": {
          "ProcessID": 1260,
          "ThreadID": 1496
        }
      },
      "Keywords": "0x4000000000000000",
      "Level": 4,
      "Opcode": 0,
      "Provider": {
        "#attributes": {
          "Guid": "89B1E9F0-5AFF-44A6-9B44-0A07A7CE5845",
          "Name": "Microsoft-Windows-User Profiles Service"
        }
      },
      "Security": {
        "#attributes": {
          "UserID": "S-1-5-18"
        }
      },
      "Task": 0,
      "TimeCreated": {
        "#attributes": {
          "SystemTime": "2020-04-08T12:39:05.164507Z"
        }
      },
      "Version": 0
    }
  }
}
Record 128
{
  "Event": {
    "#attributes": {
      "xmlns": "http://schemas.microsoft.com/win/2004/08/events/event"
    },
    "EventData": {
      "Session": 1
    },
    "System": {
      "Channel": "Microsoft-Windows-User Profile Service/Operational",
      "Computer": "DESKTOP-QLKN511",
      "Correlation": null,
      "EventID": 2,
      "EventRecordID": 128,
      "Execution": {
        "#attributes": {
          "ProcessID": 1260,
          "ThreadID": 1492
        }
      },
      "Keywords": "0x4000000000000000",
      "Level": 4,
      "Opcode": 0,
      "Provider": {
        "#attributes": {
          "Guid": "89B1E9F0-5AFF-44A6-9B44-0A07A7CE5845",
          "Name": "Microsoft-Windows-User Profiles Service"
        }
      },
      "Security": {
        "#attributes": {
          "UserID": "S-1-5-21-297825045-448280702-2256943394-1001"
        }
      },
      "Task": 0,
      "TimeCreated": {
        "#attributes": {
          "SystemTime": "2020-04-08T12:39:05.197134Z"
        }
      },
      "Version": 0
    }
  }
}
Record 129
{
  "Event": {
    "#attributes": {
      "xmlns": "http://schemas.microsoft.com/win/2004/08/events/event"
    },
    "EventData": {
      "Session": 1
    },
    "System": {
      "Channel": "Microsoft-Windows-User Profile Service/Operational",
      "Computer": "DESKTOP-QLKN511",
      "Correlation": null,
      "EventID": 3,
      "EventRecordID": 129,
      "Execution": {
        "#attributes": {
          "ProcessID": 1260,
          "ThreadID": 1496
        }
      },
      "Keywords": "0x4000000000000000",
      "Level": 4,
      "Opcode": 0,
      "Provider": {
        "#attributes": {
          "Guid": "89B1E9F0-5AFF-44A6-9B44-0A07A7CE5845",
          "Name": "Microsoft-Windows-User Profiles Service"
        }
      },
      "Security": {
        "#attributes": {
          "UserID": "S-1-5-21-297825045-448280702-2256943394-1001"
        }
      },
      "Task": 0,
      "TimeCreated": {
        "#attributes": {
          "SystemTime": "2020-04-08T12:39:27.200426Z"
        }
      },
      "Version": 0
    }
  }
}
Record 130
{
  "Event": {
    "#attributes": {
      "xmlns": "http://schemas.microsoft.com/win/2004/08/events/event"
    },
    "EventData": {
      "Session": 1
    },
    "System": {
      "Channel": "Microsoft-Windows-User Profile Service/Operational",
      "Computer": "DESKTOP-QLKN511",
      "Correlation": null,
      "EventID": 4,
      "EventRecordID": 130,
      "Execution": {
        "#attributes": {
          "ProcessID": 1260,
          "ThreadID": 1496
        }
      },
      "Keywords": "0x4000000000000000",
      "Level": 4,
      "Opcode": 0,
      "Provider": {
        "#attributes": {
          "Guid": "89B1E9F0-5AFF-44A6-9B44-0A07A7CE5845",
          "Name": "Microsoft-Windows-User Profiles Service"
        }
      },
      "Security": {
        "#attributes": {
          "UserID": "S-1-5-21-297825045-448280702-2256943394-1001"
        }
      },
      "Task": 0,
      "TimeCreated": {
        "#attributes": {
          "SystemTime": "2020-04-08T12:39:27.225459Z"
        }
      },
      "Version": 0
    }
  }
}
Record 131
{
  "Event": {
    "#attributes": {
      "xmlns": "http://schemas.microsoft.com/win/2004/08/events/event"
    },
    "EventData": {
      "Session": 1
    },
    "System": {
      "Channel": "Microsoft-Windows-User Profile Service/Operational",
      "Computer": "DESKTOP-QLKN511",
      "Correlation": null,
      "EventID": 1,
      "EventRecordID": 131,
      "Execution": {
        "#attributes": {
          "ProcessID": 1356,
          "ThreadID": 1612
        }
      },
      "Keywords": "0x4000000000000000",
      "Level": 4,
      "Opcode": 0,
      "Provider": {
        "#attributes": {
          "Guid": "89B1E9F0-5AFF-44A6-9B44-0A07A7CE5845",
          "Name": "Microsoft-Windows-User Profiles Service"
        }
      },
      "Security": {
        "#attributes": {
          "UserID": "S-1-5-21-297825045-448280702-2256943394-1001"
        }
      },
      "Task": 0,
      "TimeCreated": {
        "#attributes": {
          "SystemTime": "2020-04-08T10:27:32.662104Z"
        }
      },
      "Version": 0
    }
  }
}
Record 132
{
  "Event": {
    "#attributes": {
      "xmlns": "http://schemas.microsoft.com/win/2004/08/events/event"
    },
    "EventData": {
      "File": "C:\\Users\\ENTER\\ntuser.dat",
      "Key": "S-1-5-21-297825045-448280702-2256943394-1001"
    },
    "System": {
      "Channel": "Microsoft-Windows-User Profile Service/Operational",
      "Computer": "DESKTOP-QLKN511",
      "Correlation": null,
      "EventID": 5,
      "EventRecordID": 132,
      "Execution": {
        "#attributes": {
          "ProcessID": 1356,
          "ThreadID": 3908
        }
      },
      "Keywords": "0x4000000000000000",
      "Level": 4,
      "Opcode": 0,
      "Provider": {
        "#attributes": {
          "Guid": "89B1E9F0-5AFF-44A6-9B44-0A07A7CE5845",
          "Name": "Microsoft-Windows-User Profiles Service"
        }
      },
      "Security": {
        "#attributes": {
          "UserID": "S-1-5-18"
        }
      },
      "Task": 0,
      "TimeCreated": {
        "#attributes": {
          "SystemTime": "2020-04-08T10:27:32.681502Z"
        }
      },
      "Version": 0
    }
  }
}
Record 133
{
  "Event": {
    "#attributes": {
      "xmlns": "http://schemas.microsoft.com/win/2004/08/events/event"
    },
    "EventData": {
      "LocalPath": "C:\\Users\\ENTER",
      "LogonType": "Regular",
      "ProfileType": "Regular"
    },
    "System": {
      "Channel": "Microsoft-Windows-User Profile Service/Operational",
      "Computer": "DESKTOP-QLKN511",
      "Correlation": null,
      "EventID": 67,
      "EventRecordID": 133,
      "Execution": {
        "#attributes": {
          "ProcessID": 1356,
          "ThreadID": 3908
        }
      },
      "Keywords": "0x4000000000000000",
      "Level": 4,
      "Opcode": 0,
      "Provider": {
        "#attributes": {
          "Guid": "89B1E9F0-5AFF-44A6-9B44-0A07A7CE5845",
          "Name": "Microsoft-Windows-User Profiles Service"
        }
      },
      "Security": {
        "#attributes": {
          "UserID": "S-1-5-18"
        }
      },
      "Task": 0,
      "TimeCreated": {
        "#attributes": {
          "SystemTime": "2020-04-08T10:27:32.682974Z"
        }
      },
      "Version": 0
    }
  }
}
Record 134
{
  "Event": {
    "#attributes": {
      "xmlns": "http://schemas.microsoft.com/win/2004/08/events/event"
    },
    "EventData": {
      "File": "C:\\Users\\ENTER\\AppData\\Local\\Microsoft\\Windows\\\\UsrClass.dat",
      "Key": "S-1-5-21-297825045-448280702-2256943394-1001_Classes"
    },
    "System": {
      "Channel": "Microsoft-Windows-User Profile Service/Operational",
      "Computer": "DESKTOP-QLKN511",
      "Correlation": null,
      "EventID": 5,
      "EventRecordID": 134,
      "Execution": {
        "#attributes": {
          "ProcessID": 1356,
          "ThreadID": 3908
        }
      },
      "Keywords": "0x4000000000000000",
      "Level": 4,
      "Opcode": 0,
      "Provider": {
        "#attributes": {
          "Guid": "89B1E9F0-5AFF-44A6-9B44-0A07A7CE5845",
          "Name": "Microsoft-Windows-User Profiles Service"
        }
      },
      "Security": {
        "#attributes": {
          "UserID": "S-1-5-18"
        }
      },
      "Task": 0,
      "TimeCreated": {
        "#attributes": {
          "SystemTime": "2020-04-08T10:27:32.794271Z"
        }
      },
      "Version": 0
    }
  }
}
Record 135
{
  "Event": {
    "#attributes": {
      "xmlns": "http://schemas.microsoft.com/win/2004/08/events/event"
    },
    "EventData": {
      "Session": 1
    },
    "System": {
      "Channel": "Microsoft-Windows-User Profile Service/Operational",
      "Computer": "DESKTOP-QLKN511",
      "Correlation": null,
      "EventID": 2,
      "EventRecordID": 135,
      "Execution": {
        "#attributes": {
          "ProcessID": 1356,
          "ThreadID": 1612
        }
      },
      "Keywords": "0x4000000000000000",
      "Level": 4,
      "Opcode": 0,
      "Provider": {
        "#attributes": {
          "Guid": "89B1E9F0-5AFF-44A6-9B44-0A07A7CE5845",
          "Name": "Microsoft-Windows-User Profiles Service"
        }
      },
      "Security": {
        "#attributes": {
          "UserID": "S-1-5-21-297825045-448280702-2256943394-1001"
        }
      },
      "Task": 0,
      "TimeCreated": {
        "#attributes": {
          "SystemTime": "2020-04-08T10:27:32.826486Z"
        }
      },
      "Version": 0
    }
  }
}
Record 136
{
  "Event": {
    "#attributes": {
      "xmlns": "http://schemas.microsoft.com/win/2004/08/events/event"
    },
    "EventData": {
      "Session": 1
    },
    "System": {
      "Channel": "Microsoft-Windows-User Profile Service/Operational",
      "Computer": "DESKTOP-QLKN511",
      "Correlation": null,
      "EventID": 3,
      "EventRecordID": 136,
      "Execution": {
        "#attributes": {
          "ProcessID": 1356,
          "ThreadID": 7552
        }
      },
      "Keywords": "0x4000000000000000",
      "Level": 4,
      "Opcode": 0,
      "Provider": {
        "#attributes": {
          "Guid": "89B1E9F0-5AFF-44A6-9B44-0A07A7CE5845",
          "Name": "Microsoft-Windows-User Profiles Service"
        }
      },
      "Security": {
        "#attributes": {
          "UserID": "S-1-5-21-297825045-448280702-2256943394-1001"
        }
      },
      "Task": 0,
      "TimeCreated": {
        "#attributes": {
          "SystemTime": "2020-04-08T11:12:16.976902Z"
        }
      },
      "Version": 0
    }
  }
}
Record 137
{
  "Event": {
    "#attributes": {
      "xmlns": "http://schemas.microsoft.com/win/2004/08/events/event"
    },
    "EventData": {
      "Session": 1
    },
    "System": {
      "Channel": "Microsoft-Windows-User Profile Service/Operational",
      "Computer": "DESKTOP-QLKN511",
      "Correlation": null,
      "EventID": 4,
      "EventRecordID": 137,
      "Execution": {
        "#attributes": {
          "ProcessID": 1356,
          "ThreadID": 7552
        }
      },
      "Keywords": "0x4000000000000000",
      "Level": 4,
      "Opcode": 0,
      "Provider": {
        "#attributes": {
          "Guid": "89B1E9F0-5AFF-44A6-9B44-0A07A7CE5845",
          "Name": "Microsoft-Windows-User Profiles Service"
        }
      },
      "Security": {
        "#attributes": {
          "UserID": "S-1-5-21-297825045-448280702-2256943394-1001"
        }
      },
      "Task": 0,
      "TimeCreated": {
        "#attributes": {
          "SystemTime": "2020-04-08T11:12:17.002979Z"
        }
      },
      "Version": 0
    }
  }
}
Record 138
{
  "Event": {
    "#attributes": {
      "xmlns": "http://schemas.microsoft.com/win/2004/08/events/event"
    },
    "EventData": {
      "Session": 1
    },
    "System": {
      "Channel": "Microsoft-Windows-User Profile Service/Operational",
      "Computer": "DESKTOP-QLKN511",
      "Correlation": null,
      "EventID": 1,
      "EventRecordID": 138,
      "Execution": {
        "#attributes": {
          "ProcessID": 1364,
          "ThreadID": 1628
        }
      },
      "Keywords": "0x4000000000000000",
      "Level": 4,
      "Opcode": 0,
      "Provider": {
        "#attributes": {
          "Guid": "89B1E9F0-5AFF-44A6-9B44-0A07A7CE5845",
          "Name": "Microsoft-Windows-User Profiles Service"
        }
      },
      "Security": {
        "#attributes": {
          "UserID": "S-1-5-21-297825045-448280702-2256943394-1001"
        }
      },
      "Task": 0,
      "TimeCreated": {
        "#attributes": {
          "SystemTime": "2020-04-08T20:31:38.328692Z"
        }
      },
      "Version": 0
    }
  }
}
