Record 139
{
  "Event": {
    "#attributes": {
      "xmlns": "http://schemas.microsoft.com/win/2004/08/events/event"
    },
    "EventData": {
      "File": "C:\\Users\\ENTER\\ntuser.dat",
      "Key": "S-1-5-21-297825045-448280702-2256943394-1001"
    },
    "System": {
      "Channel": "Microsoft-Windows-User Profile Service/Operational",
      "Computer": "DESKTOP-QLKN511",
      "Correlation": null,
      "EventID": 5,
      "EventRecordID": 139,
      "Execution": {
        "#attributes": {
          "ProcessID": 1364,
          "ThreadID": 1620
        }
      },
      "Keywords": "0x4000000000000000",
      "Level": 4,
      "Opcode": 0,
      "Provider": {
        "#attributes": {
          "Guid": "89B1E9F0-5AFF-44A6-9B44-0A07A7CE5845",
          "Name": "Microsoft-Windows-User Profiles Service"
        }
      },
      "Security": {
        "#attributes": {
          "UserID": "S-1-5-18"
        }
      },
      "Task": 0,
      "TimeCreated": {
        "#attributes": {
          "SystemTime": "2020-04-08T20:31:38.343551Z"
        }
      },
      "Version": 0
    }
  }
}
Record 140
{
  "Event": {
    "#attributes": {
      "xmlns": "http://schemas.microsoft.com/win/2004/08/events/event"
    },
    "EventData": {
      "LocalPath": "C:\\Users\\ENTER",
      "LogonType": "Regular",
      "ProfileType": "Regular"
    },
    "System": {
      "Channel": "Microsoft-Windows-User Profile Service/Operational",
      "Computer": "DESKTOP-QLKN511",
      "Correlation": null,
      "EventID": 67,
      "EventRecordID": 140,
      "Execution": {
        "#attributes": {
          "ProcessID": 1364,
          "ThreadID": 1620
        }
      },
      "Keywords": "0x4000000000000000",
      "Level": 4,
      "Opcode": 0,
      "Provider": {
        "#attributes": {
          "Guid": "89B1E9F0-5AFF-44A6-9B44-0A07A7CE5845",
          "Name": "Microsoft-Windows-User Profiles Service"
        }
      },
      "Security": {
        "#attributes": {
          "UserID": "S-1-5-18"
        }
      },
      "Task": 0,
      "TimeCreated": {
        "#attributes": {
          "SystemTime": "2020-04-08T20:31:38.344565Z"
        }
      },
      "Version": 0
    }
  }
}
Record 141
{
  "Event": {
    "#attributes": {
      "xmlns": "http://schemas.microsoft.com/win/2004/08/events/event"
    },
    "EventData": {
      "File": "C:\\Users\\ENTER\\AppData\\Local\\Microsoft\\Windows\\\\UsrClass.dat",
      "Key": "S-1-5-21-297825045-448280702-2256943394-1001_Classes"
    },
    "System": {
      "Channel": "Microsoft-Windows-User Profile Service/Operational",
      "Computer": "DESKTOP-QLKN511",
      "Correlation": null,
      "EventID": 5,
      "EventRecordID": 141,
      "Execution": {
        "#attributes": {
          "ProcessID": 1364,
          "ThreadID": 1620
        }
      },
      "Keywords": "0x4000000000000000",
      "Level": 4,
      "Opcode": 0,
      "Provider": {
        "#attributes": {
          "Guid": "89B1E9F0-5AFF-44A6-9B44-0A07A7CE5845",
          "Name": "Microsoft-Windows-User Profiles Service"
        }
      },
      "Security": {
        "#attributes": {
          "UserID": "S-1-5-18"
        }
      },
      "Task": 0,
      "TimeCreated": {
        "#attributes": {
          "SystemTime": "2020-04-08T20:31:38.464439Z"
        }
      },
      "Version": 0
    }
  }
}
Record 142
{
  "Event": {
    "#attributes": {
      "xmlns": "http://schemas.microsoft.com/win/2004/08/events/event"
    },
    "EventData": {
      "Session": 1
    },
    "System": {
      "Channel": "Microsoft-Windows-User Profile Service/Operational",
      "Computer": "DESKTOP-QLKN511",
      "Correlation": null,
      "EventID": 2,
      "EventRecordID": 142,
      "Execution": {
        "#attributes": {
          "ProcessID": 1364,
          "ThreadID": 1628
        }
      },
      "Keywords": "0x4000000000000000",
      "Level": 4,
      "Opcode": 0,
      "Provider": {
        "#attributes": {
          "Guid": "89B1E9F0-5AFF-44A6-9B44-0A07A7CE5845",
          "Name": "Microsoft-Windows-User Profiles Service"
        }
      },
      "Security": {
        "#attributes": {
          "UserID": "S-1-5-21-297825045-448280702-2256943394-1001"
        }
      },
      "Task": 0,
      "TimeCreated": {
        "#attributes": {
          "SystemTime": "2020-04-08T20:31:38.500647Z"
        }
      },
      "Version": 0
    }
  }
}
Record 143
{
  "Event": {
    "#attributes": {
      "xmlns": "http://schemas.microsoft.com/win/2004/08/events/event"
    },
    "EventData": {
      "Session": 1
    },
    "System": {
      "Channel": "Microsoft-Windows-User Profile Service/Operational",
      "Computer": "DESKTOP-QLKN511",
      "Correlation": null,
      "EventID": 3,
      "EventRecordID": 143,
      "Execution": {
        "#attributes": {
          "ProcessID": 1364,
          "ThreadID": 8264
        }
      },
      "Keywords": "0x4000000000000000",
      "Level": 4,
      "Opcode": 0,
      "Provider": {
        "#attributes": {
          "Guid": "89B1E9F0-5AFF-44A6-9B44-0A07A7CE5845",
          "Name": "Microsoft-Windows-User Profiles Service"
        }
      },
      "Security": {
        "#attributes": {
          "UserID": "S-1-5-21-297825045-448280702-2256943394-1001"
        }
      },
      "Task": 0,
      "TimeCreated": {
        "#attributes": {
          "SystemTime": "2020-04-08T21:01:33.926130Z"
        }
      },
      "Version": 0
    }
  }
}
Record 144
{
  "Event": {
    "#attributes": {
      "xmlns": "http://schemas.microsoft.com/win/2004/08/events/event"
    },
    "EventData": {
      "Session": 1
    },
    "System": {
      "Channel": "Microsoft-Windows-User Profile Service/Operational",
      "Computer": "DESKTOP-QLKN511",
      "Correlation": null,
      "EventID": 4,
      "EventRecordID": 144,
      "Execution": {
        "#attributes": {
          "ProcessID": 1364,
          "ThreadID": 8264
        }
      },
      "Keywords": "0x4000000000000000",
      "Level": 4,
      "Opcode": 0,
      "Provider": {
        "#attributes": {
          "Guid": "89B1E9F0-5AFF-44A6-9B44-0A07A7CE5845",
          "Name": "Microsoft-Windows-User Profiles Service"
        }
      },
      "Security": {
        "#attributes": {
          "UserID": "S-1-5-21-297825045-448280702-2256943394-1001"
        }
      },
      "Task": 0,
      "TimeCreated": {
        "#attributes": {
          "SystemTime": "2020-04-08T21:01:33.953211Z"
        }
      },
      "Version": 0
    }
  }
}
Record 145
{
  "Event": {
    "#attributes": {
      "xmlns": "http://schemas.microsoft.com/win/2004/08/events/event"
    },
    "EventData": {
      "Session": 1
    },
    "System": {
      "Channel": "Microsoft-Windows-User Profile Service/Operational",
      "Computer": "DESKTOP-QLKN511",
      "Correlation": null,
      "EventID": 1,
      "EventRecordID": 145,
      "Execution": {
        "#attributes": {
          "ProcessID": 1336,
          "ThreadID": 1532
        }
      },
      "Keywords": "0x4000000000000000",
      "Level": 4,
      "Opcode": 0,
      "Provider": {
        "#attributes": {
          "Guid": "89B1E9F0-5AFF-44A6-9B44-0A07A7CE5845",
          "Name": "Microsoft-Windows-User Profiles Service"
        }
      },
      "Security": {
        "#attributes": {
          "UserID": "S-1-5-21-297825045-448280702-2256943394-1001"
        }
      },
      "Task": 0,
      "TimeCreated": {
        "#attributes": {
          "SystemTime": "2020-04-09T18:16:26.487800Z"
        }
      },
      "Version": 0
    }
  }
}
Record 146
{
  "Event": {
    "#attributes": {
      "xmlns": "http://schemas.microsoft.com/win/2004/08/events/event"
    },
    "EventData": {
      "File": "C:\\Users\\ENTER\\ntuser.dat",
      "Key": "S-1-5-21-297825045-448280702-2256943394-1001"
    },
    "System": {
      "Channel": "Microsoft-Windows-User Profile Service/Operational",
      "Computer": "DESKTOP-QLKN511",
      "Correlation": null,
      "EventID": 5,
      "EventRecordID": 146,
      "Execution": {
        "#attributes": {
          "ProcessID": 1336,
          "ThreadID": 1516
        }
      },
      "Keywords": "0x4000000000000000",
      "Level": 4,
      "Opcode": 0,
      "Provider": {
        "#attributes": {
          "Guid": "89B1E9F0-5AFF-44A6-9B44-0A07A7CE5845",
          "Name": "Microsoft-Windows-User Profiles Service"
        }
      },
      "Security": {
        "#attributes": {
          "UserID": "S-1-5-18"
        }
      },
      "Task": 0,
      "TimeCreated": {
        "#attributes": {
          "SystemTime": "2020-04-09T18:16:26.524558Z"
        }
      },
      "Version": 0
    }
  }
}
Record 147
{
  "Event": {
    "#attributes": {
      "xmlns": "http://schemas.microsoft.com/win/2004/08/events/event"
    },
    "EventData": {
      "LocalPath": "C:\\Users\\ENTER",
      "LogonType": "Regular",
      "ProfileType": "Regular"
    },
    "System": {
      "Channel": "Microsoft-Windows-User Profile Service/Operational",
      "Computer": "DESKTOP-QLKN511",
      "Correlation": null,
      "EventID": 67,
      "EventRecordID": 147,
      "Execution": {
        "#attributes": {
          "ProcessID": 1336,
          "ThreadID": 1516
        }
      },
      "Keywords": "0x4000000000000000",
      "Level": 4,
      "Opcode": 0,
      "Provider": {
        "#attributes": {
          "Guid": "89B1E9F0-5AFF-44A6-9B44-0A07A7CE5845",
          "Name": "Microsoft-Windows-User Profiles Service"
        }
      },
      "Security": {
        "#attributes": {
          "UserID": "S-1-5-18"
        }
      },
      "Task": 0,
      "TimeCreated": {
        "#attributes": {
          "SystemTime": "2020-04-09T18:16:26.526110Z"
        }
      },
      "Version": 0
    }
  }
}
Record 148
{
  "Event": {
    "#attributes": {
      "xmlns": "http://schemas.microsoft.com/win/2004/08/events/event"
    },
    "EventData": {
      "File": "C:\\Users\\ENTER\\AppData\\Local\\Microsoft\\Windows\\\\UsrClass.dat",
      "Key": "S-1-5-21-297825045-448280702-2256943394-1001_Classes"
    },
    "System": {
      "Channel": "Microsoft-Windows-User Profile Service/Operational",
      "Computer": "DESKTOP-QLKN511",
      "Correlation": null,
      "EventID": 5,
      "EventRecordID": 148,
      "Execution": {
        "#attributes": {
          "ProcessID": 1336,
          "ThreadID": 1516
        }
      },
      "Keywords": "0x4000000000000000",
      "Level": 4,
      "Opcode": 0,
      "Provider": {
        "#attributes": {
          "Guid": "89B1E9F0-5AFF-44A6-9B44-0A07A7CE5845",
          "Name": "Microsoft-Windows-User Profiles Service"
        }
      },
      "Security": {
        "#attributes": {
          "UserID": "S-1-5-18"
        }
      },
      "Task": 0,
      "TimeCreated": {
        "#attributes": {
          "SystemTime": "2020-04-09T18:16:26.652871Z"
        }
      },
      "Version": 0
    }
  }
}
Record 149
{
  "Event": {
    "#attributes": {
      "xmlns": "http://schemas.microsoft.com/win/2004/08/events/event"
    },
    "EventData": {
      "Session": 1
    },
    "System": {
      "Channel": "Microsoft-Windows-User Profile Service/Operational",
      "Computer": "DESKTOP-QLKN511",
      "Correlation": null,
      "EventID": 2,
      "EventRecordID": 149,
      "Execution": {
        "#attributes": {
          "ProcessID": 1336,
          "ThreadID": 1532
        }
      },
      "Keywords": "0x4000000000000000",
      "Level": 4,
      "Opcode": 0,
      "Provider": {
        "#attributes": {
          "Guid": "89B1E9F0-5AFF-44A6-9B44-0A07A7CE5845",
          "Name": "Microsoft-Windows-User Profiles Service"
        }
      },
      "Security": {
        "#attributes": {
          "UserID": "S-1-5-21-297825045-448280702-2256943394-1001"
        }
      },
      "Task": 0,
      "TimeCreated": {
        "#attributes": {
          "SystemTime": "2020-04-09T18:16:26.686246Z"
        }
      },
      "Version": 0
    }
  }
}
Record 150
{
  "Event": {
    "#attributes": {
      "xmlns": "http://schemas.microsoft.com/win/2004/08/events/event"
    },
    "EventData": {
      "Session": 1
    },
    "System": {
      "Channel": "Microsoft-Windows-User Profile Service/Operational",
      "Computer": "DESKTOP-QLKN511",
      "Correlation": null,
      "EventID": 3,
      "EventRecordID": 150,
      "Execution": {
        "#attributes": {
          "ProcessID": 1336,
          "ThreadID": 1516
        }
      },
      "Keywords": "0x4000000000000000",
      "Level": 4,
      "Opcode": 0,
      "Provider": {
        "#attributes": {
          "Guid": "89B1E9F0-5AFF-44A6-9B44-0A07A7CE5845",
          "Name": "Microsoft-Windows-User Profiles Service"
        }
      },
      "Security": {
        "#attributes": {
          "UserID": "S-1-5-21-297825045-448280702-2256943394-1001"
        }
      },
      "Task": 0,
      "TimeCreated": {
        "#attributes": {
          "SystemTime": "2020-04-09T18:16:42.125490Z"
        }
      },
      "Version": 0
    }
  }
}
Record 151
{
  "Event": {
    "#attributes": {
      "xmlns": "http://schemas.microsoft.com/win/2004/08/events/event"
    },
    "EventData": {
      "Session": 1
    },
    "System": {
      "Channel": "Microsoft-Windows-User Profile Service/Operational",
      "Computer": "DESKTOP-QLKN511",
      "Correlation": null,
      "EventID": 4,
      "EventRecordID": 151,
      "Execution": {
        "#attributes": {
          "ProcessID": 1336,
          "ThreadID": 1516
        }
      },
      "Keywords": "0x4000000000000000",
      "Level": 4,
      "Opcode": 0,
      "Provider": {
        "#attributes": {
          "Guid": "89B1E9F0-5AFF-44A6-9B44-0A07A7CE5845",
          "Name": "Microsoft-Windows-User Profiles Service"
        }
      },
      "Security": {
        "#attributes": {
          "UserID": "S-1-5-21-297825045-448280702-2256943394-1001"
        }
      },
      "Task": 0,
      "TimeCreated": {
        "#attributes": {
          "SystemTime": "2020-04-09T18:16:42.152734Z"
        }
      },
      "Version": 0
    }
  }
}
Record 152
{
  "Event": {
    "#attributes": {
      "xmlns": "http://schemas.microsoft.com/win/2004/08/events/event"
    },
    "EventData": {
      "Session": 1
    },
    "System": {
      "Channel": "Microsoft-Windows-User Profile Service/Operational",
      "Computer": "DESKTOP-QLKN511",
      "Correlation": null,
      "EventID": 1,
      "EventRecordID": 152,
      "Execution": {
        "#attributes": {
          "ProcessID": 1344,
          "ThreadID": 1524
        }
      },
      "Keywords": "0x4000000000000000",
      "Level": 4,
      "Opcode": 0,
      "Provider": {
        "#attributes": {
          "Guid": "89B1E9F0-5AFF-44A6-9B44-0A07A7CE5845",
          "Name": "Microsoft-Windows-User Profiles Service"
        }
      },
      "Security": {
        "#attributes": {
          "UserID": "S-1-5-21-297825045-448280702-2256943394-1001"
        }
      },
      "Task": 0,
      "TimeCreated": {
        "#attributes": {
          "SystemTime": "2020-04-11T08:37:10.058680Z"
        }
      },
      "Version": 0
    }
  }
}
Record 153
{
  "Event": {
    "#attributes": {
      "xmlns": "http://schemas.microsoft.com/win/2004/08/events/event"
    },
    "EventData": {
      "File": "C:\\Users\\ENTER\\ntuser.dat",
      "Key": "S-1-5-21-297825045-448280702-2256943394-1001"
    },
    "System": {
      "Channel": "Microsoft-Windows-User Profile Service/Operational",
      "Computer": "DESKTOP-QLKN511",
      "Correlation": null,
      "EventID": 5,
      "EventRecordID": 153,
      "Execution": {
        "#attributes": {
          "ProcessID": 1344,
          "ThreadID": 1528
        }
      },
      "Keywords": "0x4000000000000000",
      "Level": 4,
      "Opcode": 0,
      "Provider": {
        "#attributes": {
          "Guid": "89B1E9F0-5AFF-44A6-9B44-0A07A7CE5845",
          "Name": "Microsoft-Windows-User Profiles Service"
        }
      },
      "Security": {
        "#attributes": {
          "UserID": "S-1-5-18"
        }
      },
      "Task": 0,
      "TimeCreated": {
        "#attributes": {
          "SystemTime": "2020-04-11T08:37:10.077211Z"
        }
      },
      "Version": 0
    }
  }
}
Record 154
{
  "Event": {
    "#attributes": {
      "xmlns": "http://schemas.microsoft.com/win/2004/08/events/event"
    },
    "EventData": {
      "LocalPath": "C:\\Users\\ENTER",
      "LogonType": "Regular",
      "ProfileType": "Regular"
    },
    "System": {
      "Channel": "Microsoft-Windows-User Profile Service/Operational",
      "Computer": "DESKTOP-QLKN511",
      "Correlation": null,
      "EventID": 67,
      "EventRecordID": 154,
      "Execution": {
        "#attributes": {
          "ProcessID": 1344,
          "ThreadID": 1528
        }
      },
      "Keywords": "0x4000000000000000",
      "Level": 4,
      "Opcode": 0,
      "Provider": {
        "#attributes": {
          "Guid": "89B1E9F0-5AFF-44A6-9B44-0A07A7CE5845",
          "Name": "Microsoft-Windows-User Profiles Service"
        }
      },
      "Security": {
        "#attributes": {
          "UserID": "S-1-5-18"
        }
      },
      "Task": 0,
      "TimeCreated": {
        "#attributes": {
          "SystemTime": "2020-04-11T08:37:10.078485Z"
        }
      },
      "Version": 0
    }
  }
}
Record 155
{
  "Event": {
    "#attributes": {
      "xmlns": "http://schemas.microsoft.com/win/2004/08/events/event"
    },
    "EventData": {
      "File": "C:\\Users\\ENTER\\AppData\\Local\\Microsoft\\Windows\\\\UsrClass.dat",
      "Key": "S-1-5-21-297825045-448280702-2256943394-1001_Classes"
    },
    "System": {
      "Channel": "Microsoft-Windows-User Profile Service/Operational",
      "Computer": "DESKTOP-QLKN511",
      "Correlation": null,
      "EventID": 5,
      "EventRecordID": 155,
      "Execution": {
        "#attributes": {
          "ProcessID": 1344,
          "ThreadID": 1528
        }
      },
      "Keywords": "0x4000000000000000",
      "Level": 4,
      "Opcode": 0,
      "Provider": {
        "#attributes": {
          "Guid": "89B1E9F0-5AFF-44A6-9B44-0A07A7CE5845",
          "Name": "Microsoft-Windows-User Profiles Service"
        }
      },
      "Security": {
        "#attributes": {
          "UserID": "S-1-5-18"
        }
      },
      "Task": 0,
      "TimeCreated": {
        "#attributes": {
          "SystemTime": "2020-04-11T08:37:10.187574Z"
        }
      },
      "Version": 0
    }
  }
}
Record 156
{
  "Event": {
    "#attributes": {
      "xmlns": "http://schemas.microsoft.com/win/2004/08/events/event"
    },
    "EventData": {
      "Session": 1
    },
    "System": {
      "Channel": "Microsoft-Windows-User Profile Service/Operational",
      "Computer": "DESKTOP-QLKN511",
      "Correlation": null,
      "EventID": 2,
      "EventRecordID": 156,
      "Execution": {
        "#attributes": {
          "ProcessID": 1344,
          "ThreadID": 1524
        }
      },
      "Keywords": "0x4000000000000000",
      "Level": 4,
      "Opcode": 0,
      "Provider": {
        "#attributes": {
          "Guid": "89B1E9F0-5AFF-44A6-9B44-0A07A7CE5845",
          "Name": "Microsoft-Windows-User Profiles Service"
        }
      },
      "Security": {
        "#attributes": {
          "UserID": "S-1-5-21-297825045-448280702-2256943394-1001"
        }
      },
      "Task": 0,
      "TimeCreated": {
        "#attributes": {
          "SystemTime": "2020-04-11T08:37:10.220553Z"
        }
      },
      "Version": 0
    }
  }
}
Record 157
{
  "Event": {
    "#attributes": {
      "xmlns": "http://schemas.microsoft.com/win/2004/08/events/event"
    },
    "EventData": {
      "Session": 1
    },
    "System": {
      "Channel": "Microsoft-Windows-User Profile Service/Operational",
      "Computer": "DESKTOP-QLKN511",
      "Correlation": null,
      "EventID": 3,
      "EventRecordID": 157,
      "Execution": {
        "#attributes": {
          "ProcessID": 1344,
          "ThreadID": 404
        }
      },
      "Keywords": "0x4000000000000000",
      "Level": 4,
      "Opcode": 0,
      "Provider": {
        "#attributes": {
          "Guid": "89B1E9F0-5AFF-44A6-9B44-0A07A7CE5845",
          "Name": "Microsoft-Windows-User Profiles Service"
        }
      },
      "Security": {
        "#attributes": {
          "UserID": "S-1-5-21-297825045-448280702-2256943394-1001"
        }
      },
      "Task": 0,
      "TimeCreated": {
        "#attributes": {
          "SystemTime": "2020-04-11T09:52:05.731906Z"
        }
      },
      "Version": 0
    }
  }
}
Record 158
{
  "Event": {
    "#attributes": {
      "xmlns": "http://schemas.microsoft.com/win/2004/08/events/event"
    },
    "EventData": {
      "Session": 1
    },
    "System": {
      "Channel": "Microsoft-Windows-User Profile Service/Operational",
      "Computer": "DESKTOP-QLKN511",
      "Correlation": null,
      "EventID": 4,
      "EventRecordID": 158,
      "Execution": {
        "#attributes": {
          "ProcessID": 1344,
          "ThreadID": 404
        }
      },
      "Keywords": "0x4000000000000000",
      "Level": 4,
      "Opcode": 0,
      "Provider": {
        "#attributes": {
          "Guid": "89B1E9F0-5AFF-44A6-9B44-0A07A7CE5845",
          "Name": "Microsoft-Windows-User Profiles Service"
        }
      },
      "Security": {
        "#attributes": {
          "UserID": "S-1-5-21-297825045-448280702-2256943394-1001"
        }
      },
      "Task": 0,
      "TimeCreated": {
        "#attributes": {
          "SystemTime": "2020-04-11T09:52:05.765602Z"
        }
      },
      "Version": 0
    }
  }
}
Record 159
{
  "Event": {
    "#attributes": {
      "xmlns": "http://schemas.microsoft.com/win/2004/08/events/event"
    },
    "EventData": {
      "Session": 1
    },
    "System": {
      "Channel": "Microsoft-Windows-User Profile Service/Operational",
      "Computer": "DESKTOP-QLKN511",
      "Correlation": null,
      "EventID": 1,
      "EventRecordID": 159,
      "Execution": {
        "#attributes": {
          "ProcessID": 1304,
          "ThreadID": 1532
        }
      },
      "Keywords": "0x4000000000000000",
      "Level": 4,
      "Opcode": 0,
      "Provider": {
        "#attributes": {
          "Guid": "89B1E9F0-5AFF-44A6-9B44-0A07A7CE5845",
          "Name": "Microsoft-Windows-User Profiles Service"
        }
      },
      "Security": {
        "#attributes": {
          "UserID": "S-1-5-21-297825045-448280702-2256943394-1001"
        }
      },
      "Task": 0,
      "TimeCreated": {
        "#attributes": {
          "SystemTime": "2020-04-11T10:54:06.564660Z"
        }
      },
      "Version": 0
    }
  }
}
Record 160
{
  "Event": {
    "#attributes": {
      "xmlns": "http://schemas.microsoft.com/win/2004/08/events/event"
    },
    "EventData": {
      "File": "C:\\Users\\ENTER\\ntuser.dat",
      "Key": "S-1-5-21-297825045-448280702-2256943394-1001"
    },
    "System": {
      "Channel": "Microsoft-Windows-User Profile Service/Operational",
      "Computer": "DESKTOP-QLKN511",
      "Correlation": null,
      "EventID": 5,
      "EventRecordID": 160,
      "Execution": {
        "#attributes": {
          "ProcessID": 1304,
          "ThreadID": 3676
        }
      },
      "Keywords": "0x4000000000000000",
      "Level": 4,
      "Opcode": 0,
      "Provider": {
        "#attributes": {
          "Guid": "89B1E9F0-5AFF-44A6-9B44-0A07A7CE5845",
          "Name": "Microsoft-Windows-User Profiles Service"
        }
      },
      "Security": {
        "#attributes": {
          "UserID": "S-1-5-18"
        }
      },
      "Task": 0,
      "TimeCreated": {
        "#attributes": {
          "SystemTime": "2020-04-11T10:54:06.585028Z"
        }
      },
      "Version": 0
    }
  }
}
Record 161
{
  "Event": {
    "#attributes": {
      "xmlns": "http://schemas.microsoft.com/win/2004/08/events/event"
    },
    "EventData": {
      "LocalPath": "C:\\Users\\ENTER",
      "LogonType": "Regular",
      "ProfileType": "Regular"
    },
    "System": {
      "Channel": "Microsoft-Windows-User Profile Service/Operational",
      "Computer": "DESKTOP-QLKN511",
      "Correlation": null,
      "EventID": 67,
      "EventRecordID": 161,
      "Execution": {
        "#attributes": {
          "ProcessID": 1304,
          "ThreadID": 3676
        }
      },
      "Keywords": "0x4000000000000000",
      "Level": 4,
      "Opcode": 0,
      "Provider": {
        "#attributes": {
          "Guid": "89B1E9F0-5AFF-44A6-9B44-0A07A7CE5845",
          "Name": "Microsoft-Windows-User Profiles Service"
        }
      },
      "Security": {
        "#attributes": {
          "UserID": "S-1-5-18"
        }
      },
      "Task": 0,
      "TimeCreated": {
        "#attributes": {
          "SystemTime": "2020-04-11T10:54:06.586542Z"
        }
      },
      "Version": 0
    }
  }
}
Record 162
{
  "Event": {
    "#attributes": {
      "xmlns": "http://schemas.microsoft.com/win/2004/08/events/event"
    },
    "EventData": {
      "File": "C:\\Users\\ENTER\\AppData\\Local\\Microsoft\\Windows\\\\UsrClass.dat",
      "Key": "S-1-5-21-297825045-448280702-2256943394-1001_Classes"
    },
    "System": {
      "Channel": "Microsoft-Windows-User Profile Service/Operational",
      "Computer": "DESKTOP-QLKN511",
      "Correlation": null,
      "EventID": 5,
      "EventRecordID": 162,
      "Execution": {
        "#attributes": {
          "ProcessID": 1304,
          "ThreadID": 3676
        }
      },
      "Keywords": "0x4000000000000000",
      "Level": 4,
      "Opcode": 0,
      "Provider": {
        "#attributes": {
          "Guid": "89B1E9F0-5AFF-44A6-9B44-0A07A7CE5845",
          "Name": "Microsoft-Windows-User Profiles Service"
        }
      },
      "Security": {
        "#attributes": {
          "UserID": "S-1-5-18"
        }
      },
      "Task": 0,
      "TimeCreated": {
        "#attributes": {
          "SystemTime": "2020-04-11T10:54:06.702631Z"
        }
      },
      "Version": 0
    }
  }
}
Record 163
{
  "Event": {
    "#attributes": {
      "xmlns": "http://schemas.microsoft.com/win/2004/08/events/event"
    },
    "EventData": {
      "Session": 1
    },
    "System": {
      "Channel": "Microsoft-Windows-User Profile Service/Operational",
      "Computer": "DESKTOP-QLKN511",
      "Correlation": null,
      "EventID": 2,
      "EventRecordID": 163,
      "Execution": {
        "#attributes": {
          "ProcessID": 1304,
          "ThreadID": 1532
        }
      },
      "Keywords": "0x4000000000000000",
      "Level": 4,
      "Opcode": 0,
      "Provider": {
        "#attributes": {
          "Guid": "89B1E9F0-5AFF-44A6-9B44-0A07A7CE5845",
          "Name": "Microsoft-Windows-User Profiles Service"
        }
      },
      "Security": {
        "#attributes": {
          "UserID": "S-1-5-21-297825045-448280702-2256943394-1001"
        }
      },
      "Task": 0,
      "TimeCreated": {
        "#attributes": {
          "SystemTime": "2020-04-11T10:54:06.736587Z"
        }
      },
      "Version": 0
    }
  }
}
Record 164
{
  "Event": {
    "#attributes": {
      "xmlns": "http://schemas.microsoft.com/win/2004/08/events/event"
    },
    "EventData": {
      "Session": 1
    },
    "System": {
      "Channel": "Microsoft-Windows-User Profile Service/Operational",
      "Computer": "DESKTOP-QLKN511",
      "Correlation": null,
      "EventID": 3,
      "EventRecordID": 164,
      "Execution": {
        "#attributes": {
          "ProcessID": 1304,
          "ThreadID": 6832
        }
      },
      "Keywords": "0x4000000000000000",
      "Level": 4,
      "Opcode": 0,
      "Provider": {
        "#attributes": {
          "Guid": "89B1E9F0-5AFF-44A6-9B44-0A07A7CE5845",
          "Name": "Microsoft-Windows-User Profiles Service"
        }
      },
      "Security": {
        "#attributes": {
          "UserID": "S-1-5-21-297825045-448280702-2256943394-1001"
        }
      },
      "Task": 0,
      "TimeCreated": {
        "#attributes": {
          "SystemTime": "2020-04-11T12:33:36.604858Z"
        }
      },
      "Version": 0
    }
  }
}
Record 165
{
  "Event": {
    "#attributes": {
      "xmlns": "http://schemas.microsoft.com/win/2004/08/events/event"
    },
    "EventData": {
      "Session": 1
    },
    "System": {
      "Channel": "Microsoft-Windows-User Profile Service/Operational",
      "Computer": "DESKTOP-QLKN511",
      "Correlation": null,
      "EventID": 4,
      "EventRecordID": 165,
      "Execution": {
        "#attributes": {
          "ProcessID": 1304,
          "ThreadID": 6832
        }
      },
      "Keywords": "0x4000000000000000",
      "Level": 4,
      "Opcode": 0,
      "Provider": {
        "#attributes": {
          "Guid": "89B1E9F0-5AFF-44A6-9B44-0A07A7CE5845",
          "Name": "Microsoft-Windows-User Profiles Service"
        }
      },
      "Security": {
        "#attributes": {
          "UserID": "S-1-5-21-297825045-448280702-2256943394-1001"
        }
      },
      "Task": 0,
      "TimeCreated": {
        "#attributes": {
          "SystemTime": "2020-04-11T12:33:36.636118Z"
        }
      },
      "Version": 0
    }
  }
}
Record 166
{
  "Event": {
    "#attributes": {
      "xmlns": "http://schemas.microsoft.com/win/2004/08/events/event"
    },
    "EventData": {
      "Session": 1
    },
    "System": {
      "Channel": "Microsoft-Windows-User Profile Service/Operational",
      "Computer": "DESKTOP-QLKN511",
      "Correlation": null,
      "EventID": 1,
      "EventRecordID": 166,
      "Execution": {
        "#attributes": {
          "ProcessID": 1500,
          "ThreadID": 1656
        }
      },
      "Keywords": "0x4000000000000000",
      "Level": 4,
      "Opcode": 0,
      "Provider": {
        "#attributes": {
          "Guid": "89B1E9F0-5AFF-44A6-9B44-0A07A7CE5845",
          "Name": "Microsoft-Windows-User Profiles Service"
        }
      },
      "Security": {
        "#attributes": {
          "UserID": "S-1-5-21-297825045-448280702-2256943394-1001"
        }
      },
      "Task": 0,
      "TimeCreated": {
        "#attributes": {
          "SystemTime": "2020-04-11T15:01:35.548372Z"
        }
      },
      "Version": 0
    }
  }
}
Record 167
{
  "Event": {
    "#attributes": {
      "xmlns": "http://schemas.microsoft.com/win/2004/08/events/event"
    },
    "EventData": {
      "File": "C:\\Users\\ENTER\\ntuser.dat",
      "Key": "S-1-5-21-297825045-448280702-2256943394-1001"
    },
    "System": {
      "Channel": "Microsoft-Windows-User Profile Service/Operational",
      "Computer": "DESKTOP-QLKN511",
      "Correlation": null,
      "EventID": 5,
      "EventRecordID": 167,
      "Execution": {
        "#attributes": {
          "ProcessID": 1500,
          "ThreadID": 1652
        }
      },
      "Keywords": "0x4000000000000000",
      "Level": 4,
      "Opcode": 0,
      "Provider": {
        "#attributes": {
          "Guid": "89B1E9F0-5AFF-44A6-9B44-0A07A7CE5845",
          "Name": "Microsoft-Windows-User Profiles Service"
        }
      },
      "Security": {
        "#attributes": {
          "UserID": "S-1-5-18"
        }
      },
      "Task": 0,
      "TimeCreated": {
        "#attributes": {
          "SystemTime": "2020-04-11T15:01:35.568311Z"
        }
      },
      "Version": 0
    }
  }
}
Record 168
{
  "Event": {
    "#attributes": {
      "xmlns": "http://schemas.microsoft.com/win/2004/08/events/event"
    },
    "EventData": {
      "LocalPath": "C:\\Users\\ENTER",
      "LogonType": "Regular",
      "ProfileType": "Regular"
    },
    "System": {
      "Channel": "Microsoft-Windows-User Profile Service/Operational",
      "Computer": "DESKTOP-QLKN511",
      "Correlation": null,
      "EventID": 67,
      "EventRecordID": 168,
      "Execution": {
        "#attributes": {
          "ProcessID": 1500,
          "ThreadID": 1652
        }
      },
      "Keywords": "0x4000000000000000",
      "Level": 4,
      "Opcode": 0,
      "Provider": {
        "#attributes": {
          "Guid": "89B1E9F0-5AFF-44A6-9B44-0A07A7CE5845",
          "Name": "Microsoft-Windows-User Profiles Service"
        }
      },
      "Security": {
        "#attributes": {
          "UserID": "S-1-5-18"
        }
      },
      "Task": 0,
      "TimeCreated": {
        "#attributes": {
          "SystemTime": "2020-04-11T15:01:35.569795Z"
        }
      },
      "Version": 0
    }
  }
}
Record 169
{
  "Event": {
    "#attributes": {
      "xmlns": "http://schemas.microsoft.com/win/2004/08/events/event"
    },
    "EventData": {
      "File": "C:\\Users\\ENTER\\AppData\\Local\\Microsoft\\Windows\\\\UsrClass.dat",
      "Key": "S-1-5-21-297825045-448280702-2256943394-1001_Classes"
    },
    "System": {
      "Channel": "Microsoft-Windows-User Profile Service/Operational",
      "Computer": "DESKTOP-QLKN511",
      "Correlation": null,
      "EventID": 5,
      "EventRecordID": 169,
      "Execution": {
        "#attributes": {
          "ProcessID": 1500,
          "ThreadID": 1652
        }
      },
      "Keywords": "0x4000000000000000",
      "Level": 4,
      "Opcode": 0,
      "Provider": {
        "#attributes": {
          "Guid": "89B1E9F0-5AFF-44A6-9B44-0A07A7CE5845",
          "Name": "Microsoft-Windows-User Profiles Service"
        }
      },
      "Security": {
        "#attributes": {
          "UserID": "S-1-5-18"
        }
      },
      "Task": 0,
      "TimeCreated": {
        "#attributes": {
          "SystemTime": "2020-04-11T15:01:35.685681Z"
        }
      },
      "Version": 0
    }
  }
}
Record 170
{
  "Event": {
    "#attributes": {
      "xmlns": "http://schemas.microsoft.com/win/2004/08/events/event"
    },
    "EventData": {
      "Session": 1
    },
    "System": {
      "Channel": "Microsoft-Windows-User Profile Service/Operational",
      "Computer": "DESKTOP-QLKN511",
      "Correlation": null,
      "EventID": 2,
      "EventRecordID": 170,
      "Execution": {
        "#attributes": {
          "ProcessID": 1500,
          "ThreadID": 1656
        }
      },
      "Keywords": "0x4000000000000000",
      "Level": 4,
      "Opcode": 0,
      "Provider": {
        "#attributes": {
          "Guid": "89B1E9F0-5AFF-44A6-9B44-0A07A7CE5845",
          "Name": "Microsoft-Windows-User Profiles Service"
        }
      },
      "Security": {
        "#attributes": {
          "UserID": "S-1-5-21-297825045-448280702-2256943394-1001"
        }
      },
      "Task": 0,
      "TimeCreated": {
        "#attributes": {
          "SystemTime": "2020-04-11T15:01:35.719178Z"
        }
      },
      "Version": 0
    }
  }
}
Record 171
{
  "Event": {
    "#attributes": {
      "xmlns": "http://schemas.microsoft.com/win/2004/08/events/event"
    },
    "EventData": {
      "Session": 1
    },
    "System": {
      "Channel": "Microsoft-Windows-User Profile Service/Operational",
      "Computer": "DESKTOP-QLKN511",
      "Correlation": null,
      "EventID": 3,
      "EventRecordID": 171,
      "Execution": {
        "#attributes": {
          "ProcessID": 1500,
          "ThreadID": 5884
        }
      },
      "Keywords": "0x4000000000000000",
      "Level": 4,
      "Opcode": 0,
      "Provider": {
        "#attributes": {
          "Guid": "89B1E9F0-5AFF-44A6-9B44-0A07A7CE5845",
          "Name": "Microsoft-Windows-User Profiles Service"
        }
      },
      "Security": {
        "#attributes": {
          "UserID": "S-1-5-21-297825045-448280702-2256943394-1001"
        }
      },
      "Task": 0,
      "TimeCreated": {
        "#attributes": {
          "SystemTime": "2020-04-11T15:39:18.309463Z"
        }
      },
      "Version": 0
    }
  }
}
Record 172
{
  "Event": {
    "#attributes": {
      "xmlns": "http://schemas.microsoft.com/win/2004/08/events/event"
    },
    "EventData": {
      "Session": 1
    },
    "System": {
      "Channel": "Microsoft-Windows-User Profile Service/Operational",
      "Computer": "DESKTOP-QLKN511",
      "Correlation": null,
      "EventID": 4,
      "EventRecordID": 172,
      "Execution": {
        "#attributes": {
          "ProcessID": 1500,
          "ThreadID": 5884
        }
      },
      "Keywords": "0x4000000000000000",
      "Level": 4,
      "Opcode": 0,
      "Provider": {
        "#attributes": {
          "Guid": "89B1E9F0-5AFF-44A6-9B44-0A07A7CE5845",
          "Name": "Microsoft-Windows-User Profiles Service"
        }
      },
      "Security": {
        "#attributes": {
          "UserID": "S-1-5-21-297825045-448280702-2256943394-1001"
        }
      },
      "Task": 0,
      "TimeCreated": {
        "#attributes": {
          "SystemTime": "2020-04-11T15:39:18.340634Z"
        }
      },
      "Version": 0
    }
  }
}
Record 173
{
  "Event": {
    "#attributes": {
      "xmlns": "http://schemas.microsoft.com/win/2004/08/events/event"
    },
    "EventData": {
      "Session": 1
    },
    "System": {
      "Channel": "Microsoft-Windows-User Profile Service/Operational",
      "Computer": "DESKTOP-QLKN511",
      "Correlation": null,
      "EventID": 1,
      "EventRecordID": 173,
      "Execution": {
        "#attributes": {
          "ProcessID": 1268,
          "ThreadID": 1452
        }
      },
      "Keywords": "0x4000000000000000",
      "Level": 4,
      "Opcode": 0,
      "Provider": {
        "#attributes": {
          "Guid": "89B1E9F0-5AFF-44A6-9B44-0A07A7CE5845",
          "Name": "Microsoft-Windows-User Profiles Service"
        }
      },
      "Security": {
        "#attributes": {
          "UserID": "S-1-5-21-297825045-448280702-2256943394-1001"
        }
      },
      "Task": 0,
      "TimeCreated": {
        "#attributes": {
          "SystemTime": "2020-04-12T07:56:49.528906Z"
        }
      },
      "Version": 0
    }
  }
}
Record 174
{
  "Event": {
    "#attributes": {
      "xmlns": "http://schemas.microsoft.com/win/2004/08/events/event"
    },
    "EventData": {
      "File": "C:\\Users\\ENTER\\ntuser.dat",
      "Key": "S-1-5-21-297825045-448280702-2256943394-1001"
    },
    "System": {
      "Channel": "Microsoft-Windows-User Profile Service/Operational",
      "Computer": "DESKTOP-QLKN511",
      "Correlation": null,
      "EventID": 5,
      "EventRecordID": 174,
      "Execution": {
        "#attributes": {
          "ProcessID": 1268,
          "ThreadID": 1448
        }
      },
      "Keywords": "0x4000000000000000",
      "Level": 4,
      "Opcode": 0,
      "Provider": {
        "#attributes": {
          "Guid": "89B1E9F0-5AFF-44A6-9B44-0A07A7CE5845",
          "Name": "Microsoft-Windows-User Profiles Service"
        }
      },
      "Security": {
        "#attributes": {
          "UserID": "S-1-5-18"
        }
      },
      "Task": 0,
      "TimeCreated": {
        "#attributes": {
          "SystemTime": "2020-04-12T07:56:49.555168Z"
        }
      },
      "Version": 0
    }
  }
}
Record 175
{
  "Event": {
    "#attributes": {
      "xmlns": "http://schemas.microsoft.com/win/2004/08/events/event"
    },
    "EventData": {
      "LocalPath": "C:\\Users\\ENTER",
      "LogonType": "Regular",
      "ProfileType": "Regular"
    },
    "System": {
      "Channel": "Microsoft-Windows-User Profile Service/Operational",
      "Computer": "DESKTOP-QLKN511",
      "Correlation": null,
      "EventID": 67,
      "EventRecordID": 175,
      "Execution": {
        "#attributes": {
          "ProcessID": 1268,
          "ThreadID": 1448
        }
      },
      "Keywords": "0x4000000000000000",
      "Level": 4,
      "Opcode": 0,
      "Provider": {
        "#attributes": {
          "Guid": "89B1E9F0-5AFF-44A6-9B44-0A07A7CE5845",
          "Name": "Microsoft-Windows-User Profiles Service"
        }
      },
      "Security": {
        "#attributes": {
          "UserID": "S-1-5-18"
        }
      },
      "Task": 0,
      "TimeCreated": {
        "#attributes": {
          "SystemTime": "2020-04-12T07:56:49.557024Z"
        }
      },
      "Version": 0
    }
  }
}
Record 176
{
  "Event": {
    "#attributes": {
      "xmlns": "http://schemas.microsoft.com/win/2004/08/events/event"
    },
    "EventData": {
      "File": "C:\\Users\\ENTER\\AppData\\Local\\Microsoft\\Windows\\\\UsrClass.dat",
      "Key": "S-1-5-21-297825045-448280702-2256943394-1001_Classes"
    },
    "System": {
      "Channel": "Microsoft-Windows-User Profile Service/Operational",
      "Computer": "DESKTOP-QLKN511",
      "Correlation": null,
      "EventID": 5,
      "EventRecordID": 176,
      "Execution": {
        "#attributes": {
          "ProcessID": 1268,
          "ThreadID": 1448
        }
      },
      "Keywords": "0x4000000000000000",
      "Level": 4,
      "Opcode": 0,
      "Provider": {
        "#attributes": {
          "Guid": "89B1E9F0-5AFF-44A6-9B44-0A07A7CE5845",
          "Name": "Microsoft-Windows-User Profiles Service"
        }
      },
      "Security": {
        "#attributes": {
          "UserID": "S-1-5-18"
        }
      },
      "Task": 0,
      "TimeCreated": {
        "#attributes": {
          "SystemTime": "2020-04-12T07:56:49.673987Z"
        }
      },
      "Version": 0
    }
  }
}
Record 177
{
  "Event": {
    "#attributes": {
      "xmlns": "http://schemas.microsoft.com/win/2004/08/events/event"
    },
    "EventData": {
      "Session": 1
    },
    "System": {
      "Channel": "Microsoft-Windows-User Profile Service/Operational",
      "Computer": "DESKTOP-QLKN511",
      "Correlation": null,
      "EventID": 2,
      "EventRecordID": 177,
      "Execution": {
        "#attributes": {
          "ProcessID": 1268,
          "ThreadID": 1452
        }
      },
      "Keywords": "0x4000000000000000",
      "Level": 4,
      "Opcode": 0,
      "Provider": {
        "#attributes": {
          "Guid": "89B1E9F0-5AFF-44A6-9B44-0A07A7CE5845",
          "Name": "Microsoft-Windows-User Profiles Service"
        }
      },
      "Security": {
        "#attributes": {
          "UserID": "S-1-5-21-297825045-448280702-2256943394-1001"
        }
      },
      "Task": 0,
      "TimeCreated": {
        "#attributes": {
          "SystemTime": "2020-04-12T07:56:49.708390Z"
        }
      },
      "Version": 0
    }
  }
}
Record 178
{
  "Event": {
    "#attributes": {
      "xmlns": "http://schemas.microsoft.com/win/2004/08/events/event"
    },
    "EventData": {
      "Session": 1
    },
    "System": {
      "Channel": "Microsoft-Windows-User Profile Service/Operational",
      "Computer": "DESKTOP-QLKN511",
      "Correlation": null,
      "EventID": 3,
      "EventRecordID": 178,
      "Execution": {
        "#attributes": {
          "ProcessID": 1268,
          "ThreadID": 1792
        }
      },
      "Keywords": "0x4000000000000000",
      "Level": 4,
      "Opcode": 0,
      "Provider": {
        "#attributes": {
          "Guid": "89B1E9F0-5AFF-44A6-9B44-0A07A7CE5845",
          "Name": "Microsoft-Windows-User Profiles Service"
        }
      },
      "Security": {
        "#attributes": {
          "UserID": "S-1-5-21-297825045-448280702-2256943394-1001"
        }
      },
      "Task": 0,
      "TimeCreated": {
        "#attributes": {
          "SystemTime": "2020-04-12T08:34:20.350918Z"
        }
      },
      "Version": 0
    }
  }
}
Record 179
{
  "Event": {
    "#attributes": {
      "xmlns": "http://schemas.microsoft.com/win/2004/08/events/event"
    },
    "EventData": {
      "Session": 1
    },
    "System": {
      "Channel": "Microsoft-Windows-User Profile Service/Operational",
      "Computer": "DESKTOP-QLKN511",
      "Correlation": null,
      "EventID": 4,
      "EventRecordID": 179,
      "Execution": {
        "#attributes": {
          "ProcessID": 1268,
          "ThreadID": 1792
        }
      },
      "Keywords": "0x4000000000000000",
      "Level": 4,
      "Opcode": 0,
      "Provider": {
        "#attributes": {
          "Guid": "89B1E9F0-5AFF-44A6-9B44-0A07A7CE5845",
          "Name": "Microsoft-Windows-User Profiles Service"
        }
      },
      "Security": {
        "#attributes": {
          "UserID": "S-1-5-21-297825045-448280702-2256943394-1001"
        }
      },
      "Task": 0,
      "TimeCreated": {
        "#attributes": {
          "SystemTime": "2020-04-12T08:34:20.385053Z"
        }
      },
      "Version": 0
    }
  }
}
Record 180
{
  "Event": {
    "#attributes": {
      "xmlns": "http://schemas.microsoft.com/win/2004/08/events/event"
    },
    "EventData": {
      "Session": 1
    },
    "System": {
      "Channel": "Microsoft-Windows-User Profile Service/Operational",
      "Computer": "DESKTOP-QLKN511",
      "Correlation": null,
      "EventID": 1,
      "EventRecordID": 180,
      "Execution": {
        "#attributes": {
          "ProcessID": 1304,
          "ThreadID": 1532
        }
      },
      "Keywords": "0x4000000000000000",
      "Level": 4,
      "Opcode": 0,
      "Provider": {
        "#attributes": {
          "Guid": "89B1E9F0-5AFF-44A6-9B44-0A07A7CE5845",
          "Name": "Microsoft-Windows-User Profiles Service"
        }
      },
      "Security": {
        "#attributes": {
          "UserID": "S-1-5-21-297825045-448280702-2256943394-1001"
        }
      },
      "Task": 0,
      "TimeCreated": {
        "#attributes": {
          "SystemTime": "2020-04-13T04:38:26.529019Z"
        }
      },
      "Version": 0
    }
  }
}
Record 181
{
  "Event": {
    "#attributes": {
      "xmlns": "http://schemas.microsoft.com/win/2004/08/events/event"
    },
    "EventData": {
      "File": "C:\\Users\\ENTER\\ntuser.dat",
      "Key": "S-1-5-21-297825045-448280702-2256943394-1001"
    },
    "System": {
      "Channel": "Microsoft-Windows-User Profile Service/Operational",
      "Computer": "DESKTOP-QLKN511",
      "Correlation": null,
      "EventID": 5,
      "EventRecordID": 181,
      "Execution": {
        "#attributes": {
          "ProcessID": 1304,
          "ThreadID": 1536
        }
      },
      "Keywords": "0x4000000000000000",
      "Level": 4,
      "Opcode": 0,
      "Provider": {
        "#attributes": {
          "Guid": "89B1E9F0-5AFF-44A6-9B44-0A07A7CE5845",
          "Name": "Microsoft-Windows-User Profiles Service"
        }
      },
      "Security": {
        "#attributes": {
          "UserID": "S-1-5-18"
        }
      },
      "Task": 0,
      "TimeCreated": {
        "#attributes": {
          "SystemTime": "2020-04-13T04:38:26.550064Z"
        }
      },
      "Version": 0
    }
  }
}
Record 182
{
  "Event": {
    "#attributes": {
      "xmlns": "http://schemas.microsoft.com/win/2004/08/events/event"
    },
    "EventData": {
      "LocalPath": "C:\\Users\\ENTER",
      "LogonType": "Regular",
      "ProfileType": "Regular"
    },
    "System": {
      "Channel": "Microsoft-Windows-User Profile Service/Operational",
      "Computer": "DESKTOP-QLKN511",
      "Correlation": null,
      "EventID": 67,
      "EventRecordID": 182,
      "Execution": {
        "#attributes": {
          "ProcessID": 1304,
          "ThreadID": 1536
        }
      },
      "Keywords": "0x4000000000000000",
      "Level": 4,
      "Opcode": 0,
      "Provider": {
        "#attributes": {
          "Guid": "89B1E9F0-5AFF-44A6-9B44-0A07A7CE5845",
          "Name": "Microsoft-Windows-User Profiles Service"
        }
      },
      "Security": {
        "#attributes": {
          "UserID": "S-1-5-18"
        }
      },
      "Task": 0,
      "TimeCreated": {
        "#attributes": {
          "SystemTime": "2020-04-13T04:38:26.551767Z"
        }
      },
      "Version": 0
    }
  }
}
Record 183
{
  "Event": {
    "#attributes": {
      "xmlns": "http://schemas.microsoft.com/win/2004/08/events/event"
    },
    "EventData": {
      "File": "C:\\Users\\ENTER\\AppData\\Local\\Microsoft\\Windows\\\\UsrClass.dat",
      "Key": "S-1-5-21-297825045-448280702-2256943394-1001_Classes"
    },
    "System": {
      "Channel": "Microsoft-Windows-User Profile Service/Operational",
      "Computer": "DESKTOP-QLKN511",
      "Correlation": null,
      "EventID": 5,
      "EventRecordID": 183,
      "Execution": {
        "#attributes": {
          "ProcessID": 1304,
          "ThreadID": 1536
        }
      },
      "Keywords": "0x4000000000000000",
      "Level": 4,
      "Opcode": 0,
      "Provider": {
        "#attributes": {
          "Guid": "89B1E9F0-5AFF-44A6-9B44-0A07A7CE5845",
          "Name": "Microsoft-Windows-User Profiles Service"
        }
      },
      "Security": {
        "#attributes": {
          "UserID": "S-1-5-18"
        }
      },
      "Task": 0,
      "TimeCreated": {
        "#attributes": {
          "SystemTime": "2020-04-13T04:38:26.672548Z"
        }
      },
      "Version": 0
    }
  }
}
Record 184
{
  "Event": {
    "#attributes": {
      "xmlns": "http://schemas.microsoft.com/win/2004/08/events/event"
    },
    "EventData": {
      "Session": 1
    },
    "System": {
      "Channel": "Microsoft-Windows-User Profile Service/Operational",
      "Computer": "DESKTOP-QLKN511",
      "Correlation": null,
      "EventID": 2,
      "EventRecordID": 184,
      "Execution": {
        "#attributes": {
          "ProcessID": 1304,
          "ThreadID": 1532
        }
      },
      "Keywords": "0x4000000000000000",
      "Level": 4,
      "Opcode": 0,
      "Provider": {
        "#attributes": {
          "Guid": "89B1E9F0-5AFF-44A6-9B44-0A07A7CE5845",
          "Name": "Microsoft-Windows-User Profiles Service"
        }
      },
      "Security": {
        "#attributes": {
          "UserID": "S-1-5-21-297825045-448280702-2256943394-1001"
        }
      },
      "Task": 0,
      "TimeCreated": {
        "#attributes": {
          "SystemTime": "2020-04-13T04:38:26.706670Z"
        }
      },
      "Version": 0
    }
  }
}
