Record 1
{
  "Event": {
    "#attributes": {
      "xmlns": "http://schemas.microsoft.com/win/2004/08/events/event"
    },
    "EventData": {
      "File": "C:\\Users\\defaultuser0\\ntuser.dat",
      "Key": "S-1-5-21-297825045-448280702-2256943394-1000"
    },
    "System": {
      "Channel": "Microsoft-Windows-User Profile Service/Operational",
      "Computer": "DESKTOP-QLKN511",
      "Correlation": null,
      "EventID": 5,
      "EventRecordID": 1,
      "Execution": {
        "#attributes": {
          "ProcessID": 2120,
          "ThreadID": 2304
        }
      },
      "Keywords": "0x4000000000000000",
      "Level": 4,
      "Opcode": 0,
      "Provider": {
        "#attributes": {
          "Guid": "89B1E9F0-5AFF-44A6-9B44-0A07A7CE5845",
          "Name": "Microsoft-Windows-User Profiles Service"
        }
      },
      "Security": {
        "#attributes": {
          "UserID": "S-1-5-18"
        }
      },
      "Task": 0,
      "TimeCreated": {
        "#attributes": {
          "SystemTime": "2020-04-04T15:50:01.110090Z"
        }
      },
      "Version": 0
    }
  }
}
Record 2
{
  "Event": {
    "#attributes": {
      "xmlns": "http://schemas.microsoft.com/win/2004/08/events/event"
    },
    "EventData": {
      "LocalPath": "C:\\Users\\defaultuser0",
      "LogonType": "Regular",
      "ProfileType": "Regular"
    },
    "System": {
      "Channel": "Microsoft-Windows-User Profile Service/Operational",
      "Computer": "DESKTOP-QLKN511",
      "Correlation": null,
      "EventID": 67,
      "EventRecordID": 2,
      "Execution": {
        "#attributes": {
          "ProcessID": 2120,
          "ThreadID": 2304
        }
      },
      "Keywords": "0x4000000000000000",
      "Level": 4,
      "Opcode": 0,
      "Provider": {
        "#attributes": {
          "Guid": "89B1E9F0-5AFF-44A6-9B44-0A07A7CE5845",
          "Name": "Microsoft-Windows-User Profiles Service"
        }
      },
      "Security": {
        "#attributes": {
          "UserID": "S-1-5-18"
        }
      },
      "Task": 0,
      "TimeCreated": {
        "#attributes": {
          "SystemTime": "2020-04-04T15:50:01.160595Z"
        }
      },
      "Version": 0
    }
  }
}
Record 3
{
  "Event": {
    "#attributes": {
      "xmlns": "http://schemas.microsoft.com/win/2004/08/events/event"
    },
    "EventData": {
      "File": "C:\\Users\\defaultuser0\\AppData\\Local\\Microsoft\\Windows\\\\UsrClass.dat",
      "Key": "S-1-5-21-297825045-448280702-2256943394-1000_Classes"
    },
    "System": {
      "Channel": "Microsoft-Windows-User Profile Service/Operational",
      "Computer": "DESKTOP-QLKN511",
      "Correlation": null,
      "EventID": 5,
      "EventRecordID": 3,
      "Execution": {
        "#attributes": {
          "ProcessID": 2120,
          "ThreadID": 2304
        }
      },
      "Keywords": "0x4000000000000000",
      "Level": 4,
      "Opcode": 0,
      "Provider": {
        "#attributes": {
          "Guid": "89B1E9F0-5AFF-44A6-9B44-0A07A7CE5845",
          "Name": "Microsoft-Windows-User Profiles Service"
        }
      },
      "Security": {
        "#attributes": {
          "UserID": "S-1-5-18"
        }
      },
      "Task": 0,
      "TimeCreated": {
        "#attributes": {
          "SystemTime": "2020-04-04T15:50:01.294333Z"
        }
      },
      "Version": 0
    }
  }
}
Record 4
{
  "Event": {
    "#attributes": {
      "xmlns": "http://schemas.microsoft.com/win/2004/08/events/event"
    },
    "EventData": {
      "Session": 1
    },
    "System": {
      "Channel": "Microsoft-Windows-User Profile Service/Operational",
      "Computer": "DESKTOP-QLKN511",
      "Correlation": null,
      "EventID": 1,
      "EventRecordID": 4,
      "Execution": {
        "#attributes": {
          "ProcessID": 2120,
          "ThreadID": 2304
        }
      },
      "Keywords": "0x4000000000000000",
      "Level": 4,
      "Opcode": 0,
      "Provider": {
        "#attributes": {
          "Guid": "89B1E9F0-5AFF-44A6-9B44-0A07A7CE5845",
          "Name": "Microsoft-Windows-User Profiles Service"
        }
      },
      "Security": {
        "#attributes": {
          "UserID": "S-1-5-21-297825045-448280702-2256943394-1000"
        }
      },
      "Task": 0,
      "TimeCreated": {
        "#attributes": {
          "SystemTime": "2020-04-04T15:50:05.914180Z"
        }
      },
      "Version": 0
    }
  }
}
Record 5
{
  "Event": {
    "#attributes": {
      "xmlns": "http://schemas.microsoft.com/win/2004/08/events/event"
    },
    "EventData": {
      "File": "C:\\Users\\defaultuser0\\ntuser.dat",
      "Key": "S-1-5-21-297825045-448280702-2256943394-1000"
    },
    "System": {
      "Channel": "Microsoft-Windows-User Profile Service/Operational",
      "Computer": "DESKTOP-QLKN511",
      "Correlation": null,
      "EventID": 5,
      "EventRecordID": 5,
      "Execution": {
        "#attributes": {
          "ProcessID": 2120,
          "ThreadID": 4612
        }
      },
      "Keywords": "0x4000000000000000",
      "Level": 4,
      "Opcode": 0,
      "Provider": {
        "#attributes": {
          "Guid": "89B1E9F0-5AFF-44A6-9B44-0A07A7CE5845",
          "Name": "Microsoft-Windows-User Profiles Service"
        }
      },
      "Security": {
        "#attributes": {
          "UserID": "S-1-5-18"
        }
      },
      "Task": 0,
      "TimeCreated": {
        "#attributes": {
          "SystemTime": "2020-04-04T15:50:05.920168Z"
        }
      },
      "Version": 0
    }
  }
}
Record 6
{
  "Event": {
    "#attributes": {
      "xmlns": "http://schemas.microsoft.com/win/2004/08/events/event"
    },
    "EventData": {
      "LocalPath": "C:\\Users\\defaultuser0",
      "LogonType": "Regular",
      "ProfileType": "Regular"
    },
    "System": {
      "Channel": "Microsoft-Windows-User Profile Service/Operational",
      "Computer": "DESKTOP-QLKN511",
      "Correlation": null,
      "EventID": 67,
      "EventRecordID": 6,
      "Execution": {
        "#attributes": {
          "ProcessID": 2120,
          "ThreadID": 4612
        }
      },
      "Keywords": "0x4000000000000000",
      "Level": 4,
      "Opcode": 0,
      "Provider": {
        "#attributes": {
          "Guid": "89B1E9F0-5AFF-44A6-9B44-0A07A7CE5845",
          "Name": "Microsoft-Windows-User Profiles Service"
        }
      },
      "Security": {
        "#attributes": {
          "UserID": "S-1-5-18"
        }
      },
      "Task": 0,
      "TimeCreated": {
        "#attributes": {
          "SystemTime": "2020-04-04T15:50:05.920895Z"
        }
      },
      "Version": 0
    }
  }
}
Record 7
{
  "Event": {
    "#attributes": {
      "xmlns": "http://schemas.microsoft.com/win/2004/08/events/event"
    },
    "EventData": {
      "File": "C:\\Users\\defaultuser0\\AppData\\Local\\Microsoft\\Windows\\\\UsrClass.dat",
      "Key": "S-1-5-21-297825045-448280702-2256943394-1000_Classes"
    },
    "System": {
      "Channel": "Microsoft-Windows-User Profile Service/Operational",
      "Computer": "DESKTOP-QLKN511",
      "Correlation": null,
      "EventID": 5,
      "EventRecordID": 7,
      "Execution": {
        "#attributes": {
          "ProcessID": 2120,
          "ThreadID": 4612
        }
      },
      "Keywords": "0x4000000000000000",
      "Level": 4,
      "Opcode": 0,
      "Provider": {
        "#attributes": {
          "Guid": "89B1E9F0-5AFF-44A6-9B44-0A07A7CE5845",
          "Name": "Microsoft-Windows-User Profiles Service"
        }
      },
      "Security": {
        "#attributes": {
          "UserID": "S-1-5-18"
        }
      },
      "Task": 0,
      "TimeCreated": {
        "#attributes": {
          "SystemTime": "2020-04-04T15:50:05.925493Z"
        }
      },
      "Version": 0
    }
  }
}
Record 8
{
  "Event": {
    "#attributes": {
      "xmlns": "http://schemas.microsoft.com/win/2004/08/events/event"
    },
    "EventData": {
      "Session": 1
    },
    "System": {
      "Channel": "Microsoft-Windows-User Profile Service/Operational",
      "Computer": "DESKTOP-QLKN511",
      "Correlation": null,
      "EventID": 2,
      "EventRecordID": 8,
      "Execution": {
        "#attributes": {
          "ProcessID": 2120,
          "ThreadID": 2304
        }
      },
      "Keywords": "0x4000000000000000",
      "Level": 4,
      "Opcode": 0,
      "Provider": {
        "#attributes": {
          "Guid": "89B1E9F0-5AFF-44A6-9B44-0A07A7CE5845",
          "Name": "Microsoft-Windows-User Profiles Service"
        }
      },
      "Security": {
        "#attributes": {
          "UserID": "S-1-5-21-297825045-448280702-2256943394-1000"
        }
      },
      "Task": 0,
      "TimeCreated": {
        "#attributes": {
          "SystemTime": "2020-04-04T15:50:05.935004Z"
        }
      },
      "Version": 0
    }
  }
}
Record 9
{
  "Event": {
    "#attributes": {
      "xmlns": "http://schemas.microsoft.com/win/2004/08/events/event"
    },
    "EventData": {
      "File": "C:\\Users\\ENTER\\ntuser.dat",
      "Key": "S-1-5-21-297825045-448280702-2256943394-1001"
    },
    "System": {
      "Channel": "Microsoft-Windows-User Profile Service/Operational",
      "Computer": "DESKTOP-QLKN511",
      "Correlation": null,
      "EventID": 5,
      "EventRecordID": 9,
      "Execution": {
        "#attributes": {
          "ProcessID": 2120,
          "ThreadID": 2632
        }
      },
      "Keywords": "0x4000000000000000",
      "Level": 4,
      "Opcode": 0,
      "Provider": {
        "#attributes": {
          "Guid": "89B1E9F0-5AFF-44A6-9B44-0A07A7CE5845",
          "Name": "Microsoft-Windows-User Profiles Service"
        }
      },
      "Security": {
        "#attributes": {
          "UserID": "S-1-5-18"
        }
      },
      "Task": 0,
      "TimeCreated": {
        "#attributes": {
          "SystemTime": "2020-04-04T15:53:41.041168Z"
        }
      },
      "Version": 0
    }
  }
}
Record 10
{
  "Event": {
    "#attributes": {
      "xmlns": "http://schemas.microsoft.com/win/2004/08/events/event"
    },
    "EventData": {
      "LocalPath": "C:\\Users\\ENTER",
      "LogonType": "Regular",
      "ProfileType": "Regular"
    },
    "System": {
      "Channel": "Microsoft-Windows-User Profile Service/Operational",
      "Computer": "DESKTOP-QLKN511",
      "Correlation": null,
      "EventID": 67,
      "EventRecordID": 10,
      "Execution": {
        "#attributes": {
          "ProcessID": 2120,
          "ThreadID": 2632
        }
      },
      "Keywords": "0x4000000000000000",
      "Level": 4,
      "Opcode": 0,
      "Provider": {
        "#attributes": {
          "Guid": "89B1E9F0-5AFF-44A6-9B44-0A07A7CE5845",
          "Name": "Microsoft-Windows-User Profiles Service"
        }
      },
      "Security": {
        "#attributes": {
          "UserID": "S-1-5-18"
        }
      },
      "Task": 0,
      "TimeCreated": {
        "#attributes": {
          "SystemTime": "2020-04-04T15:53:41.076521Z"
        }
      },
      "Version": 0
    }
  }
}
Record 11
{
  "Event": {
    "#attributes": {
      "xmlns": "http://schemas.microsoft.com/win/2004/08/events/event"
    },
    "EventData": {
      "File": "C:\\Users\\ENTER\\AppData\\Local\\Microsoft\\Windows\\\\UsrClass.dat",
      "Key": "S-1-5-21-297825045-448280702-2256943394-1001_Classes"
    },
    "System": {
      "Channel": "Microsoft-Windows-User Profile Service/Operational",
      "Computer": "DESKTOP-QLKN511",
      "Correlation": null,
      "EventID": 5,
      "EventRecordID": 11,
      "Execution": {
        "#attributes": {
          "ProcessID": 2120,
          "ThreadID": 2632
        }
      },
      "Keywords": "0x4000000000000000",
      "Level": 4,
      "Opcode": 0,
      "Provider": {
        "#attributes": {
          "Guid": "89B1E9F0-5AFF-44A6-9B44-0A07A7CE5845",
          "Name": "Microsoft-Windows-User Profiles Service"
        }
      },
      "Security": {
        "#attributes": {
          "UserID": "S-1-5-18"
        }
      },
      "Task": 0,
      "TimeCreated": {
        "#attributes": {
          "SystemTime": "2020-04-04T15:53:41.201935Z"
        }
      },
      "Version": 0
    }
  }
}
Record 12
{
  "Event": {
    "#attributes": {
      "xmlns": "http://schemas.microsoft.com/win/2004/08/events/event"
    },
    "EventData": {
      "Session": 1
    },
    "System": {
      "Channel": "Microsoft-Windows-User Profile Service/Operational",
      "Computer": "DESKTOP-QLKN511",
      "Correlation": null,
      "EventID": 3,
      "EventRecordID": 12,
      "Execution": {
        "#attributes": {
          "ProcessID": 2120,
          "ThreadID": 2632
        }
      },
      "Keywords": "0x4000000000000000",
      "Level": 4,
      "Opcode": 0,
      "Provider": {
        "#attributes": {
          "Guid": "89B1E9F0-5AFF-44A6-9B44-0A07A7CE5845",
          "Name": "Microsoft-Windows-User Profiles Service"
        }
      },
      "Security": {
        "#attributes": {
          "UserID": "S-1-5-21-297825045-448280702-2256943394-1000"
        }
      },
      "Task": 0,
      "TimeCreated": {
        "#attributes": {
          "SystemTime": "2020-04-04T15:53:55.617615Z"
        }
      },
      "Version": 0
    }
  }
}
Record 13
{
  "Event": {
    "#attributes": {
      "xmlns": "http://schemas.microsoft.com/win/2004/08/events/event"
    },
    "EventData": {
      "Session": 1
    },
    "System": {
      "Channel": "Microsoft-Windows-User Profile Service/Operational",
      "Computer": "DESKTOP-QLKN511",
      "Correlation": null,
      "EventID": 4,
      "EventRecordID": 13,
      "Execution": {
        "#attributes": {
          "ProcessID": 2120,
          "ThreadID": 2632
        }
      },
      "Keywords": "0x4000000000000000",
      "Level": 4,
      "Opcode": 0,
      "Provider": {
        "#attributes": {
          "Guid": "89B1E9F0-5AFF-44A6-9B44-0A07A7CE5845",
          "Name": "Microsoft-Windows-User Profiles Service"
        }
      },
      "Security": {
        "#attributes": {
          "UserID": "S-1-5-21-297825045-448280702-2256943394-1000"
        }
      },
      "Task": 0,
      "TimeCreated": {
        "#attributes": {
          "SystemTime": "2020-04-04T15:53:55.642162Z"
        }
      },
      "Version": 0
    }
  }
}
Record 14
{
  "Event": {
    "#attributes": {
      "xmlns": "http://schemas.microsoft.com/win/2004/08/events/event"
    },
    "EventData": {
      "Session": 2
    },
    "System": {
      "Channel": "Microsoft-Windows-User Profile Service/Operational",
      "Computer": "DESKTOP-QLKN511",
      "Correlation": null,
      "EventID": 1,
      "EventRecordID": 14,
      "Execution": {
        "#attributes": {
          "ProcessID": 2120,
          "ThreadID": 2632
        }
      },
      "Keywords": "0x4000000000000000",
      "Level": 4,
      "Opcode": 0,
      "Provider": {
        "#attributes": {
          "Guid": "89B1E9F0-5AFF-44A6-9B44-0A07A7CE5845",
          "Name": "Microsoft-Windows-User Profiles Service"
        }
      },
      "Security": {
        "#attributes": {
          "UserID": "S-1-5-21-297825045-448280702-2256943394-1001"
        }
      },
      "Task": 0,
      "TimeCreated": {
        "#attributes": {
          "SystemTime": "2020-04-04T15:53:56.157249Z"
        }
      },
      "Version": 0
    }
  }
}
Record 15
{
  "Event": {
    "#attributes": {
      "xmlns": "http://schemas.microsoft.com/win/2004/08/events/event"
    },
    "EventData": {
      "File": "C:\\Users\\ENTER\\ntuser.dat",
      "Key": "S-1-5-21-297825045-448280702-2256943394-1001"
    },
    "System": {
      "Channel": "Microsoft-Windows-User Profile Service/Operational",
      "Computer": "DESKTOP-QLKN511",
      "Correlation": null,
      "EventID": 5,
      "EventRecordID": 15,
      "Execution": {
        "#attributes": {
          "ProcessID": 2120,
          "ThreadID": 1460
        }
      },
      "Keywords": "0x4000000000000000",
      "Level": 4,
      "Opcode": 0,
      "Provider": {
        "#attributes": {
          "Guid": "89B1E9F0-5AFF-44A6-9B44-0A07A7CE5845",
          "Name": "Microsoft-Windows-User Profiles Service"
        }
      },
      "Security": {
        "#attributes": {
          "UserID": "S-1-5-18"
        }
      },
      "Task": 0,
      "TimeCreated": {
        "#attributes": {
          "SystemTime": "2020-04-04T15:53:56.163691Z"
        }
      },
      "Version": 0
    }
  }
}
Record 16
{
  "Event": {
    "#attributes": {
      "xmlns": "http://schemas.microsoft.com/win/2004/08/events/event"
    },
    "EventData": {
      "LocalPath": "C:\\Users\\ENTER",
      "LogonType": "Regular",
      "ProfileType": "Regular"
    },
    "System": {
      "Channel": "Microsoft-Windows-User Profile Service/Operational",
      "Computer": "DESKTOP-QLKN511",
      "Correlation": null,
      "EventID": 67,
      "EventRecordID": 16,
      "Execution": {
        "#attributes": {
          "ProcessID": 2120,
          "ThreadID": 1460
        }
      },
      "Keywords": "0x4000000000000000",
      "Level": 4,
      "Opcode": 0,
      "Provider": {
        "#attributes": {
          "Guid": "89B1E9F0-5AFF-44A6-9B44-0A07A7CE5845",
          "Name": "Microsoft-Windows-User Profiles Service"
        }
      },
      "Security": {
        "#attributes": {
          "UserID": "S-1-5-18"
        }
      },
      "Task": 0,
      "TimeCreated": {
        "#attributes": {
          "SystemTime": "2020-04-04T15:53:56.164436Z"
        }
      },
      "Version": 0
    }
  }
}
Record 17
{
  "Event": {
    "#attributes": {
      "xmlns": "http://schemas.microsoft.com/win/2004/08/events/event"
    },
    "EventData": {
      "File": "C:\\Users\\ENTER\\AppData\\Local\\Microsoft\\Windows\\\\UsrClass.dat",
      "Key": "S-1-5-21-297825045-448280702-2256943394-1001_Classes"
    },
    "System": {
      "Channel": "Microsoft-Windows-User Profile Service/Operational",
      "Computer": "DESKTOP-QLKN511",
      "Correlation": null,
      "EventID": 5,
      "EventRecordID": 17,
      "Execution": {
        "#attributes": {
          "ProcessID": 2120,
          "ThreadID": 1460
        }
      },
      "Keywords": "0x4000000000000000",
      "Level": 4,
      "Opcode": 0,
      "Provider": {
        "#attributes": {
          "Guid": "89B1E9F0-5AFF-44A6-9B44-0A07A7CE5845",
          "Name": "Microsoft-Windows-User Profiles Service"
        }
      },
      "Security": {
        "#attributes": {
          "UserID": "S-1-5-18"
        }
      },
      "Task": 0,
      "TimeCreated": {
        "#attributes": {
          "SystemTime": "2020-04-04T15:53:56.169769Z"
        }
      },
      "Version": 0
    }
  }
}
Record 18
{
  "Event": {
    "#attributes": {
      "xmlns": "http://schemas.microsoft.com/win/2004/08/events/event"
    },
    "EventData": {
      "Session": 2
    },
    "System": {
      "Channel": "Microsoft-Windows-User Profile Service/Operational",
      "Computer": "DESKTOP-QLKN511",
      "Correlation": null,
      "EventID": 2,
      "EventRecordID": 18,
      "Execution": {
        "#attributes": {
          "ProcessID": 2120,
          "ThreadID": 2632
        }
      },
      "Keywords": "0x4000000000000000",
      "Level": 4,
      "Opcode": 0,
      "Provider": {
        "#attributes": {
          "Guid": "89B1E9F0-5AFF-44A6-9B44-0A07A7CE5845",
          "Name": "Microsoft-Windows-User Profiles Service"
        }
      },
      "Security": {
        "#attributes": {
          "UserID": "S-1-5-21-297825045-448280702-2256943394-1001"
        }
      },
      "Task": 0,
      "TimeCreated": {
        "#attributes": {
          "SystemTime": "2020-04-04T15:53:56.172653Z"
        }
      },
      "Version": 0
    }
  }
}
Record 19
{
  "Event": {
    "#attributes": {
      "xmlns": "http://schemas.microsoft.com/win/2004/08/events/event"
    },
    "EventData": {
      "Session": 2
    },
    "System": {
      "Channel": "Microsoft-Windows-User Profile Service/Operational",
      "Computer": "DESKTOP-QLKN511",
      "Correlation": null,
      "EventID": 3,
      "EventRecordID": 19,
      "Execution": {
        "#attributes": {
          "ProcessID": 2120,
          "ThreadID": 7736
        }
      },
      "Keywords": "0x4000000000000000",
      "Level": 4,
      "Opcode": 0,
      "Provider": {
        "#attributes": {
          "Guid": "89B1E9F0-5AFF-44A6-9B44-0A07A7CE5845",
          "Name": "Microsoft-Windows-User Profiles Service"
        }
      },
      "Security": {
        "#attributes": {
          "UserID": "S-1-5-21-297825045-448280702-2256943394-1001"
        }
      },
      "Task": 0,
      "TimeCreated": {
        "#attributes": {
          "SystemTime": "2020-04-04T16:21:10.997759Z"
        }
      },
      "Version": 0
    }
  }
}
Record 20
{
  "Event": {
    "#attributes": {
      "xmlns": "http://schemas.microsoft.com/win/2004/08/events/event"
    },
    "EventData": {
      "Session": 2
    },
    "System": {
      "Channel": "Microsoft-Windows-User Profile Service/Operational",
      "Computer": "DESKTOP-QLKN511",
      "Correlation": null,
      "EventID": 4,
      "EventRecordID": 20,
      "Execution": {
        "#attributes": {
          "ProcessID": 2120,
          "ThreadID": 7736
        }
      },
      "Keywords": "0x4000000000000000",
      "Level": 4,
      "Opcode": 0,
      "Provider": {
        "#attributes": {
          "Guid": "89B1E9F0-5AFF-44A6-9B44-0A07A7CE5845",
          "Name": "Microsoft-Windows-User Profiles Service"
        }
      },
      "Security": {
        "#attributes": {
          "UserID": "S-1-5-21-297825045-448280702-2256943394-1001"
        }
      },
      "Task": 0,
      "TimeCreated": {
        "#attributes": {
          "SystemTime": "2020-04-04T16:21:11.002863Z"
        }
      },
      "Version": 0
    }
  }
}
Record 21
{
  "Event": {
    "#attributes": {
      "xmlns": "http://schemas.microsoft.com/win/2004/08/events/event"
    },
    "EventData": {
      "Session": 1
    },
    "System": {
      "Channel": "Microsoft-Windows-User Profile Service/Operational",
      "Computer": "DESKTOP-QLKN511",
      "Correlation": null,
      "EventID": 1,
      "EventRecordID": 21,
      "Execution": {
        "#attributes": {
          "ProcessID": 1656,
          "ThreadID": 1944
        }
      },
      "Keywords": "0x4000000000000000",
      "Level": 4,
      "Opcode": 0,
      "Provider": {
        "#attributes": {
          "Guid": "89B1E9F0-5AFF-44A6-9B44-0A07A7CE5845",
          "Name": "Microsoft-Windows-User Profiles Service"
        }
      },
      "Security": {
        "#attributes": {
          "UserID": "S-1-5-21-297825045-448280702-2256943394-1001"
        }
      },
      "Task": 0,
      "TimeCreated": {
        "#attributes": {
          "SystemTime": "2020-04-04T16:22:29.190072Z"
        }
      },
      "Version": 0
    }
  }
}
Record 22
{
  "Event": {
    "#attributes": {
      "xmlns": "http://schemas.microsoft.com/win/2004/08/events/event"
    },
    "EventData": {
      "File": "C:\\Users\\ENTER\\ntuser.dat",
      "Key": "S-1-5-21-297825045-448280702-2256943394-1001"
    },
    "System": {
      "Channel": "Microsoft-Windows-User Profile Service/Operational",
      "Computer": "DESKTOP-QLKN511",
      "Correlation": null,
      "EventID": 5,
      "EventRecordID": 22,
      "Execution": {
        "#attributes": {
          "ProcessID": 1656,
          "ThreadID": 1948
        }
      },
      "Keywords": "0x4000000000000000",
      "Level": 4,
      "Opcode": 0,
      "Provider": {
        "#attributes": {
          "Guid": "89B1E9F0-5AFF-44A6-9B44-0A07A7CE5845",
          "Name": "Microsoft-Windows-User Profiles Service"
        }
      },
      "Security": {
        "#attributes": {
          "UserID": "S-1-5-18"
        }
      },
      "Task": 0,
      "TimeCreated": {
        "#attributes": {
          "SystemTime": "2020-04-04T16:22:29.199987Z"
        }
      },
      "Version": 0
    }
  }
}
Record 23
{
  "Event": {
    "#attributes": {
      "xmlns": "http://schemas.microsoft.com/win/2004/08/events/event"
    },
    "EventData": {
      "LocalPath": "C:\\Users\\ENTER",
      "LogonType": "Regular",
      "ProfileType": "Regular"
    },
    "System": {
      "Channel": "Microsoft-Windows-User Profile Service/Operational",
      "Computer": "DESKTOP-QLKN511",
      "Correlation": null,
      "EventID": 67,
      "EventRecordID": 23,
      "Execution": {
        "#attributes": {
          "ProcessID": 1656,
          "ThreadID": 1948
        }
      },
      "Keywords": "0x4000000000000000",
      "Level": 4,
      "Opcode": 0,
      "Provider": {
        "#attributes": {
          "Guid": "89B1E9F0-5AFF-44A6-9B44-0A07A7CE5845",
          "Name": "Microsoft-Windows-User Profiles Service"
        }
      },
      "Security": {
        "#attributes": {
          "UserID": "S-1-5-18"
        }
      },
      "Task": 0,
      "TimeCreated": {
        "#attributes": {
          "SystemTime": "2020-04-04T16:22:29.200799Z"
        }
      },
      "Version": 0
    }
  }
}
Record 24
{
  "Event": {
    "#attributes": {
      "xmlns": "http://schemas.microsoft.com/win/2004/08/events/event"
    },
    "EventData": {
      "File": "C:\\Users\\ENTER\\AppData\\Local\\Microsoft\\Windows\\\\UsrClass.dat",
      "Key": "S-1-5-21-297825045-448280702-2256943394-1001_Classes"
    },
    "System": {
      "Channel": "Microsoft-Windows-User Profile Service/Operational",
      "Computer": "DESKTOP-QLKN511",
      "Correlation": null,
      "EventID": 5,
      "EventRecordID": 24,
      "Execution": {
        "#attributes": {
          "ProcessID": 1656,
          "ThreadID": 1948
        }
      },
      "Keywords": "0x4000000000000000",
      "Level": 4,
      "Opcode": 0,
      "Provider": {
        "#attributes": {
          "Guid": "89B1E9F0-5AFF-44A6-9B44-0A07A7CE5845",
          "Name": "Microsoft-Windows-User Profiles Service"
        }
      },
      "Security": {
        "#attributes": {
          "UserID": "S-1-5-18"
        }
      },
      "Task": 0,
      "TimeCreated": {
        "#attributes": {
          "SystemTime": "2020-04-04T16:22:29.243554Z"
        }
      },
      "Version": 0
    }
  }
}
Record 25
{
  "Event": {
    "#attributes": {
      "xmlns": "http://schemas.microsoft.com/win/2004/08/events/event"
    },
    "EventData": {
      "Session": 1
    },
    "System": {
      "Channel": "Microsoft-Windows-User Profile Service/Operational",
      "Computer": "DESKTOP-QLKN511",
      "Correlation": null,
      "EventID": 2,
      "EventRecordID": 25,
      "Execution": {
        "#attributes": {
          "ProcessID": 1656,
          "ThreadID": 1944
        }
      },
      "Keywords": "0x4000000000000000",
      "Level": 4,
      "Opcode": 0,
      "Provider": {
        "#attributes": {
          "Guid": "89B1E9F0-5AFF-44A6-9B44-0A07A7CE5845",
          "Name": "Microsoft-Windows-User Profiles Service"
        }
      },
      "Security": {
        "#attributes": {
          "UserID": "S-1-5-21-297825045-448280702-2256943394-1001"
        }
      },
      "Task": 0,
      "TimeCreated": {
        "#attributes": {
          "SystemTime": "2020-04-04T16:22:29.295047Z"
        }
      },
      "Version": 0
    }
  }
}
Record 26
{
  "Event": {
    "#attributes": {
      "xmlns": "http://schemas.microsoft.com/win/2004/08/events/event"
    },
    "EventData": {
      "Session": 1
    },
    "System": {
      "Channel": "Microsoft-Windows-User Profile Service/Operational",
      "Computer": "DESKTOP-QLKN511",
      "Correlation": null,
      "EventID": 1,
      "EventRecordID": 26,
      "Execution": {
        "#attributes": {
          "ProcessID": 1664,
          "ThreadID": 2012
        }
      },
      "Keywords": "0x4000000000000000",
      "Level": 4,
      "Opcode": 0,
      "Provider": {
        "#attributes": {
          "Guid": "89B1E9F0-5AFF-44A6-9B44-0A07A7CE5845",
          "Name": "Microsoft-Windows-User Profiles Service"
        }
      },
      "Security": {
        "#attributes": {
          "UserID": "S-1-5-21-297825045-448280702-2256943394-1001"
        }
      },
      "Task": 0,
      "TimeCreated": {
        "#attributes": {
          "SystemTime": "2020-04-04T16:39:08.876510Z"
        }
      },
      "Version": 0
    }
  }
}
Record 27
{
  "Event": {
    "#attributes": {
      "xmlns": "http://schemas.microsoft.com/win/2004/08/events/event"
    },
    "EventData": {
      "File": "C:\\Users\\ENTER\\ntuser.dat",
      "Key": "S-1-5-21-297825045-448280702-2256943394-1001"
    },
    "System": {
      "Channel": "Microsoft-Windows-User Profile Service/Operational",
      "Computer": "DESKTOP-QLKN511",
      "Correlation": null,
      "EventID": 5,
      "EventRecordID": 27,
      "Execution": {
        "#attributes": {
          "ProcessID": 1664,
          "ThreadID": 2000
        }
      },
      "Keywords": "0x4000000000000000",
      "Level": 4,
      "Opcode": 0,
      "Provider": {
        "#attributes": {
          "Guid": "89B1E9F0-5AFF-44A6-9B44-0A07A7CE5845",
          "Name": "Microsoft-Windows-User Profiles Service"
        }
      },
      "Security": {
        "#attributes": {
          "UserID": "S-1-5-18"
        }
      },
      "Task": 0,
      "TimeCreated": {
        "#attributes": {
          "SystemTime": "2020-04-04T16:39:08.921806Z"
        }
      },
      "Version": 0
    }
  }
}
Record 28
{
  "Event": {
    "#attributes": {
      "xmlns": "http://schemas.microsoft.com/win/2004/08/events/event"
    },
    "EventData": {
      "LocalPath": "C:\\Users\\ENTER",
      "LogonType": "Regular",
      "ProfileType": "Regular"
    },
    "System": {
      "Channel": "Microsoft-Windows-User Profile Service/Operational",
      "Computer": "DESKTOP-QLKN511",
      "Correlation": null,
      "EventID": 67,
      "EventRecordID": 28,
      "Execution": {
        "#attributes": {
          "ProcessID": 1664,
          "ThreadID": 2000
        }
      },
      "Keywords": "0x4000000000000000",
      "Level": 4,
      "Opcode": 0,
      "Provider": {
        "#attributes": {
          "Guid": "89B1E9F0-5AFF-44A6-9B44-0A07A7CE5845",
          "Name": "Microsoft-Windows-User Profiles Service"
        }
      },
      "Security": {
        "#attributes": {
          "UserID": "S-1-5-18"
        }
      },
      "Task": 0,
      "TimeCreated": {
        "#attributes": {
          "SystemTime": "2020-04-04T16:39:08.922867Z"
        }
      },
      "Version": 0
    }
  }
}
Record 29
{
  "Event": {
    "#attributes": {
      "xmlns": "http://schemas.microsoft.com/win/2004/08/events/event"
    },
    "EventData": {
      "File": "C:\\Users\\ENTER\\AppData\\Local\\Microsoft\\Windows\\\\UsrClass.dat",
      "Key": "S-1-5-21-297825045-448280702-2256943394-1001_Classes"
    },
    "System": {
      "Channel": "Microsoft-Windows-User Profile Service/Operational",
      "Computer": "DESKTOP-QLKN511",
      "Correlation": null,
      "EventID": 5,
      "EventRecordID": 29,
      "Execution": {
        "#attributes": {
          "ProcessID": 1664,
          "ThreadID": 2000
        }
      },
      "Keywords": "0x4000000000000000",
      "Level": 4,
      "Opcode": 0,
      "Provider": {
        "#attributes": {
          "Guid": "89B1E9F0-5AFF-44A6-9B44-0A07A7CE5845",
          "Name": "Microsoft-Windows-User Profiles Service"
        }
      },
      "Security": {
        "#attributes": {
          "UserID": "S-1-5-18"
        }
      },
      "Task": 0,
      "TimeCreated": {
        "#attributes": {
          "SystemTime": "2020-04-04T16:39:09.012026Z"
        }
      },
      "Version": 0
    }
  }
}
Record 30
{
  "Event": {
    "#attributes": {
      "xmlns": "http://schemas.microsoft.com/win/2004/08/events/event"
    },
    "EventData": {
      "Session": 1
    },
    "System": {
      "Channel": "Microsoft-Windows-User Profile Service/Operational",
      "Computer": "DESKTOP-QLKN511",
      "Correlation": null,
      "EventID": 2,
      "EventRecordID": 30,
      "Execution": {
        "#attributes": {
          "ProcessID": 1664,
          "ThreadID": 2012
        }
      },
      "Keywords": "0x4000000000000000",
      "Level": 4,
      "Opcode": 0,
      "Provider": {
        "#attributes": {
          "Guid": "89B1E9F0-5AFF-44A6-9B44-0A07A7CE5845",
          "Name": "Microsoft-Windows-User Profiles Service"
        }
      },
      "Security": {
        "#attributes": {
          "UserID": "S-1-5-21-297825045-448280702-2256943394-1001"
        }
      },
      "Task": 0,
      "TimeCreated": {
        "#attributes": {
          "SystemTime": "2020-04-04T16:39:09.039442Z"
        }
      },
      "Version": 0
    }
  }
}
Record 31
{
  "Event": {
    "#attributes": {
      "xmlns": "http://schemas.microsoft.com/win/2004/08/events/event"
    },
    "EventData": {
      "Session": 1
    },
    "System": {
      "Channel": "Microsoft-Windows-User Profile Service/Operational",
      "Computer": "DESKTOP-QLKN511",
      "Correlation": null,
      "EventID": 3,
      "EventRecordID": 31,
      "Execution": {
        "#attributes": {
          "ProcessID": 1664,
          "ThreadID": 6884
        }
      },
      "Keywords": "0x4000000000000000",
      "Level": 4,
      "Opcode": 0,
      "Provider": {
        "#attributes": {
          "Guid": "89B1E9F0-5AFF-44A6-9B44-0A07A7CE5845",
          "Name": "Microsoft-Windows-User Profiles Service"
        }
      },
      "Security": {
        "#attributes": {
          "UserID": "S-1-5-21-297825045-448280702-2256943394-1001"
        }
      },
      "Task": 0,
      "TimeCreated": {
        "#attributes": {
          "SystemTime": "2020-04-04T16:45:06.603851Z"
        }
      },
      "Version": 0
    }
  }
}
Record 32
{
  "Event": {
    "#attributes": {
      "xmlns": "http://schemas.microsoft.com/win/2004/08/events/event"
    },
    "EventData": {
      "Session": 1
    },
    "System": {
      "Channel": "Microsoft-Windows-User Profile Service/Operational",
      "Computer": "DESKTOP-QLKN511",
      "Correlation": null,
      "EventID": 4,
      "EventRecordID": 32,
      "Execution": {
        "#attributes": {
          "ProcessID": 1664,
          "ThreadID": 6884
        }
      },
      "Keywords": "0x4000000000000000",
      "Level": 4,
      "Opcode": 0,
      "Provider": {
        "#attributes": {
          "Guid": "89B1E9F0-5AFF-44A6-9B44-0A07A7CE5845",
          "Name": "Microsoft-Windows-User Profiles Service"
        }
      },
      "Security": {
        "#attributes": {
          "UserID": "S-1-5-21-297825045-448280702-2256943394-1001"
        }
      },
      "Task": 0,
      "TimeCreated": {
        "#attributes": {
          "SystemTime": "2020-04-04T16:45:06.637297Z"
        }
      },
      "Version": 0
    }
  }
}
Record 33
{
  "Event": {
    "#attributes": {
      "xmlns": "http://schemas.microsoft.com/win/2004/08/events/event"
    },
    "EventData": {
      "Session": 1
    },
    "System": {
      "Channel": "Microsoft-Windows-User Profile Service/Operational",
      "Computer": "DESKTOP-QLKN511",
      "Correlation": null,
      "EventID": 1,
      "EventRecordID": 33,
      "Execution": {
        "#attributes": {
          "ProcessID": 1640,
          "ThreadID": 1964
        }
      },
      "Keywords": "0x4000000000000000",
      "Level": 4,
      "Opcode": 0,
      "Provider": {
        "#attributes": {
          "Guid": "89B1E9F0-5AFF-44A6-9B44-0A07A7CE5845",
          "Name": "Microsoft-Windows-User Profiles Service"
        }
      },
      "Security": {
        "#attributes": {
          "UserID": "S-1-5-21-297825045-448280702-2256943394-1001"
        }
      },
      "Task": 0,
      "TimeCreated": {
        "#attributes": {
          "SystemTime": "2020-04-04T16:46:37.474190Z"
        }
      },
      "Version": 0
    }
  }
}
Record 34
{
  "Event": {
    "#attributes": {
      "xmlns": "http://schemas.microsoft.com/win/2004/08/events/event"
    },
    "EventData": {
      "File": "C:\\Users\\ENTER\\ntuser.dat",
      "Key": "S-1-5-21-297825045-448280702-2256943394-1001"
    },
    "System": {
      "Channel": "Microsoft-Windows-User Profile Service/Operational",
      "Computer": "DESKTOP-QLKN511",
      "Correlation": null,
      "EventID": 5,
      "EventRecordID": 34,
      "Execution": {
        "#attributes": {
          "ProcessID": 1640,
          "ThreadID": 1960
        }
      },
      "Keywords": "0x4000000000000000",
      "Level": 4,
      "Opcode": 0,
      "Provider": {
        "#attributes": {
          "Guid": "89B1E9F0-5AFF-44A6-9B44-0A07A7CE5845",
          "Name": "Microsoft-Windows-User Profiles Service"
        }
      },
      "Security": {
        "#attributes": {
          "UserID": "S-1-5-18"
        }
      },
      "Task": 0,
      "TimeCreated": {
        "#attributes": {
          "SystemTime": "2020-04-04T16:46:37.488185Z"
        }
      },
      "Version": 0
    }
  }
}
Record 35
{
  "Event": {
    "#attributes": {
      "xmlns": "http://schemas.microsoft.com/win/2004/08/events/event"
    },
    "EventData": {
      "LocalPath": "C:\\Users\\ENTER",
      "LogonType": "Regular",
      "ProfileType": "Regular"
    },
    "System": {
      "Channel": "Microsoft-Windows-User Profile Service/Operational",
      "Computer": "DESKTOP-QLKN511",
      "Correlation": null,
      "EventID": 67,
      "EventRecordID": 35,
      "Execution": {
        "#attributes": {
          "ProcessID": 1640,
          "ThreadID": 1960
        }
      },
      "Keywords": "0x4000000000000000",
      "Level": 4,
      "Opcode": 0,
      "Provider": {
        "#attributes": {
          "Guid": "89B1E9F0-5AFF-44A6-9B44-0A07A7CE5845",
          "Name": "Microsoft-Windows-User Profiles Service"
        }
      },
      "Security": {
        "#attributes": {
          "UserID": "S-1-5-18"
        }
      },
      "Task": 0,
      "TimeCreated": {
        "#attributes": {
          "SystemTime": "2020-04-04T16:46:37.489111Z"
        }
      },
      "Version": 0
    }
  }
}
Record 36
{
  "Event": {
    "#attributes": {
      "xmlns": "http://schemas.microsoft.com/win/2004/08/events/event"
    },
    "EventData": {
      "File": "C:\\Users\\ENTER\\AppData\\Local\\Microsoft\\Windows\\\\UsrClass.dat",
      "Key": "S-1-5-21-297825045-448280702-2256943394-1001_Classes"
    },
    "System": {
      "Channel": "Microsoft-Windows-User Profile Service/Operational",
      "Computer": "DESKTOP-QLKN511",
      "Correlation": null,
      "EventID": 5,
      "EventRecordID": 36,
      "Execution": {
        "#attributes": {
          "ProcessID": 1640,
          "ThreadID": 1960
        }
      },
      "Keywords": "0x4000000000000000",
      "Level": 4,
      "Opcode": 0,
      "Provider": {
        "#attributes": {
          "Guid": "89B1E9F0-5AFF-44A6-9B44-0A07A7CE5845",
          "Name": "Microsoft-Windows-User Profiles Service"
        }
      },
      "Security": {
        "#attributes": {
          "UserID": "S-1-5-18"
        }
      },
      "Task": 0,
      "TimeCreated": {
        "#attributes": {
          "SystemTime": "2020-04-04T16:46:37.548807Z"
        }
      },
      "Version": 0
    }
  }
}
Record 37
{
  "Event": {
    "#attributes": {
      "xmlns": "http://schemas.microsoft.com/win/2004/08/events/event"
    },
    "EventData": {
      "Session": 1
    },
    "System": {
      "Channel": "Microsoft-Windows-User Profile Service/Operational",
      "Computer": "DESKTOP-QLKN511",
      "Correlation": null,
      "EventID": 2,
      "EventRecordID": 37,
      "Execution": {
        "#attributes": {
          "ProcessID": 1640,
          "ThreadID": 1964
        }
      },
      "Keywords": "0x4000000000000000",
      "Level": 4,
      "Opcode": 0,
      "Provider": {
        "#attributes": {
          "Guid": "89B1E9F0-5AFF-44A6-9B44-0A07A7CE5845",
          "Name": "Microsoft-Windows-User Profiles Service"
        }
      },
      "Security": {
        "#attributes": {
          "UserID": "S-1-5-21-297825045-448280702-2256943394-1001"
        }
      },
      "Task": 0,
      "TimeCreated": {
        "#attributes": {
          "SystemTime": "2020-04-04T16:46:37.598913Z"
        }
      },
      "Version": 0
    }
  }
}
Record 38
{
  "Event": {
    "#attributes": {
      "xmlns": "http://schemas.microsoft.com/win/2004/08/events/event"
    },
    "EventData": {
      "Session": 1
    },
    "System": {
      "Channel": "Microsoft-Windows-User Profile Service/Operational",
      "Computer": "DESKTOP-QLKN511",
      "Correlation": null,
      "EventID": 3,
      "EventRecordID": 38,
      "Execution": {
        "#attributes": {
          "ProcessID": 1640,
          "ThreadID": 4704
        }
      },
      "Keywords": "0x4000000000000000",
      "Level": 4,
      "Opcode": 0,
      "Provider": {
        "#attributes": {
          "Guid": "89B1E9F0-5AFF-44A6-9B44-0A07A7CE5845",
          "Name": "Microsoft-Windows-User Profiles Service"
        }
      },
      "Security": {
        "#attributes": {
          "UserID": "S-1-5-21-297825045-448280702-2256943394-1001"
        }
      },
      "Task": 0,
      "TimeCreated": {
        "#attributes": {
          "SystemTime": "2020-04-04T16:52:58.004736Z"
        }
      },
      "Version": 0
    }
  }
}
Record 39
{
  "Event": {
    "#attributes": {
      "xmlns": "http://schemas.microsoft.com/win/2004/08/events/event"
    },
    "EventData": {
      "Session": 1
    },
    "System": {
      "Channel": "Microsoft-Windows-User Profile Service/Operational",
      "Computer": "DESKTOP-QLKN511",
      "Correlation": null,
      "EventID": 4,
      "EventRecordID": 39,
      "Execution": {
        "#attributes": {
          "ProcessID": 1640,
          "ThreadID": 4704
        }
      },
      "Keywords": "0x4000000000000000",
      "Level": 4,
      "Opcode": 0,
      "Provider": {
        "#attributes": {
          "Guid": "89B1E9F0-5AFF-44A6-9B44-0A07A7CE5845",
          "Name": "Microsoft-Windows-User Profiles Service"
        }
      },
      "Security": {
        "#attributes": {
          "UserID": "S-1-5-21-297825045-448280702-2256943394-1001"
        }
      },
      "Task": 0,
      "TimeCreated": {
        "#attributes": {
          "SystemTime": "2020-04-04T16:52:58.034492Z"
        }
      },
      "Version": 0
    }
  }
}
Record 40
{
  "Event": {
    "#attributes": {
      "xmlns": "http://schemas.microsoft.com/win/2004/08/events/event"
    },
    "EventData": {
      "Session": 1
    },
    "System": {
      "Channel": "Microsoft-Windows-User Profile Service/Operational",
      "Computer": "DESKTOP-QLKN511",
      "Correlation": null,
      "EventID": 1,
      "EventRecordID": 40,
      "Execution": {
        "#attributes": {
          "ProcessID": 1440,
          "ThreadID": 1584
        }
      },
      "Keywords": "0x4000000000000000",
      "Level": 4,
      "Opcode": 0,
      "Provider": {
        "#attributes": {
          "Guid": "89B1E9F0-5AFF-44A6-9B44-0A07A7CE5845",
          "Name": "Microsoft-Windows-User Profiles Service"
        }
      },
      "Security": {
        "#attributes": {
          "UserID": "S-1-5-21-297825045-448280702-2256943394-1001"
        }
      },
      "Task": 0,
      "TimeCreated": {
        "#attributes": {
          "SystemTime": "2020-04-04T16:53:32.172391Z"
        }
      },
      "Version": 0
    }
  }
}
Record 41
{
  "Event": {
    "#attributes": {
      "xmlns": "http://schemas.microsoft.com/win/2004/08/events/event"
    },
    "EventData": {
      "File": "C:\\Users\\ENTER\\ntuser.dat",
      "Key": "S-1-5-21-297825045-448280702-2256943394-1001"
    },
    "System": {
      "Channel": "Microsoft-Windows-User Profile Service/Operational",
      "Computer": "DESKTOP-QLKN511",
      "Correlation": null,
      "EventID": 5,
      "EventRecordID": 41,
      "Execution": {
        "#attributes": {
          "ProcessID": 1440,
          "ThreadID": 1580
        }
      },
      "Keywords": "0x4000000000000000",
      "Level": 4,
      "Opcode": 0,
      "Provider": {
        "#attributes": {
          "Guid": "89B1E9F0-5AFF-44A6-9B44-0A07A7CE5845",
          "Name": "Microsoft-Windows-User Profiles Service"
        }
      },
      "Security": {
        "#attributes": {
          "UserID": "S-1-5-18"
        }
      },
      "Task": 0,
      "TimeCreated": {
        "#attributes": {
          "SystemTime": "2020-04-04T16:53:32.187730Z"
        }
      },
      "Version": 0
    }
  }
}
Record 42
{
  "Event": {
    "#attributes": {
      "xmlns": "http://schemas.microsoft.com/win/2004/08/events/event"
    },
    "EventData": {
      "LocalPath": "C:\\Users\\ENTER",
      "LogonType": "Regular",
      "ProfileType": "Regular"
    },
    "System": {
      "Channel": "Microsoft-Windows-User Profile Service/Operational",
      "Computer": "DESKTOP-QLKN511",
      "Correlation": null,
      "EventID": 67,
      "EventRecordID": 42,
      "Execution": {
        "#attributes": {
          "ProcessID": 1440,
          "ThreadID": 1580
        }
      },
      "Keywords": "0x4000000000000000",
      "Level": 4,
      "Opcode": 0,
      "Provider": {
        "#attributes": {
          "Guid": "89B1E9F0-5AFF-44A6-9B44-0A07A7CE5845",
          "Name": "Microsoft-Windows-User Profiles Service"
        }
      },
      "Security": {
        "#attributes": {
          "UserID": "S-1-5-18"
        }
      },
      "Task": 0,
      "TimeCreated": {
        "#attributes": {
          "SystemTime": "2020-04-04T16:53:32.188738Z"
        }
      },
      "Version": 0
    }
  }
}
Record 43
{
  "Event": {
    "#attributes": {
      "xmlns": "http://schemas.microsoft.com/win/2004/08/events/event"
    },
    "EventData": {
      "File": "C:\\Users\\ENTER\\AppData\\Local\\Microsoft\\Windows\\\\UsrClass.dat",
      "Key": "S-1-5-21-297825045-448280702-2256943394-1001_Classes"
    },
    "System": {
      "Channel": "Microsoft-Windows-User Profile Service/Operational",
      "Computer": "DESKTOP-QLKN511",
      "Correlation": null,
      "EventID": 5,
      "EventRecordID": 43,
      "Execution": {
        "#attributes": {
          "ProcessID": 1440,
          "ThreadID": 1580
        }
      },
      "Keywords": "0x4000000000000000",
      "Level": 4,
      "Opcode": 0,
      "Provider": {
        "#attributes": {
          "Guid": "89B1E9F0-5AFF-44A6-9B44-0A07A7CE5845",
          "Name": "Microsoft-Windows-User Profiles Service"
        }
      },
      "Security": {
        "#attributes": {
          "UserID": "S-1-5-18"
        }
      },
      "Task": 0,
      "TimeCreated": {
        "#attributes": {
          "SystemTime": "2020-04-04T16:53:32.283310Z"
        }
      },
      "Version": 0
    }
  }
}
Record 44
{
  "Event": {
    "#attributes": {
      "xmlns": "http://schemas.microsoft.com/win/2004/08/events/event"
    },
    "EventData": {
      "Session": 1
    },
    "System": {
      "Channel": "Microsoft-Windows-User Profile Service/Operational",
      "Computer": "DESKTOP-QLKN511",
      "Correlation": null,
      "EventID": 2,
      "EventRecordID": 44,
      "Execution": {
        "#attributes": {
          "ProcessID": 1440,
          "ThreadID": 1584
        }
      },
      "Keywords": "0x4000000000000000",
      "Level": 4,
      "Opcode": 0,
      "Provider": {
        "#attributes": {
          "Guid": "89B1E9F0-5AFF-44A6-9B44-0A07A7CE5845",
          "Name": "Microsoft-Windows-User Profiles Service"
        }
      },
      "Security": {
        "#attributes": {
          "UserID": "S-1-5-21-297825045-448280702-2256943394-1001"
        }
      },
      "Task": 0,
      "TimeCreated": {
        "#attributes": {
          "SystemTime": "2020-04-04T16:53:32.312501Z"
        }
      },
      "Version": 0
    }
  }
}
Record 45
{
  "Event": {
    "#attributes": {
      "xmlns": "http://schemas.microsoft.com/win/2004/08/events/event"
    },
    "EventData": {
      "Session": 1
    },
    "System": {
      "Channel": "Microsoft-Windows-User Profile Service/Operational",
      "Computer": "DESKTOP-QLKN511",
      "Correlation": null,
      "EventID": 3,
      "EventRecordID": 45,
      "Execution": {
        "#attributes": {
          "ProcessID": 1440,
          "ThreadID": 1584
        }
      },
      "Keywords": "0x4000000000000000",
      "Level": 4,
      "Opcode": 0,
      "Provider": {
        "#attributes": {
          "Guid": "89B1E9F0-5AFF-44A6-9B44-0A07A7CE5845",
          "Name": "Microsoft-Windows-User Profiles Service"
        }
      },
      "Security": {
        "#attributes": {
          "UserID": "S-1-5-21-297825045-448280702-2256943394-1001"
        }
      },
      "Task": 0,
      "TimeCreated": {
        "#attributes": {
          "SystemTime": "2020-04-04T16:55:59.945813Z"
        }
      },
      "Version": 0
    }
  }
}
Record 46
{
  "Event": {
    "#attributes": {
      "xmlns": "http://schemas.microsoft.com/win/2004/08/events/event"
    },
    "EventData": {
      "Session": 1
    },
    "System": {
      "Channel": "Microsoft-Windows-User Profile Service/Operational",
      "Computer": "DESKTOP-QLKN511",
      "Correlation": null,
      "EventID": 4,
      "EventRecordID": 46,
      "Execution": {
        "#attributes": {
          "ProcessID": 1440,
          "ThreadID": 1584
        }
      },
      "Keywords": "0x4000000000000000",
      "Level": 4,
      "Opcode": 0,
      "Provider": {
        "#attributes": {
          "Guid": "89B1E9F0-5AFF-44A6-9B44-0A07A7CE5845",
          "Name": "Microsoft-Windows-User Profiles Service"
        }
      },
      "Security": {
        "#attributes": {
          "UserID": "S-1-5-21-297825045-448280702-2256943394-1001"
        }
      },
      "Task": 0,
      "TimeCreated": {
        "#attributes": {
          "SystemTime": "2020-04-04T16:55:59.979758Z"
        }
      },
      "Version": 0
    }
  }
}
