Record 185
{
  "Event": {
    "#attributes": {
      "xmlns": "http://schemas.microsoft.com/win/2004/08/events/event"
    },
    "EventData": {
      "Session": 1
    },
    "System": {
      "Channel": "Microsoft-Windows-User Profile Service/Operational",
      "Computer": "DESKTOP-QLKN511",
      "Correlation": null,
      "EventID": 3,
      "EventRecordID": 185,
      "Execution": {
        "#attributes": {
          "ProcessID": 1304,
          "ThreadID": 2988
        }
      },
      "Keywords": "0x4000000000000000",
      "Level": 4,
      "Opcode": 0,
      "Provider": {
        "#attributes": {
          "Guid": "89B1E9F0-5AFF-44A6-9B44-0A07A7CE5845",
          "Name": "Microsoft-Windows-User Profiles Service"
        }
      },
      "Security": {
        "#attributes": {
          "UserID": "S-1-5-21-297825045-448280702-2256943394-1001"
        }
      },
      "Task": 0,
      "TimeCreated": {
        "#attributes": {
          "SystemTime": "2020-04-13T05:43:08.100101Z"
        }
      },
      "Version": 0
    }
  }
}
Record 186
{
  "Event": {
    "#attributes": {
      "xmlns": "http://schemas.microsoft.com/win/2004/08/events/event"
    },
    "EventData": {
      "Session": 1
    },
    "System": {
      "Channel": "Microsoft-Windows-User Profile Service/Operational",
      "Computer": "DESKTOP-QLKN511",
      "Correlation": null,
      "EventID": 4,
      "EventRecordID": 186,
      "Execution": {
        "#attributes": {
          "ProcessID": 1304,
          "ThreadID": 2988
        }
      },
      "Keywords": "0x4000000000000000",
      "Level": 4,
      "Opcode": 0,
      "Provider": {
        "#attributes": {
          "Guid": "89B1E9F0-5AFF-44A6-9B44-0A07A7CE5845",
          "Name": "Microsoft-Windows-User Profiles Service"
        }
      },
      "Security": {
        "#attributes": {
          "UserID": "S-1-5-21-297825045-448280702-2256943394-1001"
        }
      },
      "Task": 0,
      "TimeCreated": {
        "#attributes": {
          "SystemTime": "2020-04-13T05:43:08.133831Z"
        }
      },
      "Version": 0
    }
  }
}
Record 187
{
  "Event": {
    "#attributes": {
      "xmlns": "http://schemas.microsoft.com/win/2004/08/events/event"
    },
    "EventData": {
      "Session": 1
    },
    "System": {
      "Channel": "Microsoft-Windows-User Profile Service/Operational",
      "Computer": "DESKTOP-QLKN511",
      "Correlation": null,
      "EventID": 1,
      "EventRecordID": 187,
      "Execution": {
        "#attributes": {
          "ProcessID": 1288,
          "ThreadID": 1524
        }
      },
      "Keywords": "0x4000000000000000",
      "Level": 4,
      "Opcode": 0,
      "Provider": {
        "#attributes": {
          "Guid": "89B1E9F0-5AFF-44A6-9B44-0A07A7CE5845",
          "Name": "Microsoft-Windows-User Profiles Service"
        }
      },
      "Security": {
        "#attributes": {
          "UserID": "S-1-5-21-297825045-448280702-2256943394-1001"
        }
      },
      "Task": 0,
      "TimeCreated": {
        "#attributes": {
          "SystemTime": "2020-04-14T04:25:01.164621Z"
        }
      },
      "Version": 0
    }
  }
}
Record 188
{
  "Event": {
    "#attributes": {
      "xmlns": "http://schemas.microsoft.com/win/2004/08/events/event"
    },
    "EventData": {
      "File": "C:\\Users\\ENTER\\ntuser.dat",
      "Key": "S-1-5-21-297825045-448280702-2256943394-1001"
    },
    "System": {
      "Channel": "Microsoft-Windows-User Profile Service/Operational",
      "Computer": "DESKTOP-QLKN511",
      "Correlation": null,
      "EventID": 5,
      "EventRecordID": 188,
      "Execution": {
        "#attributes": {
          "ProcessID": 1288,
          "ThreadID": 1508
        }
      },
      "Keywords": "0x4000000000000000",
      "Level": 4,
      "Opcode": 0,
      "Provider": {
        "#attributes": {
          "Guid": "89B1E9F0-5AFF-44A6-9B44-0A07A7CE5845",
          "Name": "Microsoft-Windows-User Profiles Service"
        }
      },
      "Security": {
        "#attributes": {
          "UserID": "S-1-5-18"
        }
      },
      "Task": 0,
      "TimeCreated": {
        "#attributes": {
          "SystemTime": "2020-04-14T04:25:01.180204Z"
        }
      },
      "Version": 0
    }
  }
}
Record 189
{
  "Event": {
    "#attributes": {
      "xmlns": "http://schemas.microsoft.com/win/2004/08/events/event"
    },
    "EventData": {
      "LocalPath": "C:\\Users\\ENTER",
      "LogonType": "Regular",
      "ProfileType": "Regular"
    },
    "System": {
      "Channel": "Microsoft-Windows-User Profile Service/Operational",
      "Computer": "DESKTOP-QLKN511",
      "Correlation": null,
      "EventID": 67,
      "EventRecordID": 189,
      "Execution": {
        "#attributes": {
          "ProcessID": 1288,
          "ThreadID": 1508
        }
      },
      "Keywords": "0x4000000000000000",
      "Level": 4,
      "Opcode": 0,
      "Provider": {
        "#attributes": {
          "Guid": "89B1E9F0-5AFF-44A6-9B44-0A07A7CE5845",
          "Name": "Microsoft-Windows-User Profiles Service"
        }
      },
      "Security": {
        "#attributes": {
          "UserID": "S-1-5-18"
        }
      },
      "Task": 0,
      "TimeCreated": {
        "#attributes": {
          "SystemTime": "2020-04-14T04:25:01.181420Z"
        }
      },
      "Version": 0
    }
  }
}
Record 190
{
  "Event": {
    "#attributes": {
      "xmlns": "http://schemas.microsoft.com/win/2004/08/events/event"
    },
    "EventData": {
      "File": "C:\\Users\\ENTER\\AppData\\Local\\Microsoft\\Windows\\\\UsrClass.dat",
      "Key": "S-1-5-21-297825045-448280702-2256943394-1001_Classes"
    },
    "System": {
      "Channel": "Microsoft-Windows-User Profile Service/Operational",
      "Computer": "DESKTOP-QLKN511",
      "Correlation": null,
      "EventID": 5,
      "EventRecordID": 190,
      "Execution": {
        "#attributes": {
          "ProcessID": 1288,
          "ThreadID": 1508
        }
      },
      "Keywords": "0x4000000000000000",
      "Level": 4,
      "Opcode": 0,
      "Provider": {
        "#attributes": {
          "Guid": "89B1E9F0-5AFF-44A6-9B44-0A07A7CE5845",
          "Name": "Microsoft-Windows-User Profiles Service"
        }
      },
      "Security": {
        "#attributes": {
          "UserID": "S-1-5-18"
        }
      },
      "Task": 0,
      "TimeCreated": {
        "#attributes": {
          "SystemTime": "2020-04-14T04:25:01.234027Z"
        }
      },
      "Version": 0
    }
  }
}
Record 191
{
  "Event": {
    "#attributes": {
      "xmlns": "http://schemas.microsoft.com/win/2004/08/events/event"
    },
    "EventData": {
      "Session": 1
    },
    "System": {
      "Channel": "Microsoft-Windows-User Profile Service/Operational",
      "Computer": "DESKTOP-QLKN511",
      "Correlation": null,
      "EventID": 2,
      "EventRecordID": 191,
      "Execution": {
        "#attributes": {
          "ProcessID": 1288,
          "ThreadID": 1524
        }
      },
      "Keywords": "0x4000000000000000",
      "Level": 4,
      "Opcode": 0,
      "Provider": {
        "#attributes": {
          "Guid": "89B1E9F0-5AFF-44A6-9B44-0A07A7CE5845",
          "Name": "Microsoft-Windows-User Profiles Service"
        }
      },
      "Security": {
        "#attributes": {
          "UserID": "S-1-5-21-297825045-448280702-2256943394-1001"
        }
      },
      "Task": 0,
      "TimeCreated": {
        "#attributes": {
          "SystemTime": "2020-04-14T04:25:01.267301Z"
        }
      },
      "Version": 0
    }
  }
}
Record 192
{
  "Event": {
    "#attributes": {
      "xmlns": "http://schemas.microsoft.com/win/2004/08/events/event"
    },
    "EventData": {
      "Session": 1
    },
    "System": {
      "Channel": "Microsoft-Windows-User Profile Service/Operational",
      "Computer": "DESKTOP-QLKN511",
      "Correlation": null,
      "EventID": 3,
      "EventRecordID": 192,
      "Execution": {
        "#attributes": {
          "ProcessID": 1288,
          "ThreadID": 8776
        }
      },
      "Keywords": "0x4000000000000000",
      "Level": 4,
      "Opcode": 0,
      "Provider": {
        "#attributes": {
          "Guid": "89B1E9F0-5AFF-44A6-9B44-0A07A7CE5845",
          "Name": "Microsoft-Windows-User Profiles Service"
        }
      },
      "Security": {
        "#attributes": {
          "UserID": "S-1-5-21-297825045-448280702-2256943394-1001"
        }
      },
      "Task": 0,
      "TimeCreated": {
        "#attributes": {
          "SystemTime": "2020-04-14T05:11:11.729474Z"
        }
      },
      "Version": 0
    }
  }
}
Record 193
{
  "Event": {
    "#attributes": {
      "xmlns": "http://schemas.microsoft.com/win/2004/08/events/event"
    },
    "EventData": {
      "Session": 1
    },
    "System": {
      "Channel": "Microsoft-Windows-User Profile Service/Operational",
      "Computer": "DESKTOP-QLKN511",
      "Correlation": null,
      "EventID": 4,
      "EventRecordID": 193,
      "Execution": {
        "#attributes": {
          "ProcessID": 1288,
          "ThreadID": 8776
        }
      },
      "Keywords": "0x4000000000000000",
      "Level": 4,
      "Opcode": 0,
      "Provider": {
        "#attributes": {
          "Guid": "89B1E9F0-5AFF-44A6-9B44-0A07A7CE5845",
          "Name": "Microsoft-Windows-User Profiles Service"
        }
      },
      "Security": {
        "#attributes": {
          "UserID": "S-1-5-21-297825045-448280702-2256943394-1001"
        }
      },
      "Task": 0,
      "TimeCreated": {
        "#attributes": {
          "SystemTime": "2020-04-14T05:11:11.760421Z"
        }
      },
      "Version": 0
    }
  }
}
Record 194
{
  "Event": {
    "#attributes": {
      "xmlns": "http://schemas.microsoft.com/win/2004/08/events/event"
    },
    "EventData": {
      "Session": 1
    },
    "System": {
      "Channel": "Microsoft-Windows-User Profile Service/Operational",
      "Computer": "DESKTOP-QLKN511",
      "Correlation": null,
      "EventID": 1,
      "EventRecordID": 194,
      "Execution": {
        "#attributes": {
          "ProcessID": 1500,
          "ThreadID": 1656
        }
      },
      "Keywords": "0x4000000000000000",
      "Level": 4,
      "Opcode": 0,
      "Provider": {
        "#attributes": {
          "Guid": "89B1E9F0-5AFF-44A6-9B44-0A07A7CE5845",
          "Name": "Microsoft-Windows-User Profiles Service"
        }
      },
      "Security": {
        "#attributes": {
          "UserID": "S-1-5-21-297825045-448280702-2256943394-1001"
        }
      },
      "Task": 0,
      "TimeCreated": {
        "#attributes": {
          "SystemTime": "2020-04-14T08:48:22.252354Z"
        }
      },
      "Version": 0
    }
  }
}
Record 195
{
  "Event": {
    "#attributes": {
      "xmlns": "http://schemas.microsoft.com/win/2004/08/events/event"
    },
    "EventData": {
      "File": "C:\\Users\\ENTER\\ntuser.dat",
      "Key": "S-1-5-21-297825045-448280702-2256943394-1001"
    },
    "System": {
      "Channel": "Microsoft-Windows-User Profile Service/Operational",
      "Computer": "DESKTOP-QLKN511",
      "Correlation": null,
      "EventID": 5,
      "EventRecordID": 195,
      "Execution": {
        "#attributes": {
          "ProcessID": 1500,
          "ThreadID": 4248
        }
      },
      "Keywords": "0x4000000000000000",
      "Level": 4,
      "Opcode": 0,
      "Provider": {
        "#attributes": {
          "Guid": "89B1E9F0-5AFF-44A6-9B44-0A07A7CE5845",
          "Name": "Microsoft-Windows-User Profiles Service"
        }
      },
      "Security": {
        "#attributes": {
          "UserID": "S-1-5-18"
        }
      },
      "Task": 0,
      "TimeCreated": {
        "#attributes": {
          "SystemTime": "2020-04-14T08:48:22.269Z"
        }
      },
      "Version": 0
    }
  }
}
Record 196
{
  "Event": {
    "#attributes": {
      "xmlns": "http://schemas.microsoft.com/win/2004/08/events/event"
    },
    "EventData": {
      "LocalPath": "C:\\Users\\ENTER",
      "LogonType": "Regular",
      "ProfileType": "Regular"
    },
    "System": {
      "Channel": "Microsoft-Windows-User Profile Service/Operational",
      "Computer": "DESKTOP-QLKN511",
      "Correlation": null,
      "EventID": 67,
      "EventRecordID": 196,
      "Execution": {
        "#attributes": {
          "ProcessID": 1500,
          "ThreadID": 4248
        }
      },
      "Keywords": "0x4000000000000000",
      "Level": 4,
      "Opcode": 0,
      "Provider": {
        "#attributes": {
          "Guid": "89B1E9F0-5AFF-44A6-9B44-0A07A7CE5845",
          "Name": "Microsoft-Windows-User Profiles Service"
        }
      },
      "Security": {
        "#attributes": {
          "UserID": "S-1-5-18"
        }
      },
      "Task": 0,
      "TimeCreated": {
        "#attributes": {
          "SystemTime": "2020-04-14T08:48:22.270648Z"
        }
      },
      "Version": 0
    }
  }
}
Record 197
{
  "Event": {
    "#attributes": {
      "xmlns": "http://schemas.microsoft.com/win/2004/08/events/event"
    },
    "EventData": {
      "File": "C:\\Users\\ENTER\\AppData\\Local\\Microsoft\\Windows\\\\UsrClass.dat",
      "Key": "S-1-5-21-297825045-448280702-2256943394-1001_Classes"
    },
    "System": {
      "Channel": "Microsoft-Windows-User Profile Service/Operational",
      "Computer": "DESKTOP-QLKN511",
      "Correlation": null,
      "EventID": 5,
      "EventRecordID": 197,
      "Execution": {
        "#attributes": {
          "ProcessID": 1500,
          "ThreadID": 4248
        }
      },
      "Keywords": "0x4000000000000000",
      "Level": 4,
      "Opcode": 0,
      "Provider": {
        "#attributes": {
          "Guid": "89B1E9F0-5AFF-44A6-9B44-0A07A7CE5845",
          "Name": "Microsoft-Windows-User Profiles Service"
        }
      },
      "Security": {
        "#attributes": {
          "UserID": "S-1-5-18"
        }
      },
      "Task": 0,
      "TimeCreated": {
        "#attributes": {
          "SystemTime": "2020-04-14T08:48:22.329920Z"
        }
      },
      "Version": 0
    }
  }
}
Record 198
{
  "Event": {
    "#attributes": {
      "xmlns": "http://schemas.microsoft.com/win/2004/08/events/event"
    },
    "EventData": {
      "Session": 1
    },
    "System": {
      "Channel": "Microsoft-Windows-User Profile Service/Operational",
      "Computer": "DESKTOP-QLKN511",
      "Correlation": null,
      "EventID": 2,
      "EventRecordID": 198,
      "Execution": {
        "#attributes": {
          "ProcessID": 1500,
          "ThreadID": 1656
        }
      },
      "Keywords": "0x4000000000000000",
      "Level": 4,
      "Opcode": 0,
      "Provider": {
        "#attributes": {
          "Guid": "89B1E9F0-5AFF-44A6-9B44-0A07A7CE5845",
          "Name": "Microsoft-Windows-User Profiles Service"
        }
      },
      "Security": {
        "#attributes": {
          "UserID": "S-1-5-21-297825045-448280702-2256943394-1001"
        }
      },
      "Task": 0,
      "TimeCreated": {
        "#attributes": {
          "SystemTime": "2020-04-14T08:48:22.362996Z"
        }
      },
      "Version": 0
    }
  }
}
