Record 47
{
  "Event": {
    "#attributes": {
      "xmlns": "http://schemas.microsoft.com/win/2004/08/events/event"
    },
    "EventData": {
      "Session": 1
    },
    "System": {
      "Channel": "Microsoft-Windows-User Profile Service/Operational",
      "Computer": "DESKTOP-QLKN511",
      "Correlation": null,
      "EventID": 1,
      "EventRecordID": 47,
      "Execution": {
        "#attributes": {
          "ProcessID": 1292,
          "ThreadID": 1420
        }
      },
      "Keywords": "0x4000000000000000",
      "Level": 4,
      "Opcode": 0,
      "Provider": {
        "#attributes": {
          "Guid": "89B1E9F0-5AFF-44A6-9B44-0A07A7CE5845",
          "Name": "Microsoft-Windows-User Profiles Service"
        }
      },
      "Security": {
        "#attributes": {
          "UserID": "S-1-5-21-297825045-448280702-2256943394-1001"
        }
      },
      "Task": 0,
      "TimeCreated": {
        "#attributes": {
          "SystemTime": "2020-04-04T16:56:39.021476Z"
        }
      },
      "Version": 0
    }
  }
}
Record 48
{
  "Event": {
    "#attributes": {
      "xmlns": "http://schemas.microsoft.com/win/2004/08/events/event"
    },
    "EventData": {
      "File": "C:\\Users\\ENTER\\ntuser.dat",
      "Key": "S-1-5-21-297825045-448280702-2256943394-1001"
    },
    "System": {
      "Channel": "Microsoft-Windows-User Profile Service/Operational",
      "Computer": "DESKTOP-QLKN511",
      "Correlation": null,
      "EventID": 5,
      "EventRecordID": 48,
      "Execution": {
        "#attributes": {
          "ProcessID": 1292,
          "ThreadID": 1416
        }
      },
      "Keywords": "0x4000000000000000",
      "Level": 4,
      "Opcode": 0,
      "Provider": {
        "#attributes": {
          "Guid": "89B1E9F0-5AFF-44A6-9B44-0A07A7CE5845",
          "Name": "Microsoft-Windows-User Profiles Service"
        }
      },
      "Security": {
        "#attributes": {
          "UserID": "S-1-5-18"
        }
      },
      "Task": 0,
      "TimeCreated": {
        "#attributes": {
          "SystemTime": "2020-04-04T16:56:39.050067Z"
        }
      },
      "Version": 0
    }
  }
}
Record 49
{
  "Event": {
    "#attributes": {
      "xmlns": "http://schemas.microsoft.com/win/2004/08/events/event"
    },
    "EventData": {
      "LocalPath": "C:\\Users\\ENTER",
      "LogonType": "Regular",
      "ProfileType": "Regular"
    },
    "System": {
      "Channel": "Microsoft-Windows-User Profile Service/Operational",
      "Computer": "DESKTOP-QLKN511",
      "Correlation": null,
      "EventID": 67,
      "EventRecordID": 49,
      "Execution": {
        "#attributes": {
          "ProcessID": 1292,
          "ThreadID": 1416
        }
      },
      "Keywords": "0x4000000000000000",
      "Level": 4,
      "Opcode": 0,
      "Provider": {
        "#attributes": {
          "Guid": "89B1E9F0-5AFF-44A6-9B44-0A07A7CE5845",
          "Name": "Microsoft-Windows-User Profiles Service"
        }
      },
      "Security": {
        "#attributes": {
          "UserID": "S-1-5-18"
        }
      },
      "Task": 0,
      "TimeCreated": {
        "#attributes": {
          "SystemTime": "2020-04-04T16:56:39.050925Z"
        }
      },
      "Version": 0
    }
  }
}
Record 50
{
  "Event": {
    "#attributes": {
      "xmlns": "http://schemas.microsoft.com/win/2004/08/events/event"
    },
    "EventData": {
      "File": "C:\\Users\\ENTER\\AppData\\Local\\Microsoft\\Windows\\\\UsrClass.dat",
      "Key": "S-1-5-21-297825045-448280702-2256943394-1001_Classes"
    },
    "System": {
      "Channel": "Microsoft-Windows-User Profile Service/Operational",
      "Computer": "DESKTOP-QLKN511",
      "Correlation": null,
      "EventID": 5,
      "EventRecordID": 50,
      "Execution": {
        "#attributes": {
          "ProcessID": 1292,
          "ThreadID": 1416
        }
      },
      "Keywords": "0x4000000000000000",
      "Level": 4,
      "Opcode": 0,
      "Provider": {
        "#attributes": {
          "Guid": "89B1E9F0-5AFF-44A6-9B44-0A07A7CE5845",
          "Name": "Microsoft-Windows-User Profiles Service"
        }
      },
      "Security": {
        "#attributes": {
          "UserID": "S-1-5-18"
        }
      },
      "Task": 0,
      "TimeCreated": {
        "#attributes": {
          "SystemTime": "2020-04-04T16:56:39.138246Z"
        }
      },
      "Version": 0
    }
  }
}
Record 51
{
  "Event": {
    "#attributes": {
      "xmlns": "http://schemas.microsoft.com/win/2004/08/events/event"
    },
    "EventData": {
      "Session": 1
    },
    "System": {
      "Channel": "Microsoft-Windows-User Profile Service/Operational",
      "Computer": "DESKTOP-QLKN511",
      "Correlation": null,
      "EventID": 2,
      "EventRecordID": 51,
      "Execution": {
        "#attributes": {
          "ProcessID": 1292,
          "ThreadID": 1420
        }
      },
      "Keywords": "0x4000000000000000",
      "Level": 4,
      "Opcode": 0,
      "Provider": {
        "#attributes": {
          "Guid": "89B1E9F0-5AFF-44A6-9B44-0A07A7CE5845",
          "Name": "Microsoft-Windows-User Profiles Service"
        }
      },
      "Security": {
        "#attributes": {
          "UserID": "S-1-5-21-297825045-448280702-2256943394-1001"
        }
      },
      "Task": 0,
      "TimeCreated": {
        "#attributes": {
          "SystemTime": "2020-04-04T16:56:39.166446Z"
        }
      },
      "Version": 0
    }
  }
}
Record 52
{
  "Event": {
    "#attributes": {
      "xmlns": "http://schemas.microsoft.com/win/2004/08/events/event"
    },
    "EventData": {
      "Session": 1
    },
    "System": {
      "Channel": "Microsoft-Windows-User Profile Service/Operational",
      "Computer": "DESKTOP-QLKN511",
      "Correlation": null,
      "EventID": 3,
      "EventRecordID": 52,
      "Execution": {
        "#attributes": {
          "ProcessID": 1292,
          "ThreadID": 8280
        }
      },
      "Keywords": "0x4000000000000000",
      "Level": 4,
      "Opcode": 0,
      "Provider": {
        "#attributes": {
          "Guid": "89B1E9F0-5AFF-44A6-9B44-0A07A7CE5845",
          "Name": "Microsoft-Windows-User Profiles Service"
        }
      },
      "Security": {
        "#attributes": {
          "UserID": "S-1-5-21-297825045-448280702-2256943394-1001"
        }
      },
      "Task": 0,
      "TimeCreated": {
        "#attributes": {
          "SystemTime": "2020-04-04T18:10:00.266388Z"
        }
      },
      "Version": 0
    }
  }
}
Record 53
{
  "Event": {
    "#attributes": {
      "xmlns": "http://schemas.microsoft.com/win/2004/08/events/event"
    },
    "EventData": {
      "Session": 1
    },
    "System": {
      "Channel": "Microsoft-Windows-User Profile Service/Operational",
      "Computer": "DESKTOP-QLKN511",
      "Correlation": null,
      "EventID": 4,
      "EventRecordID": 53,
      "Execution": {
        "#attributes": {
          "ProcessID": 1292,
          "ThreadID": 8280
        }
      },
      "Keywords": "0x4000000000000000",
      "Level": 4,
      "Opcode": 0,
      "Provider": {
        "#attributes": {
          "Guid": "89B1E9F0-5AFF-44A6-9B44-0A07A7CE5845",
          "Name": "Microsoft-Windows-User Profiles Service"
        }
      },
      "Security": {
        "#attributes": {
          "UserID": "S-1-5-21-297825045-448280702-2256943394-1001"
        }
      },
      "Task": 0,
      "TimeCreated": {
        "#attributes": {
          "SystemTime": "2020-04-04T18:10:00.296889Z"
        }
      },
      "Version": 0
    }
  }
}
Record 54
{
  "Event": {
    "#attributes": {
      "xmlns": "http://schemas.microsoft.com/win/2004/08/events/event"
    },
    "EventData": {
      "Session": 1
    },
    "System": {
      "Channel": "Microsoft-Windows-User Profile Service/Operational",
      "Computer": "DESKTOP-QLKN511",
      "Correlation": null,
      "EventID": 1,
      "EventRecordID": 54,
      "Execution": {
        "#attributes": {
          "ProcessID": 1500,
          "ThreadID": 1644
        }
      },
      "Keywords": "0x4000000000000000",
      "Level": 4,
      "Opcode": 0,
      "Provider": {
        "#attributes": {
          "Guid": "89B1E9F0-5AFF-44A6-9B44-0A07A7CE5845",
          "Name": "Microsoft-Windows-User Profiles Service"
        }
      },
      "Security": {
        "#attributes": {
          "UserID": "S-1-5-21-297825045-448280702-2256943394-1001"
        }
      },
      "Task": 0,
      "TimeCreated": {
        "#attributes": {
          "SystemTime": "2020-04-05T07:13:42.270855Z"
        }
      },
      "Version": 0
    }
  }
}
Record 55
{
  "Event": {
    "#attributes": {
      "xmlns": "http://schemas.microsoft.com/win/2004/08/events/event"
    },
    "EventData": {
      "File": "C:\\Users\\ENTER\\ntuser.dat",
      "Key": "S-1-5-21-297825045-448280702-2256943394-1001"
    },
    "System": {
      "Channel": "Microsoft-Windows-User Profile Service/Operational",
      "Computer": "DESKTOP-QLKN511",
      "Correlation": null,
      "EventID": 5,
      "EventRecordID": 55,
      "Execution": {
        "#attributes": {
          "ProcessID": 1500,
          "ThreadID": 1640
        }
      },
      "Keywords": "0x4000000000000000",
      "Level": 4,
      "Opcode": 0,
      "Provider": {
        "#attributes": {
          "Guid": "89B1E9F0-5AFF-44A6-9B44-0A07A7CE5845",
          "Name": "Microsoft-Windows-User Profiles Service"
        }
      },
      "Security": {
        "#attributes": {
          "UserID": "S-1-5-18"
        }
      },
      "Task": 0,
      "TimeCreated": {
        "#attributes": {
          "SystemTime": "2020-04-05T07:13:42.285717Z"
        }
      },
      "Version": 0
    }
  }
}
Record 56
{
  "Event": {
    "#attributes": {
      "xmlns": "http://schemas.microsoft.com/win/2004/08/events/event"
    },
    "EventData": {
      "LocalPath": "C:\\Users\\ENTER",
      "LogonType": "Regular",
      "ProfileType": "Regular"
    },
    "System": {
      "Channel": "Microsoft-Windows-User Profile Service/Operational",
      "Computer": "DESKTOP-QLKN511",
      "Correlation": null,
      "EventID": 67,
      "EventRecordID": 56,
      "Execution": {
        "#attributes": {
          "ProcessID": 1500,
          "ThreadID": 1640
        }
      },
      "Keywords": "0x4000000000000000",
      "Level": 4,
      "Opcode": 0,
      "Provider": {
        "#attributes": {
          "Guid": "89B1E9F0-5AFF-44A6-9B44-0A07A7CE5845",
          "Name": "Microsoft-Windows-User Profiles Service"
        }
      },
      "Security": {
        "#attributes": {
          "UserID": "S-1-5-18"
        }
      },
      "Task": 0,
      "TimeCreated": {
        "#attributes": {
          "SystemTime": "2020-04-05T07:13:42.286996Z"
        }
      },
      "Version": 0
    }
  }
}
Record 57
{
  "Event": {
    "#attributes": {
      "xmlns": "http://schemas.microsoft.com/win/2004/08/events/event"
    },
    "EventData": {
      "File": "C:\\Users\\ENTER\\AppData\\Local\\Microsoft\\Windows\\\\UsrClass.dat",
      "Key": "S-1-5-21-297825045-448280702-2256943394-1001_Classes"
    },
    "System": {
      "Channel": "Microsoft-Windows-User Profile Service/Operational",
      "Computer": "DESKTOP-QLKN511",
      "Correlation": null,
      "EventID": 5,
      "EventRecordID": 57,
      "Execution": {
        "#attributes": {
          "ProcessID": 1500,
          "ThreadID": 1640
        }
      },
      "Keywords": "0x4000000000000000",
      "Level": 4,
      "Opcode": 0,
      "Provider": {
        "#attributes": {
          "Guid": "89B1E9F0-5AFF-44A6-9B44-0A07A7CE5845",
          "Name": "Microsoft-Windows-User Profiles Service"
        }
      },
      "Security": {
        "#attributes": {
          "UserID": "S-1-5-18"
        }
      },
      "Task": 0,
      "TimeCreated": {
        "#attributes": {
          "SystemTime": "2020-04-05T07:13:42.460555Z"
        }
      },
      "Version": 0
    }
  }
}
Record 58
{
  "Event": {
    "#attributes": {
      "xmlns": "http://schemas.microsoft.com/win/2004/08/events/event"
    },
    "EventData": {
      "Session": 1
    },
    "System": {
      "Channel": "Microsoft-Windows-User Profile Service/Operational",
      "Computer": "DESKTOP-QLKN511",
      "Correlation": null,
      "EventID": 2,
      "EventRecordID": 58,
      "Execution": {
        "#attributes": {
          "ProcessID": 1500,
          "ThreadID": 1644
        }
      },
      "Keywords": "0x4000000000000000",
      "Level": 4,
      "Opcode": 0,
      "Provider": {
        "#attributes": {
          "Guid": "89B1E9F0-5AFF-44A6-9B44-0A07A7CE5845",
          "Name": "Microsoft-Windows-User Profiles Service"
        }
      },
      "Security": {
        "#attributes": {
          "UserID": "S-1-5-21-297825045-448280702-2256943394-1001"
        }
      },
      "Task": 0,
      "TimeCreated": {
        "#attributes": {
          "SystemTime": "2020-04-05T07:13:42.496600Z"
        }
      },
      "Version": 0
    }
  }
}
Record 59
{
  "Event": {
    "#attributes": {
      "xmlns": "http://schemas.microsoft.com/win/2004/08/events/event"
    },
    "EventData": {
      "Session": 1
    },
    "System": {
      "Channel": "Microsoft-Windows-User Profile Service/Operational",
      "Computer": "DESKTOP-QLKN511",
      "Correlation": null,
      "EventID": 3,
      "EventRecordID": 59,
      "Execution": {
        "#attributes": {
          "ProcessID": 1500,
          "ThreadID": 5552
        }
      },
      "Keywords": "0x4000000000000000",
      "Level": 4,
      "Opcode": 0,
      "Provider": {
        "#attributes": {
          "Guid": "89B1E9F0-5AFF-44A6-9B44-0A07A7CE5845",
          "Name": "Microsoft-Windows-User Profiles Service"
        }
      },
      "Security": {
        "#attributes": {
          "UserID": "S-1-5-21-297825045-448280702-2256943394-1001"
        }
      },
      "Task": 0,
      "TimeCreated": {
        "#attributes": {
          "SystemTime": "2020-04-05T07:52:40.864181Z"
        }
      },
      "Version": 0
    }
  }
}
Record 60
{
  "Event": {
    "#attributes": {
      "xmlns": "http://schemas.microsoft.com/win/2004/08/events/event"
    },
    "EventData": {
      "Session": 1
    },
    "System": {
      "Channel": "Microsoft-Windows-User Profile Service/Operational",
      "Computer": "DESKTOP-QLKN511",
      "Correlation": null,
      "EventID": 4,
      "EventRecordID": 60,
      "Execution": {
        "#attributes": {
          "ProcessID": 1500,
          "ThreadID": 5552
        }
      },
      "Keywords": "0x4000000000000000",
      "Level": 4,
      "Opcode": 0,
      "Provider": {
        "#attributes": {
          "Guid": "89B1E9F0-5AFF-44A6-9B44-0A07A7CE5845",
          "Name": "Microsoft-Windows-User Profiles Service"
        }
      },
      "Security": {
        "#attributes": {
          "UserID": "S-1-5-21-297825045-448280702-2256943394-1001"
        }
      },
      "Task": 0,
      "TimeCreated": {
        "#attributes": {
          "SystemTime": "2020-04-05T07:52:40.897601Z"
        }
      },
      "Version": 0
    }
  }
}
Record 61
{
  "Event": {
    "#attributes": {
      "xmlns": "http://schemas.microsoft.com/win/2004/08/events/event"
    },
    "EventData": {
      "Session": 2
    },
    "System": {
      "Channel": "Microsoft-Windows-User Profile Service/Operational",
      "Computer": "DESKTOP-QLKN511",
      "Correlation": null,
      "EventID": 1,
      "EventRecordID": 61,
      "Execution": {
        "#attributes": {
          "ProcessID": 1500,
          "ThreadID": 5552
        }
      },
      "Keywords": "0x4000000000000000",
      "Level": 4,
      "Opcode": 0,
      "Provider": {
        "#attributes": {
          "Guid": "89B1E9F0-5AFF-44A6-9B44-0A07A7CE5845",
          "Name": "Microsoft-Windows-User Profiles Service"
        }
      },
      "Security": {
        "#attributes": {
          "UserID": "S-1-5-21-297825045-448280702-2256943394-1001"
        }
      },
      "Task": 0,
      "TimeCreated": {
        "#attributes": {
          "SystemTime": "2020-04-05T07:52:43.621714Z"
        }
      },
      "Version": 0
    }
  }
}
Record 62
{
  "Event": {
    "#attributes": {
      "xmlns": "http://schemas.microsoft.com/win/2004/08/events/event"
    },
    "EventData": {
      "File": "C:\\Users\\ENTER\\ntuser.dat",
      "Key": "S-1-5-21-297825045-448280702-2256943394-1001"
    },
    "System": {
      "Channel": "Microsoft-Windows-User Profile Service/Operational",
      "Computer": "DESKTOP-QLKN511",
      "Correlation": null,
      "EventID": 5,
      "EventRecordID": 62,
      "Execution": {
        "#attributes": {
          "ProcessID": 1500,
          "ThreadID": 3068
        }
      },
      "Keywords": "0x4000000000000000",
      "Level": 4,
      "Opcode": 0,
      "Provider": {
        "#attributes": {
          "Guid": "89B1E9F0-5AFF-44A6-9B44-0A07A7CE5845",
          "Name": "Microsoft-Windows-User Profiles Service"
        }
      },
      "Security": {
        "#attributes": {
          "UserID": "S-1-5-18"
        }
      },
      "Task": 0,
      "TimeCreated": {
        "#attributes": {
          "SystemTime": "2020-04-05T07:52:43.631848Z"
        }
      },
      "Version": 0
    }
  }
}
Record 63
{
  "Event": {
    "#attributes": {
      "xmlns": "http://schemas.microsoft.com/win/2004/08/events/event"
    },
    "EventData": {
      "LocalPath": "C:\\Users\\ENTER",
      "LogonType": "Regular",
      "ProfileType": "Regular"
    },
    "System": {
      "Channel": "Microsoft-Windows-User Profile Service/Operational",
      "Computer": "DESKTOP-QLKN511",
      "Correlation": null,
      "EventID": 67,
      "EventRecordID": 63,
      "Execution": {
        "#attributes": {
          "ProcessID": 1500,
          "ThreadID": 3068
        }
      },
      "Keywords": "0x4000000000000000",
      "Level": 4,
      "Opcode": 0,
      "Provider": {
        "#attributes": {
          "Guid": "89B1E9F0-5AFF-44A6-9B44-0A07A7CE5845",
          "Name": "Microsoft-Windows-User Profiles Service"
        }
      },
      "Security": {
        "#attributes": {
          "UserID": "S-1-5-18"
        }
      },
      "Task": 0,
      "TimeCreated": {
        "#attributes": {
          "SystemTime": "2020-04-05T07:52:43.632468Z"
        }
      },
      "Version": 0
    }
  }
}
Record 64
{
  "Event": {
    "#attributes": {
      "xmlns": "http://schemas.microsoft.com/win/2004/08/events/event"
    },
    "EventData": {
      "File": "C:\\Users\\ENTER\\AppData\\Local\\Microsoft\\Windows\\\\UsrClass.dat",
      "Key": "S-1-5-21-297825045-448280702-2256943394-1001_Classes"
    },
    "System": {
      "Channel": "Microsoft-Windows-User Profile Service/Operational",
      "Computer": "DESKTOP-QLKN511",
      "Correlation": null,
      "EventID": 5,
      "EventRecordID": 64,
      "Execution": {
        "#attributes": {
          "ProcessID": 1500,
          "ThreadID": 3068
        }
      },
      "Keywords": "0x4000000000000000",
      "Level": 4,
      "Opcode": 0,
      "Provider": {
        "#attributes": {
          "Guid": "89B1E9F0-5AFF-44A6-9B44-0A07A7CE5845",
          "Name": "Microsoft-Windows-User Profiles Service"
        }
      },
      "Security": {
        "#attributes": {
          "UserID": "S-1-5-18"
        }
      },
      "Task": 0,
      "TimeCreated": {
        "#attributes": {
          "SystemTime": "2020-04-05T07:52:43.686914Z"
        }
      },
      "Version": 0
    }
  }
}
Record 65
{
  "Event": {
    "#attributes": {
      "xmlns": "http://schemas.microsoft.com/win/2004/08/events/event"
    },
    "EventData": {
      "Session": 2
    },
    "System": {
      "Channel": "Microsoft-Windows-User Profile Service/Operational",
      "Computer": "DESKTOP-QLKN511",
      "Correlation": null,
      "EventID": 2,
      "EventRecordID": 65,
      "Execution": {
        "#attributes": {
          "ProcessID": 1500,
          "ThreadID": 5552
        }
      },
      "Keywords": "0x4000000000000000",
      "Level": 4,
      "Opcode": 0,
      "Provider": {
        "#attributes": {
          "Guid": "89B1E9F0-5AFF-44A6-9B44-0A07A7CE5845",
          "Name": "Microsoft-Windows-User Profiles Service"
        }
      },
      "Security": {
        "#attributes": {
          "UserID": "S-1-5-21-297825045-448280702-2256943394-1001"
        }
      },
      "Task": 0,
      "TimeCreated": {
        "#attributes": {
          "SystemTime": "2020-04-05T07:52:43.690051Z"
        }
      },
      "Version": 0
    }
  }
}
Record 66
{
  "Event": {
    "#attributes": {
      "xmlns": "http://schemas.microsoft.com/win/2004/08/events/event"
    },
    "EventData": {
      "Session": 2
    },
    "System": {
      "Channel": "Microsoft-Windows-User Profile Service/Operational",
      "Computer": "DESKTOP-QLKN511",
      "Correlation": null,
      "EventID": 3,
      "EventRecordID": 66,
      "Execution": {
        "#attributes": {
          "ProcessID": 1500,
          "ThreadID": 4824
        }
      },
      "Keywords": "0x4000000000000000",
      "Level": 4,
      "Opcode": 0,
      "Provider": {
        "#attributes": {
          "Guid": "89B1E9F0-5AFF-44A6-9B44-0A07A7CE5845",
          "Name": "Microsoft-Windows-User Profiles Service"
        }
      },
      "Security": {
        "#attributes": {
          "UserID": "S-1-5-21-297825045-448280702-2256943394-1001"
        }
      },
      "Task": 0,
      "TimeCreated": {
        "#attributes": {
          "SystemTime": "2020-04-05T09:30:27.633131Z"
        }
      },
      "Version": 0
    }
  }
}
Record 67
{
  "Event": {
    "#attributes": {
      "xmlns": "http://schemas.microsoft.com/win/2004/08/events/event"
    },
    "EventData": {
      "Session": 2
    },
    "System": {
      "Channel": "Microsoft-Windows-User Profile Service/Operational",
      "Computer": "DESKTOP-QLKN511",
      "Correlation": null,
      "EventID": 4,
      "EventRecordID": 67,
      "Execution": {
        "#attributes": {
          "ProcessID": 1500,
          "ThreadID": 4824
        }
      },
      "Keywords": "0x4000000000000000",
      "Level": 4,
      "Opcode": 0,
      "Provider": {
        "#attributes": {
          "Guid": "89B1E9F0-5AFF-44A6-9B44-0A07A7CE5845",
          "Name": "Microsoft-Windows-User Profiles Service"
        }
      },
      "Security": {
        "#attributes": {
          "UserID": "S-1-5-21-297825045-448280702-2256943394-1001"
        }
      },
      "Task": 0,
      "TimeCreated": {
        "#attributes": {
          "SystemTime": "2020-04-05T09:30:27.654259Z"
        }
      },
      "Version": 0
    }
  }
}
Record 68
{
  "Event": {
    "#attributes": {
      "xmlns": "http://schemas.microsoft.com/win/2004/08/events/event"
    },
    "EventData": {
      "Session": 3
    },
    "System": {
      "Channel": "Microsoft-Windows-User Profile Service/Operational",
      "Computer": "DESKTOP-QLKN511",
      "Correlation": null,
      "EventID": 1,
      "EventRecordID": 68,
      "Execution": {
        "#attributes": {
          "ProcessID": 1500,
          "ThreadID": 4824
        }
      },
      "Keywords": "0x4000000000000000",
      "Level": 4,
      "Opcode": 0,
      "Provider": {
        "#attributes": {
          "Guid": "89B1E9F0-5AFF-44A6-9B44-0A07A7CE5845",
          "Name": "Microsoft-Windows-User Profiles Service"
        }
      },
      "Security": {
        "#attributes": {
          "UserID": "S-1-5-21-297825045-448280702-2256943394-1001"
        }
      },
      "Task": 0,
      "TimeCreated": {
        "#attributes": {
          "SystemTime": "2020-04-05T11:11:52.859860Z"
        }
      },
      "Version": 0
    }
  }
}
Record 69
{
  "Event": {
    "#attributes": {
      "xmlns": "http://schemas.microsoft.com/win/2004/08/events/event"
    },
    "EventData": {
      "File": "C:\\Users\\ENTER\\ntuser.dat",
      "Key": "S-1-5-21-297825045-448280702-2256943394-1001"
    },
    "System": {
      "Channel": "Microsoft-Windows-User Profile Service/Operational",
      "Computer": "DESKTOP-QLKN511",
      "Correlation": null,
      "EventID": 5,
      "EventRecordID": 69,
      "Execution": {
        "#attributes": {
          "ProcessID": 1500,
          "ThreadID": 6100
        }
      },
      "Keywords": "0x4000000000000000",
      "Level": 4,
      "Opcode": 0,
      "Provider": {
        "#attributes": {
          "Guid": "89B1E9F0-5AFF-44A6-9B44-0A07A7CE5845",
          "Name": "Microsoft-Windows-User Profiles Service"
        }
      },
      "Security": {
        "#attributes": {
          "UserID": "S-1-5-18"
        }
      },
      "Task": 0,
      "TimeCreated": {
        "#attributes": {
          "SystemTime": "2020-04-05T11:11:52.872468Z"
        }
      },
      "Version": 0
    }
  }
}
Record 70
{
  "Event": {
    "#attributes": {
      "xmlns": "http://schemas.microsoft.com/win/2004/08/events/event"
    },
    "EventData": {
      "LocalPath": "C:\\Users\\ENTER",
      "LogonType": "Regular",
      "ProfileType": "Regular"
    },
    "System": {
      "Channel": "Microsoft-Windows-User Profile Service/Operational",
      "Computer": "DESKTOP-QLKN511",
      "Correlation": null,
      "EventID": 67,
      "EventRecordID": 70,
      "Execution": {
        "#attributes": {
          "ProcessID": 1500,
          "ThreadID": 6100
        }
      },
      "Keywords": "0x4000000000000000",
      "Level": 4,
      "Opcode": 0,
      "Provider": {
        "#attributes": {
          "Guid": "89B1E9F0-5AFF-44A6-9B44-0A07A7CE5845",
          "Name": "Microsoft-Windows-User Profiles Service"
        }
      },
      "Security": {
        "#attributes": {
          "UserID": "S-1-5-18"
        }
      },
      "Task": 0,
      "TimeCreated": {
        "#attributes": {
          "SystemTime": "2020-04-05T11:11:52.873323Z"
        }
      },
      "Version": 0
    }
  }
}
Record 71
{
  "Event": {
    "#attributes": {
      "xmlns": "http://schemas.microsoft.com/win/2004/08/events/event"
    },
    "EventData": {
      "File": "C:\\Users\\ENTER\\AppData\\Local\\Microsoft\\Windows\\\\UsrClass.dat",
      "Key": "S-1-5-21-297825045-448280702-2256943394-1001_Classes"
    },
    "System": {
      "Channel": "Microsoft-Windows-User Profile Service/Operational",
      "Computer": "DESKTOP-QLKN511",
      "Correlation": null,
      "EventID": 5,
      "EventRecordID": 71,
      "Execution": {
        "#attributes": {
          "ProcessID": 1500,
          "ThreadID": 6100
        }
      },
      "Keywords": "0x4000000000000000",
      "Level": 4,
      "Opcode": 0,
      "Provider": {
        "#attributes": {
          "Guid": "89B1E9F0-5AFF-44A6-9B44-0A07A7CE5845",
          "Name": "Microsoft-Windows-User Profiles Service"
        }
      },
      "Security": {
        "#attributes": {
          "UserID": "S-1-5-18"
        }
      },
      "Task": 0,
      "TimeCreated": {
        "#attributes": {
          "SystemTime": "2020-04-05T11:11:52.943583Z"
        }
      },
      "Version": 0
    }
  }
}
Record 72
{
  "Event": {
    "#attributes": {
      "xmlns": "http://schemas.microsoft.com/win/2004/08/events/event"
    },
    "EventData": {
      "Session": 3
    },
    "System": {
      "Channel": "Microsoft-Windows-User Profile Service/Operational",
      "Computer": "DESKTOP-QLKN511",
      "Correlation": null,
      "EventID": 2,
      "EventRecordID": 72,
      "Execution": {
        "#attributes": {
          "ProcessID": 1500,
          "ThreadID": 4824
        }
      },
      "Keywords": "0x4000000000000000",
      "Level": 4,
      "Opcode": 0,
      "Provider": {
        "#attributes": {
          "Guid": "89B1E9F0-5AFF-44A6-9B44-0A07A7CE5845",
          "Name": "Microsoft-Windows-User Profiles Service"
        }
      },
      "Security": {
        "#attributes": {
          "UserID": "S-1-5-21-297825045-448280702-2256943394-1001"
        }
      },
      "Task": 0,
      "TimeCreated": {
        "#attributes": {
          "SystemTime": "2020-04-05T11:11:52.947948Z"
        }
      },
      "Version": 0
    }
  }
}
Record 73
{
  "Event": {
    "#attributes": {
      "xmlns": "http://schemas.microsoft.com/win/2004/08/events/event"
    },
    "EventData": {
      "Session": 3
    },
    "System": {
      "Channel": "Microsoft-Windows-User Profile Service/Operational",
      "Computer": "DESKTOP-QLKN511",
      "Correlation": null,
      "EventID": 3,
      "EventRecordID": 73,
      "Execution": {
        "#attributes": {
          "ProcessID": 1500,
          "ThreadID": 3320
        }
      },
      "Keywords": "0x4000000000000000",
      "Level": 4,
      "Opcode": 0,
      "Provider": {
        "#attributes": {
          "Guid": "89B1E9F0-5AFF-44A6-9B44-0A07A7CE5845",
          "Name": "Microsoft-Windows-User Profiles Service"
        }
      },
      "Security": {
        "#attributes": {
          "UserID": "S-1-5-21-297825045-448280702-2256943394-1001"
        }
      },
      "Task": 0,
      "TimeCreated": {
        "#attributes": {
          "SystemTime": "2020-04-05T12:13:18.535169Z"
        }
      },
      "Version": 0
    }
  }
}
Record 74
{
  "Event": {
    "#attributes": {
      "xmlns": "http://schemas.microsoft.com/win/2004/08/events/event"
    },
    "EventData": {
      "Session": 3
    },
    "System": {
      "Channel": "Microsoft-Windows-User Profile Service/Operational",
      "Computer": "DESKTOP-QLKN511",
      "Correlation": null,
      "EventID": 4,
      "EventRecordID": 74,
      "Execution": {
        "#attributes": {
          "ProcessID": 1500,
          "ThreadID": 3320
        }
      },
      "Keywords": "0x4000000000000000",
      "Level": 4,
      "Opcode": 0,
      "Provider": {
        "#attributes": {
          "Guid": "89B1E9F0-5AFF-44A6-9B44-0A07A7CE5845",
          "Name": "Microsoft-Windows-User Profiles Service"
        }
      },
      "Security": {
        "#attributes": {
          "UserID": "S-1-5-21-297825045-448280702-2256943394-1001"
        }
      },
      "Task": 0,
      "TimeCreated": {
        "#attributes": {
          "SystemTime": "2020-04-05T12:13:18.565398Z"
        }
      },
      "Version": 0
    }
  }
}
Record 75
{
  "Event": {
    "#attributes": {
      "xmlns": "http://schemas.microsoft.com/win/2004/08/events/event"
    },
    "EventData": {
      "Session": 1
    },
    "System": {
      "Channel": "Microsoft-Windows-User Profile Service/Operational",
      "Computer": "DESKTOP-QLKN511",
      "Correlation": null,
      "EventID": 1,
      "EventRecordID": 75,
      "Execution": {
        "#attributes": {
          "ProcessID": 1348,
          "ThreadID": 1620
        }
      },
      "Keywords": "0x4000000000000000",
      "Level": 4,
      "Opcode": 0,
      "Provider": {
        "#attributes": {
          "Guid": "89B1E9F0-5AFF-44A6-9B44-0A07A7CE5845",
          "Name": "Microsoft-Windows-User Profiles Service"
        }
      },
      "Security": {
        "#attributes": {
          "UserID": "S-1-5-21-297825045-448280702-2256943394-1001"
        }
      },
      "Task": 0,
      "TimeCreated": {
        "#attributes": {
          "SystemTime": "2020-04-05T13:21:45.132872Z"
        }
      },
      "Version": 0
    }
  }
}
Record 76
{
  "Event": {
    "#attributes": {
      "xmlns": "http://schemas.microsoft.com/win/2004/08/events/event"
    },
    "EventData": {
      "File": "C:\\Users\\ENTER\\ntuser.dat",
      "Key": "S-1-5-21-297825045-448280702-2256943394-1001"
    },
    "System": {
      "Channel": "Microsoft-Windows-User Profile Service/Operational",
      "Computer": "DESKTOP-QLKN511",
      "Correlation": null,
      "EventID": 5,
      "EventRecordID": 76,
      "Execution": {
        "#attributes": {
          "ProcessID": 1348,
          "ThreadID": 1616
        }
      },
      "Keywords": "0x4000000000000000",
      "Level": 4,
      "Opcode": 0,
      "Provider": {
        "#attributes": {
          "Guid": "89B1E9F0-5AFF-44A6-9B44-0A07A7CE5845",
          "Name": "Microsoft-Windows-User Profiles Service"
        }
      },
      "Security": {
        "#attributes": {
          "UserID": "S-1-5-18"
        }
      },
      "Task": 0,
      "TimeCreated": {
        "#attributes": {
          "SystemTime": "2020-04-05T13:21:45.146772Z"
        }
      },
      "Version": 0
    }
  }
}
Record 77
{
  "Event": {
    "#attributes": {
      "xmlns": "http://schemas.microsoft.com/win/2004/08/events/event"
    },
    "EventData": {
      "LocalPath": "C:\\Users\\ENTER",
      "LogonType": "Regular",
      "ProfileType": "Regular"
    },
    "System": {
      "Channel": "Microsoft-Windows-User Profile Service/Operational",
      "Computer": "DESKTOP-QLKN511",
      "Correlation": null,
      "EventID": 67,
      "EventRecordID": 77,
      "Execution": {
        "#attributes": {
          "ProcessID": 1348,
          "ThreadID": 1616
        }
      },
      "Keywords": "0x4000000000000000",
      "Level": 4,
      "Opcode": 0,
      "Provider": {
        "#attributes": {
          "Guid": "89B1E9F0-5AFF-44A6-9B44-0A07A7CE5845",
          "Name": "Microsoft-Windows-User Profiles Service"
        }
      },
      "Security": {
        "#attributes": {
          "UserID": "S-1-5-18"
        }
      },
      "Task": 0,
      "TimeCreated": {
        "#attributes": {
          "SystemTime": "2020-04-05T13:21:45.147637Z"
        }
      },
      "Version": 0
    }
  }
}
Record 78
{
  "Event": {
    "#attributes": {
      "xmlns": "http://schemas.microsoft.com/win/2004/08/events/event"
    },
    "EventData": {
      "File": "C:\\Users\\ENTER\\AppData\\Local\\Microsoft\\Windows\\\\UsrClass.dat",
      "Key": "S-1-5-21-297825045-448280702-2256943394-1001_Classes"
    },
    "System": {
      "Channel": "Microsoft-Windows-User Profile Service/Operational",
      "Computer": "DESKTOP-QLKN511",
      "Correlation": null,
      "EventID": 5,
      "EventRecordID": 78,
      "Execution": {
        "#attributes": {
          "ProcessID": 1348,
          "ThreadID": 1616
        }
      },
      "Keywords": "0x4000000000000000",
      "Level": 4,
      "Opcode": 0,
      "Provider": {
        "#attributes": {
          "Guid": "89B1E9F0-5AFF-44A6-9B44-0A07A7CE5845",
          "Name": "Microsoft-Windows-User Profiles Service"
        }
      },
      "Security": {
        "#attributes": {
          "UserID": "S-1-5-18"
        }
      },
      "Task": 0,
      "TimeCreated": {
        "#attributes": {
          "SystemTime": "2020-04-05T13:21:45.264264Z"
        }
      },
      "Version": 0
    }
  }
}
Record 79
{
  "Event": {
    "#attributes": {
      "xmlns": "http://schemas.microsoft.com/win/2004/08/events/event"
    },
    "EventData": {
      "Session": 1
    },
    "System": {
      "Channel": "Microsoft-Windows-User Profile Service/Operational",
      "Computer": "DESKTOP-QLKN511",
      "Correlation": null,
      "EventID": 2,
      "EventRecordID": 79,
      "Execution": {
        "#attributes": {
          "ProcessID": 1348,
          "ThreadID": 1620
        }
      },
      "Keywords": "0x4000000000000000",
      "Level": 4,
      "Opcode": 0,
      "Provider": {
        "#attributes": {
          "Guid": "89B1E9F0-5AFF-44A6-9B44-0A07A7CE5845",
          "Name": "Microsoft-Windows-User Profiles Service"
        }
      },
      "Security": {
        "#attributes": {
          "UserID": "S-1-5-21-297825045-448280702-2256943394-1001"
        }
      },
      "Task": 0,
      "TimeCreated": {
        "#attributes": {
          "SystemTime": "2020-04-05T13:21:45.302085Z"
        }
      },
      "Version": 0
    }
  }
}
Record 80
{
  "Event": {
    "#attributes": {
      "xmlns": "http://schemas.microsoft.com/win/2004/08/events/event"
    },
    "EventData": {
      "Session": 1
    },
    "System": {
      "Channel": "Microsoft-Windows-User Profile Service/Operational",
      "Computer": "DESKTOP-QLKN511",
      "Correlation": null,
      "EventID": 3,
      "EventRecordID": 80,
      "Execution": {
        "#attributes": {
          "ProcessID": 1348,
          "ThreadID": 5532
        }
      },
      "Keywords": "0x4000000000000000",
      "Level": 4,
      "Opcode": 0,
      "Provider": {
        "#attributes": {
          "Guid": "89B1E9F0-5AFF-44A6-9B44-0A07A7CE5845",
          "Name": "Microsoft-Windows-User Profiles Service"
        }
      },
      "Security": {
        "#attributes": {
          "UserID": "S-1-5-21-297825045-448280702-2256943394-1001"
        }
      },
      "Task": 0,
      "TimeCreated": {
        "#attributes": {
          "SystemTime": "2020-04-05T15:15:15.678125Z"
        }
      },
      "Version": 0
    }
  }
}
Record 81
{
  "Event": {
    "#attributes": {
      "xmlns": "http://schemas.microsoft.com/win/2004/08/events/event"
    },
    "EventData": {
      "Session": 1
    },
    "System": {
      "Channel": "Microsoft-Windows-User Profile Service/Operational",
      "Computer": "DESKTOP-QLKN511",
      "Correlation": null,
      "EventID": 4,
      "EventRecordID": 81,
      "Execution": {
        "#attributes": {
          "ProcessID": 1348,
          "ThreadID": 5532
        }
      },
      "Keywords": "0x4000000000000000",
      "Level": 4,
      "Opcode": 0,
      "Provider": {
        "#attributes": {
          "Guid": "89B1E9F0-5AFF-44A6-9B44-0A07A7CE5845",
          "Name": "Microsoft-Windows-User Profiles Service"
        }
      },
      "Security": {
        "#attributes": {
          "UserID": "S-1-5-21-297825045-448280702-2256943394-1001"
        }
      },
      "Task": 0,
      "TimeCreated": {
        "#attributes": {
          "SystemTime": "2020-04-05T15:15:15.686252Z"
        }
      },
      "Version": 0
    }
  }
}
Record 82
{
  "Event": {
    "#attributes": {
      "xmlns": "http://schemas.microsoft.com/win/2004/08/events/event"
    },
    "EventData": {
      "Session": 1
    },
    "System": {
      "Channel": "Microsoft-Windows-User Profile Service/Operational",
      "Computer": "DESKTOP-QLKN511",
      "Correlation": null,
      "EventID": 1,
      "EventRecordID": 82,
      "Execution": {
        "#attributes": {
          "ProcessID": 1304,
          "ThreadID": 1588
        }
      },
      "Keywords": "0x4000000000000000",
      "Level": 4,
      "Opcode": 0,
      "Provider": {
        "#attributes": {
          "Guid": "89B1E9F0-5AFF-44A6-9B44-0A07A7CE5845",
          "Name": "Microsoft-Windows-User Profiles Service"
        }
      },
      "Security": {
        "#attributes": {
          "UserID": "S-1-5-21-297825045-448280702-2256943394-1001"
        }
      },
      "Task": 0,
      "TimeCreated": {
        "#attributes": {
          "SystemTime": "2020-04-06T05:20:56.381502Z"
        }
      },
      "Version": 0
    }
  }
}
Record 83
{
  "Event": {
    "#attributes": {
      "xmlns": "http://schemas.microsoft.com/win/2004/08/events/event"
    },
    "EventData": {
      "File": "C:\\Users\\ENTER\\ntuser.dat",
      "Key": "S-1-5-21-297825045-448280702-2256943394-1001"
    },
    "System": {
      "Channel": "Microsoft-Windows-User Profile Service/Operational",
      "Computer": "DESKTOP-QLKN511",
      "Correlation": null,
      "EventID": 5,
      "EventRecordID": 83,
      "Execution": {
        "#attributes": {
          "ProcessID": 1304,
          "ThreadID": 1584
        }
      },
      "Keywords": "0x4000000000000000",
      "Level": 4,
      "Opcode": 0,
      "Provider": {
        "#attributes": {
          "Guid": "89B1E9F0-5AFF-44A6-9B44-0A07A7CE5845",
          "Name": "Microsoft-Windows-User Profiles Service"
        }
      },
      "Security": {
        "#attributes": {
          "UserID": "S-1-5-18"
        }
      },
      "Task": 0,
      "TimeCreated": {
        "#attributes": {
          "SystemTime": "2020-04-06T05:20:56.417104Z"
        }
      },
      "Version": 0
    }
  }
}
Record 84
{
  "Event": {
    "#attributes": {
      "xmlns": "http://schemas.microsoft.com/win/2004/08/events/event"
    },
    "EventData": {
      "LocalPath": "C:\\Users\\ENTER",
      "LogonType": "Regular",
      "ProfileType": "Regular"
    },
    "System": {
      "Channel": "Microsoft-Windows-User Profile Service/Operational",
      "Computer": "DESKTOP-QLKN511",
      "Correlation": null,
      "EventID": 67,
      "EventRecordID": 84,
      "Execution": {
        "#attributes": {
          "ProcessID": 1304,
          "ThreadID": 1584
        }
      },
      "Keywords": "0x4000000000000000",
      "Level": 4,
      "Opcode": 0,
      "Provider": {
        "#attributes": {
          "Guid": "89B1E9F0-5AFF-44A6-9B44-0A07A7CE5845",
          "Name": "Microsoft-Windows-User Profiles Service"
        }
      },
      "Security": {
        "#attributes": {
          "UserID": "S-1-5-18"
        }
      },
      "Task": 0,
      "TimeCreated": {
        "#attributes": {
          "SystemTime": "2020-04-06T05:20:56.418475Z"
        }
      },
      "Version": 0
    }
  }
}
Record 85
{
  "Event": {
    "#attributes": {
      "xmlns": "http://schemas.microsoft.com/win/2004/08/events/event"
    },
    "EventData": {
      "File": "C:\\Users\\ENTER\\AppData\\Local\\Microsoft\\Windows\\\\UsrClass.dat",
      "Key": "S-1-5-21-297825045-448280702-2256943394-1001_Classes"
    },
    "System": {
      "Channel": "Microsoft-Windows-User Profile Service/Operational",
      "Computer": "DESKTOP-QLKN511",
      "Correlation": null,
      "EventID": 5,
      "EventRecordID": 85,
      "Execution": {
        "#attributes": {
          "ProcessID": 1304,
          "ThreadID": 1584
        }
      },
      "Keywords": "0x4000000000000000",
      "Level": 4,
      "Opcode": 0,
      "Provider": {
        "#attributes": {
          "Guid": "89B1E9F0-5AFF-44A6-9B44-0A07A7CE5845",
          "Name": "Microsoft-Windows-User Profiles Service"
        }
      },
      "Security": {
        "#attributes": {
          "UserID": "S-1-5-18"
        }
      },
      "Task": 0,
      "TimeCreated": {
        "#attributes": {
          "SystemTime": "2020-04-06T05:20:56.547406Z"
        }
      },
      "Version": 0
    }
  }
}
Record 86
{
  "Event": {
    "#attributes": {
      "xmlns": "http://schemas.microsoft.com/win/2004/08/events/event"
    },
    "EventData": {
      "Session": 1
    },
    "System": {
      "Channel": "Microsoft-Windows-User Profile Service/Operational",
      "Computer": "DESKTOP-QLKN511",
      "Correlation": null,
      "EventID": 2,
      "EventRecordID": 86,
      "Execution": {
        "#attributes": {
          "ProcessID": 1304,
          "ThreadID": 1588
        }
      },
      "Keywords": "0x4000000000000000",
      "Level": 4,
      "Opcode": 0,
      "Provider": {
        "#attributes": {
          "Guid": "89B1E9F0-5AFF-44A6-9B44-0A07A7CE5845",
          "Name": "Microsoft-Windows-User Profiles Service"
        }
      },
      "Security": {
        "#attributes": {
          "UserID": "S-1-5-21-297825045-448280702-2256943394-1001"
        }
      },
      "Task": 0,
      "TimeCreated": {
        "#attributes": {
          "SystemTime": "2020-04-06T05:20:56.582876Z"
        }
      },
      "Version": 0
    }
  }
}
Record 87
{
  "Event": {
    "#attributes": {
      "xmlns": "http://schemas.microsoft.com/win/2004/08/events/event"
    },
    "EventData": {
      "Session": 1
    },
    "System": {
      "Channel": "Microsoft-Windows-User Profile Service/Operational",
      "Computer": "DESKTOP-QLKN511",
      "Correlation": null,
      "EventID": 3,
      "EventRecordID": 87,
      "Execution": {
        "#attributes": {
          "ProcessID": 1304,
          "ThreadID": 1588
        }
      },
      "Keywords": "0x4000000000000000",
      "Level": 4,
      "Opcode": 0,
      "Provider": {
        "#attributes": {
          "Guid": "89B1E9F0-5AFF-44A6-9B44-0A07A7CE5845",
          "Name": "Microsoft-Windows-User Profiles Service"
        }
      },
      "Security": {
        "#attributes": {
          "UserID": "S-1-5-21-297825045-448280702-2256943394-1001"
        }
      },
      "Task": 0,
      "TimeCreated": {
        "#attributes": {
          "SystemTime": "2020-04-06T05:21:03.832525Z"
        }
      },
      "Version": 0
    }
  }
}
Record 88
{
  "Event": {
    "#attributes": {
      "xmlns": "http://schemas.microsoft.com/win/2004/08/events/event"
    },
    "EventData": {
      "Session": 1
    },
    "System": {
      "Channel": "Microsoft-Windows-User Profile Service/Operational",
      "Computer": "DESKTOP-QLKN511",
      "Correlation": null,
      "EventID": 4,
      "EventRecordID": 88,
      "Execution": {
        "#attributes": {
          "ProcessID": 1304,
          "ThreadID": 1588
        }
      },
      "Keywords": "0x4000000000000000",
      "Level": 4,
      "Opcode": 0,
      "Provider": {
        "#attributes": {
          "Guid": "89B1E9F0-5AFF-44A6-9B44-0A07A7CE5845",
          "Name": "Microsoft-Windows-User Profiles Service"
        }
      },
      "Security": {
        "#attributes": {
          "UserID": "S-1-5-21-297825045-448280702-2256943394-1001"
        }
      },
      "Task": 0,
      "TimeCreated": {
        "#attributes": {
          "SystemTime": "2020-04-06T05:21:03.873189Z"
        }
      },
      "Version": 0
    }
  }
}
Record 89
{
  "Event": {
    "#attributes": {
      "xmlns": "http://schemas.microsoft.com/win/2004/08/events/event"
    },
    "EventData": {
      "Session": 1
    },
    "System": {
      "Channel": "Microsoft-Windows-User Profile Service/Operational",
      "Computer": "DESKTOP-QLKN511",
      "Correlation": null,
      "EventID": 1,
      "EventRecordID": 89,
      "Execution": {
        "#attributes": {
          "ProcessID": 1328,
          "ThreadID": 1588
        }
      },
      "Keywords": "0x4000000000000000",
      "Level": 4,
      "Opcode": 0,
      "Provider": {
        "#attributes": {
          "Guid": "89B1E9F0-5AFF-44A6-9B44-0A07A7CE5845",
          "Name": "Microsoft-Windows-User Profiles Service"
        }
      },
      "Security": {
        "#attributes": {
          "UserID": "S-1-5-21-297825045-448280702-2256943394-1001"
        }
      },
      "Task": 0,
      "TimeCreated": {
        "#attributes": {
          "SystemTime": "2020-04-06T05:38:21.313939Z"
        }
      },
      "Version": 0
    }
  }
}
Record 90
{
  "Event": {
    "#attributes": {
      "xmlns": "http://schemas.microsoft.com/win/2004/08/events/event"
    },
    "EventData": {
      "File": "C:\\Users\\ENTER\\ntuser.dat",
      "Key": "S-1-5-21-297825045-448280702-2256943394-1001"
    },
    "System": {
      "Channel": "Microsoft-Windows-User Profile Service/Operational",
      "Computer": "DESKTOP-QLKN511",
      "Correlation": null,
      "EventID": 5,
      "EventRecordID": 90,
      "Execution": {
        "#attributes": {
          "ProcessID": 1328,
          "ThreadID": 1584
        }
      },
      "Keywords": "0x4000000000000000",
      "Level": 4,
      "Opcode": 0,
      "Provider": {
        "#attributes": {
          "Guid": "89B1E9F0-5AFF-44A6-9B44-0A07A7CE5845",
          "Name": "Microsoft-Windows-User Profiles Service"
        }
      },
      "Security": {
        "#attributes": {
          "UserID": "S-1-5-18"
        }
      },
      "Task": 0,
      "TimeCreated": {
        "#attributes": {
          "SystemTime": "2020-04-06T05:38:21.333543Z"
        }
      },
      "Version": 0
    }
  }
}
Record 91
{
  "Event": {
    "#attributes": {
      "xmlns": "http://schemas.microsoft.com/win/2004/08/events/event"
    },
    "EventData": {
      "LocalPath": "C:\\Users\\ENTER",
      "LogonType": "Regular",
      "ProfileType": "Regular"
    },
    "System": {
      "Channel": "Microsoft-Windows-User Profile Service/Operational",
      "Computer": "DESKTOP-QLKN511",
      "Correlation": null,
      "EventID": 67,
      "EventRecordID": 91,
      "Execution": {
        "#attributes": {
          "ProcessID": 1328,
          "ThreadID": 1584
        }
      },
      "Keywords": "0x4000000000000000",
      "Level": 4,
      "Opcode": 0,
      "Provider": {
        "#attributes": {
          "Guid": "89B1E9F0-5AFF-44A6-9B44-0A07A7CE5845",
          "Name": "Microsoft-Windows-User Profiles Service"
        }
      },
      "Security": {
        "#attributes": {
          "UserID": "S-1-5-18"
        }
      },
      "Task": 0,
      "TimeCreated": {
        "#attributes": {
          "SystemTime": "2020-04-06T05:38:21.334819Z"
        }
      },
      "Version": 0
    }
  }
}
Record 92
{
  "Event": {
    "#attributes": {
      "xmlns": "http://schemas.microsoft.com/win/2004/08/events/event"
    },
    "EventData": {
      "File": "C:\\Users\\ENTER\\AppData\\Local\\Microsoft\\Windows\\\\UsrClass.dat",
      "Key": "S-1-5-21-297825045-448280702-2256943394-1001_Classes"
    },
    "System": {
      "Channel": "Microsoft-Windows-User Profile Service/Operational",
      "Computer": "DESKTOP-QLKN511",
      "Correlation": null,
      "EventID": 5,
      "EventRecordID": 92,
      "Execution": {
        "#attributes": {
          "ProcessID": 1328,
          "ThreadID": 1584
        }
      },
      "Keywords": "0x4000000000000000",
      "Level": 4,
      "Opcode": 0,
      "Provider": {
        "#attributes": {
          "Guid": "89B1E9F0-5AFF-44A6-9B44-0A07A7CE5845",
          "Name": "Microsoft-Windows-User Profiles Service"
        }
      },
      "Security": {
        "#attributes": {
          "UserID": "S-1-5-18"
        }
      },
      "Task": 0,
      "TimeCreated": {
        "#attributes": {
          "SystemTime": "2020-04-06T05:38:21.448111Z"
        }
      },
      "Version": 0
    }
  }
}
