Record 561
{
  "Event": {
    "#attributes": {
      "xmlns": "http://schemas.microsoft.com/win/2004/08/events/event"
    },
    "EventData": null,
    "System": {
      "Channel": "Microsoft-Windows-TerminalServices-RemoteConnectionManager/Operational",
      "Computer": "DESKTOP-QATR41H",
      "Correlation": {
        "#attributes": {
          "ActivityID": "F462149F-3894-4A1F-A72D-88B3A6F30000"
        }
      },
      "EventID": 263,
      "EventRecordID": 561,
      "Execution": {
        "#attributes": {
          "ProcessID": 1264,
          "ThreadID": 1448
        }
      },
      "Keywords": "0x1000000000000000",
      "Level": 4,
      "Opcode": 0,
      "Provider": {
        "#attributes": {
          "Guid": "C76BAA63-AE81-421C-B425-340B4B24157F",
          "Name": "Microsoft-Windows-TerminalServices-RemoteConnectionManager"
        }
      },
      "Security": {
        "#attributes": {
          "UserID": "S-1-5-20"
        }
      },
      "Task": 0,
      "TimeCreated": {
        "#attributes": {
          "SystemTime": "2020-04-14T04:23:49.219876Z"
        }
      },
      "Version": 0
    }
  }
}
Record 562
{
  "Event": {
    "#attributes": {
      "xmlns": "http://schemas.microsoft.com/win/2004/08/events/event"
    },
    "System": {
      "Channel": "Microsoft-Windows-TerminalServices-RemoteConnectionManager/Operational",
      "Computer": "DESKTOP-QATR41H",
      "Correlation": {
        "#attributes": {
          "ActivityID": "F4623B34-42BF-4F47-944D-3A58FF280000"
        }
      },
      "EventID": 20523,
      "EventRecordID": 562,
      "Execution": {
        "#attributes": {
          "ProcessID": 1264,
          "ThreadID": 1448
        }
      },
      "Keywords": "0x1000000000000000",
      "Level": 4,
      "Opcode": 0,
      "Provider": {
        "#attributes": {
          "Guid": "C76BAA63-AE81-421C-B425-340B4B24157F",
          "Name": "Microsoft-Windows-TerminalServices-RemoteConnectionManager"
        }
      },
      "Security": {
        "#attributes": {
          "UserID": "S-1-5-20"
        }
      },
      "Task": 0,
      "TimeCreated": {
        "#attributes": {
          "SystemTime": "2020-04-14T04:23:49.221668Z"
        }
      },
      "Version": 0
    },
    "UserData": {
      "EventXML": {
        "#attributes": {
          "xmlns": "Event_NS"
        },
        "Class": "5828227C-20CF-4408-B73F-73AB70B8849F",
        "ListenerName": "RDP-Tcp"
      }
    }
  }
}
Record 563
{
  "Event": {
    "#attributes": {
      "xmlns": "http://schemas.microsoft.com/win/2004/08/events/event"
    },
    "EventData": null,
    "System": {
      "Channel": "Microsoft-Windows-TerminalServices-RemoteConnectionManager/Operational",
      "Computer": "DESKTOP-QATR41H",
      "Correlation": {
        "#attributes": {
          "ActivityID": "F4623B34-42BF-4F47-944D-3A58FF280000"
        }
      },
      "EventID": 263,
      "EventRecordID": 563,
      "Execution": {
        "#attributes": {
          "ProcessID": 1264,
          "ThreadID": 1448
        }
      },
      "Keywords": "0x1000000000000000",
      "Level": 4,
      "Opcode": 0,
      "Provider": {
        "#attributes": {
          "Guid": "C76BAA63-AE81-421C-B425-340B4B24157F",
          "Name": "Microsoft-Windows-TerminalServices-RemoteConnectionManager"
        }
      },
      "Security": {
        "#attributes": {
          "UserID": "S-1-5-20"
        }
      },
      "Task": 0,
      "TimeCreated": {
        "#attributes": {
          "SystemTime": "2020-04-14T04:23:49.233671Z"
        }
      },
      "Version": 0
    }
  }
}
Record 564
{
  "Event": {
    "#attributes": {
      "xmlns": "http://schemas.microsoft.com/win/2004/08/events/event"
    },
    "System": {
      "Channel": "Microsoft-Windows-TerminalServices-RemoteConnectionManager/Operational",
      "Computer": "DESKTOP-QATR41H",
      "Correlation": {
        "#attributes": {
          "ActivityID": "F4622F3F-6EA9-4FDC-8C40-71372A720000"
        }
      },
      "EventID": 20523,
      "EventRecordID": 564,
      "Execution": {
        "#attributes": {
          "ProcessID": 1264,
          "ThreadID": 1448
        }
      },
      "Keywords": "0x1000000000000000",
      "Level": 4,
      "Opcode": 0,
      "Provider": {
        "#attributes": {
          "Guid": "C76BAA63-AE81-421C-B425-340B4B24157F",
          "Name": "Microsoft-Windows-TerminalServices-RemoteConnectionManager"
        }
      },
      "Security": {
        "#attributes": {
          "UserID": "S-1-5-20"
        }
      },
      "Task": 0,
      "TimeCreated": {
        "#attributes": {
          "SystemTime": "2020-04-14T04:23:49.235952Z"
        }
      },
      "Version": 0
    },
    "UserData": {
      "EventXML": {
        "#attributes": {
          "xmlns": "Event_NS"
        },
        "Class": "5828227C-20CF-4408-B73F-73AB70B8849F",
        "ListenerName": "RDP-Tcp"
      }
    }
  }
}
Record 565
{
  "Event": {
    "#attributes": {
      "xmlns": "http://schemas.microsoft.com/win/2004/08/events/event"
    },
    "EventData": null,
    "System": {
      "Channel": "Microsoft-Windows-TerminalServices-RemoteConnectionManager/Operational",
      "Computer": "DESKTOP-QATR41H",
      "Correlation": {
        "#attributes": {
          "ActivityID": "F4622F3F-6EA9-4FDC-8C40-71372A720000"
        }
      },
      "EventID": 263,
      "EventRecordID": 565,
      "Execution": {
        "#attributes": {
          "ProcessID": 1264,
          "ThreadID": 1448
        }
      },
      "Keywords": "0x1000000000000000",
      "Level": 4,
      "Opcode": 0,
      "Provider": {
        "#attributes": {
          "Guid": "C76BAA63-AE81-421C-B425-340B4B24157F",
          "Name": "Microsoft-Windows-TerminalServices-RemoteConnectionManager"
        }
      },
      "Security": {
        "#attributes": {
          "UserID": "S-1-5-20"
        }
      },
      "Task": 0,
      "TimeCreated": {
        "#attributes": {
          "SystemTime": "2020-04-14T04:23:49.246993Z"
        }
      },
      "Version": 0
    }
  }
}
Record 566
{
  "Event": {
    "#attributes": {
      "xmlns": "http://schemas.microsoft.com/win/2004/08/events/event"
    },
    "System": {
      "Channel": "Microsoft-Windows-TerminalServices-RemoteConnectionManager/Operational",
      "Computer": "DESKTOP-QATR41H",
      "Correlation": {
        "#attributes": {
          "ActivityID": "F462BB3E-EF02-48F6-B937-065AE87A0000"
        }
      },
      "EventID": 20523,
      "EventRecordID": 566,
      "Execution": {
        "#attributes": {
          "ProcessID": 1264,
          "ThreadID": 1448
        }
      },
      "Keywords": "0x1000000000000000",
      "Level": 4,
      "Opcode": 0,
      "Provider": {
        "#attributes": {
          "Guid": "C76BAA63-AE81-421C-B425-340B4B24157F",
          "Name": "Microsoft-Windows-TerminalServices-RemoteConnectionManager"
        }
      },
      "Security": {
        "#attributes": {
          "UserID": "S-1-5-20"
        }
      },
      "Task": 0,
      "TimeCreated": {
        "#attributes": {
          "SystemTime": "2020-04-14T04:23:49.248781Z"
        }
      },
      "Version": 0
    },
    "UserData": {
      "EventXML": {
        "#attributes": {
          "xmlns": "Event_NS"
        },
        "Class": "5828227C-20CF-4408-B73F-73AB70B8849F",
        "ListenerName": "RDP-Tcp"
      }
    }
  }
}
Record 567
{
  "Event": {
    "#attributes": {
      "xmlns": "http://schemas.microsoft.com/win/2004/08/events/event"
    },
    "EventData": null,
    "System": {
      "Channel": "Microsoft-Windows-TerminalServices-RemoteConnectionManager/Operational",
      "Computer": "DESKTOP-QATR41H",
      "Correlation": {
        "#attributes": {
          "ActivityID": "F462BB3E-EF02-48F6-B937-065AE87A0000"
        }
      },
      "EventID": 263,
      "EventRecordID": 567,
      "Execution": {
        "#attributes": {
          "ProcessID": 1264,
          "ThreadID": 1448
        }
      },
      "Keywords": "0x1000000000000000",
      "Level": 4,
      "Opcode": 0,
      "Provider": {
        "#attributes": {
          "Guid": "C76BAA63-AE81-421C-B425-340B4B24157F",
          "Name": "Microsoft-Windows-TerminalServices-RemoteConnectionManager"
        }
      },
      "Security": {
        "#attributes": {
          "UserID": "S-1-5-20"
        }
      },
      "Task": 0,
      "TimeCreated": {
        "#attributes": {
          "SystemTime": "2020-04-14T04:23:49.260622Z"
        }
      },
      "Version": 0
    }
  }
}
Record 568
{
  "Event": {
    "#attributes": {
      "xmlns": "http://schemas.microsoft.com/win/2004/08/events/event"
    },
    "System": {
      "Channel": "Microsoft-Windows-TerminalServices-RemoteConnectionManager/Operational",
      "Computer": "DESKTOP-QATR41H",
      "Correlation": {
        "#attributes": {
          "ActivityID": "F462D65C-4F00-4964-8247-183B3FA70000"
        }
      },
      "EventID": 20523,
      "EventRecordID": 568,
      "Execution": {
        "#attributes": {
          "ProcessID": 1264,
          "ThreadID": 1448
        }
      },
      "Keywords": "0x1000000000000000",
      "Level": 4,
      "Opcode": 0,
      "Provider": {
        "#attributes": {
          "Guid": "C76BAA63-AE81-421C-B425-340B4B24157F",
          "Name": "Microsoft-Windows-TerminalServices-RemoteConnectionManager"
        }
      },
      "Security": {
        "#attributes": {
          "UserID": "S-1-5-20"
        }
      },
      "Task": 0,
      "TimeCreated": {
        "#attributes": {
          "SystemTime": "2020-04-14T04:23:49.262322Z"
        }
      },
      "Version": 0
    },
    "UserData": {
      "EventXML": {
        "#attributes": {
          "xmlns": "Event_NS"
        },
        "Class": "5828227C-20CF-4408-B73F-73AB70B8849F",
        "ListenerName": "RDP-Tcp"
      }
    }
  }
}
Record 569
{
  "Event": {
    "#attributes": {
      "xmlns": "http://schemas.microsoft.com/win/2004/08/events/event"
    },
    "EventData": null,
    "System": {
      "Channel": "Microsoft-Windows-TerminalServices-RemoteConnectionManager/Operational",
      "Computer": "DESKTOP-QATR41H",
      "Correlation": {
        "#attributes": {
          "ActivityID": "F462D65C-4F00-4964-8247-183B3FA70000"
        }
      },
      "EventID": 263,
      "EventRecordID": 569,
      "Execution": {
        "#attributes": {
          "ProcessID": 1264,
          "ThreadID": 1448
        }
      },
      "Keywords": "0x1000000000000000",
      "Level": 4,
      "Opcode": 0,
      "Provider": {
        "#attributes": {
          "Guid": "C76BAA63-AE81-421C-B425-340B4B24157F",
          "Name": "Microsoft-Windows-TerminalServices-RemoteConnectionManager"
        }
      },
      "Security": {
        "#attributes": {
          "UserID": "S-1-5-20"
        }
      },
      "Task": 0,
      "TimeCreated": {
        "#attributes": {
          "SystemTime": "2020-04-14T04:23:49.273919Z"
        }
      },
      "Version": 0
    }
  }
}
Record 570
{
  "Event": {
    "#attributes": {
      "xmlns": "http://schemas.microsoft.com/win/2004/08/events/event"
    },
    "System": {
      "Channel": "Microsoft-Windows-TerminalServices-RemoteConnectionManager/Operational",
      "Computer": "DESKTOP-QATR41H",
      "Correlation": {
        "#attributes": {
          "ActivityID": "F4622288-C876-4731-BB11-87C96E7E0000"
        }
      },
      "EventID": 20523,
      "EventRecordID": 570,
      "Execution": {
        "#attributes": {
          "ProcessID": 1256,
          "ThreadID": 1460
        }
      },
      "Keywords": "0x1000000000000000",
      "Level": 4,
      "Opcode": 0,
      "Provider": {
        "#attributes": {
          "Guid": "C76BAA63-AE81-421C-B425-340B4B24157F",
          "Name": "Microsoft-Windows-TerminalServices-RemoteConnectionManager"
        }
      },
      "Security": {
        "#attributes": {
          "UserID": "S-1-5-20"
        }
      },
      "Task": 0,
      "TimeCreated": {
        "#attributes": {
          "SystemTime": "2020-04-14T05:44:24.046791Z"
        }
      },
      "Version": 0
    },
    "UserData": {
      "EventXML": {
        "#attributes": {
          "xmlns": "Event_NS"
        },
        "Class": "5828227C-20CF-4408-B73F-73AB70B8849F",
        "ListenerName": "RDP-Tcp"
      }
    }
  }
}
Record 571
{
  "Event": {
    "#attributes": {
      "xmlns": "http://schemas.microsoft.com/win/2004/08/events/event"
    },
    "System": {
      "Channel": "Microsoft-Windows-TerminalServices-RemoteConnectionManager/Operational",
      "Computer": "DESKTOP-QATR41H",
      "Correlation": {
        "#attributes": {
          "ActivityID": "F4622288-C876-4731-BB11-87C96E7E0000"
        }
      },
      "EventID": 20523,
      "EventRecordID": 571,
      "Execution": {
        "#attributes": {
          "ProcessID": 1256,
          "ThreadID": 1460
        }
      },
      "Keywords": "0x1000000000000000",
      "Level": 4,
      "Opcode": 0,
      "Provider": {
        "#attributes": {
          "Guid": "C76BAA63-AE81-421C-B425-340B4B24157F",
          "Name": "Microsoft-Windows-TerminalServices-RemoteConnectionManager"
        }
      },
      "Security": {
        "#attributes": {
          "UserID": "S-1-5-20"
        }
      },
      "Task": 0,
      "TimeCreated": {
        "#attributes": {
          "SystemTime": "2020-04-14T05:44:24.247618Z"
        }
      },
      "Version": 0
    },
    "UserData": {
      "EventXML": {
        "#attributes": {
          "xmlns": "Event_NS"
        },
        "Class": "56CF02BC-F460-4BDA-AC40-6BD4EB9347D3",
        "ListenerName": "7A78855482A04FA781DC"
      }
    }
  }
}
Record 572
{
  "Event": {
    "#attributes": {
      "xmlns": "http://schemas.microsoft.com/win/2004/08/events/event"
    },
    "System": {
      "Channel": "Microsoft-Windows-TerminalServices-RemoteConnectionManager/Operational",
      "Computer": "DESKTOP-QATR41H",
      "Correlation": {
        "#attributes": {
          "ActivityID": "F4622288-C876-4731-BB11-87C96E7E0000"
        }
      },
      "EventID": 258,
      "EventRecordID": 572,
      "Execution": {
        "#attributes": {
          "ProcessID": 1256,
          "ThreadID": 1460
        }
      },
      "Keywords": "0x1000000000000000",
      "Level": 4,
      "Opcode": 0,
      "Provider": {
        "#attributes": {
          "Guid": "C76BAA63-AE81-421C-B425-340B4B24157F",
          "Name": "Microsoft-Windows-TerminalServices-RemoteConnectionManager"
        }
      },
      "Security": {
        "#attributes": {
          "UserID": "S-1-5-20"
        }
      },
      "Task": 0,
      "TimeCreated": {
        "#attributes": {
          "SystemTime": "2020-04-14T05:44:24.249755Z"
        }
      },
      "Version": 0
    },
    "UserData": {
      "EventXML": {
        "#attributes": {
          "xmlns": "Event_NS"
        },
        "listenerName": "7A78855482A04FA781DC"
      }
    }
  }
}
Record 573
{
  "Event": {
    "#attributes": {
      "xmlns": "http://schemas.microsoft.com/win/2004/08/events/event"
    },
    "EventData": null,
    "System": {
      "Channel": "Microsoft-Windows-TerminalServices-RemoteConnectionManager/Operational",
      "Computer": "DESKTOP-QATR41H",
      "Correlation": {
        "#attributes": {
          "ActivityID": "F4622288-C876-4731-BB11-87C96E7E0000"
        }
      },
      "EventID": 263,
      "EventRecordID": 573,
      "Execution": {
        "#attributes": {
          "ProcessID": 1256,
          "ThreadID": 1460
        }
      },
      "Keywords": "0x1000000000000000",
      "Level": 4,
      "Opcode": 0,
      "Provider": {
        "#attributes": {
          "Guid": "C76BAA63-AE81-421C-B425-340B4B24157F",
          "Name": "Microsoft-Windows-TerminalServices-RemoteConnectionManager"
        }
      },
      "Security": {
        "#attributes": {
          "UserID": "S-1-5-20"
        }
      },
      "Task": 0,
      "TimeCreated": {
        "#attributes": {
          "SystemTime": "2020-04-14T05:44:24.445973Z"
        }
      },
      "Version": 0
    }
  }
}
Record 574
{
  "Event": {
    "#attributes": {
      "xmlns": "http://schemas.microsoft.com/win/2004/08/events/event"
    },
    "EventData": null,
    "System": {
      "Channel": "Microsoft-Windows-TerminalServices-RemoteConnectionManager/Operational",
      "Computer": "DESKTOP-QATR41H",
      "Correlation": null,
      "EventID": 1136,
      "EventRecordID": 574,
      "Execution": {
        "#attributes": {
          "ProcessID": 2748,
          "ThreadID": 2784
        }
      },
      "Keywords": "0x1000000000000000",
      "Level": 4,
      "Opcode": 0,
      "Provider": {
        "#attributes": {
          "Guid": "C76BAA63-AE81-421C-B425-340B4B24157F",
          "Name": "Microsoft-Windows-TerminalServices-RemoteConnectionManager"
        }
      },
      "Security": {
        "#attributes": {
          "UserID": "S-1-5-18"
        }
      },
      "Task": 0,
      "TimeCreated": {
        "#attributes": {
          "SystemTime": "2020-04-14T05:44:24.571003Z"
        }
      },
      "Version": 0
    }
  }
}
Record 575
{
  "Event": {
    "#attributes": {
      "xmlns": "http://schemas.microsoft.com/win/2004/08/events/event"
    },
    "System": {
      "Channel": "Microsoft-Windows-TerminalServices-RemoteConnectionManager/Operational",
      "Computer": "DESKTOP-QATR41H",
      "Correlation": {
        "#attributes": {
          "ActivityID": "F4620706-8C62-479D-B5D7-F22D233D0000"
        }
      },
      "EventID": 20523,
      "EventRecordID": 575,
      "Execution": {
        "#attributes": {
          "ProcessID": 1256,
          "ThreadID": 1460
        }
      },
      "Keywords": "0x1000000000000000",
      "Level": 4,
      "Opcode": 0,
      "Provider": {
        "#attributes": {
          "Guid": "C76BAA63-AE81-421C-B425-340B4B24157F",
          "Name": "Microsoft-Windows-TerminalServices-RemoteConnectionManager"
        }
      },
      "Security": {
        "#attributes": {
          "UserID": "S-1-5-20"
        }
      },
      "Task": 0,
      "TimeCreated": {
        "#attributes": {
          "SystemTime": "2020-04-14T05:44:24.585881Z"
        }
      },
      "Version": 0
    },
    "UserData": {
      "EventXML": {
        "#attributes": {
          "xmlns": "Event_NS"
        },
        "Class": "5828227C-20CF-4408-B73F-73AB70B8849F",
        "ListenerName": "RDP-Tcp"
      }
    }
  }
}
Record 576
{
  "Event": {
    "#attributes": {
      "xmlns": "http://schemas.microsoft.com/win/2004/08/events/event"
    },
    "EventData": null,
    "System": {
      "Channel": "Microsoft-Windows-TerminalServices-RemoteConnectionManager/Operational",
      "Computer": "DESKTOP-QATR41H",
      "Correlation": {
        "#attributes": {
          "ActivityID": "F4620706-8C62-479D-B5D7-F22D233D0000"
        }
      },
      "EventID": 263,
      "EventRecordID": 576,
      "Execution": {
        "#attributes": {
          "ProcessID": 1256,
          "ThreadID": 1460
        }
      },
      "Keywords": "0x1000000000000000",
      "Level": 4,
      "Opcode": 0,
      "Provider": {
        "#attributes": {
          "Guid": "C76BAA63-AE81-421C-B425-340B4B24157F",
          "Name": "Microsoft-Windows-TerminalServices-RemoteConnectionManager"
        }
      },
      "Security": {
        "#attributes": {
          "UserID": "S-1-5-20"
        }
      },
      "Task": 0,
      "TimeCreated": {
        "#attributes": {
          "SystemTime": "2020-04-14T05:44:24.596948Z"
        }
      },
      "Version": 0
    }
  }
}
Record 577
{
  "Event": {
    "#attributes": {
      "xmlns": "http://schemas.microsoft.com/win/2004/08/events/event"
    },
    "System": {
      "Channel": "Microsoft-Windows-TerminalServices-RemoteConnectionManager/Operational",
      "Computer": "DESKTOP-QATR41H",
      "Correlation": {
        "#attributes": {
          "ActivityID": "F462F318-795F-4173-B3E5-C3C2D9E70000"
        }
      },
      "EventID": 20523,
      "EventRecordID": 577,
      "Execution": {
        "#attributes": {
          "ProcessID": 1256,
          "ThreadID": 1460
        }
      },
      "Keywords": "0x1000000000000000",
      "Level": 4,
      "Opcode": 0,
      "Provider": {
        "#attributes": {
          "Guid": "C76BAA63-AE81-421C-B425-340B4B24157F",
          "Name": "Microsoft-Windows-TerminalServices-RemoteConnectionManager"
        }
      },
      "Security": {
        "#attributes": {
          "UserID": "S-1-5-20"
        }
      },
      "Task": 0,
      "TimeCreated": {
        "#attributes": {
          "SystemTime": "2020-04-14T05:44:24.598695Z"
        }
      },
      "Version": 0
    },
    "UserData": {
      "EventXML": {
        "#attributes": {
          "xmlns": "Event_NS"
        },
        "Class": "5828227C-20CF-4408-B73F-73AB70B8849F",
        "ListenerName": "RDP-Tcp"
      }
    }
  }
}
Record 578
{
  "Event": {
    "#attributes": {
      "xmlns": "http://schemas.microsoft.com/win/2004/08/events/event"
    },
    "EventData": null,
    "System": {
      "Channel": "Microsoft-Windows-TerminalServices-RemoteConnectionManager/Operational",
      "Computer": "DESKTOP-QATR41H",
      "Correlation": {
        "#attributes": {
          "ActivityID": "F462F318-795F-4173-B3E5-C3C2D9E70000"
        }
      },
      "EventID": 263,
      "EventRecordID": 578,
      "Execution": {
        "#attributes": {
          "ProcessID": 1256,
          "ThreadID": 1460
        }
      },
      "Keywords": "0x1000000000000000",
      "Level": 4,
      "Opcode": 0,
      "Provider": {
        "#attributes": {
          "Guid": "C76BAA63-AE81-421C-B425-340B4B24157F",
          "Name": "Microsoft-Windows-TerminalServices-RemoteConnectionManager"
        }
      },
      "Security": {
        "#attributes": {
          "UserID": "S-1-5-20"
        }
      },
      "Task": 0,
      "TimeCreated": {
        "#attributes": {
          "SystemTime": "2020-04-14T05:44:24.610494Z"
        }
      },
      "Version": 0
    }
  }
}
Record 579
{
  "Event": {
    "#attributes": {
      "xmlns": "http://schemas.microsoft.com/win/2004/08/events/event"
    },
    "System": {
      "Channel": "Microsoft-Windows-TerminalServices-RemoteConnectionManager/Operational",
      "Computer": "DESKTOP-QATR41H",
      "Correlation": {
        "#attributes": {
          "ActivityID": "F462E66A-3C4A-486F-8EEB-DC6B80190000"
        }
      },
      "EventID": 20523,
      "EventRecordID": 579,
      "Execution": {
        "#attributes": {
          "ProcessID": 1256,
          "ThreadID": 1460
        }
      },
      "Keywords": "0x1000000000000000",
      "Level": 4,
      "Opcode": 0,
      "Provider": {
        "#attributes": {
          "Guid": "C76BAA63-AE81-421C-B425-340B4B24157F",
          "Name": "Microsoft-Windows-TerminalServices-RemoteConnectionManager"
        }
      },
      "Security": {
        "#attributes": {
          "UserID": "S-1-5-20"
        }
      },
      "Task": 0,
      "TimeCreated": {
        "#attributes": {
          "SystemTime": "2020-04-14T05:44:24.612214Z"
        }
      },
      "Version": 0
    },
    "UserData": {
      "EventXML": {
        "#attributes": {
          "xmlns": "Event_NS"
        },
        "Class": "5828227C-20CF-4408-B73F-73AB70B8849F",
        "ListenerName": "RDP-Tcp"
      }
    }
  }
}
Record 580
{
  "Event": {
    "#attributes": {
      "xmlns": "http://schemas.microsoft.com/win/2004/08/events/event"
    },
    "EventData": null,
    "System": {
      "Channel": "Microsoft-Windows-TerminalServices-RemoteConnectionManager/Operational",
      "Computer": "DESKTOP-QATR41H",
      "Correlation": {
        "#attributes": {
          "ActivityID": "F462E66A-3C4A-486F-8EEB-DC6B80190000"
        }
      },
      "EventID": 263,
      "EventRecordID": 580,
      "Execution": {
        "#attributes": {
          "ProcessID": 1256,
          "ThreadID": 1460
        }
      },
      "Keywords": "0x1000000000000000",
      "Level": 4,
      "Opcode": 0,
      "Provider": {
        "#attributes": {
          "Guid": "C76BAA63-AE81-421C-B425-340B4B24157F",
          "Name": "Microsoft-Windows-TerminalServices-RemoteConnectionManager"
        }
      },
      "Security": {
        "#attributes": {
          "UserID": "S-1-5-20"
        }
      },
      "Task": 0,
      "TimeCreated": {
        "#attributes": {
          "SystemTime": "2020-04-14T05:44:24.624108Z"
        }
      },
      "Version": 0
    }
  }
}
Record 581
{
  "Event": {
    "#attributes": {
      "xmlns": "http://schemas.microsoft.com/win/2004/08/events/event"
    },
    "System": {
      "Channel": "Microsoft-Windows-TerminalServices-RemoteConnectionManager/Operational",
      "Computer": "DESKTOP-QATR41H",
      "Correlation": {
        "#attributes": {
          "ActivityID": "F462AA94-6EF1-4ADE-868E-5C47FC4C0000"
        }
      },
      "EventID": 20523,
      "EventRecordID": 581,
      "Execution": {
        "#attributes": {
          "ProcessID": 1256,
          "ThreadID": 1460
        }
      },
      "Keywords": "0x1000000000000000",
      "Level": 4,
      "Opcode": 0,
      "Provider": {
        "#attributes": {
          "Guid": "C76BAA63-AE81-421C-B425-340B4B24157F",
          "Name": "Microsoft-Windows-TerminalServices-RemoteConnectionManager"
        }
      },
      "Security": {
        "#attributes": {
          "UserID": "S-1-5-20"
        }
      },
      "Task": 0,
      "TimeCreated": {
        "#attributes": {
          "SystemTime": "2020-04-14T05:44:24.625828Z"
        }
      },
      "Version": 0
    },
    "UserData": {
      "EventXML": {
        "#attributes": {
          "xmlns": "Event_NS"
        },
        "Class": "5828227C-20CF-4408-B73F-73AB70B8849F",
        "ListenerName": "RDP-Tcp"
      }
    }
  }
}
Record 582
{
  "Event": {
    "#attributes": {
      "xmlns": "http://schemas.microsoft.com/win/2004/08/events/event"
    },
    "EventData": null,
    "System": {
      "Channel": "Microsoft-Windows-TerminalServices-RemoteConnectionManager/Operational",
      "Computer": "DESKTOP-QATR41H",
      "Correlation": {
        "#attributes": {
          "ActivityID": "F462AA94-6EF1-4ADE-868E-5C47FC4C0000"
        }
      },
      "EventID": 263,
      "EventRecordID": 582,
      "Execution": {
        "#attributes": {
          "ProcessID": 1256,
          "ThreadID": 1460
        }
      },
      "Keywords": "0x1000000000000000",
      "Level": 4,
      "Opcode": 0,
      "Provider": {
        "#attributes": {
          "Guid": "C76BAA63-AE81-421C-B425-340B4B24157F",
          "Name": "Microsoft-Windows-TerminalServices-RemoteConnectionManager"
        }
      },
      "Security": {
        "#attributes": {
          "UserID": "S-1-5-20"
        }
      },
      "Task": 0,
      "TimeCreated": {
        "#attributes": {
          "SystemTime": "2020-04-14T05:44:24.637455Z"
        }
      },
      "Version": 0
    }
  }
}
Record 583
{
  "Event": {
    "#attributes": {
      "xmlns": "http://schemas.microsoft.com/win/2004/08/events/event"
    },
    "System": {
      "Channel": "Microsoft-Windows-TerminalServices-RemoteConnectionManager/Operational",
      "Computer": "DESKTOP-QATR41H",
      "Correlation": {
        "#attributes": {
          "ActivityID": "F4621DAE-E6B1-44D2-87E7-CA391D6A0000"
        }
      },
      "EventID": 20523,
      "EventRecordID": 583,
      "Execution": {
        "#attributes": {
          "ProcessID": 1256,
          "ThreadID": 1460
        }
      },
      "Keywords": "0x1000000000000000",
      "Level": 4,
      "Opcode": 0,
      "Provider": {
        "#attributes": {
          "Guid": "C76BAA63-AE81-421C-B425-340B4B24157F",
          "Name": "Microsoft-Windows-TerminalServices-RemoteConnectionManager"
        }
      },
      "Security": {
        "#attributes": {
          "UserID": "S-1-5-20"
        }
      },
      "Task": 0,
      "TimeCreated": {
        "#attributes": {
          "SystemTime": "2020-04-14T05:44:24.639136Z"
        }
      },
      "Version": 0
    },
    "UserData": {
      "EventXML": {
        "#attributes": {
          "xmlns": "Event_NS"
        },
        "Class": "5828227C-20CF-4408-B73F-73AB70B8849F",
        "ListenerName": "RDP-Tcp"
      }
    }
  }
}
Record 584
{
  "Event": {
    "#attributes": {
      "xmlns": "http://schemas.microsoft.com/win/2004/08/events/event"
    },
    "EventData": null,
    "System": {
      "Channel": "Microsoft-Windows-TerminalServices-RemoteConnectionManager/Operational",
      "Computer": "DESKTOP-QATR41H",
      "Correlation": {
        "#attributes": {
          "ActivityID": "F4621DAE-E6B1-44D2-87E7-CA391D6A0000"
        }
      },
      "EventID": 263,
      "EventRecordID": 584,
      "Execution": {
        "#attributes": {
          "ProcessID": 1256,
          "ThreadID": 1460
        }
      },
      "Keywords": "0x1000000000000000",
      "Level": 4,
      "Opcode": 0,
      "Provider": {
        "#attributes": {
          "Guid": "C76BAA63-AE81-421C-B425-340B4B24157F",
          "Name": "Microsoft-Windows-TerminalServices-RemoteConnectionManager"
        }
      },
      "Security": {
        "#attributes": {
          "UserID": "S-1-5-20"
        }
      },
      "Task": 0,
      "TimeCreated": {
        "#attributes": {
          "SystemTime": "2020-04-14T05:44:24.651178Z"
        }
      },
      "Version": 0
    }
  }
}
Record 585
{
  "Event": {
    "#attributes": {
      "xmlns": "http://schemas.microsoft.com/win/2004/08/events/event"
    },
    "System": {
      "Channel": "Microsoft-Windows-TerminalServices-RemoteConnectionManager/Operational",
      "Computer": "DESKTOP-QATR41H",
      "Correlation": {
        "#attributes": {
          "ActivityID": "F46265DD-AC24-4870-8DD7-671FFE420000"
        }
      },
      "EventID": 20523,
      "EventRecordID": 585,
      "Execution": {
        "#attributes": {
          "ProcessID": 1256,
          "ThreadID": 1460
        }
      },
      "Keywords": "0x1000000000000000",
      "Level": 4,
      "Opcode": 0,
      "Provider": {
        "#attributes": {
          "Guid": "C76BAA63-AE81-421C-B425-340B4B24157F",
          "Name": "Microsoft-Windows-TerminalServices-RemoteConnectionManager"
        }
      },
      "Security": {
        "#attributes": {
          "UserID": "S-1-5-20"
        }
      },
      "Task": 0,
      "TimeCreated": {
        "#attributes": {
          "SystemTime": "2020-04-14T05:44:24.653002Z"
        }
      },
      "Version": 0
    },
    "UserData": {
      "EventXML": {
        "#attributes": {
          "xmlns": "Event_NS"
        },
        "Class": "5828227C-20CF-4408-B73F-73AB70B8849F",
        "ListenerName": "RDP-Tcp"
      }
    }
  }
}
Record 586
{
  "Event": {
    "#attributes": {
      "xmlns": "http://schemas.microsoft.com/win/2004/08/events/event"
    },
    "EventData": null,
    "System": {
      "Channel": "Microsoft-Windows-TerminalServices-RemoteConnectionManager/Operational",
      "Computer": "DESKTOP-QATR41H",
      "Correlation": {
        "#attributes": {
          "ActivityID": "F46265DD-AC24-4870-8DD7-671FFE420000"
        }
      },
      "EventID": 263,
      "EventRecordID": 586,
      "Execution": {
        "#attributes": {
          "ProcessID": 1256,
          "ThreadID": 1460
        }
      },
      "Keywords": "0x1000000000000000",
      "Level": 4,
      "Opcode": 0,
      "Provider": {
        "#attributes": {
          "Guid": "C76BAA63-AE81-421C-B425-340B4B24157F",
          "Name": "Microsoft-Windows-TerminalServices-RemoteConnectionManager"
        }
      },
      "Security": {
        "#attributes": {
          "UserID": "S-1-5-20"
        }
      },
      "Task": 0,
      "TimeCreated": {
        "#attributes": {
          "SystemTime": "2020-04-14T05:44:24.664781Z"
        }
      },
      "Version": 0
    }
  }
}
Record 587
{
  "Event": {
    "#attributes": {
      "xmlns": "http://schemas.microsoft.com/win/2004/08/events/event"
    },
    "System": {
      "Channel": "Microsoft-Windows-TerminalServices-RemoteConnectionManager/Operational",
      "Computer": "DESKTOP-QATR41H",
      "Correlation": {
        "#attributes": {
          "ActivityID": "F46223D8-85A5-42AA-8CFC-34BEF2AD0000"
        }
      },
      "EventID": 20523,
      "EventRecordID": 587,
      "Execution": {
        "#attributes": {
          "ProcessID": 1252,
          "ThreadID": 1416
        }
      },
      "Keywords": "0x1000000000000000",
      "Level": 4,
      "Opcode": 0,
      "Provider": {
        "#attributes": {
          "Guid": "C76BAA63-AE81-421C-B425-340B4B24157F",
          "Name": "Microsoft-Windows-TerminalServices-RemoteConnectionManager"
        }
      },
      "Security": {
        "#attributes": {
          "UserID": "S-1-5-20"
        }
      },
      "Task": 0,
      "TimeCreated": {
        "#attributes": {
          "SystemTime": "2020-04-14T08:57:58.963044Z"
        }
      },
      "Version": 0
    },
    "UserData": {
      "EventXML": {
        "#attributes": {
          "xmlns": "Event_NS"
        },
        "Class": "5828227C-20CF-4408-B73F-73AB70B8849F",
        "ListenerName": "RDP-Tcp"
      }
    }
  }
}
Record 588
{
  "Event": {
    "#attributes": {
      "xmlns": "http://schemas.microsoft.com/win/2004/08/events/event"
    },
    "System": {
      "Channel": "Microsoft-Windows-TerminalServices-RemoteConnectionManager/Operational",
      "Computer": "DESKTOP-QATR41H",
      "Correlation": {
        "#attributes": {
          "ActivityID": "F46223D8-85A5-42AA-8CFC-34BEF2AD0000"
        }
      },
      "EventID": 20523,
      "EventRecordID": 588,
      "Execution": {
        "#attributes": {
          "ProcessID": 1252,
          "ThreadID": 1416
        }
      },
      "Keywords": "0x1000000000000000",
      "Level": 4,
      "Opcode": 0,
      "Provider": {
        "#attributes": {
          "Guid": "C76BAA63-AE81-421C-B425-340B4B24157F",
          "Name": "Microsoft-Windows-TerminalServices-RemoteConnectionManager"
        }
      },
      "Security": {
        "#attributes": {
          "UserID": "S-1-5-20"
        }
      },
      "Task": 0,
      "TimeCreated": {
        "#attributes": {
          "SystemTime": "2020-04-14T08:57:59.199756Z"
        }
      },
      "Version": 0
    },
    "UserData": {
      "EventXML": {
        "#attributes": {
          "xmlns": "Event_NS"
        },
        "Class": "56CF02BC-F460-4BDA-AC40-6BD4EB9347D3",
        "ListenerName": "7A78855482A04FA781DC"
      }
    }
  }
}
Record 589
{
  "Event": {
    "#attributes": {
      "xmlns": "http://schemas.microsoft.com/win/2004/08/events/event"
    },
    "System": {
      "Channel": "Microsoft-Windows-TerminalServices-RemoteConnectionManager/Operational",
      "Computer": "DESKTOP-QATR41H",
      "Correlation": {
        "#attributes": {
          "ActivityID": "F46223D8-85A5-42AA-8CFC-34BEF2AD0000"
        }
      },
      "EventID": 258,
      "EventRecordID": 589,
      "Execution": {
        "#attributes": {
          "ProcessID": 1252,
          "ThreadID": 1416
        }
      },
      "Keywords": "0x1000000000000000",
      "Level": 4,
      "Opcode": 0,
      "Provider": {
        "#attributes": {
          "Guid": "C76BAA63-AE81-421C-B425-340B4B24157F",
          "Name": "Microsoft-Windows-TerminalServices-RemoteConnectionManager"
        }
      },
      "Security": {
        "#attributes": {
          "UserID": "S-1-5-20"
        }
      },
      "Task": 0,
      "TimeCreated": {
        "#attributes": {
          "SystemTime": "2020-04-14T08:57:59.202457Z"
        }
      },
      "Version": 0
    },
    "UserData": {
      "EventXML": {
        "#attributes": {
          "xmlns": "Event_NS"
        },
        "listenerName": "7A78855482A04FA781DC"
      }
    }
  }
}
Record 590
{
  "Event": {
    "#attributes": {
      "xmlns": "http://schemas.microsoft.com/win/2004/08/events/event"
    },
    "EventData": null,
    "System": {
      "Channel": "Microsoft-Windows-TerminalServices-RemoteConnectionManager/Operational",
      "Computer": "DESKTOP-QATR41H",
      "Correlation": {
        "#attributes": {
          "ActivityID": "F46223D8-85A5-42AA-8CFC-34BEF2AD0000"
        }
      },
      "EventID": 263,
      "EventRecordID": 590,
      "Execution": {
        "#attributes": {
          "ProcessID": 1252,
          "ThreadID": 1416
        }
      },
      "Keywords": "0x1000000000000000",
      "Level": 4,
      "Opcode": 0,
      "Provider": {
        "#attributes": {
          "Guid": "C76BAA63-AE81-421C-B425-340B4B24157F",
          "Name": "Microsoft-Windows-TerminalServices-RemoteConnectionManager"
        }
      },
      "Security": {
        "#attributes": {
          "UserID": "S-1-5-20"
        }
      },
      "Task": 0,
      "TimeCreated": {
        "#attributes": {
          "SystemTime": "2020-04-14T08:57:59.417970Z"
        }
      },
      "Version": 0
    }
  }
}
Record 591
{
  "Event": {
    "#attributes": {
      "xmlns": "http://schemas.microsoft.com/win/2004/08/events/event"
    },
    "System": {
      "Channel": "Microsoft-Windows-TerminalServices-RemoteConnectionManager/Operational",
      "Computer": "DESKTOP-QATR41H",
      "Correlation": {
        "#attributes": {
          "ActivityID": "F462EE38-5B29-4614-89B5-83EC92A10000"
        }
      },
      "EventID": 20523,
      "EventRecordID": 591,
      "Execution": {
        "#attributes": {
          "ProcessID": 1252,
          "ThreadID": 1416
        }
      },
      "Keywords": "0x1000000000000000",
      "Level": 4,
      "Opcode": 0,
      "Provider": {
        "#attributes": {
          "Guid": "C76BAA63-AE81-421C-B425-340B4B24157F",
          "Name": "Microsoft-Windows-TerminalServices-RemoteConnectionManager"
        }
      },
      "Security": {
        "#attributes": {
          "UserID": "S-1-5-20"
        }
      },
      "Task": 0,
      "TimeCreated": {
        "#attributes": {
          "SystemTime": "2020-04-14T08:57:59.515875Z"
        }
      },
      "Version": 0
    },
    "UserData": {
      "EventXML": {
        "#attributes": {
          "xmlns": "Event_NS"
        },
        "Class": "5828227C-20CF-4408-B73F-73AB70B8849F",
        "ListenerName": "RDP-Tcp"
      }
    }
  }
}
Record 592
{
  "Event": {
    "#attributes": {
      "xmlns": "http://schemas.microsoft.com/win/2004/08/events/event"
    },
    "EventData": null,
    "System": {
      "Channel": "Microsoft-Windows-TerminalServices-RemoteConnectionManager/Operational",
      "Computer": "DESKTOP-QATR41H",
      "Correlation": {
        "#attributes": {
          "ActivityID": "F462EE38-5B29-4614-89B5-83EC92A10000"
        }
      },
      "EventID": 263,
      "EventRecordID": 592,
      "Execution": {
        "#attributes": {
          "ProcessID": 1252,
          "ThreadID": 1416
        }
      },
      "Keywords": "0x1000000000000000",
      "Level": 4,
      "Opcode": 0,
      "Provider": {
        "#attributes": {
          "Guid": "C76BAA63-AE81-421C-B425-340B4B24157F",
          "Name": "Microsoft-Windows-TerminalServices-RemoteConnectionManager"
        }
      },
      "Security": {
        "#attributes": {
          "UserID": "S-1-5-20"
        }
      },
      "Task": 0,
      "TimeCreated": {
        "#attributes": {
          "SystemTime": "2020-04-14T08:57:59.527974Z"
        }
      },
      "Version": 0
    }
  }
}
Record 593
{
  "Event": {
    "#attributes": {
      "xmlns": "http://schemas.microsoft.com/win/2004/08/events/event"
    },
    "System": {
      "Channel": "Microsoft-Windows-TerminalServices-RemoteConnectionManager/Operational",
      "Computer": "DESKTOP-QATR41H",
      "Correlation": {
        "#attributes": {
          "ActivityID": "F462B61E-A147-41DD-BD32-0E38AA570000"
        }
      },
      "EventID": 20523,
      "EventRecordID": 593,
      "Execution": {
        "#attributes": {
          "ProcessID": 1252,
          "ThreadID": 1416
        }
      },
      "Keywords": "0x1000000000000000",
      "Level": 4,
      "Opcode": 0,
      "Provider": {
        "#attributes": {
          "Guid": "C76BAA63-AE81-421C-B425-340B4B24157F",
          "Name": "Microsoft-Windows-TerminalServices-RemoteConnectionManager"
        }
      },
      "Security": {
        "#attributes": {
          "UserID": "S-1-5-20"
        }
      },
      "Task": 0,
      "TimeCreated": {
        "#attributes": {
          "SystemTime": "2020-04-14T08:57:59.529419Z"
        }
      },
      "Version": 0
    },
    "UserData": {
      "EventXML": {
        "#attributes": {
          "xmlns": "Event_NS"
        },
        "Class": "5828227C-20CF-4408-B73F-73AB70B8849F",
        "ListenerName": "RDP-Tcp"
      }
    }
  }
}
Record 594
{
  "Event": {
    "#attributes": {
      "xmlns": "http://schemas.microsoft.com/win/2004/08/events/event"
    },
    "EventData": null,
    "System": {
      "Channel": "Microsoft-Windows-TerminalServices-RemoteConnectionManager/Operational",
      "Computer": "DESKTOP-QATR41H",
      "Correlation": null,
      "EventID": 1136,
      "EventRecordID": 594,
      "Execution": {
        "#attributes": {
          "ProcessID": 2748,
          "ThreadID": 2768
        }
      },
      "Keywords": "0x1000000000000000",
      "Level": 4,
      "Opcode": 0,
      "Provider": {
        "#attributes": {
          "Guid": "C76BAA63-AE81-421C-B425-340B4B24157F",
          "Name": "Microsoft-Windows-TerminalServices-RemoteConnectionManager"
        }
      },
      "Security": {
        "#attributes": {
          "UserID": "S-1-5-18"
        }
      },
      "Task": 0,
      "TimeCreated": {
        "#attributes": {
          "SystemTime": "2020-04-14T08:57:59.531042Z"
        }
      },
      "Version": 0
    }
  }
}
Record 595
{
  "Event": {
    "#attributes": {
      "xmlns": "http://schemas.microsoft.com/win/2004/08/events/event"
    },
    "EventData": null,
    "System": {
      "Channel": "Microsoft-Windows-TerminalServices-RemoteConnectionManager/Operational",
      "Computer": "DESKTOP-QATR41H",
      "Correlation": {
        "#attributes": {
          "ActivityID": "F462B61E-A147-41DD-BD32-0E38AA570000"
        }
      },
      "EventID": 263,
      "EventRecordID": 595,
      "Execution": {
        "#attributes": {
          "ProcessID": 1252,
          "ThreadID": 1416
        }
      },
      "Keywords": "0x1000000000000000",
      "Level": 4,
      "Opcode": 0,
      "Provider": {
        "#attributes": {
          "Guid": "C76BAA63-AE81-421C-B425-340B4B24157F",
          "Name": "Microsoft-Windows-TerminalServices-RemoteConnectionManager"
        }
      },
      "Security": {
        "#attributes": {
          "UserID": "S-1-5-20"
        }
      },
      "Task": 0,
      "TimeCreated": {
        "#attributes": {
          "SystemTime": "2020-04-14T08:57:59.542534Z"
        }
      },
      "Version": 0
    }
  }
}
Record 596
{
  "Event": {
    "#attributes": {
      "xmlns": "http://schemas.microsoft.com/win/2004/08/events/event"
    },
    "System": {
      "Channel": "Microsoft-Windows-TerminalServices-RemoteConnectionManager/Operational",
      "Computer": "DESKTOP-QATR41H",
      "Correlation": {
        "#attributes": {
          "ActivityID": "F4629EC5-FF51-4BDB-B714-582E3D1B0000"
        }
      },
      "EventID": 20523,
      "EventRecordID": 596,
      "Execution": {
        "#attributes": {
          "ProcessID": 1252,
          "ThreadID": 1416
        }
      },
      "Keywords": "0x1000000000000000",
      "Level": 4,
      "Opcode": 0,
      "Provider": {
        "#attributes": {
          "Guid": "C76BAA63-AE81-421C-B425-340B4B24157F",
          "Name": "Microsoft-Windows-TerminalServices-RemoteConnectionManager"
        }
      },
      "Security": {
        "#attributes": {
          "UserID": "S-1-5-20"
        }
      },
      "Task": 0,
      "TimeCreated": {
        "#attributes": {
          "SystemTime": "2020-04-14T08:57:59.544433Z"
        }
      },
      "Version": 0
    },
    "UserData": {
      "EventXML": {
        "#attributes": {
          "xmlns": "Event_NS"
        },
        "Class": "5828227C-20CF-4408-B73F-73AB70B8849F",
        "ListenerName": "RDP-Tcp"
      }
    }
  }
}
Record 597
{
  "Event": {
    "#attributes": {
      "xmlns": "http://schemas.microsoft.com/win/2004/08/events/event"
    },
    "EventData": null,
    "System": {
      "Channel": "Microsoft-Windows-TerminalServices-RemoteConnectionManager/Operational",
      "Computer": "DESKTOP-QATR41H",
      "Correlation": {
        "#attributes": {
          "ActivityID": "F4629EC5-FF51-4BDB-B714-582E3D1B0000"
        }
      },
      "EventID": 263,
      "EventRecordID": 597,
      "Execution": {
        "#attributes": {
          "ProcessID": 1252,
          "ThreadID": 1416
        }
      },
      "Keywords": "0x1000000000000000",
      "Level": 4,
      "Opcode": 0,
      "Provider": {
        "#attributes": {
          "Guid": "C76BAA63-AE81-421C-B425-340B4B24157F",
          "Name": "Microsoft-Windows-TerminalServices-RemoteConnectionManager"
        }
      },
      "Security": {
        "#attributes": {
          "UserID": "S-1-5-20"
        }
      },
      "Task": 0,
      "TimeCreated": {
        "#attributes": {
          "SystemTime": "2020-04-14T08:57:59.555269Z"
        }
      },
      "Version": 0
    }
  }
}
Record 598
{
  "Event": {
    "#attributes": {
      "xmlns": "http://schemas.microsoft.com/win/2004/08/events/event"
    },
    "System": {
      "Channel": "Microsoft-Windows-TerminalServices-RemoteConnectionManager/Operational",
      "Computer": "DESKTOP-QATR41H",
      "Correlation": {
        "#attributes": {
          "ActivityID": "F46293DE-C3E2-44D8-9098-E9CE00490000"
        }
      },
      "EventID": 20523,
      "EventRecordID": 598,
      "Execution": {
        "#attributes": {
          "ProcessID": 1252,
          "ThreadID": 1416
        }
      },
      "Keywords": "0x1000000000000000",
      "Level": 4,
      "Opcode": 0,
      "Provider": {
        "#attributes": {
          "Guid": "C76BAA63-AE81-421C-B425-340B4B24157F",
          "Name": "Microsoft-Windows-TerminalServices-RemoteConnectionManager"
        }
      },
      "Security": {
        "#attributes": {
          "UserID": "S-1-5-20"
        }
      },
      "Task": 0,
      "TimeCreated": {
        "#attributes": {
          "SystemTime": "2020-04-14T08:57:59.556705Z"
        }
      },
      "Version": 0
    },
    "UserData": {
      "EventXML": {
        "#attributes": {
          "xmlns": "Event_NS"
        },
        "Class": "5828227C-20CF-4408-B73F-73AB70B8849F",
        "ListenerName": "RDP-Tcp"
      }
    }
  }
}
Record 599
{
  "Event": {
    "#attributes": {
      "xmlns": "http://schemas.microsoft.com/win/2004/08/events/event"
    },
    "EventData": null,
    "System": {
      "Channel": "Microsoft-Windows-TerminalServices-RemoteConnectionManager/Operational",
      "Computer": "DESKTOP-QATR41H",
      "Correlation": {
        "#attributes": {
          "ActivityID": "F46293DE-C3E2-44D8-9098-E9CE00490000"
        }
      },
      "EventID": 263,
      "EventRecordID": 599,
      "Execution": {
        "#attributes": {
          "ProcessID": 1252,
          "ThreadID": 1416
        }
      },
      "Keywords": "0x1000000000000000",
      "Level": 4,
      "Opcode": 0,
      "Provider": {
        "#attributes": {
          "Guid": "C76BAA63-AE81-421C-B425-340B4B24157F",
          "Name": "Microsoft-Windows-TerminalServices-RemoteConnectionManager"
        }
      },
      "Security": {
        "#attributes": {
          "UserID": "S-1-5-20"
        }
      },
      "Task": 0,
      "TimeCreated": {
        "#attributes": {
          "SystemTime": "2020-04-14T08:57:59.568898Z"
        }
      },
      "Version": 0
    }
  }
}
Record 600
{
  "Event": {
    "#attributes": {
      "xmlns": "http://schemas.microsoft.com/win/2004/08/events/event"
    },
    "System": {
      "Channel": "Microsoft-Windows-TerminalServices-RemoteConnectionManager/Operational",
      "Computer": "DESKTOP-QATR41H",
      "Correlation": {
        "#attributes": {
          "ActivityID": "F4623705-E8A1-4B97-8C99-EFDCCDDA0000"
        }
      },
      "EventID": 20523,
      "EventRecordID": 600,
      "Execution": {
        "#attributes": {
          "ProcessID": 1252,
          "ThreadID": 1416
        }
      },
      "Keywords": "0x1000000000000000",
      "Level": 4,
      "Opcode": 0,
      "Provider": {
        "#attributes": {
          "Guid": "C76BAA63-AE81-421C-B425-340B4B24157F",
          "Name": "Microsoft-Windows-TerminalServices-RemoteConnectionManager"
        }
      },
      "Security": {
        "#attributes": {
          "UserID": "S-1-5-20"
        }
      },
      "Task": 0,
      "TimeCreated": {
        "#attributes": {
          "SystemTime": "2020-04-14T08:57:59.570797Z"
        }
      },
      "Version": 0
    },
    "UserData": {
      "EventXML": {
        "#attributes": {
          "xmlns": "Event_NS"
        },
        "Class": "5828227C-20CF-4408-B73F-73AB70B8849F",
        "ListenerName": "RDP-Tcp"
      }
    }
  }
}
