Record 1
{
  "Event": {
    "#attributes": {
      "xmlns": "http://schemas.microsoft.com/win/2004/08/events/event"
    },
    "System": {
      "Channel": "Microsoft-Windows-TerminalServices-RemoteConnectionManager/Operational",
      "Computer": "DESKTOP-QATR41H",
      "Correlation": {
        "#attributes": {
          "ActivityID": "F46202AE-7FFA-4B07-B012-6ED010FF0000"
        }
      },
      "EventID": 20523,
      "EventRecordID": 1,
      "Execution": {
        "#attributes": {
          "ProcessID": 2264,
          "ThreadID": 5036
        }
      },
      "Keywords": "0x1000000000000000",
      "Level": 4,
      "Opcode": 0,
      "Provider": {
        "#attributes": {
          "Guid": "C76BAA63-AE81-421C-B425-340B4B24157F",
          "Name": "Microsoft-Windows-TerminalServices-RemoteConnectionManager"
        }
      },
      "Security": {
        "#attributes": {
          "UserID": "S-1-5-20"
        }
      },
      "Task": 0,
      "TimeCreated": {
        "#attributes": {
          "SystemTime": "2020-04-09T17:02:23.406464Z"
        }
      },
      "Version": 0
    },
    "UserData": {
      "EventXML": {
        "#attributes": {
          "xmlns": "Event_NS"
        },
        "Class": "5828227C-20CF-4408-B73F-73AB70B8849F",
        "ListenerName": "RDP-Tcp"
      }
    }
  }
}
Record 2
{
  "Event": {
    "#attributes": {
      "xmlns": "http://schemas.microsoft.com/win/2004/08/events/event"
    },
    "System": {
      "Channel": "Microsoft-Windows-TerminalServices-RemoteConnectionManager/Operational",
      "Computer": "DESKTOP-QATR41H",
      "Correlation": {
        "#attributes": {
          "ActivityID": "F46202AE-7FFA-4B07-B012-6ED010FF0000"
        }
      },
      "EventID": 20523,
      "EventRecordID": 2,
      "Execution": {
        "#attributes": {
          "ProcessID": 2264,
          "ThreadID": 5036
        }
      },
      "Keywords": "0x1000000000000000",
      "Level": 4,
      "Opcode": 0,
      "Provider": {
        "#attributes": {
          "Guid": "C76BAA63-AE81-421C-B425-340B4B24157F",
          "Name": "Microsoft-Windows-TerminalServices-RemoteConnectionManager"
        }
      },
      "Security": {
        "#attributes": {
          "UserID": "S-1-5-20"
        }
      },
      "Task": 0,
      "TimeCreated": {
        "#attributes": {
          "SystemTime": "2020-04-09T17:02:23.799880Z"
        }
      },
      "Version": 0
    },
    "UserData": {
      "EventXML": {
        "#attributes": {
          "xmlns": "Event_NS"
        },
        "Class": "56CF02BC-F460-4BDA-AC40-6BD4EB9347D3",
        "ListenerName": "7A78855482A04FA781DC"
      }
    }
  }
}
Record 3
{
  "Event": {
    "#attributes": {
      "xmlns": "http://schemas.microsoft.com/win/2004/08/events/event"
    },
    "System": {
      "Channel": "Microsoft-Windows-TerminalServices-RemoteConnectionManager/Operational",
      "Computer": "DESKTOP-QATR41H",
      "Correlation": {
        "#attributes": {
          "ActivityID": "F46202AE-7FFA-4B07-B012-6ED010FF0000"
        }
      },
      "EventID": 258,
      "EventRecordID": 3,
      "Execution": {
        "#attributes": {
          "ProcessID": 2264,
          "ThreadID": 5036
        }
      },
      "Keywords": "0x1000000000000000",
      "Level": 4,
      "Opcode": 0,
      "Provider": {
        "#attributes": {
          "Guid": "C76BAA63-AE81-421C-B425-340B4B24157F",
          "Name": "Microsoft-Windows-TerminalServices-RemoteConnectionManager"
        }
      },
      "Security": {
        "#attributes": {
          "UserID": "S-1-5-20"
        }
      },
      "Task": 0,
      "TimeCreated": {
        "#attributes": {
          "SystemTime": "2020-04-09T17:02:23.803799Z"
        }
      },
      "Version": 0
    },
    "UserData": {
      "EventXML": {
        "#attributes": {
          "xmlns": "Event_NS"
        },
        "listenerName": "7A78855482A04FA781DC"
      }
    }
  }
}
Record 4
{
  "Event": {
    "#attributes": {
      "xmlns": "http://schemas.microsoft.com/win/2004/08/events/event"
    },
    "EventData": null,
    "System": {
      "Channel": "Microsoft-Windows-TerminalServices-RemoteConnectionManager/Operational",
      "Computer": "DESKTOP-QATR41H",
      "Correlation": {
        "#attributes": {
          "ActivityID": "F46202AE-7FFA-4B07-B012-6ED010FF0000"
        }
      },
      "EventID": 263,
      "EventRecordID": 4,
      "Execution": {
        "#attributes": {
          "ProcessID": 2264,
          "ThreadID": 5036
        }
      },
      "Keywords": "0x1000000000000000",
      "Level": 4,
      "Opcode": 0,
      "Provider": {
        "#attributes": {
          "Guid": "C76BAA63-AE81-421C-B425-340B4B24157F",
          "Name": "Microsoft-Windows-TerminalServices-RemoteConnectionManager"
        }
      },
      "Security": {
        "#attributes": {
          "UserID": "S-1-5-20"
        }
      },
      "Task": 0,
      "TimeCreated": {
        "#attributes": {
          "SystemTime": "2020-04-09T17:02:23.844261Z"
        }
      },
      "Version": 0
    }
  }
}
Record 5
{
  "Event": {
    "#attributes": {
      "xmlns": "http://schemas.microsoft.com/win/2004/08/events/event"
    },
    "System": {
      "Channel": "Microsoft-Windows-TerminalServices-RemoteConnectionManager/Operational",
      "Computer": "DESKTOP-QATR41H",
      "Correlation": {
        "#attributes": {
          "ActivityID": "F4622238-A35C-480C-9CB2-B696DFE60000"
        }
      },
      "EventID": 20523,
      "EventRecordID": 5,
      "Execution": {
        "#attributes": {
          "ProcessID": 2264,
          "ThreadID": 5036
        }
      },
      "Keywords": "0x1000000000000000",
      "Level": 4,
      "Opcode": 0,
      "Provider": {
        "#attributes": {
          "Guid": "C76BAA63-AE81-421C-B425-340B4B24157F",
          "Name": "Microsoft-Windows-TerminalServices-RemoteConnectionManager"
        }
      },
      "Security": {
        "#attributes": {
          "UserID": "S-1-5-20"
        }
      },
      "Task": 0,
      "TimeCreated": {
        "#attributes": {
          "SystemTime": "2020-04-09T17:02:23.881988Z"
        }
      },
      "Version": 0
    },
    "UserData": {
      "EventXML": {
        "#attributes": {
          "xmlns": "Event_NS"
        },
        "Class": "5828227C-20CF-4408-B73F-73AB70B8849F",
        "ListenerName": "RDP-Tcp"
      }
    }
  }
}
Record 6
{
  "Event": {
    "#attributes": {
      "xmlns": "http://schemas.microsoft.com/win/2004/08/events/event"
    },
    "EventData": null,
    "System": {
      "Channel": "Microsoft-Windows-TerminalServices-RemoteConnectionManager/Operational",
      "Computer": "DESKTOP-QATR41H",
      "Correlation": {
        "#attributes": {
          "ActivityID": "F4622238-A35C-480C-9CB2-B696DFE60000"
        }
      },
      "EventID": 263,
      "EventRecordID": 6,
      "Execution": {
        "#attributes": {
          "ProcessID": 2264,
          "ThreadID": 5036
        }
      },
      "Keywords": "0x1000000000000000",
      "Level": 4,
      "Opcode": 0,
      "Provider": {
        "#attributes": {
          "Guid": "C76BAA63-AE81-421C-B425-340B4B24157F",
          "Name": "Microsoft-Windows-TerminalServices-RemoteConnectionManager"
        }
      },
      "Security": {
        "#attributes": {
          "UserID": "S-1-5-20"
        }
      },
      "Task": 0,
      "TimeCreated": {
        "#attributes": {
          "SystemTime": "2020-04-09T17:02:23.897210Z"
        }
      },
      "Version": 0
    }
  }
}
Record 7
{
  "Event": {
    "#attributes": {
      "xmlns": "http://schemas.microsoft.com/win/2004/08/events/event"
    },
    "EventData": null,
    "System": {
      "Channel": "Microsoft-Windows-TerminalServices-RemoteConnectionManager/Operational",
      "Computer": "DESKTOP-QATR41H",
      "Correlation": null,
      "EventID": 1136,
      "EventRecordID": 7,
      "Execution": {
        "#attributes": {
          "ProcessID": 9592,
          "ThreadID": 588
        }
      },
      "Keywords": "0x1000000000000000",
      "Level": 4,
      "Opcode": 0,
      "Provider": {
        "#attributes": {
          "Guid": "C76BAA63-AE81-421C-B425-340B4B24157F",
          "Name": "Microsoft-Windows-TerminalServices-RemoteConnectionManager"
        }
      },
      "Security": {
        "#attributes": {
          "UserID": "S-1-5-18"
        }
      },
      "Task": 0,
      "TimeCreated": {
        "#attributes": {
          "SystemTime": "2020-04-09T17:02:23.944469Z"
        }
      },
      "Version": 0
    }
  }
}
Record 8
{
  "Event": {
    "#attributes": {
      "xmlns": "http://schemas.microsoft.com/win/2004/08/events/event"
    },
    "System": {
      "Channel": "Microsoft-Windows-TerminalServices-RemoteConnectionManager/Operational",
      "Computer": "DESKTOP-QATR41H",
      "Correlation": {
        "#attributes": {
          "ActivityID": "F4621517-87F1-470D-957C-B9965A340000"
        }
      },
      "EventID": 20523,
      "EventRecordID": 8,
      "Execution": {
        "#attributes": {
          "ProcessID": 2264,
          "ThreadID": 5036
        }
      },
      "Keywords": "0x1000000000000000",
      "Level": 4,
      "Opcode": 0,
      "Provider": {
        "#attributes": {
          "Guid": "C76BAA63-AE81-421C-B425-340B4B24157F",
          "Name": "Microsoft-Windows-TerminalServices-RemoteConnectionManager"
        }
      },
      "Security": {
        "#attributes": {
          "UserID": "S-1-5-20"
        }
      },
      "Task": 0,
      "TimeCreated": {
        "#attributes": {
          "SystemTime": "2020-04-09T17:02:24.257465Z"
        }
      },
      "Version": 0
    },
    "UserData": {
      "EventXML": {
        "#attributes": {
          "xmlns": "Event_NS"
        },
        "Class": "5828227C-20CF-4408-B73F-73AB70B8849F",
        "ListenerName": "RDP-Tcp"
      }
    }
  }
}
Record 9
{
  "Event": {
    "#attributes": {
      "xmlns": "http://schemas.microsoft.com/win/2004/08/events/event"
    },
    "EventData": null,
    "System": {
      "Channel": "Microsoft-Windows-TerminalServices-RemoteConnectionManager/Operational",
      "Computer": "DESKTOP-QATR41H",
      "Correlation": {
        "#attributes": {
          "ActivityID": "F4621517-87F1-470D-957C-B9965A340000"
        }
      },
      "EventID": 263,
      "EventRecordID": 9,
      "Execution": {
        "#attributes": {
          "ProcessID": 2264,
          "ThreadID": 5036
        }
      },
      "Keywords": "0x1000000000000000",
      "Level": 4,
      "Opcode": 0,
      "Provider": {
        "#attributes": {
          "Guid": "C76BAA63-AE81-421C-B425-340B4B24157F",
          "Name": "Microsoft-Windows-TerminalServices-RemoteConnectionManager"
        }
      },
      "Security": {
        "#attributes": {
          "UserID": "S-1-5-20"
        }
      },
      "Task": 0,
      "TimeCreated": {
        "#attributes": {
          "SystemTime": "2020-04-09T17:02:24.267278Z"
        }
      },
      "Version": 0
    }
  }
}
Record 10
{
  "Event": {
    "#attributes": {
      "xmlns": "http://schemas.microsoft.com/win/2004/08/events/event"
    },
    "System": {
      "Channel": "Microsoft-Windows-TerminalServices-RemoteConnectionManager/Operational",
      "Computer": "DESKTOP-QATR41H",
      "Correlation": {
        "#attributes": {
          "ActivityID": "F462D24A-4CF1-447D-A8B9-44CFB7A70000"
        }
      },
      "EventID": 20523,
      "EventRecordID": 10,
      "Execution": {
        "#attributes": {
          "ProcessID": 2264,
          "ThreadID": 5036
        }
      },
      "Keywords": "0x1000000000000000",
      "Level": 4,
      "Opcode": 0,
      "Provider": {
        "#attributes": {
          "Guid": "C76BAA63-AE81-421C-B425-340B4B24157F",
          "Name": "Microsoft-Windows-TerminalServices-RemoteConnectionManager"
        }
      },
      "Security": {
        "#attributes": {
          "UserID": "S-1-5-20"
        }
      },
      "Task": 0,
      "TimeCreated": {
        "#attributes": {
          "SystemTime": "2020-04-09T17:02:24.268605Z"
        }
      },
      "Version": 0
    },
    "UserData": {
      "EventXML": {
        "#attributes": {
          "xmlns": "Event_NS"
        },
        "Class": "5828227C-20CF-4408-B73F-73AB70B8849F",
        "ListenerName": "RDP-Tcp"
      }
    }
  }
}
Record 11
{
  "Event": {
    "#attributes": {
      "xmlns": "http://schemas.microsoft.com/win/2004/08/events/event"
    },
    "EventData": null,
    "System": {
      "Channel": "Microsoft-Windows-TerminalServices-RemoteConnectionManager/Operational",
      "Computer": "DESKTOP-QATR41H",
      "Correlation": {
        "#attributes": {
          "ActivityID": "F462D24A-4CF1-447D-A8B9-44CFB7A70000"
        }
      },
      "EventID": 263,
      "EventRecordID": 11,
      "Execution": {
        "#attributes": {
          "ProcessID": 2264,
          "ThreadID": 5036
        }
      },
      "Keywords": "0x1000000000000000",
      "Level": 4,
      "Opcode": 0,
      "Provider": {
        "#attributes": {
          "Guid": "C76BAA63-AE81-421C-B425-340B4B24157F",
          "Name": "Microsoft-Windows-TerminalServices-RemoteConnectionManager"
        }
      },
      "Security": {
        "#attributes": {
          "UserID": "S-1-5-20"
        }
      },
      "Task": 0,
      "TimeCreated": {
        "#attributes": {
          "SystemTime": "2020-04-09T17:02:24.278148Z"
        }
      },
      "Version": 0
    }
  }
}
Record 12
{
  "Event": {
    "#attributes": {
      "xmlns": "http://schemas.microsoft.com/win/2004/08/events/event"
    },
    "System": {
      "Channel": "Microsoft-Windows-TerminalServices-RemoteConnectionManager/Operational",
      "Computer": "DESKTOP-QATR41H",
      "Correlation": {
        "#attributes": {
          "ActivityID": "F4624B7F-3D0E-4583-A736-B3E37BED0000"
        }
      },
      "EventID": 20523,
      "EventRecordID": 12,
      "Execution": {
        "#attributes": {
          "ProcessID": 2264,
          "ThreadID": 5036
        }
      },
      "Keywords": "0x1000000000000000",
      "Level": 4,
      "Opcode": 0,
      "Provider": {
        "#attributes": {
          "Guid": "C76BAA63-AE81-421C-B425-340B4B24157F",
          "Name": "Microsoft-Windows-TerminalServices-RemoteConnectionManager"
        }
      },
      "Security": {
        "#attributes": {
          "UserID": "S-1-5-20"
        }
      },
      "Task": 0,
      "TimeCreated": {
        "#attributes": {
          "SystemTime": "2020-04-09T17:02:24.279439Z"
        }
      },
      "Version": 0
    },
    "UserData": {
      "EventXML": {
        "#attributes": {
          "xmlns": "Event_NS"
        },
        "Class": "5828227C-20CF-4408-B73F-73AB70B8849F",
        "ListenerName": "RDP-Tcp"
      }
    }
  }
}
Record 13
{
  "Event": {
    "#attributes": {
      "xmlns": "http://schemas.microsoft.com/win/2004/08/events/event"
    },
    "EventData": null,
    "System": {
      "Channel": "Microsoft-Windows-TerminalServices-RemoteConnectionManager/Operational",
      "Computer": "DESKTOP-QATR41H",
      "Correlation": {
        "#attributes": {
          "ActivityID": "F4624B7F-3D0E-4583-A736-B3E37BED0000"
        }
      },
      "EventID": 263,
      "EventRecordID": 13,
      "Execution": {
        "#attributes": {
          "ProcessID": 2264,
          "ThreadID": 5036
        }
      },
      "Keywords": "0x1000000000000000",
      "Level": 4,
      "Opcode": 0,
      "Provider": {
        "#attributes": {
          "Guid": "C76BAA63-AE81-421C-B425-340B4B24157F",
          "Name": "Microsoft-Windows-TerminalServices-RemoteConnectionManager"
        }
      },
      "Security": {
        "#attributes": {
          "UserID": "S-1-5-20"
        }
      },
      "Task": 0,
      "TimeCreated": {
        "#attributes": {
          "SystemTime": "2020-04-09T17:02:24.289713Z"
        }
      },
      "Version": 0
    }
  }
}
Record 14
{
  "Event": {
    "#attributes": {
      "xmlns": "http://schemas.microsoft.com/win/2004/08/events/event"
    },
    "System": {
      "Channel": "Microsoft-Windows-TerminalServices-RemoteConnectionManager/Operational",
      "Computer": "DESKTOP-QATR41H",
      "Correlation": {
        "#attributes": {
          "ActivityID": "F4623A9C-1731-4B92-811C-26FF058E0000"
        }
      },
      "EventID": 20523,
      "EventRecordID": 14,
      "Execution": {
        "#attributes": {
          "ProcessID": 1260,
          "ThreadID": 1356
        }
      },
      "Keywords": "0x1000000000000000",
      "Level": 4,
      "Opcode": 0,
      "Provider": {
        "#attributes": {
          "Guid": "C76BAA63-AE81-421C-B425-340B4B24157F",
          "Name": "Microsoft-Windows-TerminalServices-RemoteConnectionManager"
        }
      },
      "Security": {
        "#attributes": {
          "UserID": "S-1-5-20"
        }
      },
      "Task": 0,
      "TimeCreated": {
        "#attributes": {
          "SystemTime": "2020-04-09T17:07:02.401195Z"
        }
      },
      "Version": 0
    },
    "UserData": {
      "EventXML": {
        "#attributes": {
          "xmlns": "Event_NS"
        },
        "Class": "5828227C-20CF-4408-B73F-73AB70B8849F",
        "ListenerName": "RDP-Tcp"
      }
    }
  }
}
Record 15
{
  "Event": {
    "#attributes": {
      "xmlns": "http://schemas.microsoft.com/win/2004/08/events/event"
    },
    "System": {
      "Channel": "Microsoft-Windows-TerminalServices-RemoteConnectionManager/Operational",
      "Computer": "DESKTOP-QATR41H",
      "Correlation": {
        "#attributes": {
          "ActivityID": "F4623A9C-1731-4B92-811C-26FF058E0000"
        }
      },
      "EventID": 20523,
      "EventRecordID": 15,
      "Execution": {
        "#attributes": {
          "ProcessID": 1260,
          "ThreadID": 1356
        }
      },
      "Keywords": "0x1000000000000000",
      "Level": 4,
      "Opcode": 0,
      "Provider": {
        "#attributes": {
          "Guid": "C76BAA63-AE81-421C-B425-340B4B24157F",
          "Name": "Microsoft-Windows-TerminalServices-RemoteConnectionManager"
        }
      },
      "Security": {
        "#attributes": {
          "UserID": "S-1-5-20"
        }
      },
      "Task": 0,
      "TimeCreated": {
        "#attributes": {
          "SystemTime": "2020-04-09T17:07:02.504473Z"
        }
      },
      "Version": 0
    },
    "UserData": {
      "EventXML": {
        "#attributes": {
          "xmlns": "Event_NS"
        },
        "Class": "56CF02BC-F460-4BDA-AC40-6BD4EB9347D3",
        "ListenerName": "7A78855482A04FA781DC"
      }
    }
  }
}
Record 16
{
  "Event": {
    "#attributes": {
      "xmlns": "http://schemas.microsoft.com/win/2004/08/events/event"
    },
    "System": {
      "Channel": "Microsoft-Windows-TerminalServices-RemoteConnectionManager/Operational",
      "Computer": "DESKTOP-QATR41H",
      "Correlation": {
        "#attributes": {
          "ActivityID": "F4623A9C-1731-4B92-811C-26FF058E0000"
        }
      },
      "EventID": 258,
      "EventRecordID": 16,
      "Execution": {
        "#attributes": {
          "ProcessID": 1260,
          "ThreadID": 1356
        }
      },
      "Keywords": "0x1000000000000000",
      "Level": 4,
      "Opcode": 0,
      "Provider": {
        "#attributes": {
          "Guid": "C76BAA63-AE81-421C-B425-340B4B24157F",
          "Name": "Microsoft-Windows-TerminalServices-RemoteConnectionManager"
        }
      },
      "Security": {
        "#attributes": {
          "UserID": "S-1-5-20"
        }
      },
      "Task": 0,
      "TimeCreated": {
        "#attributes": {
          "SystemTime": "2020-04-09T17:07:02.507161Z"
        }
      },
      "Version": 0
    },
    "UserData": {
      "EventXML": {
        "#attributes": {
          "xmlns": "Event_NS"
        },
        "listenerName": "7A78855482A04FA781DC"
      }
    }
  }
}
Record 17
{
  "Event": {
    "#attributes": {
      "xmlns": "http://schemas.microsoft.com/win/2004/08/events/event"
    },
    "EventData": null,
    "System": {
      "Channel": "Microsoft-Windows-TerminalServices-RemoteConnectionManager/Operational",
      "Computer": "DESKTOP-QATR41H",
      "Correlation": {
        "#attributes": {
          "ActivityID": "F4623A9C-1731-4B92-811C-26FF058E0000"
        }
      },
      "EventID": 263,
      "EventRecordID": 17,
      "Execution": {
        "#attributes": {
          "ProcessID": 1260,
          "ThreadID": 1356
        }
      },
      "Keywords": "0x1000000000000000",
      "Level": 4,
      "Opcode": 0,
      "Provider": {
        "#attributes": {
          "Guid": "C76BAA63-AE81-421C-B425-340B4B24157F",
          "Name": "Microsoft-Windows-TerminalServices-RemoteConnectionManager"
        }
      },
      "Security": {
        "#attributes": {
          "UserID": "S-1-5-20"
        }
      },
      "Task": 0,
      "TimeCreated": {
        "#attributes": {
          "SystemTime": "2020-04-09T17:07:02.695531Z"
        }
      },
      "Version": 0
    }
  }
}
Record 18
{
  "Event": {
    "#attributes": {
      "xmlns": "http://schemas.microsoft.com/win/2004/08/events/event"
    },
    "System": {
      "Channel": "Microsoft-Windows-TerminalServices-RemoteConnectionManager/Operational",
      "Computer": "DESKTOP-QATR41H",
      "Correlation": {
        "#attributes": {
          "ActivityID": "F462F75D-B195-41B6-BA02-8FCFD6C10000"
        }
      },
      "EventID": 20523,
      "EventRecordID": 18,
      "Execution": {
        "#attributes": {
          "ProcessID": 1260,
          "ThreadID": 1356
        }
      },
      "Keywords": "0x1000000000000000",
      "Level": 4,
      "Opcode": 0,
      "Provider": {
        "#attributes": {
          "Guid": "C76BAA63-AE81-421C-B425-340B4B24157F",
          "Name": "Microsoft-Windows-TerminalServices-RemoteConnectionManager"
        }
      },
      "Security": {
        "#attributes": {
          "UserID": "S-1-5-20"
        }
      },
      "Task": 0,
      "TimeCreated": {
        "#attributes": {
          "SystemTime": "2020-04-09T17:07:02.807973Z"
        }
      },
      "Version": 0
    },
    "UserData": {
      "EventXML": {
        "#attributes": {
          "xmlns": "Event_NS"
        },
        "Class": "5828227C-20CF-4408-B73F-73AB70B8849F",
        "ListenerName": "RDP-Tcp"
      }
    }
  }
}
Record 19
{
  "Event": {
    "#attributes": {
      "xmlns": "http://schemas.microsoft.com/win/2004/08/events/event"
    },
    "EventData": null,
    "System": {
      "Channel": "Microsoft-Windows-TerminalServices-RemoteConnectionManager/Operational",
      "Computer": "DESKTOP-QATR41H",
      "Correlation": {
        "#attributes": {
          "ActivityID": "F462F75D-B195-41B6-BA02-8FCFD6C10000"
        }
      },
      "EventID": 263,
      "EventRecordID": 19,
      "Execution": {
        "#attributes": {
          "ProcessID": 1260,
          "ThreadID": 1356
        }
      },
      "Keywords": "0x1000000000000000",
      "Level": 4,
      "Opcode": 0,
      "Provider": {
        "#attributes": {
          "Guid": "C76BAA63-AE81-421C-B425-340B4B24157F",
          "Name": "Microsoft-Windows-TerminalServices-RemoteConnectionManager"
        }
      },
      "Security": {
        "#attributes": {
          "UserID": "S-1-5-20"
        }
      },
      "Task": 0,
      "TimeCreated": {
        "#attributes": {
          "SystemTime": "2020-04-09T17:07:02.823668Z"
        }
      },
      "Version": 0
    }
  }
}
Record 20
{
  "Event": {
    "#attributes": {
      "xmlns": "http://schemas.microsoft.com/win/2004/08/events/event"
    },
    "EventData": null,
    "System": {
      "Channel": "Microsoft-Windows-TerminalServices-RemoteConnectionManager/Operational",
      "Computer": "DESKTOP-QATR41H",
      "Correlation": null,
      "EventID": 1136,
      "EventRecordID": 20,
      "Execution": {
        "#attributes": {
          "ProcessID": 2664,
          "ThreadID": 2688
        }
      },
      "Keywords": "0x1000000000000000",
      "Level": 4,
      "Opcode": 0,
      "Provider": {
        "#attributes": {
          "Guid": "C76BAA63-AE81-421C-B425-340B4B24157F",
          "Name": "Microsoft-Windows-TerminalServices-RemoteConnectionManager"
        }
      },
      "Security": {
        "#attributes": {
          "UserID": "S-1-5-18"
        }
      },
      "Task": 0,
      "TimeCreated": {
        "#attributes": {
          "SystemTime": "2020-04-09T17:07:02.824792Z"
        }
      },
      "Version": 0
    }
  }
}
Record 21
{
  "Event": {
    "#attributes": {
      "xmlns": "http://schemas.microsoft.com/win/2004/08/events/event"
    },
    "System": {
      "Channel": "Microsoft-Windows-TerminalServices-RemoteConnectionManager/Operational",
      "Computer": "DESKTOP-QATR41H",
      "Correlation": {
        "#attributes": {
          "ActivityID": "F46208B7-311D-4499-8E0E-C8BBE8C30000"
        }
      },
      "EventID": 20523,
      "EventRecordID": 21,
      "Execution": {
        "#attributes": {
          "ProcessID": 1260,
          "ThreadID": 1356
        }
      },
      "Keywords": "0x1000000000000000",
      "Level": 4,
      "Opcode": 0,
      "Provider": {
        "#attributes": {
          "Guid": "C76BAA63-AE81-421C-B425-340B4B24157F",
          "Name": "Microsoft-Windows-TerminalServices-RemoteConnectionManager"
        }
      },
      "Security": {
        "#attributes": {
          "UserID": "S-1-5-20"
        }
      },
      "Task": 0,
      "TimeCreated": {
        "#attributes": {
          "SystemTime": "2020-04-09T17:07:02.825726Z"
        }
      },
      "Version": 0
    },
    "UserData": {
      "EventXML": {
        "#attributes": {
          "xmlns": "Event_NS"
        },
        "Class": "5828227C-20CF-4408-B73F-73AB70B8849F",
        "ListenerName": "RDP-Tcp"
      }
    }
  }
}
Record 22
{
  "Event": {
    "#attributes": {
      "xmlns": "http://schemas.microsoft.com/win/2004/08/events/event"
    },
    "EventData": null,
    "System": {
      "Channel": "Microsoft-Windows-TerminalServices-RemoteConnectionManager/Operational",
      "Computer": "DESKTOP-QATR41H",
      "Correlation": {
        "#attributes": {
          "ActivityID": "F46208B7-311D-4499-8E0E-C8BBE8C30000"
        }
      },
      "EventID": 263,
      "EventRecordID": 22,
      "Execution": {
        "#attributes": {
          "ProcessID": 1260,
          "ThreadID": 1356
        }
      },
      "Keywords": "0x1000000000000000",
      "Level": 4,
      "Opcode": 0,
      "Provider": {
        "#attributes": {
          "Guid": "C76BAA63-AE81-421C-B425-340B4B24157F",
          "Name": "Microsoft-Windows-TerminalServices-RemoteConnectionManager"
        }
      },
      "Security": {
        "#attributes": {
          "UserID": "S-1-5-20"
        }
      },
      "Task": 0,
      "TimeCreated": {
        "#attributes": {
          "SystemTime": "2020-04-09T17:07:02.839799Z"
        }
      },
      "Version": 0
    }
  }
}
Record 23
{
  "Event": {
    "#attributes": {
      "xmlns": "http://schemas.microsoft.com/win/2004/08/events/event"
    },
    "System": {
      "Channel": "Microsoft-Windows-TerminalServices-RemoteConnectionManager/Operational",
      "Computer": "DESKTOP-QATR41H",
      "Correlation": {
        "#attributes": {
          "ActivityID": "F4624233-F066-49C2-B965-E0DA534F0000"
        }
      },
      "EventID": 20523,
      "EventRecordID": 23,
      "Execution": {
        "#attributes": {
          "ProcessID": 1260,
          "ThreadID": 1356
        }
      },
      "Keywords": "0x1000000000000000",
      "Level": 4,
      "Opcode": 0,
      "Provider": {
        "#attributes": {
          "Guid": "C76BAA63-AE81-421C-B425-340B4B24157F",
          "Name": "Microsoft-Windows-TerminalServices-RemoteConnectionManager"
        }
      },
      "Security": {
        "#attributes": {
          "UserID": "S-1-5-20"
        }
      },
      "Task": 0,
      "TimeCreated": {
        "#attributes": {
          "SystemTime": "2020-04-09T17:07:02.841657Z"
        }
      },
      "Version": 0
    },
    "UserData": {
      "EventXML": {
        "#attributes": {
          "xmlns": "Event_NS"
        },
        "Class": "5828227C-20CF-4408-B73F-73AB70B8849F",
        "ListenerName": "RDP-Tcp"
      }
    }
  }
}
Record 24
{
  "Event": {
    "#attributes": {
      "xmlns": "http://schemas.microsoft.com/win/2004/08/events/event"
    },
    "EventData": null,
    "System": {
      "Channel": "Microsoft-Windows-TerminalServices-RemoteConnectionManager/Operational",
      "Computer": "DESKTOP-QATR41H",
      "Correlation": {
        "#attributes": {
          "ActivityID": "F4624233-F066-49C2-B965-E0DA534F0000"
        }
      },
      "EventID": 263,
      "EventRecordID": 24,
      "Execution": {
        "#attributes": {
          "ProcessID": 1260,
          "ThreadID": 1356
        }
      },
      "Keywords": "0x1000000000000000",
      "Level": 4,
      "Opcode": 0,
      "Provider": {
        "#attributes": {
          "Guid": "C76BAA63-AE81-421C-B425-340B4B24157F",
          "Name": "Microsoft-Windows-TerminalServices-RemoteConnectionManager"
        }
      },
      "Security": {
        "#attributes": {
          "UserID": "S-1-5-20"
        }
      },
      "Task": 0,
      "TimeCreated": {
        "#attributes": {
          "SystemTime": "2020-04-09T17:07:02.853860Z"
        }
      },
      "Version": 0
    }
  }
}
Record 25
{
  "Event": {
    "#attributes": {
      "xmlns": "http://schemas.microsoft.com/win/2004/08/events/event"
    },
    "System": {
      "Channel": "Microsoft-Windows-TerminalServices-RemoteConnectionManager/Operational",
      "Computer": "DESKTOP-QATR41H",
      "Correlation": {
        "#attributes": {
          "ActivityID": "F46227CE-0ED7-46C1-B534-B4EB44BB0000"
        }
      },
      "EventID": 20523,
      "EventRecordID": 25,
      "Execution": {
        "#attributes": {
          "ProcessID": 1260,
          "ThreadID": 1356
        }
      },
      "Keywords": "0x1000000000000000",
      "Level": 4,
      "Opcode": 0,
      "Provider": {
        "#attributes": {
          "Guid": "C76BAA63-AE81-421C-B425-340B4B24157F",
          "Name": "Microsoft-Windows-TerminalServices-RemoteConnectionManager"
        }
      },
      "Security": {
        "#attributes": {
          "UserID": "S-1-5-20"
        }
      },
      "Task": 0,
      "TimeCreated": {
        "#attributes": {
          "SystemTime": "2020-04-09T17:07:02.855555Z"
        }
      },
      "Version": 0
    },
    "UserData": {
      "EventXML": {
        "#attributes": {
          "xmlns": "Event_NS"
        },
        "Class": "5828227C-20CF-4408-B73F-73AB70B8849F",
        "ListenerName": "RDP-Tcp"
      }
    }
  }
}
Record 26
{
  "Event": {
    "#attributes": {
      "xmlns": "http://schemas.microsoft.com/win/2004/08/events/event"
    },
    "EventData": null,
    "System": {
      "Channel": "Microsoft-Windows-TerminalServices-RemoteConnectionManager/Operational",
      "Computer": "DESKTOP-QATR41H",
      "Correlation": {
        "#attributes": {
          "ActivityID": "F46227CE-0ED7-46C1-B534-B4EB44BB0000"
        }
      },
      "EventID": 263,
      "EventRecordID": 26,
      "Execution": {
        "#attributes": {
          "ProcessID": 1260,
          "ThreadID": 1356
        }
      },
      "Keywords": "0x1000000000000000",
      "Level": 4,
      "Opcode": 0,
      "Provider": {
        "#attributes": {
          "Guid": "C76BAA63-AE81-421C-B425-340B4B24157F",
          "Name": "Microsoft-Windows-TerminalServices-RemoteConnectionManager"
        }
      },
      "Security": {
        "#attributes": {
          "UserID": "S-1-5-20"
        }
      },
      "Task": 0,
      "TimeCreated": {
        "#attributes": {
          "SystemTime": "2020-04-09T17:07:02.868038Z"
        }
      },
      "Version": 0
    }
  }
}
Record 27
{
  "Event": {
    "#attributes": {
      "xmlns": "http://schemas.microsoft.com/win/2004/08/events/event"
    },
    "System": {
      "Channel": "Microsoft-Windows-TerminalServices-RemoteConnectionManager/Operational",
      "Computer": "DESKTOP-QATR41H",
      "Correlation": {
        "#attributes": {
          "ActivityID": "F46287D3-F2D2-4FC9-8B41-E1283F580000"
        }
      },
      "EventID": 20523,
      "EventRecordID": 27,
      "Execution": {
        "#attributes": {
          "ProcessID": 1260,
          "ThreadID": 1356
        }
      },
      "Keywords": "0x1000000000000000",
      "Level": 4,
      "Opcode": 0,
      "Provider": {
        "#attributes": {
          "Guid": "C76BAA63-AE81-421C-B425-340B4B24157F",
          "Name": "Microsoft-Windows-TerminalServices-RemoteConnectionManager"
        }
      },
      "Security": {
        "#attributes": {
          "UserID": "S-1-5-20"
        }
      },
      "Task": 0,
      "TimeCreated": {
        "#attributes": {
          "SystemTime": "2020-04-09T17:07:02.869609Z"
        }
      },
      "Version": 0
    },
    "UserData": {
      "EventXML": {
        "#attributes": {
          "xmlns": "Event_NS"
        },
        "Class": "5828227C-20CF-4408-B73F-73AB70B8849F",
        "ListenerName": "RDP-Tcp"
      }
    }
  }
}
Record 28
{
  "Event": {
    "#attributes": {
      "xmlns": "http://schemas.microsoft.com/win/2004/08/events/event"
    },
    "EventData": null,
    "System": {
      "Channel": "Microsoft-Windows-TerminalServices-RemoteConnectionManager/Operational",
      "Computer": "DESKTOP-QATR41H",
      "Correlation": {
        "#attributes": {
          "ActivityID": "F46287D3-F2D2-4FC9-8B41-E1283F580000"
        }
      },
      "EventID": 263,
      "EventRecordID": 28,
      "Execution": {
        "#attributes": {
          "ProcessID": 1260,
          "ThreadID": 1356
        }
      },
      "Keywords": "0x1000000000000000",
      "Level": 4,
      "Opcode": 0,
      "Provider": {
        "#attributes": {
          "Guid": "C76BAA63-AE81-421C-B425-340B4B24157F",
          "Name": "Microsoft-Windows-TerminalServices-RemoteConnectionManager"
        }
      },
      "Security": {
        "#attributes": {
          "UserID": "S-1-5-20"
        }
      },
      "Task": 0,
      "TimeCreated": {
        "#attributes": {
          "SystemTime": "2020-04-09T17:07:02.880745Z"
        }
      },
      "Version": 0
    }
  }
}
Record 29
{
  "Event": {
    "#attributes": {
      "xmlns": "http://schemas.microsoft.com/win/2004/08/events/event"
    },
    "System": {
      "Channel": "Microsoft-Windows-TerminalServices-RemoteConnectionManager/Operational",
      "Computer": "DESKTOP-QATR41H",
      "Correlation": {
        "#attributes": {
          "ActivityID": "F462EEE6-A31F-430B-BABA-BB476EF80000"
        }
      },
      "EventID": 20523,
      "EventRecordID": 29,
      "Execution": {
        "#attributes": {
          "ProcessID": 1260,
          "ThreadID": 1356
        }
      },
      "Keywords": "0x1000000000000000",
      "Level": 4,
      "Opcode": 0,
      "Provider": {
        "#attributes": {
          "Guid": "C76BAA63-AE81-421C-B425-340B4B24157F",
          "Name": "Microsoft-Windows-TerminalServices-RemoteConnectionManager"
        }
      },
      "Security": {
        "#attributes": {
          "UserID": "S-1-5-20"
        }
      },
      "Task": 0,
      "TimeCreated": {
        "#attributes": {
          "SystemTime": "2020-04-09T17:07:02.882593Z"
        }
      },
      "Version": 0
    },
    "UserData": {
      "EventXML": {
        "#attributes": {
          "xmlns": "Event_NS"
        },
        "Class": "5828227C-20CF-4408-B73F-73AB70B8849F",
        "ListenerName": "RDP-Tcp"
      }
    }
  }
}
Record 30
{
  "Event": {
    "#attributes": {
      "xmlns": "http://schemas.microsoft.com/win/2004/08/events/event"
    },
    "EventData": null,
    "System": {
      "Channel": "Microsoft-Windows-TerminalServices-RemoteConnectionManager/Operational",
      "Computer": "DESKTOP-QATR41H",
      "Correlation": {
        "#attributes": {
          "ActivityID": "F462EEE6-A31F-430B-BABA-BB476EF80000"
        }
      },
      "EventID": 263,
      "EventRecordID": 30,
      "Execution": {
        "#attributes": {
          "ProcessID": 1260,
          "ThreadID": 1356
        }
      },
      "Keywords": "0x1000000000000000",
      "Level": 4,
      "Opcode": 0,
      "Provider": {
        "#attributes": {
          "Guid": "C76BAA63-AE81-421C-B425-340B4B24157F",
          "Name": "Microsoft-Windows-TerminalServices-RemoteConnectionManager"
        }
      },
      "Security": {
        "#attributes": {
          "UserID": "S-1-5-20"
        }
      },
      "Task": 0,
      "TimeCreated": {
        "#attributes": {
          "SystemTime": "2020-04-09T17:07:02.893575Z"
        }
      },
      "Version": 0
    }
  }
}
Record 31
{
  "Event": {
    "#attributes": {
      "xmlns": "http://schemas.microsoft.com/win/2004/08/events/event"
    },
    "System": {
      "Channel": "Microsoft-Windows-TerminalServices-RemoteConnectionManager/Operational",
      "Computer": "DESKTOP-QATR41H",
      "Correlation": {
        "#attributes": {
          "ActivityID": "F462ADC8-0A10-48A5-8A71-5ABD30280000"
        }
      },
      "EventID": 20523,
      "EventRecordID": 31,
      "Execution": {
        "#attributes": {
          "ProcessID": 1260,
          "ThreadID": 1356
        }
      },
      "Keywords": "0x1000000000000000",
      "Level": 4,
      "Opcode": 0,
      "Provider": {
        "#attributes": {
          "Guid": "C76BAA63-AE81-421C-B425-340B4B24157F",
          "Name": "Microsoft-Windows-TerminalServices-RemoteConnectionManager"
        }
      },
      "Security": {
        "#attributes": {
          "UserID": "S-1-5-20"
        }
      },
      "Task": 0,
      "TimeCreated": {
        "#attributes": {
          "SystemTime": "2020-04-09T17:07:06.795163Z"
        }
      },
      "Version": 0
    },
    "UserData": {
      "EventXML": {
        "#attributes": {
          "xmlns": "Event_NS"
        },
        "Class": "5828227C-20CF-4408-B73F-73AB70B8849F",
        "ListenerName": "RDP-Tcp"
      }
    }
  }
}
Record 32
{
  "Event": {
    "#attributes": {
      "xmlns": "http://schemas.microsoft.com/win/2004/08/events/event"
    },
    "EventData": null,
    "System": {
      "Channel": "Microsoft-Windows-TerminalServices-RemoteConnectionManager/Operational",
      "Computer": "DESKTOP-QATR41H",
      "Correlation": {
        "#attributes": {
          "ActivityID": "F462ADC8-0A10-48A5-8A71-5ABD30280000"
        }
      },
      "EventID": 263,
      "EventRecordID": 32,
      "Execution": {
        "#attributes": {
          "ProcessID": 1260,
          "ThreadID": 1356
        }
      },
      "Keywords": "0x1000000000000000",
      "Level": 4,
      "Opcode": 0,
      "Provider": {
        "#attributes": {
          "Guid": "C76BAA63-AE81-421C-B425-340B4B24157F",
          "Name": "Microsoft-Windows-TerminalServices-RemoteConnectionManager"
        }
      },
      "Security": {
        "#attributes": {
          "UserID": "S-1-5-20"
        }
      },
      "Task": 0,
      "TimeCreated": {
        "#attributes": {
          "SystemTime": "2020-04-09T17:07:06.805414Z"
        }
      },
      "Version": 0
    }
  }
}
Record 33
{
  "Event": {
    "#attributes": {
      "xmlns": "http://schemas.microsoft.com/win/2004/08/events/event"
    },
    "System": {
      "Channel": "Microsoft-Windows-TerminalServices-RemoteConnectionManager/Operational",
      "Computer": "DESKTOP-QATR41H",
      "Correlation": {
        "#attributes": {
          "ActivityID": "F462CCF6-EBA4-4FC7-943C-E1687D370000"
        }
      },
      "EventID": 20523,
      "EventRecordID": 33,
      "Execution": {
        "#attributes": {
          "ProcessID": 1252,
          "ThreadID": 1436
        }
      },
      "Keywords": "0x1000000000000000",
      "Level": 4,
      "Opcode": 0,
      "Provider": {
        "#attributes": {
          "Guid": "C76BAA63-AE81-421C-B425-340B4B24157F",
          "Name": "Microsoft-Windows-TerminalServices-RemoteConnectionManager"
        }
      },
      "Security": {
        "#attributes": {
          "UserID": "S-1-5-20"
        }
      },
      "Task": 0,
      "TimeCreated": {
        "#attributes": {
          "SystemTime": "2020-04-09T17:54:16.747464Z"
        }
      },
      "Version": 0
    },
    "UserData": {
      "EventXML": {
        "#attributes": {
          "xmlns": "Event_NS"
        },
        "Class": "5828227C-20CF-4408-B73F-73AB70B8849F",
        "ListenerName": "RDP-Tcp"
      }
    }
  }
}
Record 34
{
  "Event": {
    "#attributes": {
      "xmlns": "http://schemas.microsoft.com/win/2004/08/events/event"
    },
    "System": {
      "Channel": "Microsoft-Windows-TerminalServices-RemoteConnectionManager/Operational",
      "Computer": "DESKTOP-QATR41H",
      "Correlation": {
        "#attributes": {
          "ActivityID": "F462CCF6-EBA4-4FC7-943C-E1687D370000"
        }
      },
      "EventID": 20523,
      "EventRecordID": 34,
      "Execution": {
        "#attributes": {
          "ProcessID": 1252,
          "ThreadID": 1436
        }
      },
      "Keywords": "0x1000000000000000",
      "Level": 4,
      "Opcode": 0,
      "Provider": {
        "#attributes": {
          "Guid": "C76BAA63-AE81-421C-B425-340B4B24157F",
          "Name": "Microsoft-Windows-TerminalServices-RemoteConnectionManager"
        }
      },
      "Security": {
        "#attributes": {
          "UserID": "S-1-5-20"
        }
      },
      "Task": 0,
      "TimeCreated": {
        "#attributes": {
          "SystemTime": "2020-04-09T17:54:16.930523Z"
        }
      },
      "Version": 0
    },
    "UserData": {
      "EventXML": {
        "#attributes": {
          "xmlns": "Event_NS"
        },
        "Class": "56CF02BC-F460-4BDA-AC40-6BD4EB9347D3",
        "ListenerName": "7A78855482A04FA781DC"
      }
    }
  }
}
Record 35
{
  "Event": {
    "#attributes": {
      "xmlns": "http://schemas.microsoft.com/win/2004/08/events/event"
    },
    "System": {
      "Channel": "Microsoft-Windows-TerminalServices-RemoteConnectionManager/Operational",
      "Computer": "DESKTOP-QATR41H",
      "Correlation": {
        "#attributes": {
          "ActivityID": "F462CCF6-EBA4-4FC7-943C-E1687D370000"
        }
      },
      "EventID": 258,
      "EventRecordID": 35,
      "Execution": {
        "#attributes": {
          "ProcessID": 1252,
          "ThreadID": 1436
        }
      },
      "Keywords": "0x1000000000000000",
      "Level": 4,
      "Opcode": 0,
      "Provider": {
        "#attributes": {
          "Guid": "C76BAA63-AE81-421C-B425-340B4B24157F",
          "Name": "Microsoft-Windows-TerminalServices-RemoteConnectionManager"
        }
      },
      "Security": {
        "#attributes": {
          "UserID": "S-1-5-20"
        }
      },
      "Task": 0,
      "TimeCreated": {
        "#attributes": {
          "SystemTime": "2020-04-09T17:54:16.933236Z"
        }
      },
      "Version": 0
    },
    "UserData": {
      "EventXML": {
        "#attributes": {
          "xmlns": "Event_NS"
        },
        "listenerName": "7A78855482A04FA781DC"
      }
    }
  }
}
Record 36
{
  "Event": {
    "#attributes": {
      "xmlns": "http://schemas.microsoft.com/win/2004/08/events/event"
    },
    "EventData": null,
    "System": {
      "Channel": "Microsoft-Windows-TerminalServices-RemoteConnectionManager/Operational",
      "Computer": "DESKTOP-QATR41H",
      "Correlation": {
        "#attributes": {
          "ActivityID": "F462CCF6-EBA4-4FC7-943C-E1687D370000"
        }
      },
      "EventID": 263,
      "EventRecordID": 36,
      "Execution": {
        "#attributes": {
          "ProcessID": 1252,
          "ThreadID": 1436
        }
      },
      "Keywords": "0x1000000000000000",
      "Level": 4,
      "Opcode": 0,
      "Provider": {
        "#attributes": {
          "Guid": "C76BAA63-AE81-421C-B425-340B4B24157F",
          "Name": "Microsoft-Windows-TerminalServices-RemoteConnectionManager"
        }
      },
      "Security": {
        "#attributes": {
          "UserID": "S-1-5-20"
        }
      },
      "Task": 0,
      "TimeCreated": {
        "#attributes": {
          "SystemTime": "2020-04-09T17:54:17.114758Z"
        }
      },
      "Version": 0
    }
  }
}
Record 37
{
  "Event": {
    "#attributes": {
      "xmlns": "http://schemas.microsoft.com/win/2004/08/events/event"
    },
    "EventData": null,
    "System": {
      "Channel": "Microsoft-Windows-TerminalServices-RemoteConnectionManager/Operational",
      "Computer": "DESKTOP-QATR41H",
      "Correlation": null,
      "EventID": 1136,
      "EventRecordID": 37,
      "Execution": {
        "#attributes": {
          "ProcessID": 2744,
          "ThreadID": 2768
        }
      },
      "Keywords": "0x1000000000000000",
      "Level": 4,
      "Opcode": 0,
      "Provider": {
        "#attributes": {
          "Guid": "C76BAA63-AE81-421C-B425-340B4B24157F",
          "Name": "Microsoft-Windows-TerminalServices-RemoteConnectionManager"
        }
      },
      "Security": {
        "#attributes": {
          "UserID": "S-1-5-18"
        }
      },
      "Task": 0,
      "TimeCreated": {
        "#attributes": {
          "SystemTime": "2020-04-09T17:54:17.234660Z"
        }
      },
      "Version": 0
    }
  }
}
Record 38
{
  "Event": {
    "#attributes": {
      "xmlns": "http://schemas.microsoft.com/win/2004/08/events/event"
    },
    "System": {
      "Channel": "Microsoft-Windows-TerminalServices-RemoteConnectionManager/Operational",
      "Computer": "DESKTOP-QATR41H",
      "Correlation": {
        "#attributes": {
          "ActivityID": "F462238F-AEA4-43CF-90E3-B3B15A970000"
        }
      },
      "EventID": 20523,
      "EventRecordID": 38,
      "Execution": {
        "#attributes": {
          "ProcessID": 1252,
          "ThreadID": 1436
        }
      },
      "Keywords": "0x1000000000000000",
      "Level": 4,
      "Opcode": 0,
      "Provider": {
        "#attributes": {
          "Guid": "C76BAA63-AE81-421C-B425-340B4B24157F",
          "Name": "Microsoft-Windows-TerminalServices-RemoteConnectionManager"
        }
      },
      "Security": {
        "#attributes": {
          "UserID": "S-1-5-20"
        }
      },
      "Task": 0,
      "TimeCreated": {
        "#attributes": {
          "SystemTime": "2020-04-09T17:54:17.249038Z"
        }
      },
      "Version": 0
    },
    "UserData": {
      "EventXML": {
        "#attributes": {
          "xmlns": "Event_NS"
        },
        "Class": "5828227C-20CF-4408-B73F-73AB70B8849F",
        "ListenerName": "RDP-Tcp"
      }
    }
  }
}
Record 39
{
  "Event": {
    "#attributes": {
      "xmlns": "http://schemas.microsoft.com/win/2004/08/events/event"
    },
    "EventData": null,
    "System": {
      "Channel": "Microsoft-Windows-TerminalServices-RemoteConnectionManager/Operational",
      "Computer": "DESKTOP-QATR41H",
      "Correlation": {
        "#attributes": {
          "ActivityID": "F462238F-AEA4-43CF-90E3-B3B15A970000"
        }
      },
      "EventID": 263,
      "EventRecordID": 39,
      "Execution": {
        "#attributes": {
          "ProcessID": 1252,
          "ThreadID": 1436
        }
      },
      "Keywords": "0x1000000000000000",
      "Level": 4,
      "Opcode": 0,
      "Provider": {
        "#attributes": {
          "Guid": "C76BAA63-AE81-421C-B425-340B4B24157F",
          "Name": "Microsoft-Windows-TerminalServices-RemoteConnectionManager"
        }
      },
      "Security": {
        "#attributes": {
          "UserID": "S-1-5-20"
        }
      },
      "Task": 0,
      "TimeCreated": {
        "#attributes": {
          "SystemTime": "2020-04-09T17:54:17.260799Z"
        }
      },
      "Version": 0
    }
  }
}
Record 40
{
  "Event": {
    "#attributes": {
      "xmlns": "http://schemas.microsoft.com/win/2004/08/events/event"
    },
    "System": {
      "Channel": "Microsoft-Windows-TerminalServices-RemoteConnectionManager/Operational",
      "Computer": "DESKTOP-QATR41H",
      "Correlation": {
        "#attributes": {
          "ActivityID": "F462AC89-F374-4D17-9B99-BBFC577C0000"
        }
      },
      "EventID": 20523,
      "EventRecordID": 40,
      "Execution": {
        "#attributes": {
          "ProcessID": 1252,
          "ThreadID": 1436
        }
      },
      "Keywords": "0x1000000000000000",
      "Level": 4,
      "Opcode": 0,
      "Provider": {
        "#attributes": {
          "Guid": "C76BAA63-AE81-421C-B425-340B4B24157F",
          "Name": "Microsoft-Windows-TerminalServices-RemoteConnectionManager"
        }
      },
      "Security": {
        "#attributes": {
          "UserID": "S-1-5-20"
        }
      },
      "Task": 0,
      "TimeCreated": {
        "#attributes": {
          "SystemTime": "2020-04-09T17:54:17.262327Z"
        }
      },
      "Version": 0
    },
    "UserData": {
      "EventXML": {
        "#attributes": {
          "xmlns": "Event_NS"
        },
        "Class": "5828227C-20CF-4408-B73F-73AB70B8849F",
        "ListenerName": "RDP-Tcp"
      }
    }
  }
}
