Record 321
{
  "Event": {
    "#attributes": {
      "xmlns": "http://schemas.microsoft.com/win/2004/08/events/event"
    },
    "EventData": null,
    "System": {
      "Channel": "Microsoft-Windows-TerminalServices-RemoteConnectionManager/Operational",
      "Computer": "DESKTOP-QATR41H",
      "Correlation": {
        "#attributes": {
          "ActivityID": "F4620EED-4F21-4B56-8C58-9247191E0000"
        }
      },
      "EventID": 263,
      "EventRecordID": 321,
      "Execution": {
        "#attributes": {
          "ProcessID": 1204,
          "ThreadID": 1436
        }
      },
      "Keywords": "0x1000000000000000",
      "Level": 4,
      "Opcode": 0,
      "Provider": {
        "#attributes": {
          "Guid": "C76BAA63-AE81-421C-B425-340B4B24157F",
          "Name": "Microsoft-Windows-TerminalServices-RemoteConnectionManager"
        }
      },
      "Security": {
        "#attributes": {
          "UserID": "S-1-5-20"
        }
      },
      "Task": 0,
      "TimeCreated": {
        "#attributes": {
          "SystemTime": "2020-04-12T13:52:44.782548Z"
        }
      },
      "Version": 0
    }
  }
}
Record 322
{
  "Event": {
    "#attributes": {
      "xmlns": "http://schemas.microsoft.com/win/2004/08/events/event"
    },
    "System": {
      "Channel": "Microsoft-Windows-TerminalServices-RemoteConnectionManager/Operational",
      "Computer": "DESKTOP-QATR41H",
      "Correlation": {
        "#attributes": {
          "ActivityID": "F462BBFB-08E6-4137-BCD2-F663FD480000"
        }
      },
      "EventID": 20523,
      "EventRecordID": 322,
      "Execution": {
        "#attributes": {
          "ProcessID": 1204,
          "ThreadID": 1436
        }
      },
      "Keywords": "0x1000000000000000",
      "Level": 4,
      "Opcode": 0,
      "Provider": {
        "#attributes": {
          "Guid": "C76BAA63-AE81-421C-B425-340B4B24157F",
          "Name": "Microsoft-Windows-TerminalServices-RemoteConnectionManager"
        }
      },
      "Security": {
        "#attributes": {
          "UserID": "S-1-5-20"
        }
      },
      "Task": 0,
      "TimeCreated": {
        "#attributes": {
          "SystemTime": "2020-04-12T13:52:44.784453Z"
        }
      },
      "Version": 0
    },
    "UserData": {
      "EventXML": {
        "#attributes": {
          "xmlns": "Event_NS"
        },
        "Class": "5828227C-20CF-4408-B73F-73AB70B8849F",
        "ListenerName": "RDP-Tcp"
      }
    }
  }
}
Record 323
{
  "Event": {
    "#attributes": {
      "xmlns": "http://schemas.microsoft.com/win/2004/08/events/event"
    },
    "EventData": null,
    "System": {
      "Channel": "Microsoft-Windows-TerminalServices-RemoteConnectionManager/Operational",
      "Computer": "DESKTOP-QATR41H",
      "Correlation": {
        "#attributes": {
          "ActivityID": "F462BBFB-08E6-4137-BCD2-F663FD480000"
        }
      },
      "EventID": 263,
      "EventRecordID": 323,
      "Execution": {
        "#attributes": {
          "ProcessID": 1204,
          "ThreadID": 1436
        }
      },
      "Keywords": "0x1000000000000000",
      "Level": 4,
      "Opcode": 0,
      "Provider": {
        "#attributes": {
          "Guid": "C76BAA63-AE81-421C-B425-340B4B24157F",
          "Name": "Microsoft-Windows-TerminalServices-RemoteConnectionManager"
        }
      },
      "Security": {
        "#attributes": {
          "UserID": "S-1-5-20"
        }
      },
      "Task": 0,
      "TimeCreated": {
        "#attributes": {
          "SystemTime": "2020-04-12T13:52:44.796809Z"
        }
      },
      "Version": 0
    }
  }
}
Record 324
{
  "Event": {
    "#attributes": {
      "xmlns": "http://schemas.microsoft.com/win/2004/08/events/event"
    },
    "System": {
      "Channel": "Microsoft-Windows-TerminalServices-RemoteConnectionManager/Operational",
      "Computer": "DESKTOP-QATR41H",
      "Correlation": {
        "#attributes": {
          "ActivityID": "F4623037-7476-4B80-A353-E19D1ECA0000"
        }
      },
      "EventID": 20523,
      "EventRecordID": 324,
      "Execution": {
        "#attributes": {
          "ProcessID": 1204,
          "ThreadID": 1436
        }
      },
      "Keywords": "0x1000000000000000",
      "Level": 4,
      "Opcode": 0,
      "Provider": {
        "#attributes": {
          "Guid": "C76BAA63-AE81-421C-B425-340B4B24157F",
          "Name": "Microsoft-Windows-TerminalServices-RemoteConnectionManager"
        }
      },
      "Security": {
        "#attributes": {
          "UserID": "S-1-5-20"
        }
      },
      "Task": 0,
      "TimeCreated": {
        "#attributes": {
          "SystemTime": "2020-04-12T13:52:44.798726Z"
        }
      },
      "Version": 0
    },
    "UserData": {
      "EventXML": {
        "#attributes": {
          "xmlns": "Event_NS"
        },
        "Class": "5828227C-20CF-4408-B73F-73AB70B8849F",
        "ListenerName": "RDP-Tcp"
      }
    }
  }
}
Record 325
{
  "Event": {
    "#attributes": {
      "xmlns": "http://schemas.microsoft.com/win/2004/08/events/event"
    },
    "EventData": null,
    "System": {
      "Channel": "Microsoft-Windows-TerminalServices-RemoteConnectionManager/Operational",
      "Computer": "DESKTOP-QATR41H",
      "Correlation": {
        "#attributes": {
          "ActivityID": "F4623037-7476-4B80-A353-E19D1ECA0000"
        }
      },
      "EventID": 263,
      "EventRecordID": 325,
      "Execution": {
        "#attributes": {
          "ProcessID": 1204,
          "ThreadID": 1436
        }
      },
      "Keywords": "0x1000000000000000",
      "Level": 4,
      "Opcode": 0,
      "Provider": {
        "#attributes": {
          "Guid": "C76BAA63-AE81-421C-B425-340B4B24157F",
          "Name": "Microsoft-Windows-TerminalServices-RemoteConnectionManager"
        }
      },
      "Security": {
        "#attributes": {
          "UserID": "S-1-5-20"
        }
      },
      "Task": 0,
      "TimeCreated": {
        "#attributes": {
          "SystemTime": "2020-04-12T13:52:44.810170Z"
        }
      },
      "Version": 0
    }
  }
}
Record 326
{
  "Event": {
    "#attributes": {
      "xmlns": "http://schemas.microsoft.com/win/2004/08/events/event"
    },
    "System": {
      "Channel": "Microsoft-Windows-TerminalServices-RemoteConnectionManager/Operational",
      "Computer": "DESKTOP-QATR41H",
      "Correlation": {
        "#attributes": {
          "ActivityID": "F462A42E-92D4-4B1B-AA61-EC623A750000"
        }
      },
      "EventID": 20523,
      "EventRecordID": 326,
      "Execution": {
        "#attributes": {
          "ProcessID": 1204,
          "ThreadID": 1436
        }
      },
      "Keywords": "0x1000000000000000",
      "Level": 4,
      "Opcode": 0,
      "Provider": {
        "#attributes": {
          "Guid": "C76BAA63-AE81-421C-B425-340B4B24157F",
          "Name": "Microsoft-Windows-TerminalServices-RemoteConnectionManager"
        }
      },
      "Security": {
        "#attributes": {
          "UserID": "S-1-5-20"
        }
      },
      "Task": 0,
      "TimeCreated": {
        "#attributes": {
          "SystemTime": "2020-04-12T13:52:44.811959Z"
        }
      },
      "Version": 0
    },
    "UserData": {
      "EventXML": {
        "#attributes": {
          "xmlns": "Event_NS"
        },
        "Class": "5828227C-20CF-4408-B73F-73AB70B8849F",
        "ListenerName": "RDP-Tcp"
      }
    }
  }
}
Record 327
{
  "Event": {
    "#attributes": {
      "xmlns": "http://schemas.microsoft.com/win/2004/08/events/event"
    },
    "EventData": null,
    "System": {
      "Channel": "Microsoft-Windows-TerminalServices-RemoteConnectionManager/Operational",
      "Computer": "DESKTOP-QATR41H",
      "Correlation": {
        "#attributes": {
          "ActivityID": "F462A42E-92D4-4B1B-AA61-EC623A750000"
        }
      },
      "EventID": 263,
      "EventRecordID": 327,
      "Execution": {
        "#attributes": {
          "ProcessID": 1204,
          "ThreadID": 1436
        }
      },
      "Keywords": "0x1000000000000000",
      "Level": 4,
      "Opcode": 0,
      "Provider": {
        "#attributes": {
          "Guid": "C76BAA63-AE81-421C-B425-340B4B24157F",
          "Name": "Microsoft-Windows-TerminalServices-RemoteConnectionManager"
        }
      },
      "Security": {
        "#attributes": {
          "UserID": "S-1-5-20"
        }
      },
      "Task": 0,
      "TimeCreated": {
        "#attributes": {
          "SystemTime": "2020-04-12T13:52:44.823659Z"
        }
      },
      "Version": 0
    }
  }
}
Record 328
{
  "Event": {
    "#attributes": {
      "xmlns": "http://schemas.microsoft.com/win/2004/08/events/event"
    },
    "System": {
      "Channel": "Microsoft-Windows-TerminalServices-RemoteConnectionManager/Operational",
      "Computer": "DESKTOP-QATR41H",
      "Correlation": {
        "#attributes": {
          "ActivityID": "F4620894-E16E-459D-B23C-A6EAEE710000"
        }
      },
      "EventID": 20523,
      "EventRecordID": 328,
      "Execution": {
        "#attributes": {
          "ProcessID": 1204,
          "ThreadID": 1436
        }
      },
      "Keywords": "0x1000000000000000",
      "Level": 4,
      "Opcode": 0,
      "Provider": {
        "#attributes": {
          "Guid": "C76BAA63-AE81-421C-B425-340B4B24157F",
          "Name": "Microsoft-Windows-TerminalServices-RemoteConnectionManager"
        }
      },
      "Security": {
        "#attributes": {
          "UserID": "S-1-5-20"
        }
      },
      "Task": 0,
      "TimeCreated": {
        "#attributes": {
          "SystemTime": "2020-04-12T13:52:44.825358Z"
        }
      },
      "Version": 0
    },
    "UserData": {
      "EventXML": {
        "#attributes": {
          "xmlns": "Event_NS"
        },
        "Class": "5828227C-20CF-4408-B73F-73AB70B8849F",
        "ListenerName": "RDP-Tcp"
      }
    }
  }
}
Record 329
{
  "Event": {
    "#attributes": {
      "xmlns": "http://schemas.microsoft.com/win/2004/08/events/event"
    },
    "EventData": null,
    "System": {
      "Channel": "Microsoft-Windows-TerminalServices-RemoteConnectionManager/Operational",
      "Computer": "DESKTOP-QATR41H",
      "Correlation": {
        "#attributes": {
          "ActivityID": "F4620894-E16E-459D-B23C-A6EAEE710000"
        }
      },
      "EventID": 263,
      "EventRecordID": 329,
      "Execution": {
        "#attributes": {
          "ProcessID": 1204,
          "ThreadID": 1436
        }
      },
      "Keywords": "0x1000000000000000",
      "Level": 4,
      "Opcode": 0,
      "Provider": {
        "#attributes": {
          "Guid": "C76BAA63-AE81-421C-B425-340B4B24157F",
          "Name": "Microsoft-Windows-TerminalServices-RemoteConnectionManager"
        }
      },
      "Security": {
        "#attributes": {
          "UserID": "S-1-5-20"
        }
      },
      "Task": 0,
      "TimeCreated": {
        "#attributes": {
          "SystemTime": "2020-04-12T13:52:44.835949Z"
        }
      },
      "Version": 0
    }
  }
}
Record 330
{
  "Event": {
    "#attributes": {
      "xmlns": "http://schemas.microsoft.com/win/2004/08/events/event"
    },
    "System": {
      "Channel": "Microsoft-Windows-TerminalServices-RemoteConnectionManager/Operational",
      "Computer": "DESKTOP-QATR41H",
      "Correlation": {
        "#attributes": {
          "ActivityID": "F462D8D2-9E9A-494F-B4A0-D988F72C0000"
        }
      },
      "EventID": 20523,
      "EventRecordID": 330,
      "Execution": {
        "#attributes": {
          "ProcessID": 1204,
          "ThreadID": 1436
        }
      },
      "Keywords": "0x1000000000000000",
      "Level": 4,
      "Opcode": 0,
      "Provider": {
        "#attributes": {
          "Guid": "C76BAA63-AE81-421C-B425-340B4B24157F",
          "Name": "Microsoft-Windows-TerminalServices-RemoteConnectionManager"
        }
      },
      "Security": {
        "#attributes": {
          "UserID": "S-1-5-20"
        }
      },
      "Task": 0,
      "TimeCreated": {
        "#attributes": {
          "SystemTime": "2020-04-12T13:52:44.837504Z"
        }
      },
      "Version": 0
    },
    "UserData": {
      "EventXML": {
        "#attributes": {
          "xmlns": "Event_NS"
        },
        "Class": "5828227C-20CF-4408-B73F-73AB70B8849F",
        "ListenerName": "RDP-Tcp"
      }
    }
  }
}
Record 331
{
  "Event": {
    "#attributes": {
      "xmlns": "http://schemas.microsoft.com/win/2004/08/events/event"
    },
    "EventData": null,
    "System": {
      "Channel": "Microsoft-Windows-TerminalServices-RemoteConnectionManager/Operational",
      "Computer": "DESKTOP-QATR41H",
      "Correlation": {
        "#attributes": {
          "ActivityID": "F462D8D2-9E9A-494F-B4A0-D988F72C0000"
        }
      },
      "EventID": 263,
      "EventRecordID": 331,
      "Execution": {
        "#attributes": {
          "ProcessID": 1204,
          "ThreadID": 1436
        }
      },
      "Keywords": "0x1000000000000000",
      "Level": 4,
      "Opcode": 0,
      "Provider": {
        "#attributes": {
          "Guid": "C76BAA63-AE81-421C-B425-340B4B24157F",
          "Name": "Microsoft-Windows-TerminalServices-RemoteConnectionManager"
        }
      },
      "Security": {
        "#attributes": {
          "UserID": "S-1-5-20"
        }
      },
      "Task": 0,
      "TimeCreated": {
        "#attributes": {
          "SystemTime": "2020-04-12T13:52:44.848965Z"
        }
      },
      "Version": 0
    }
  }
}
Record 332
{
  "Event": {
    "#attributes": {
      "xmlns": "http://schemas.microsoft.com/win/2004/08/events/event"
    },
    "System": {
      "Channel": "Microsoft-Windows-TerminalServices-RemoteConnectionManager/Operational",
      "Computer": "DESKTOP-QATR41H",
      "Correlation": {
        "#attributes": {
          "ActivityID": "F4624778-58BA-4998-948B-0EC75D110000"
        }
      },
      "EventID": 20523,
      "EventRecordID": 332,
      "Execution": {
        "#attributes": {
          "ProcessID": 1196,
          "ThreadID": 1372
        }
      },
      "Keywords": "0x1000000000000000",
      "Level": 4,
      "Opcode": 0,
      "Provider": {
        "#attributes": {
          "Guid": "C76BAA63-AE81-421C-B425-340B4B24157F",
          "Name": "Microsoft-Windows-TerminalServices-RemoteConnectionManager"
        }
      },
      "Security": {
        "#attributes": {
          "UserID": "S-1-5-20"
        }
      },
      "Task": 0,
      "TimeCreated": {
        "#attributes": {
          "SystemTime": "2020-04-12T14:31:23.336327Z"
        }
      },
      "Version": 0
    },
    "UserData": {
      "EventXML": {
        "#attributes": {
          "xmlns": "Event_NS"
        },
        "Class": "5828227C-20CF-4408-B73F-73AB70B8849F",
        "ListenerName": "RDP-Tcp"
      }
    }
  }
}
Record 333
{
  "Event": {
    "#attributes": {
      "xmlns": "http://schemas.microsoft.com/win/2004/08/events/event"
    },
    "System": {
      "Channel": "Microsoft-Windows-TerminalServices-RemoteConnectionManager/Operational",
      "Computer": "DESKTOP-QATR41H",
      "Correlation": {
        "#attributes": {
          "ActivityID": "F4624778-58BA-4998-948B-0EC75D110000"
        }
      },
      "EventID": 20523,
      "EventRecordID": 333,
      "Execution": {
        "#attributes": {
          "ProcessID": 1196,
          "ThreadID": 1372
        }
      },
      "Keywords": "0x1000000000000000",
      "Level": 4,
      "Opcode": 0,
      "Provider": {
        "#attributes": {
          "Guid": "C76BAA63-AE81-421C-B425-340B4B24157F",
          "Name": "Microsoft-Windows-TerminalServices-RemoteConnectionManager"
        }
      },
      "Security": {
        "#attributes": {
          "UserID": "S-1-5-20"
        }
      },
      "Task": 0,
      "TimeCreated": {
        "#attributes": {
          "SystemTime": "2020-04-12T14:31:23.532967Z"
        }
      },
      "Version": 0
    },
    "UserData": {
      "EventXML": {
        "#attributes": {
          "xmlns": "Event_NS"
        },
        "Class": "56CF02BC-F460-4BDA-AC40-6BD4EB9347D3",
        "ListenerName": "7A78855482A04FA781DC"
      }
    }
  }
}
Record 334
{
  "Event": {
    "#attributes": {
      "xmlns": "http://schemas.microsoft.com/win/2004/08/events/event"
    },
    "System": {
      "Channel": "Microsoft-Windows-TerminalServices-RemoteConnectionManager/Operational",
      "Computer": "DESKTOP-QATR41H",
      "Correlation": {
        "#attributes": {
          "ActivityID": "F4624778-58BA-4998-948B-0EC75D110000"
        }
      },
      "EventID": 258,
      "EventRecordID": 334,
      "Execution": {
        "#attributes": {
          "ProcessID": 1196,
          "ThreadID": 1372
        }
      },
      "Keywords": "0x1000000000000000",
      "Level": 4,
      "Opcode": 0,
      "Provider": {
        "#attributes": {
          "Guid": "C76BAA63-AE81-421C-B425-340B4B24157F",
          "Name": "Microsoft-Windows-TerminalServices-RemoteConnectionManager"
        }
      },
      "Security": {
        "#attributes": {
          "UserID": "S-1-5-20"
        }
      },
      "Task": 0,
      "TimeCreated": {
        "#attributes": {
          "SystemTime": "2020-04-12T14:31:23.535021Z"
        }
      },
      "Version": 0
    },
    "UserData": {
      "EventXML": {
        "#attributes": {
          "xmlns": "Event_NS"
        },
        "listenerName": "7A78855482A04FA781DC"
      }
    }
  }
}
Record 335
{
  "Event": {
    "#attributes": {
      "xmlns": "http://schemas.microsoft.com/win/2004/08/events/event"
    },
    "EventData": null,
    "System": {
      "Channel": "Microsoft-Windows-TerminalServices-RemoteConnectionManager/Operational",
      "Computer": "DESKTOP-QATR41H",
      "Correlation": {
        "#attributes": {
          "ActivityID": "F4624778-58BA-4998-948B-0EC75D110000"
        }
      },
      "EventID": 263,
      "EventRecordID": 335,
      "Execution": {
        "#attributes": {
          "ProcessID": 1196,
          "ThreadID": 1372
        }
      },
      "Keywords": "0x1000000000000000",
      "Level": 4,
      "Opcode": 0,
      "Provider": {
        "#attributes": {
          "Guid": "C76BAA63-AE81-421C-B425-340B4B24157F",
          "Name": "Microsoft-Windows-TerminalServices-RemoteConnectionManager"
        }
      },
      "Security": {
        "#attributes": {
          "UserID": "S-1-5-20"
        }
      },
      "Task": 0,
      "TimeCreated": {
        "#attributes": {
          "SystemTime": "2020-04-12T14:31:23.743953Z"
        }
      },
      "Version": 0
    }
  }
}
Record 336
{
  "Event": {
    "#attributes": {
      "xmlns": "http://schemas.microsoft.com/win/2004/08/events/event"
    },
    "System": {
      "Channel": "Microsoft-Windows-TerminalServices-RemoteConnectionManager/Operational",
      "Computer": "DESKTOP-QATR41H",
      "Correlation": {
        "#attributes": {
          "ActivityID": "F462BD05-2187-4464-BD41-6D80AB120000"
        }
      },
      "EventID": 20523,
      "EventRecordID": 336,
      "Execution": {
        "#attributes": {
          "ProcessID": 1196,
          "ThreadID": 1372
        }
      },
      "Keywords": "0x1000000000000000",
      "Level": 4,
      "Opcode": 0,
      "Provider": {
        "#attributes": {
          "Guid": "C76BAA63-AE81-421C-B425-340B4B24157F",
          "Name": "Microsoft-Windows-TerminalServices-RemoteConnectionManager"
        }
      },
      "Security": {
        "#attributes": {
          "UserID": "S-1-5-20"
        }
      },
      "Task": 0,
      "TimeCreated": {
        "#attributes": {
          "SystemTime": "2020-04-12T14:31:23.852741Z"
        }
      },
      "Version": 0
    },
    "UserData": {
      "EventXML": {
        "#attributes": {
          "xmlns": "Event_NS"
        },
        "Class": "5828227C-20CF-4408-B73F-73AB70B8849F",
        "ListenerName": "RDP-Tcp"
      }
    }
  }
}
Record 337
{
  "Event": {
    "#attributes": {
      "xmlns": "http://schemas.microsoft.com/win/2004/08/events/event"
    },
    "EventData": null,
    "System": {
      "Channel": "Microsoft-Windows-TerminalServices-RemoteConnectionManager/Operational",
      "Computer": "DESKTOP-QATR41H",
      "Correlation": {
        "#attributes": {
          "ActivityID": "F462BD05-2187-4464-BD41-6D80AB120000"
        }
      },
      "EventID": 263,
      "EventRecordID": 337,
      "Execution": {
        "#attributes": {
          "ProcessID": 1196,
          "ThreadID": 1372
        }
      },
      "Keywords": "0x1000000000000000",
      "Level": 4,
      "Opcode": 0,
      "Provider": {
        "#attributes": {
          "Guid": "C76BAA63-AE81-421C-B425-340B4B24157F",
          "Name": "Microsoft-Windows-TerminalServices-RemoteConnectionManager"
        }
      },
      "Security": {
        "#attributes": {
          "UserID": "S-1-5-20"
        }
      },
      "Task": 0,
      "TimeCreated": {
        "#attributes": {
          "SystemTime": "2020-04-12T14:31:23.863179Z"
        }
      },
      "Version": 0
    }
  }
}
Record 338
{
  "Event": {
    "#attributes": {
      "xmlns": "http://schemas.microsoft.com/win/2004/08/events/event"
    },
    "System": {
      "Channel": "Microsoft-Windows-TerminalServices-RemoteConnectionManager/Operational",
      "Computer": "DESKTOP-QATR41H",
      "Correlation": {
        "#attributes": {
          "ActivityID": "F462C57C-5511-4410-8DC0-4E5623490000"
        }
      },
      "EventID": 20523,
      "EventRecordID": 338,
      "Execution": {
        "#attributes": {
          "ProcessID": 1196,
          "ThreadID": 1372
        }
      },
      "Keywords": "0x1000000000000000",
      "Level": 4,
      "Opcode": 0,
      "Provider": {
        "#attributes": {
          "Guid": "C76BAA63-AE81-421C-B425-340B4B24157F",
          "Name": "Microsoft-Windows-TerminalServices-RemoteConnectionManager"
        }
      },
      "Security": {
        "#attributes": {
          "UserID": "S-1-5-20"
        }
      },
      "Task": 0,
      "TimeCreated": {
        "#attributes": {
          "SystemTime": "2020-04-12T14:31:23.864608Z"
        }
      },
      "Version": 0
    },
    "UserData": {
      "EventXML": {
        "#attributes": {
          "xmlns": "Event_NS"
        },
        "Class": "5828227C-20CF-4408-B73F-73AB70B8849F",
        "ListenerName": "RDP-Tcp"
      }
    }
  }
}
Record 339
{
  "Event": {
    "#attributes": {
      "xmlns": "http://schemas.microsoft.com/win/2004/08/events/event"
    },
    "EventData": null,
    "System": {
      "Channel": "Microsoft-Windows-TerminalServices-RemoteConnectionManager/Operational",
      "Computer": "DESKTOP-QATR41H",
      "Correlation": null,
      "EventID": 1136,
      "EventRecordID": 339,
      "Execution": {
        "#attributes": {
          "ProcessID": 2536,
          "ThreadID": 2576
        }
      },
      "Keywords": "0x1000000000000000",
      "Level": 4,
      "Opcode": 0,
      "Provider": {
        "#attributes": {
          "Guid": "C76BAA63-AE81-421C-B425-340B4B24157F",
          "Name": "Microsoft-Windows-TerminalServices-RemoteConnectionManager"
        }
      },
      "Security": {
        "#attributes": {
          "UserID": "S-1-5-18"
        }
      },
      "Task": 0,
      "TimeCreated": {
        "#attributes": {
          "SystemTime": "2020-04-12T14:31:23.864813Z"
        }
      },
      "Version": 0
    }
  }
}
Record 340
{
  "Event": {
    "#attributes": {
      "xmlns": "http://schemas.microsoft.com/win/2004/08/events/event"
    },
    "EventData": null,
    "System": {
      "Channel": "Microsoft-Windows-TerminalServices-RemoteConnectionManager/Operational",
      "Computer": "DESKTOP-QATR41H",
      "Correlation": {
        "#attributes": {
          "ActivityID": "F462C57C-5511-4410-8DC0-4E5623490000"
        }
      },
      "EventID": 263,
      "EventRecordID": 340,
      "Execution": {
        "#attributes": {
          "ProcessID": 1196,
          "ThreadID": 1372
        }
      },
      "Keywords": "0x1000000000000000",
      "Level": 4,
      "Opcode": 0,
      "Provider": {
        "#attributes": {
          "Guid": "C76BAA63-AE81-421C-B425-340B4B24157F",
          "Name": "Microsoft-Windows-TerminalServices-RemoteConnectionManager"
        }
      },
      "Security": {
        "#attributes": {
          "UserID": "S-1-5-20"
        }
      },
      "Task": 0,
      "TimeCreated": {
        "#attributes": {
          "SystemTime": "2020-04-12T14:31:23.878325Z"
        }
      },
      "Version": 0
    }
  }
}
Record 341
{
  "Event": {
    "#attributes": {
      "xmlns": "http://schemas.microsoft.com/win/2004/08/events/event"
    },
    "System": {
      "Channel": "Microsoft-Windows-TerminalServices-RemoteConnectionManager/Operational",
      "Computer": "DESKTOP-QATR41H",
      "Correlation": {
        "#attributes": {
          "ActivityID": "F4622360-7677-4C9E-AD8B-44A3FD3A0000"
        }
      },
      "EventID": 20523,
      "EventRecordID": 341,
      "Execution": {
        "#attributes": {
          "ProcessID": 1196,
          "ThreadID": 1372
        }
      },
      "Keywords": "0x1000000000000000",
      "Level": 4,
      "Opcode": 0,
      "Provider": {
        "#attributes": {
          "Guid": "C76BAA63-AE81-421C-B425-340B4B24157F",
          "Name": "Microsoft-Windows-TerminalServices-RemoteConnectionManager"
        }
      },
      "Security": {
        "#attributes": {
          "UserID": "S-1-5-20"
        }
      },
      "Task": 0,
      "TimeCreated": {
        "#attributes": {
          "SystemTime": "2020-04-12T14:31:23.880117Z"
        }
      },
      "Version": 0
    },
    "UserData": {
      "EventXML": {
        "#attributes": {
          "xmlns": "Event_NS"
        },
        "Class": "5828227C-20CF-4408-B73F-73AB70B8849F",
        "ListenerName": "RDP-Tcp"
      }
    }
  }
}
Record 342
{
  "Event": {
    "#attributes": {
      "xmlns": "http://schemas.microsoft.com/win/2004/08/events/event"
    },
    "EventData": null,
    "System": {
      "Channel": "Microsoft-Windows-TerminalServices-RemoteConnectionManager/Operational",
      "Computer": "DESKTOP-QATR41H",
      "Correlation": {
        "#attributes": {
          "ActivityID": "F4622360-7677-4C9E-AD8B-44A3FD3A0000"
        }
      },
      "EventID": 263,
      "EventRecordID": 342,
      "Execution": {
        "#attributes": {
          "ProcessID": 1196,
          "ThreadID": 1372
        }
      },
      "Keywords": "0x1000000000000000",
      "Level": 4,
      "Opcode": 0,
      "Provider": {
        "#attributes": {
          "Guid": "C76BAA63-AE81-421C-B425-340B4B24157F",
          "Name": "Microsoft-Windows-TerminalServices-RemoteConnectionManager"
        }
      },
      "Security": {
        "#attributes": {
          "UserID": "S-1-5-20"
        }
      },
      "Task": 0,
      "TimeCreated": {
        "#attributes": {
          "SystemTime": "2020-04-12T14:31:23.891917Z"
        }
      },
      "Version": 0
    }
  }
}
Record 343
{
  "Event": {
    "#attributes": {
      "xmlns": "http://schemas.microsoft.com/win/2004/08/events/event"
    },
    "System": {
      "Channel": "Microsoft-Windows-TerminalServices-RemoteConnectionManager/Operational",
      "Computer": "DESKTOP-QATR41H",
      "Correlation": {
        "#attributes": {
          "ActivityID": "F4622370-2E83-49A8-9BB9-C9B094460000"
        }
      },
      "EventID": 20523,
      "EventRecordID": 343,
      "Execution": {
        "#attributes": {
          "ProcessID": 1196,
          "ThreadID": 1372
        }
      },
      "Keywords": "0x1000000000000000",
      "Level": 4,
      "Opcode": 0,
      "Provider": {
        "#attributes": {
          "Guid": "C76BAA63-AE81-421C-B425-340B4B24157F",
          "Name": "Microsoft-Windows-TerminalServices-RemoteConnectionManager"
        }
      },
      "Security": {
        "#attributes": {
          "UserID": "S-1-5-20"
        }
      },
      "Task": 0,
      "TimeCreated": {
        "#attributes": {
          "SystemTime": "2020-04-12T14:31:23.893699Z"
        }
      },
      "Version": 0
    },
    "UserData": {
      "EventXML": {
        "#attributes": {
          "xmlns": "Event_NS"
        },
        "Class": "5828227C-20CF-4408-B73F-73AB70B8849F",
        "ListenerName": "RDP-Tcp"
      }
    }
  }
}
Record 344
{
  "Event": {
    "#attributes": {
      "xmlns": "http://schemas.microsoft.com/win/2004/08/events/event"
    },
    "EventData": null,
    "System": {
      "Channel": "Microsoft-Windows-TerminalServices-RemoteConnectionManager/Operational",
      "Computer": "DESKTOP-QATR41H",
      "Correlation": {
        "#attributes": {
          "ActivityID": "F4622370-2E83-49A8-9BB9-C9B094460000"
        }
      },
      "EventID": 263,
      "EventRecordID": 344,
      "Execution": {
        "#attributes": {
          "ProcessID": 1196,
          "ThreadID": 1372
        }
      },
      "Keywords": "0x1000000000000000",
      "Level": 4,
      "Opcode": 0,
      "Provider": {
        "#attributes": {
          "Guid": "C76BAA63-AE81-421C-B425-340B4B24157F",
          "Name": "Microsoft-Windows-TerminalServices-RemoteConnectionManager"
        }
      },
      "Security": {
        "#attributes": {
          "UserID": "S-1-5-20"
        }
      },
      "Task": 0,
      "TimeCreated": {
        "#attributes": {
          "SystemTime": "2020-04-12T14:31:23.905941Z"
        }
      },
      "Version": 0
    }
  }
}
Record 345
{
  "Event": {
    "#attributes": {
      "xmlns": "http://schemas.microsoft.com/win/2004/08/events/event"
    },
    "System": {
      "Channel": "Microsoft-Windows-TerminalServices-RemoteConnectionManager/Operational",
      "Computer": "DESKTOP-QATR41H",
      "Correlation": {
        "#attributes": {
          "ActivityID": "F462C842-8686-43D2-978C-11FE0D740000"
        }
      },
      "EventID": 20523,
      "EventRecordID": 345,
      "Execution": {
        "#attributes": {
          "ProcessID": 1196,
          "ThreadID": 1372
        }
      },
      "Keywords": "0x1000000000000000",
      "Level": 4,
      "Opcode": 0,
      "Provider": {
        "#attributes": {
          "Guid": "C76BAA63-AE81-421C-B425-340B4B24157F",
          "Name": "Microsoft-Windows-TerminalServices-RemoteConnectionManager"
        }
      },
      "Security": {
        "#attributes": {
          "UserID": "S-1-5-20"
        }
      },
      "Task": 0,
      "TimeCreated": {
        "#attributes": {
          "SystemTime": "2020-04-12T14:31:23.907884Z"
        }
      },
      "Version": 0
    },
    "UserData": {
      "EventXML": {
        "#attributes": {
          "xmlns": "Event_NS"
        },
        "Class": "5828227C-20CF-4408-B73F-73AB70B8849F",
        "ListenerName": "RDP-Tcp"
      }
    }
  }
}
Record 346
{
  "Event": {
    "#attributes": {
      "xmlns": "http://schemas.microsoft.com/win/2004/08/events/event"
    },
    "EventData": null,
    "System": {
      "Channel": "Microsoft-Windows-TerminalServices-RemoteConnectionManager/Operational",
      "Computer": "DESKTOP-QATR41H",
      "Correlation": {
        "#attributes": {
          "ActivityID": "F462C842-8686-43D2-978C-11FE0D740000"
        }
      },
      "EventID": 263,
      "EventRecordID": 346,
      "Execution": {
        "#attributes": {
          "ProcessID": 1196,
          "ThreadID": 1372
        }
      },
      "Keywords": "0x1000000000000000",
      "Level": 4,
      "Opcode": 0,
      "Provider": {
        "#attributes": {
          "Guid": "C76BAA63-AE81-421C-B425-340B4B24157F",
          "Name": "Microsoft-Windows-TerminalServices-RemoteConnectionManager"
        }
      },
      "Security": {
        "#attributes": {
          "UserID": "S-1-5-20"
        }
      },
      "Task": 0,
      "TimeCreated": {
        "#attributes": {
          "SystemTime": "2020-04-12T14:31:23.918180Z"
        }
      },
      "Version": 0
    }
  }
}
Record 347
{
  "Event": {
    "#attributes": {
      "xmlns": "http://schemas.microsoft.com/win/2004/08/events/event"
    },
    "System": {
      "Channel": "Microsoft-Windows-TerminalServices-RemoteConnectionManager/Operational",
      "Computer": "DESKTOP-QATR41H",
      "Correlation": {
        "#attributes": {
          "ActivityID": "F4629E37-54CD-4234-B616-47CCA2590000"
        }
      },
      "EventID": 20523,
      "EventRecordID": 347,
      "Execution": {
        "#attributes": {
          "ProcessID": 1196,
          "ThreadID": 1372
        }
      },
      "Keywords": "0x1000000000000000",
      "Level": 4,
      "Opcode": 0,
      "Provider": {
        "#attributes": {
          "Guid": "C76BAA63-AE81-421C-B425-340B4B24157F",
          "Name": "Microsoft-Windows-TerminalServices-RemoteConnectionManager"
        }
      },
      "Security": {
        "#attributes": {
          "UserID": "S-1-5-20"
        }
      },
      "Task": 0,
      "TimeCreated": {
        "#attributes": {
          "SystemTime": "2020-04-12T14:31:23.920073Z"
        }
      },
      "Version": 0
    },
    "UserData": {
      "EventXML": {
        "#attributes": {
          "xmlns": "Event_NS"
        },
        "Class": "5828227C-20CF-4408-B73F-73AB70B8849F",
        "ListenerName": "RDP-Tcp"
      }
    }
  }
}
Record 348
{
  "Event": {
    "#attributes": {
      "xmlns": "http://schemas.microsoft.com/win/2004/08/events/event"
    },
    "EventData": null,
    "System": {
      "Channel": "Microsoft-Windows-TerminalServices-RemoteConnectionManager/Operational",
      "Computer": "DESKTOP-QATR41H",
      "Correlation": {
        "#attributes": {
          "ActivityID": "F4629E37-54CD-4234-B616-47CCA2590000"
        }
      },
      "EventID": 263,
      "EventRecordID": 348,
      "Execution": {
        "#attributes": {
          "ProcessID": 1196,
          "ThreadID": 1372
        }
      },
      "Keywords": "0x1000000000000000",
      "Level": 4,
      "Opcode": 0,
      "Provider": {
        "#attributes": {
          "Guid": "C76BAA63-AE81-421C-B425-340B4B24157F",
          "Name": "Microsoft-Windows-TerminalServices-RemoteConnectionManager"
        }
      },
      "Security": {
        "#attributes": {
          "UserID": "S-1-5-20"
        }
      },
      "Task": 0,
      "TimeCreated": {
        "#attributes": {
          "SystemTime": "2020-04-12T14:31:23.931358Z"
        }
      },
      "Version": 0
    }
  }
}
Record 349
{
  "Event": {
    "#attributes": {
      "xmlns": "http://schemas.microsoft.com/win/2004/08/events/event"
    },
    "System": {
      "Channel": "Microsoft-Windows-TerminalServices-RemoteConnectionManager/Operational",
      "Computer": "DESKTOP-QATR41H",
      "Correlation": {
        "#attributes": {
          "ActivityID": "F462EBED-EBD9-4592-ACB2-8AD51D290000"
        }
      },
      "EventID": 20523,
      "EventRecordID": 349,
      "Execution": {
        "#attributes": {
          "ProcessID": 1216,
          "ThreadID": 1376
        }
      },
      "Keywords": "0x1000000000000000",
      "Level": 4,
      "Opcode": 0,
      "Provider": {
        "#attributes": {
          "Guid": "C76BAA63-AE81-421C-B425-340B4B24157F",
          "Name": "Microsoft-Windows-TerminalServices-RemoteConnectionManager"
        }
      },
      "Security": {
        "#attributes": {
          "UserID": "S-1-5-20"
        }
      },
      "Task": 0,
      "TimeCreated": {
        "#attributes": {
          "SystemTime": "2020-04-12T15:47:27.709837Z"
        }
      },
      "Version": 0
    },
    "UserData": {
      "EventXML": {
        "#attributes": {
          "xmlns": "Event_NS"
        },
        "Class": "5828227C-20CF-4408-B73F-73AB70B8849F",
        "ListenerName": "RDP-Tcp"
      }
    }
  }
}
Record 350
{
  "Event": {
    "#attributes": {
      "xmlns": "http://schemas.microsoft.com/win/2004/08/events/event"
    },
    "System": {
      "Channel": "Microsoft-Windows-TerminalServices-RemoteConnectionManager/Operational",
      "Computer": "DESKTOP-QATR41H",
      "Correlation": {
        "#attributes": {
          "ActivityID": "F462EBED-EBD9-4592-ACB2-8AD51D290000"
        }
      },
      "EventID": 20523,
      "EventRecordID": 350,
      "Execution": {
        "#attributes": {
          "ProcessID": 1216,
          "ThreadID": 1376
        }
      },
      "Keywords": "0x1000000000000000",
      "Level": 4,
      "Opcode": 0,
      "Provider": {
        "#attributes": {
          "Guid": "C76BAA63-AE81-421C-B425-340B4B24157F",
          "Name": "Microsoft-Windows-TerminalServices-RemoteConnectionManager"
        }
      },
      "Security": {
        "#attributes": {
          "UserID": "S-1-5-20"
        }
      },
      "Task": 0,
      "TimeCreated": {
        "#attributes": {
          "SystemTime": "2020-04-12T15:47:27.893859Z"
        }
      },
      "Version": 0
    },
    "UserData": {
      "EventXML": {
        "#attributes": {
          "xmlns": "Event_NS"
        },
        "Class": "56CF02BC-F460-4BDA-AC40-6BD4EB9347D3",
        "ListenerName": "7A78855482A04FA781DC"
      }
    }
  }
}
Record 351
{
  "Event": {
    "#attributes": {
      "xmlns": "http://schemas.microsoft.com/win/2004/08/events/event"
    },
    "System": {
      "Channel": "Microsoft-Windows-TerminalServices-RemoteConnectionManager/Operational",
      "Computer": "DESKTOP-QATR41H",
      "Correlation": {
        "#attributes": {
          "ActivityID": "F462EBED-EBD9-4592-ACB2-8AD51D290000"
        }
      },
      "EventID": 258,
      "EventRecordID": 351,
      "Execution": {
        "#attributes": {
          "ProcessID": 1216,
          "ThreadID": 1376
        }
      },
      "Keywords": "0x1000000000000000",
      "Level": 4,
      "Opcode": 0,
      "Provider": {
        "#attributes": {
          "Guid": "C76BAA63-AE81-421C-B425-340B4B24157F",
          "Name": "Microsoft-Windows-TerminalServices-RemoteConnectionManager"
        }
      },
      "Security": {
        "#attributes": {
          "UserID": "S-1-5-20"
        }
      },
      "Task": 0,
      "TimeCreated": {
        "#attributes": {
          "SystemTime": "2020-04-12T15:47:27.896089Z"
        }
      },
      "Version": 0
    },
    "UserData": {
      "EventXML": {
        "#attributes": {
          "xmlns": "Event_NS"
        },
        "listenerName": "7A78855482A04FA781DC"
      }
    }
  }
}
Record 352
{
  "Event": {
    "#attributes": {
      "xmlns": "http://schemas.microsoft.com/win/2004/08/events/event"
    },
    "EventData": null,
    "System": {
      "Channel": "Microsoft-Windows-TerminalServices-RemoteConnectionManager/Operational",
      "Computer": "DESKTOP-QATR41H",
      "Correlation": {
        "#attributes": {
          "ActivityID": "F462EBED-EBD9-4592-ACB2-8AD51D290000"
        }
      },
      "EventID": 263,
      "EventRecordID": 352,
      "Execution": {
        "#attributes": {
          "ProcessID": 1216,
          "ThreadID": 1376
        }
      },
      "Keywords": "0x1000000000000000",
      "Level": 4,
      "Opcode": 0,
      "Provider": {
        "#attributes": {
          "Guid": "C76BAA63-AE81-421C-B425-340B4B24157F",
          "Name": "Microsoft-Windows-TerminalServices-RemoteConnectionManager"
        }
      },
      "Security": {
        "#attributes": {
          "UserID": "S-1-5-20"
        }
      },
      "Task": 0,
      "TimeCreated": {
        "#attributes": {
          "SystemTime": "2020-04-12T15:47:28.098158Z"
        }
      },
      "Version": 0
    }
  }
}
Record 353
{
  "Event": {
    "#attributes": {
      "xmlns": "http://schemas.microsoft.com/win/2004/08/events/event"
    },
    "EventData": null,
    "System": {
      "Channel": "Microsoft-Windows-TerminalServices-RemoteConnectionManager/Operational",
      "Computer": "DESKTOP-QATR41H",
      "Correlation": null,
      "EventID": 1136,
      "EventRecordID": 353,
      "Execution": {
        "#attributes": {
          "ProcessID": 2676,
          "ThreadID": 2720
        }
      },
      "Keywords": "0x1000000000000000",
      "Level": 4,
      "Opcode": 0,
      "Provider": {
        "#attributes": {
          "Guid": "C76BAA63-AE81-421C-B425-340B4B24157F",
          "Name": "Microsoft-Windows-TerminalServices-RemoteConnectionManager"
        }
      },
      "Security": {
        "#attributes": {
          "UserID": "S-1-5-18"
        }
      },
      "Task": 0,
      "TimeCreated": {
        "#attributes": {
          "SystemTime": "2020-04-12T15:47:28.236480Z"
        }
      },
      "Version": 0
    }
  }
}
Record 354
{
  "Event": {
    "#attributes": {
      "xmlns": "http://schemas.microsoft.com/win/2004/08/events/event"
    },
    "System": {
      "Channel": "Microsoft-Windows-TerminalServices-RemoteConnectionManager/Operational",
      "Computer": "DESKTOP-QATR41H",
      "Correlation": {
        "#attributes": {
          "ActivityID": "F4620F53-23F1-4C2B-85CF-03B292160000"
        }
      },
      "EventID": 20523,
      "EventRecordID": 354,
      "Execution": {
        "#attributes": {
          "ProcessID": 1216,
          "ThreadID": 1376
        }
      },
      "Keywords": "0x1000000000000000",
      "Level": 4,
      "Opcode": 0,
      "Provider": {
        "#attributes": {
          "Guid": "C76BAA63-AE81-421C-B425-340B4B24157F",
          "Name": "Microsoft-Windows-TerminalServices-RemoteConnectionManager"
        }
      },
      "Security": {
        "#attributes": {
          "UserID": "S-1-5-20"
        }
      },
      "Task": 0,
      "TimeCreated": {
        "#attributes": {
          "SystemTime": "2020-04-12T15:47:28.251585Z"
        }
      },
      "Version": 0
    },
    "UserData": {
      "EventXML": {
        "#attributes": {
          "xmlns": "Event_NS"
        },
        "Class": "5828227C-20CF-4408-B73F-73AB70B8849F",
        "ListenerName": "RDP-Tcp"
      }
    }
  }
}
Record 355
{
  "Event": {
    "#attributes": {
      "xmlns": "http://schemas.microsoft.com/win/2004/08/events/event"
    },
    "EventData": null,
    "System": {
      "Channel": "Microsoft-Windows-TerminalServices-RemoteConnectionManager/Operational",
      "Computer": "DESKTOP-QATR41H",
      "Correlation": {
        "#attributes": {
          "ActivityID": "F4620F53-23F1-4C2B-85CF-03B292160000"
        }
      },
      "EventID": 263,
      "EventRecordID": 355,
      "Execution": {
        "#attributes": {
          "ProcessID": 1216,
          "ThreadID": 1376
        }
      },
      "Keywords": "0x1000000000000000",
      "Level": 4,
      "Opcode": 0,
      "Provider": {
        "#attributes": {
          "Guid": "C76BAA63-AE81-421C-B425-340B4B24157F",
          "Name": "Microsoft-Windows-TerminalServices-RemoteConnectionManager"
        }
      },
      "Security": {
        "#attributes": {
          "UserID": "S-1-5-20"
        }
      },
      "Task": 0,
      "TimeCreated": {
        "#attributes": {
          "SystemTime": "2020-04-12T15:47:28.263519Z"
        }
      },
      "Version": 0
    }
  }
}
Record 356
{
  "Event": {
    "#attributes": {
      "xmlns": "http://schemas.microsoft.com/win/2004/08/events/event"
    },
    "System": {
      "Channel": "Microsoft-Windows-TerminalServices-RemoteConnectionManager/Operational",
      "Computer": "DESKTOP-QATR41H",
      "Correlation": {
        "#attributes": {
          "ActivityID": "F462BD5C-C42E-4204-8A5F-DF5DBE320000"
        }
      },
      "EventID": 20523,
      "EventRecordID": 356,
      "Execution": {
        "#attributes": {
          "ProcessID": 1216,
          "ThreadID": 1376
        }
      },
      "Keywords": "0x1000000000000000",
      "Level": 4,
      "Opcode": 0,
      "Provider": {
        "#attributes": {
          "Guid": "C76BAA63-AE81-421C-B425-340B4B24157F",
          "Name": "Microsoft-Windows-TerminalServices-RemoteConnectionManager"
        }
      },
      "Security": {
        "#attributes": {
          "UserID": "S-1-5-20"
        }
      },
      "Task": 0,
      "TimeCreated": {
        "#attributes": {
          "SystemTime": "2020-04-12T15:47:28.265092Z"
        }
      },
      "Version": 0
    },
    "UserData": {
      "EventXML": {
        "#attributes": {
          "xmlns": "Event_NS"
        },
        "Class": "5828227C-20CF-4408-B73F-73AB70B8849F",
        "ListenerName": "RDP-Tcp"
      }
    }
  }
}
Record 357
{
  "Event": {
    "#attributes": {
      "xmlns": "http://schemas.microsoft.com/win/2004/08/events/event"
    },
    "EventData": null,
    "System": {
      "Channel": "Microsoft-Windows-TerminalServices-RemoteConnectionManager/Operational",
      "Computer": "DESKTOP-QATR41H",
      "Correlation": {
        "#attributes": {
          "ActivityID": "F462BD5C-C42E-4204-8A5F-DF5DBE320000"
        }
      },
      "EventID": 263,
      "EventRecordID": 357,
      "Execution": {
        "#attributes": {
          "ProcessID": 1216,
          "ThreadID": 1376
        }
      },
      "Keywords": "0x1000000000000000",
      "Level": 4,
      "Opcode": 0,
      "Provider": {
        "#attributes": {
          "Guid": "C76BAA63-AE81-421C-B425-340B4B24157F",
          "Name": "Microsoft-Windows-TerminalServices-RemoteConnectionManager"
        }
      },
      "Security": {
        "#attributes": {
          "UserID": "S-1-5-20"
        }
      },
      "Task": 0,
      "TimeCreated": {
        "#attributes": {
          "SystemTime": "2020-04-12T15:47:28.276617Z"
        }
      },
      "Version": 0
    }
  }
}
Record 358
{
  "Event": {
    "#attributes": {
      "xmlns": "http://schemas.microsoft.com/win/2004/08/events/event"
    },
    "System": {
      "Channel": "Microsoft-Windows-TerminalServices-RemoteConnectionManager/Operational",
      "Computer": "DESKTOP-QATR41H",
      "Correlation": {
        "#attributes": {
          "ActivityID": "F462BCD3-7CCE-428E-9FE8-CB695A080000"
        }
      },
      "EventID": 20523,
      "EventRecordID": 358,
      "Execution": {
        "#attributes": {
          "ProcessID": 1216,
          "ThreadID": 1376
        }
      },
      "Keywords": "0x1000000000000000",
      "Level": 4,
      "Opcode": 0,
      "Provider": {
        "#attributes": {
          "Guid": "C76BAA63-AE81-421C-B425-340B4B24157F",
          "Name": "Microsoft-Windows-TerminalServices-RemoteConnectionManager"
        }
      },
      "Security": {
        "#attributes": {
          "UserID": "S-1-5-20"
        }
      },
      "Task": 0,
      "TimeCreated": {
        "#attributes": {
          "SystemTime": "2020-04-12T15:47:28.277995Z"
        }
      },
      "Version": 0
    },
    "UserData": {
      "EventXML": {
        "#attributes": {
          "xmlns": "Event_NS"
        },
        "Class": "5828227C-20CF-4408-B73F-73AB70B8849F",
        "ListenerName": "RDP-Tcp"
      }
    }
  }
}
Record 359
{
  "Event": {
    "#attributes": {
      "xmlns": "http://schemas.microsoft.com/win/2004/08/events/event"
    },
    "EventData": null,
    "System": {
      "Channel": "Microsoft-Windows-TerminalServices-RemoteConnectionManager/Operational",
      "Computer": "DESKTOP-QATR41H",
      "Correlation": {
        "#attributes": {
          "ActivityID": "F462BCD3-7CCE-428E-9FE8-CB695A080000"
        }
      },
      "EventID": 263,
      "EventRecordID": 359,
      "Execution": {
        "#attributes": {
          "ProcessID": 1216,
          "ThreadID": 1376
        }
      },
      "Keywords": "0x1000000000000000",
      "Level": 4,
      "Opcode": 0,
      "Provider": {
        "#attributes": {
          "Guid": "C76BAA63-AE81-421C-B425-340B4B24157F",
          "Name": "Microsoft-Windows-TerminalServices-RemoteConnectionManager"
        }
      },
      "Security": {
        "#attributes": {
          "UserID": "S-1-5-20"
        }
      },
      "Task": 0,
      "TimeCreated": {
        "#attributes": {
          "SystemTime": "2020-04-12T15:47:28.288299Z"
        }
      },
      "Version": 0
    }
  }
}
Record 360
{
  "Event": {
    "#attributes": {
      "xmlns": "http://schemas.microsoft.com/win/2004/08/events/event"
    },
    "System": {
      "Channel": "Microsoft-Windows-TerminalServices-RemoteConnectionManager/Operational",
      "Computer": "DESKTOP-QATR41H",
      "Correlation": {
        "#attributes": {
          "ActivityID": "F4623385-CD61-42E1-BB24-A45787C40000"
        }
      },
      "EventID": 20523,
      "EventRecordID": 360,
      "Execution": {
        "#attributes": {
          "ProcessID": 1216,
          "ThreadID": 1376
        }
      },
      "Keywords": "0x1000000000000000",
      "Level": 4,
      "Opcode": 0,
      "Provider": {
        "#attributes": {
          "Guid": "C76BAA63-AE81-421C-B425-340B4B24157F",
          "Name": "Microsoft-Windows-TerminalServices-RemoteConnectionManager"
        }
      },
      "Security": {
        "#attributes": {
          "UserID": "S-1-5-20"
        }
      },
      "Task": 0,
      "TimeCreated": {
        "#attributes": {
          "SystemTime": "2020-04-12T15:47:28.289753Z"
        }
      },
      "Version": 0
    },
    "UserData": {
      "EventXML": {
        "#attributes": {
          "xmlns": "Event_NS"
        },
        "Class": "5828227C-20CF-4408-B73F-73AB70B8849F",
        "ListenerName": "RDP-Tcp"
      }
    }
  }
}
