Record 121
{
  "Event": {
    "#attributes": {
      "xmlns": "http://schemas.microsoft.com/win/2004/08/events/event"
    },
    "EventData": null,
    "System": {
      "Channel": "Microsoft-Windows-TerminalServices-RemoteConnectionManager/Operational",
      "Computer": "DESKTOP-QATR41H",
      "Correlation": {
        "#attributes": {
          "ActivityID": "F4628E4C-A984-4DFA-9554-53AD69980000"
        }
      },
      "EventID": 263,
      "EventRecordID": 121,
      "Execution": {
        "#attributes": {
          "ProcessID": 1256,
          "ThreadID": 1452
        }
      },
      "Keywords": "0x1000000000000000",
      "Level": 4,
      "Opcode": 0,
      "Provider": {
        "#attributes": {
          "Guid": "C76BAA63-AE81-421C-B425-340B4B24157F",
          "Name": "Microsoft-Windows-TerminalServices-RemoteConnectionManager"
        }
      },
      "Security": {
        "#attributes": {
          "UserID": "S-1-5-20"
        }
      },
      "Task": 0,
      "TimeCreated": {
        "#attributes": {
          "SystemTime": "2020-04-10T12:18:13.518260Z"
        }
      },
      "Version": 0
    }
  }
}
Record 122
{
  "Event": {
    "#attributes": {
      "xmlns": "http://schemas.microsoft.com/win/2004/08/events/event"
    },
    "EventData": null,
    "System": {
      "Channel": "Microsoft-Windows-TerminalServices-RemoteConnectionManager/Operational",
      "Computer": "DESKTOP-QATR41H",
      "Correlation": null,
      "EventID": 1136,
      "EventRecordID": 122,
      "Execution": {
        "#attributes": {
          "ProcessID": 2744,
          "ThreadID": 2776
        }
      },
      "Keywords": "0x1000000000000000",
      "Level": 4,
      "Opcode": 0,
      "Provider": {
        "#attributes": {
          "Guid": "C76BAA63-AE81-421C-B425-340B4B24157F",
          "Name": "Microsoft-Windows-TerminalServices-RemoteConnectionManager"
        }
      },
      "Security": {
        "#attributes": {
          "UserID": "S-1-5-18"
        }
      },
      "Task": 0,
      "TimeCreated": {
        "#attributes": {
          "SystemTime": "2020-04-10T12:18:13.642612Z"
        }
      },
      "Version": 0
    }
  }
}
Record 123
{
  "Event": {
    "#attributes": {
      "xmlns": "http://schemas.microsoft.com/win/2004/08/events/event"
    },
    "System": {
      "Channel": "Microsoft-Windows-TerminalServices-RemoteConnectionManager/Operational",
      "Computer": "DESKTOP-QATR41H",
      "Correlation": {
        "#attributes": {
          "ActivityID": "F462BE8A-FEA3-49FA-9499-961B4C800000"
        }
      },
      "EventID": 20523,
      "EventRecordID": 123,
      "Execution": {
        "#attributes": {
          "ProcessID": 1256,
          "ThreadID": 1452
        }
      },
      "Keywords": "0x1000000000000000",
      "Level": 4,
      "Opcode": 0,
      "Provider": {
        "#attributes": {
          "Guid": "C76BAA63-AE81-421C-B425-340B4B24157F",
          "Name": "Microsoft-Windows-TerminalServices-RemoteConnectionManager"
        }
      },
      "Security": {
        "#attributes": {
          "UserID": "S-1-5-20"
        }
      },
      "Task": 0,
      "TimeCreated": {
        "#attributes": {
          "SystemTime": "2020-04-10T12:18:13.657880Z"
        }
      },
      "Version": 0
    },
    "UserData": {
      "EventXML": {
        "#attributes": {
          "xmlns": "Event_NS"
        },
        "Class": "5828227C-20CF-4408-B73F-73AB70B8849F",
        "ListenerName": "RDP-Tcp"
      }
    }
  }
}
Record 124
{
  "Event": {
    "#attributes": {
      "xmlns": "http://schemas.microsoft.com/win/2004/08/events/event"
    },
    "EventData": null,
    "System": {
      "Channel": "Microsoft-Windows-TerminalServices-RemoteConnectionManager/Operational",
      "Computer": "DESKTOP-QATR41H",
      "Correlation": {
        "#attributes": {
          "ActivityID": "F462BE8A-FEA3-49FA-9499-961B4C800000"
        }
      },
      "EventID": 263,
      "EventRecordID": 124,
      "Execution": {
        "#attributes": {
          "ProcessID": 1256,
          "ThreadID": 1452
        }
      },
      "Keywords": "0x1000000000000000",
      "Level": 4,
      "Opcode": 0,
      "Provider": {
        "#attributes": {
          "Guid": "C76BAA63-AE81-421C-B425-340B4B24157F",
          "Name": "Microsoft-Windows-TerminalServices-RemoteConnectionManager"
        }
      },
      "Security": {
        "#attributes": {
          "UserID": "S-1-5-20"
        }
      },
      "Task": 0,
      "TimeCreated": {
        "#attributes": {
          "SystemTime": "2020-04-10T12:18:13.669845Z"
        }
      },
      "Version": 0
    }
  }
}
Record 125
{
  "Event": {
    "#attributes": {
      "xmlns": "http://schemas.microsoft.com/win/2004/08/events/event"
    },
    "System": {
      "Channel": "Microsoft-Windows-TerminalServices-RemoteConnectionManager/Operational",
      "Computer": "DESKTOP-QATR41H",
      "Correlation": {
        "#attributes": {
          "ActivityID": "F462893B-4888-4856-8A35-E8D71A600000"
        }
      },
      "EventID": 20523,
      "EventRecordID": 125,
      "Execution": {
        "#attributes": {
          "ProcessID": 1256,
          "ThreadID": 1452
        }
      },
      "Keywords": "0x1000000000000000",
      "Level": 4,
      "Opcode": 0,
      "Provider": {
        "#attributes": {
          "Guid": "C76BAA63-AE81-421C-B425-340B4B24157F",
          "Name": "Microsoft-Windows-TerminalServices-RemoteConnectionManager"
        }
      },
      "Security": {
        "#attributes": {
          "UserID": "S-1-5-20"
        }
      },
      "Task": 0,
      "TimeCreated": {
        "#attributes": {
          "SystemTime": "2020-04-10T12:18:13.671620Z"
        }
      },
      "Version": 0
    },
    "UserData": {
      "EventXML": {
        "#attributes": {
          "xmlns": "Event_NS"
        },
        "Class": "5828227C-20CF-4408-B73F-73AB70B8849F",
        "ListenerName": "RDP-Tcp"
      }
    }
  }
}
Record 126
{
  "Event": {
    "#attributes": {
      "xmlns": "http://schemas.microsoft.com/win/2004/08/events/event"
    },
    "EventData": null,
    "System": {
      "Channel": "Microsoft-Windows-TerminalServices-RemoteConnectionManager/Operational",
      "Computer": "DESKTOP-QATR41H",
      "Correlation": {
        "#attributes": {
          "ActivityID": "F462893B-4888-4856-8A35-E8D71A600000"
        }
      },
      "EventID": 263,
      "EventRecordID": 126,
      "Execution": {
        "#attributes": {
          "ProcessID": 1256,
          "ThreadID": 1452
        }
      },
      "Keywords": "0x1000000000000000",
      "Level": 4,
      "Opcode": 0,
      "Provider": {
        "#attributes": {
          "Guid": "C76BAA63-AE81-421C-B425-340B4B24157F",
          "Name": "Microsoft-Windows-TerminalServices-RemoteConnectionManager"
        }
      },
      "Security": {
        "#attributes": {
          "UserID": "S-1-5-20"
        }
      },
      "Task": 0,
      "TimeCreated": {
        "#attributes": {
          "SystemTime": "2020-04-10T12:18:13.682757Z"
        }
      },
      "Version": 0
    }
  }
}
Record 127
{
  "Event": {
    "#attributes": {
      "xmlns": "http://schemas.microsoft.com/win/2004/08/events/event"
    },
    "System": {
      "Channel": "Microsoft-Windows-TerminalServices-RemoteConnectionManager/Operational",
      "Computer": "DESKTOP-QATR41H",
      "Correlation": {
        "#attributes": {
          "ActivityID": "F462DE7F-7A35-42F2-9E4F-AD3116930000"
        }
      },
      "EventID": 20523,
      "EventRecordID": 127,
      "Execution": {
        "#attributes": {
          "ProcessID": 1256,
          "ThreadID": 1452
        }
      },
      "Keywords": "0x1000000000000000",
      "Level": 4,
      "Opcode": 0,
      "Provider": {
        "#attributes": {
          "Guid": "C76BAA63-AE81-421C-B425-340B4B24157F",
          "Name": "Microsoft-Windows-TerminalServices-RemoteConnectionManager"
        }
      },
      "Security": {
        "#attributes": {
          "UserID": "S-1-5-20"
        }
      },
      "Task": 0,
      "TimeCreated": {
        "#attributes": {
          "SystemTime": "2020-04-10T12:18:13.684254Z"
        }
      },
      "Version": 0
    },
    "UserData": {
      "EventXML": {
        "#attributes": {
          "xmlns": "Event_NS"
        },
        "Class": "5828227C-20CF-4408-B73F-73AB70B8849F",
        "ListenerName": "RDP-Tcp"
      }
    }
  }
}
Record 128
{
  "Event": {
    "#attributes": {
      "xmlns": "http://schemas.microsoft.com/win/2004/08/events/event"
    },
    "EventData": null,
    "System": {
      "Channel": "Microsoft-Windows-TerminalServices-RemoteConnectionManager/Operational",
      "Computer": "DESKTOP-QATR41H",
      "Correlation": {
        "#attributes": {
          "ActivityID": "F462DE7F-7A35-42F2-9E4F-AD3116930000"
        }
      },
      "EventID": 263,
      "EventRecordID": 128,
      "Execution": {
        "#attributes": {
          "ProcessID": 1256,
          "ThreadID": 1452
        }
      },
      "Keywords": "0x1000000000000000",
      "Level": 4,
      "Opcode": 0,
      "Provider": {
        "#attributes": {
          "Guid": "C76BAA63-AE81-421C-B425-340B4B24157F",
          "Name": "Microsoft-Windows-TerminalServices-RemoteConnectionManager"
        }
      },
      "Security": {
        "#attributes": {
          "UserID": "S-1-5-20"
        }
      },
      "Task": 0,
      "TimeCreated": {
        "#attributes": {
          "SystemTime": "2020-04-10T12:18:13.695658Z"
        }
      },
      "Version": 0
    }
  }
}
Record 129
{
  "Event": {
    "#attributes": {
      "xmlns": "http://schemas.microsoft.com/win/2004/08/events/event"
    },
    "System": {
      "Channel": "Microsoft-Windows-TerminalServices-RemoteConnectionManager/Operational",
      "Computer": "DESKTOP-QATR41H",
      "Correlation": {
        "#attributes": {
          "ActivityID": "F462C6A5-3D65-4001-A50A-0DB0F40A0000"
        }
      },
      "EventID": 20523,
      "EventRecordID": 129,
      "Execution": {
        "#attributes": {
          "ProcessID": 1256,
          "ThreadID": 1452
        }
      },
      "Keywords": "0x1000000000000000",
      "Level": 4,
      "Opcode": 0,
      "Provider": {
        "#attributes": {
          "Guid": "C76BAA63-AE81-421C-B425-340B4B24157F",
          "Name": "Microsoft-Windows-TerminalServices-RemoteConnectionManager"
        }
      },
      "Security": {
        "#attributes": {
          "UserID": "S-1-5-20"
        }
      },
      "Task": 0,
      "TimeCreated": {
        "#attributes": {
          "SystemTime": "2020-04-10T12:18:13.697249Z"
        }
      },
      "Version": 0
    },
    "UserData": {
      "EventXML": {
        "#attributes": {
          "xmlns": "Event_NS"
        },
        "Class": "5828227C-20CF-4408-B73F-73AB70B8849F",
        "ListenerName": "RDP-Tcp"
      }
    }
  }
}
Record 130
{
  "Event": {
    "#attributes": {
      "xmlns": "http://schemas.microsoft.com/win/2004/08/events/event"
    },
    "EventData": null,
    "System": {
      "Channel": "Microsoft-Windows-TerminalServices-RemoteConnectionManager/Operational",
      "Computer": "DESKTOP-QATR41H",
      "Correlation": {
        "#attributes": {
          "ActivityID": "F462C6A5-3D65-4001-A50A-0DB0F40A0000"
        }
      },
      "EventID": 263,
      "EventRecordID": 130,
      "Execution": {
        "#attributes": {
          "ProcessID": 1256,
          "ThreadID": 1452
        }
      },
      "Keywords": "0x1000000000000000",
      "Level": 4,
      "Opcode": 0,
      "Provider": {
        "#attributes": {
          "Guid": "C76BAA63-AE81-421C-B425-340B4B24157F",
          "Name": "Microsoft-Windows-TerminalServices-RemoteConnectionManager"
        }
      },
      "Security": {
        "#attributes": {
          "UserID": "S-1-5-20"
        }
      },
      "Task": 0,
      "TimeCreated": {
        "#attributes": {
          "SystemTime": "2020-04-10T12:18:13.708167Z"
        }
      },
      "Version": 0
    }
  }
}
Record 131
{
  "Event": {
    "#attributes": {
      "xmlns": "http://schemas.microsoft.com/win/2004/08/events/event"
    },
    "System": {
      "Channel": "Microsoft-Windows-TerminalServices-RemoteConnectionManager/Operational",
      "Computer": "DESKTOP-QATR41H",
      "Correlation": {
        "#attributes": {
          "ActivityID": "F462B4DB-D4DA-4777-A0FB-B4A2FF750000"
        }
      },
      "EventID": 20523,
      "EventRecordID": 131,
      "Execution": {
        "#attributes": {
          "ProcessID": 1256,
          "ThreadID": 1452
        }
      },
      "Keywords": "0x1000000000000000",
      "Level": 4,
      "Opcode": 0,
      "Provider": {
        "#attributes": {
          "Guid": "C76BAA63-AE81-421C-B425-340B4B24157F",
          "Name": "Microsoft-Windows-TerminalServices-RemoteConnectionManager"
        }
      },
      "Security": {
        "#attributes": {
          "UserID": "S-1-5-20"
        }
      },
      "Task": 0,
      "TimeCreated": {
        "#attributes": {
          "SystemTime": "2020-04-10T12:18:13.709669Z"
        }
      },
      "Version": 0
    },
    "UserData": {
      "EventXML": {
        "#attributes": {
          "xmlns": "Event_NS"
        },
        "Class": "5828227C-20CF-4408-B73F-73AB70B8849F",
        "ListenerName": "RDP-Tcp"
      }
    }
  }
}
Record 132
{
  "Event": {
    "#attributes": {
      "xmlns": "http://schemas.microsoft.com/win/2004/08/events/event"
    },
    "EventData": null,
    "System": {
      "Channel": "Microsoft-Windows-TerminalServices-RemoteConnectionManager/Operational",
      "Computer": "DESKTOP-QATR41H",
      "Correlation": {
        "#attributes": {
          "ActivityID": "F462B4DB-D4DA-4777-A0FB-B4A2FF750000"
        }
      },
      "EventID": 263,
      "EventRecordID": 132,
      "Execution": {
        "#attributes": {
          "ProcessID": 1256,
          "ThreadID": 1452
        }
      },
      "Keywords": "0x1000000000000000",
      "Level": 4,
      "Opcode": 0,
      "Provider": {
        "#attributes": {
          "Guid": "C76BAA63-AE81-421C-B425-340B4B24157F",
          "Name": "Microsoft-Windows-TerminalServices-RemoteConnectionManager"
        }
      },
      "Security": {
        "#attributes": {
          "UserID": "S-1-5-20"
        }
      },
      "Task": 0,
      "TimeCreated": {
        "#attributes": {
          "SystemTime": "2020-04-10T12:18:13.721573Z"
        }
      },
      "Version": 0
    }
  }
}
Record 133
{
  "Event": {
    "#attributes": {
      "xmlns": "http://schemas.microsoft.com/win/2004/08/events/event"
    },
    "System": {
      "Channel": "Microsoft-Windows-TerminalServices-RemoteConnectionManager/Operational",
      "Computer": "DESKTOP-QATR41H",
      "Correlation": {
        "#attributes": {
          "ActivityID": "F462B4CF-00AA-4F11-B5E3-EEB0B2A30000"
        }
      },
      "EventID": 20523,
      "EventRecordID": 133,
      "Execution": {
        "#attributes": {
          "ProcessID": 1256,
          "ThreadID": 1452
        }
      },
      "Keywords": "0x1000000000000000",
      "Level": 4,
      "Opcode": 0,
      "Provider": {
        "#attributes": {
          "Guid": "C76BAA63-AE81-421C-B425-340B4B24157F",
          "Name": "Microsoft-Windows-TerminalServices-RemoteConnectionManager"
        }
      },
      "Security": {
        "#attributes": {
          "UserID": "S-1-5-20"
        }
      },
      "Task": 0,
      "TimeCreated": {
        "#attributes": {
          "SystemTime": "2020-04-10T12:18:13.723446Z"
        }
      },
      "Version": 0
    },
    "UserData": {
      "EventXML": {
        "#attributes": {
          "xmlns": "Event_NS"
        },
        "Class": "5828227C-20CF-4408-B73F-73AB70B8849F",
        "ListenerName": "RDP-Tcp"
      }
    }
  }
}
Record 134
{
  "Event": {
    "#attributes": {
      "xmlns": "http://schemas.microsoft.com/win/2004/08/events/event"
    },
    "EventData": null,
    "System": {
      "Channel": "Microsoft-Windows-TerminalServices-RemoteConnectionManager/Operational",
      "Computer": "DESKTOP-QATR41H",
      "Correlation": {
        "#attributes": {
          "ActivityID": "F462B4CF-00AA-4F11-B5E3-EEB0B2A30000"
        }
      },
      "EventID": 263,
      "EventRecordID": 134,
      "Execution": {
        "#attributes": {
          "ProcessID": 1256,
          "ThreadID": 1452
        }
      },
      "Keywords": "0x1000000000000000",
      "Level": 4,
      "Opcode": 0,
      "Provider": {
        "#attributes": {
          "Guid": "C76BAA63-AE81-421C-B425-340B4B24157F",
          "Name": "Microsoft-Windows-TerminalServices-RemoteConnectionManager"
        }
      },
      "Security": {
        "#attributes": {
          "UserID": "S-1-5-20"
        }
      },
      "Task": 0,
      "TimeCreated": {
        "#attributes": {
          "SystemTime": "2020-04-10T12:18:13.735934Z"
        }
      },
      "Version": 0
    }
  }
}
Record 135
{
  "Event": {
    "#attributes": {
      "xmlns": "http://schemas.microsoft.com/win/2004/08/events/event"
    },
    "System": {
      "Channel": "Microsoft-Windows-TerminalServices-RemoteConnectionManager/Operational",
      "Computer": "DESKTOP-QATR41H",
      "Correlation": {
        "#attributes": {
          "ActivityID": "F462FA11-88C9-47B2-9AB5-B341DECA0000"
        }
      },
      "EventID": 20523,
      "EventRecordID": 135,
      "Execution": {
        "#attributes": {
          "ProcessID": 1256,
          "ThreadID": 1828
        }
      },
      "Keywords": "0x1000000000000000",
      "Level": 4,
      "Opcode": 0,
      "Provider": {
        "#attributes": {
          "Guid": "C76BAA63-AE81-421C-B425-340B4B24157F",
          "Name": "Microsoft-Windows-TerminalServices-RemoteConnectionManager"
        }
      },
      "Security": {
        "#attributes": {
          "UserID": "S-1-5-20"
        }
      },
      "Task": 0,
      "TimeCreated": {
        "#attributes": {
          "SystemTime": "2020-04-10T17:03:05.958001Z"
        }
      },
      "Version": 0
    },
    "UserData": {
      "EventXML": {
        "#attributes": {
          "xmlns": "Event_NS"
        },
        "Class": "5828227C-20CF-4408-B73F-73AB70B8849F",
        "ListenerName": "RDP-Tcp"
      }
    }
  }
}
Record 136
{
  "Event": {
    "#attributes": {
      "xmlns": "http://schemas.microsoft.com/win/2004/08/events/event"
    },
    "EventData": null,
    "System": {
      "Channel": "Microsoft-Windows-TerminalServices-RemoteConnectionManager/Operational",
      "Computer": "DESKTOP-QATR41H",
      "Correlation": {
        "#attributes": {
          "ActivityID": "F462FA11-88C9-47B2-9AB5-B341DECA0000"
        }
      },
      "EventID": 263,
      "EventRecordID": 136,
      "Execution": {
        "#attributes": {
          "ProcessID": 1256,
          "ThreadID": 1828
        }
      },
      "Keywords": "0x1000000000000000",
      "Level": 4,
      "Opcode": 0,
      "Provider": {
        "#attributes": {
          "Guid": "C76BAA63-AE81-421C-B425-340B4B24157F",
          "Name": "Microsoft-Windows-TerminalServices-RemoteConnectionManager"
        }
      },
      "Security": {
        "#attributes": {
          "UserID": "S-1-5-20"
        }
      },
      "Task": 0,
      "TimeCreated": {
        "#attributes": {
          "SystemTime": "2020-04-10T17:03:05.969474Z"
        }
      },
      "Version": 0
    }
  }
}
Record 137
{
  "Event": {
    "#attributes": {
      "xmlns": "http://schemas.microsoft.com/win/2004/08/events/event"
    },
    "System": {
      "Channel": "Microsoft-Windows-TerminalServices-RemoteConnectionManager/Operational",
      "Computer": "DESKTOP-QATR41H",
      "Correlation": {
        "#attributes": {
          "ActivityID": "F4625831-5FE8-45E4-9530-7422415B0000"
        }
      },
      "EventID": 20523,
      "EventRecordID": 137,
      "Execution": {
        "#attributes": {
          "ProcessID": 1256,
          "ThreadID": 1828
        }
      },
      "Keywords": "0x1000000000000000",
      "Level": 4,
      "Opcode": 0,
      "Provider": {
        "#attributes": {
          "Guid": "C76BAA63-AE81-421C-B425-340B4B24157F",
          "Name": "Microsoft-Windows-TerminalServices-RemoteConnectionManager"
        }
      },
      "Security": {
        "#attributes": {
          "UserID": "S-1-5-20"
        }
      },
      "Task": 0,
      "TimeCreated": {
        "#attributes": {
          "SystemTime": "2020-04-10T17:03:26.508108Z"
        }
      },
      "Version": 0
    },
    "UserData": {
      "EventXML": {
        "#attributes": {
          "xmlns": "Event_NS"
        },
        "Class": "5828227C-20CF-4408-B73F-73AB70B8849F",
        "ListenerName": "RDP-Tcp"
      }
    }
  }
}
Record 138
{
  "Event": {
    "#attributes": {
      "xmlns": "http://schemas.microsoft.com/win/2004/08/events/event"
    },
    "EventData": null,
    "System": {
      "Channel": "Microsoft-Windows-TerminalServices-RemoteConnectionManager/Operational",
      "Computer": "DESKTOP-QATR41H",
      "Correlation": {
        "#attributes": {
          "ActivityID": "F4625831-5FE8-45E4-9530-7422415B0000"
        }
      },
      "EventID": 263,
      "EventRecordID": 138,
      "Execution": {
        "#attributes": {
          "ProcessID": 1256,
          "ThreadID": 1828
        }
      },
      "Keywords": "0x1000000000000000",
      "Level": 4,
      "Opcode": 0,
      "Provider": {
        "#attributes": {
          "Guid": "C76BAA63-AE81-421C-B425-340B4B24157F",
          "Name": "Microsoft-Windows-TerminalServices-RemoteConnectionManager"
        }
      },
      "Security": {
        "#attributes": {
          "UserID": "S-1-5-20"
        }
      },
      "Task": 0,
      "TimeCreated": {
        "#attributes": {
          "SystemTime": "2020-04-10T17:03:26.524443Z"
        }
      },
      "Version": 0
    }
  }
}
Record 139
{
  "Event": {
    "#attributes": {
      "xmlns": "http://schemas.microsoft.com/win/2004/08/events/event"
    },
    "System": {
      "Channel": "Microsoft-Windows-TerminalServices-RemoteConnectionManager/Operational",
      "Computer": "DESKTOP-QATR41H",
      "Correlation": {
        "#attributes": {
          "ActivityID": "F462686E-BCC9-4ACD-925F-031F66D50000"
        }
      },
      "EventID": 20523,
      "EventRecordID": 139,
      "Execution": {
        "#attributes": {
          "ProcessID": 1256,
          "ThreadID": 12332
        }
      },
      "Keywords": "0x1000000000000000",
      "Level": 4,
      "Opcode": 0,
      "Provider": {
        "#attributes": {
          "Guid": "C76BAA63-AE81-421C-B425-340B4B24157F",
          "Name": "Microsoft-Windows-TerminalServices-RemoteConnectionManager"
        }
      },
      "Security": {
        "#attributes": {
          "UserID": "S-1-5-20"
        }
      },
      "Task": 0,
      "TimeCreated": {
        "#attributes": {
          "SystemTime": "2020-04-10T17:13:24.718203Z"
        }
      },
      "Version": 0
    },
    "UserData": {
      "EventXML": {
        "#attributes": {
          "xmlns": "Event_NS"
        },
        "Class": "5828227C-20CF-4408-B73F-73AB70B8849F",
        "ListenerName": "RDP-Tcp"
      }
    }
  }
}
Record 140
{
  "Event": {
    "#attributes": {
      "xmlns": "http://schemas.microsoft.com/win/2004/08/events/event"
    },
    "EventData": null,
    "System": {
      "Channel": "Microsoft-Windows-TerminalServices-RemoteConnectionManager/Operational",
      "Computer": "DESKTOP-QATR41H",
      "Correlation": {
        "#attributes": {
          "ActivityID": "F462686E-BCC9-4ACD-925F-031F66D50000"
        }
      },
      "EventID": 263,
      "EventRecordID": 140,
      "Execution": {
        "#attributes": {
          "ProcessID": 1256,
          "ThreadID": 12332
        }
      },
      "Keywords": "0x1000000000000000",
      "Level": 4,
      "Opcode": 0,
      "Provider": {
        "#attributes": {
          "Guid": "C76BAA63-AE81-421C-B425-340B4B24157F",
          "Name": "Microsoft-Windows-TerminalServices-RemoteConnectionManager"
        }
      },
      "Security": {
        "#attributes": {
          "UserID": "S-1-5-20"
        }
      },
      "Task": 0,
      "TimeCreated": {
        "#attributes": {
          "SystemTime": "2020-04-10T17:13:24.733598Z"
        }
      },
      "Version": 0
    }
  }
}
Record 141
{
  "Event": {
    "#attributes": {
      "xmlns": "http://schemas.microsoft.com/win/2004/08/events/event"
    },
    "System": {
      "Channel": "Microsoft-Windows-TerminalServices-RemoteConnectionManager/Operational",
      "Computer": "DESKTOP-QATR41H",
      "Correlation": {
        "#attributes": {
          "ActivityID": "F4621B51-BE50-4C05-B6F2-1B6A347A0000"
        }
      },
      "EventID": 20523,
      "EventRecordID": 141,
      "Execution": {
        "#attributes": {
          "ProcessID": 1264,
          "ThreadID": 1420
        }
      },
      "Keywords": "0x1000000000000000",
      "Level": 4,
      "Opcode": 0,
      "Provider": {
        "#attributes": {
          "Guid": "C76BAA63-AE81-421C-B425-340B4B24157F",
          "Name": "Microsoft-Windows-TerminalServices-RemoteConnectionManager"
        }
      },
      "Security": {
        "#attributes": {
          "UserID": "S-1-5-20"
        }
      },
      "Task": 0,
      "TimeCreated": {
        "#attributes": {
          "SystemTime": "2020-04-11T08:35:46.082922Z"
        }
      },
      "Version": 0
    },
    "UserData": {
      "EventXML": {
        "#attributes": {
          "xmlns": "Event_NS"
        },
        "Class": "5828227C-20CF-4408-B73F-73AB70B8849F",
        "ListenerName": "RDP-Tcp"
      }
    }
  }
}
Record 142
{
  "Event": {
    "#attributes": {
      "xmlns": "http://schemas.microsoft.com/win/2004/08/events/event"
    },
    "System": {
      "Channel": "Microsoft-Windows-TerminalServices-RemoteConnectionManager/Operational",
      "Computer": "DESKTOP-QATR41H",
      "Correlation": {
        "#attributes": {
          "ActivityID": "F4621B51-BE50-4C05-B6F2-1B6A347A0000"
        }
      },
      "EventID": 20523,
      "EventRecordID": 142,
      "Execution": {
        "#attributes": {
          "ProcessID": 1264,
          "ThreadID": 1420
        }
      },
      "Keywords": "0x1000000000000000",
      "Level": 4,
      "Opcode": 0,
      "Provider": {
        "#attributes": {
          "Guid": "C76BAA63-AE81-421C-B425-340B4B24157F",
          "Name": "Microsoft-Windows-TerminalServices-RemoteConnectionManager"
        }
      },
      "Security": {
        "#attributes": {
          "UserID": "S-1-5-20"
        }
      },
      "Task": 0,
      "TimeCreated": {
        "#attributes": {
          "SystemTime": "2020-04-11T08:35:46.280695Z"
        }
      },
      "Version": 0
    },
    "UserData": {
      "EventXML": {
        "#attributes": {
          "xmlns": "Event_NS"
        },
        "Class": "56CF02BC-F460-4BDA-AC40-6BD4EB9347D3",
        "ListenerName": "7A78855482A04FA781DC"
      }
    }
  }
}
Record 143
{
  "Event": {
    "#attributes": {
      "xmlns": "http://schemas.microsoft.com/win/2004/08/events/event"
    },
    "System": {
      "Channel": "Microsoft-Windows-TerminalServices-RemoteConnectionManager/Operational",
      "Computer": "DESKTOP-QATR41H",
      "Correlation": {
        "#attributes": {
          "ActivityID": "F4621B51-BE50-4C05-B6F2-1B6A347A0000"
        }
      },
      "EventID": 258,
      "EventRecordID": 143,
      "Execution": {
        "#attributes": {
          "ProcessID": 1264,
          "ThreadID": 1420
        }
      },
      "Keywords": "0x1000000000000000",
      "Level": 4,
      "Opcode": 0,
      "Provider": {
        "#attributes": {
          "Guid": "C76BAA63-AE81-421C-B425-340B4B24157F",
          "Name": "Microsoft-Windows-TerminalServices-RemoteConnectionManager"
        }
      },
      "Security": {
        "#attributes": {
          "UserID": "S-1-5-20"
        }
      },
      "Task": 0,
      "TimeCreated": {
        "#attributes": {
          "SystemTime": "2020-04-11T08:35:46.284417Z"
        }
      },
      "Version": 0
    },
    "UserData": {
      "EventXML": {
        "#attributes": {
          "xmlns": "Event_NS"
        },
        "listenerName": "7A78855482A04FA781DC"
      }
    }
  }
}
Record 144
{
  "Event": {
    "#attributes": {
      "xmlns": "http://schemas.microsoft.com/win/2004/08/events/event"
    },
    "EventData": null,
    "System": {
      "Channel": "Microsoft-Windows-TerminalServices-RemoteConnectionManager/Operational",
      "Computer": "DESKTOP-QATR41H",
      "Correlation": {
        "#attributes": {
          "ActivityID": "F4621B51-BE50-4C05-B6F2-1B6A347A0000"
        }
      },
      "EventID": 263,
      "EventRecordID": 144,
      "Execution": {
        "#attributes": {
          "ProcessID": 1264,
          "ThreadID": 1420
        }
      },
      "Keywords": "0x1000000000000000",
      "Level": 4,
      "Opcode": 0,
      "Provider": {
        "#attributes": {
          "Guid": "C76BAA63-AE81-421C-B425-340B4B24157F",
          "Name": "Microsoft-Windows-TerminalServices-RemoteConnectionManager"
        }
      },
      "Security": {
        "#attributes": {
          "UserID": "S-1-5-20"
        }
      },
      "Task": 0,
      "TimeCreated": {
        "#attributes": {
          "SystemTime": "2020-04-11T08:35:46.378370Z"
        }
      },
      "Version": 0
    }
  }
}
Record 145
{
  "Event": {
    "#attributes": {
      "xmlns": "http://schemas.microsoft.com/win/2004/08/events/event"
    },
    "System": {
      "Channel": "Microsoft-Windows-TerminalServices-RemoteConnectionManager/Operational",
      "Computer": "DESKTOP-QATR41H",
      "Correlation": {
        "#attributes": {
          "ActivityID": "F4625D5A-2845-4527-A154-8DDE89B10000"
        }
      },
      "EventID": 20523,
      "EventRecordID": 145,
      "Execution": {
        "#attributes": {
          "ProcessID": 1264,
          "ThreadID": 1420
        }
      },
      "Keywords": "0x1000000000000000",
      "Level": 4,
      "Opcode": 0,
      "Provider": {
        "#attributes": {
          "Guid": "C76BAA63-AE81-421C-B425-340B4B24157F",
          "Name": "Microsoft-Windows-TerminalServices-RemoteConnectionManager"
        }
      },
      "Security": {
        "#attributes": {
          "UserID": "S-1-5-20"
        }
      },
      "Task": 0,
      "TimeCreated": {
        "#attributes": {
          "SystemTime": "2020-04-11T08:35:46.519812Z"
        }
      },
      "Version": 0
    },
    "UserData": {
      "EventXML": {
        "#attributes": {
          "xmlns": "Event_NS"
        },
        "Class": "5828227C-20CF-4408-B73F-73AB70B8849F",
        "ListenerName": "RDP-Tcp"
      }
    }
  }
}
Record 146
{
  "Event": {
    "#attributes": {
      "xmlns": "http://schemas.microsoft.com/win/2004/08/events/event"
    },
    "EventData": null,
    "System": {
      "Channel": "Microsoft-Windows-TerminalServices-RemoteConnectionManager/Operational",
      "Computer": "DESKTOP-QATR41H",
      "Correlation": {
        "#attributes": {
          "ActivityID": "F4625D5A-2845-4527-A154-8DDE89B10000"
        }
      },
      "EventID": 263,
      "EventRecordID": 146,
      "Execution": {
        "#attributes": {
          "ProcessID": 1264,
          "ThreadID": 1420
        }
      },
      "Keywords": "0x1000000000000000",
      "Level": 4,
      "Opcode": 0,
      "Provider": {
        "#attributes": {
          "Guid": "C76BAA63-AE81-421C-B425-340B4B24157F",
          "Name": "Microsoft-Windows-TerminalServices-RemoteConnectionManager"
        }
      },
      "Security": {
        "#attributes": {
          "UserID": "S-1-5-20"
        }
      },
      "Task": 0,
      "TimeCreated": {
        "#attributes": {
          "SystemTime": "2020-04-11T08:35:46.531901Z"
        }
      },
      "Version": 0
    }
  }
}
Record 147
{
  "Event": {
    "#attributes": {
      "xmlns": "http://schemas.microsoft.com/win/2004/08/events/event"
    },
    "EventData": null,
    "System": {
      "Channel": "Microsoft-Windows-TerminalServices-RemoteConnectionManager/Operational",
      "Computer": "DESKTOP-QATR41H",
      "Correlation": null,
      "EventID": 1136,
      "EventRecordID": 147,
      "Execution": {
        "#attributes": {
          "ProcessID": 2744,
          "ThreadID": 2768
        }
      },
      "Keywords": "0x1000000000000000",
      "Level": 4,
      "Opcode": 0,
      "Provider": {
        "#attributes": {
          "Guid": "C76BAA63-AE81-421C-B425-340B4B24157F",
          "Name": "Microsoft-Windows-TerminalServices-RemoteConnectionManager"
        }
      },
      "Security": {
        "#attributes": {
          "UserID": "S-1-5-18"
        }
      },
      "Task": 0,
      "TimeCreated": {
        "#attributes": {
          "SystemTime": "2020-04-11T08:35:46.532237Z"
        }
      },
      "Version": 0
    }
  }
}
Record 148
{
  "Event": {
    "#attributes": {
      "xmlns": "http://schemas.microsoft.com/win/2004/08/events/event"
    },
    "System": {
      "Channel": "Microsoft-Windows-TerminalServices-RemoteConnectionManager/Operational",
      "Computer": "DESKTOP-QATR41H",
      "Correlation": {
        "#attributes": {
          "ActivityID": "F462432E-A3AA-4388-B156-0960299E0000"
        }
      },
      "EventID": 20523,
      "EventRecordID": 148,
      "Execution": {
        "#attributes": {
          "ProcessID": 1264,
          "ThreadID": 1420
        }
      },
      "Keywords": "0x1000000000000000",
      "Level": 4,
      "Opcode": 0,
      "Provider": {
        "#attributes": {
          "Guid": "C76BAA63-AE81-421C-B425-340B4B24157F",
          "Name": "Microsoft-Windows-TerminalServices-RemoteConnectionManager"
        }
      },
      "Security": {
        "#attributes": {
          "UserID": "S-1-5-20"
        }
      },
      "Task": 0,
      "TimeCreated": {
        "#attributes": {
          "SystemTime": "2020-04-11T08:35:46.533936Z"
        }
      },
      "Version": 0
    },
    "UserData": {
      "EventXML": {
        "#attributes": {
          "xmlns": "Event_NS"
        },
        "Class": "5828227C-20CF-4408-B73F-73AB70B8849F",
        "ListenerName": "RDP-Tcp"
      }
    }
  }
}
Record 149
{
  "Event": {
    "#attributes": {
      "xmlns": "http://schemas.microsoft.com/win/2004/08/events/event"
    },
    "EventData": null,
    "System": {
      "Channel": "Microsoft-Windows-TerminalServices-RemoteConnectionManager/Operational",
      "Computer": "DESKTOP-QATR41H",
      "Correlation": {
        "#attributes": {
          "ActivityID": "F462432E-A3AA-4388-B156-0960299E0000"
        }
      },
      "EventID": 263,
      "EventRecordID": 149,
      "Execution": {
        "#attributes": {
          "ProcessID": 1264,
          "ThreadID": 1420
        }
      },
      "Keywords": "0x1000000000000000",
      "Level": 4,
      "Opcode": 0,
      "Provider": {
        "#attributes": {
          "Guid": "C76BAA63-AE81-421C-B425-340B4B24157F",
          "Name": "Microsoft-Windows-TerminalServices-RemoteConnectionManager"
        }
      },
      "Security": {
        "#attributes": {
          "UserID": "S-1-5-20"
        }
      },
      "Task": 0,
      "TimeCreated": {
        "#attributes": {
          "SystemTime": "2020-04-11T08:35:46.548077Z"
        }
      },
      "Version": 0
    }
  }
}
Record 150
{
  "Event": {
    "#attributes": {
      "xmlns": "http://schemas.microsoft.com/win/2004/08/events/event"
    },
    "System": {
      "Channel": "Microsoft-Windows-TerminalServices-RemoteConnectionManager/Operational",
      "Computer": "DESKTOP-QATR41H",
      "Correlation": {
        "#attributes": {
          "ActivityID": "F462FE7C-38AB-422D-9F6C-3574CD970000"
        }
      },
      "EventID": 20523,
      "EventRecordID": 150,
      "Execution": {
        "#attributes": {
          "ProcessID": 1264,
          "ThreadID": 1420
        }
      },
      "Keywords": "0x1000000000000000",
      "Level": 4,
      "Opcode": 0,
      "Provider": {
        "#attributes": {
          "Guid": "C76BAA63-AE81-421C-B425-340B4B24157F",
          "Name": "Microsoft-Windows-TerminalServices-RemoteConnectionManager"
        }
      },
      "Security": {
        "#attributes": {
          "UserID": "S-1-5-20"
        }
      },
      "Task": 0,
      "TimeCreated": {
        "#attributes": {
          "SystemTime": "2020-04-11T08:35:46.555317Z"
        }
      },
      "Version": 0
    },
    "UserData": {
      "EventXML": {
        "#attributes": {
          "xmlns": "Event_NS"
        },
        "Class": "5828227C-20CF-4408-B73F-73AB70B8849F",
        "ListenerName": "RDP-Tcp"
      }
    }
  }
}
Record 151
{
  "Event": {
    "#attributes": {
      "xmlns": "http://schemas.microsoft.com/win/2004/08/events/event"
    },
    "EventData": null,
    "System": {
      "Channel": "Microsoft-Windows-TerminalServices-RemoteConnectionManager/Operational",
      "Computer": "DESKTOP-QATR41H",
      "Correlation": {
        "#attributes": {
          "ActivityID": "F462FE7C-38AB-422D-9F6C-3574CD970000"
        }
      },
      "EventID": 263,
      "EventRecordID": 151,
      "Execution": {
        "#attributes": {
          "ProcessID": 1264,
          "ThreadID": 1420
        }
      },
      "Keywords": "0x1000000000000000",
      "Level": 4,
      "Opcode": 0,
      "Provider": {
        "#attributes": {
          "Guid": "C76BAA63-AE81-421C-B425-340B4B24157F",
          "Name": "Microsoft-Windows-TerminalServices-RemoteConnectionManager"
        }
      },
      "Security": {
        "#attributes": {
          "UserID": "S-1-5-20"
        }
      },
      "Task": 0,
      "TimeCreated": {
        "#attributes": {
          "SystemTime": "2020-04-11T08:35:46.567321Z"
        }
      },
      "Version": 0
    }
  }
}
Record 152
{
  "Event": {
    "#attributes": {
      "xmlns": "http://schemas.microsoft.com/win/2004/08/events/event"
    },
    "System": {
      "Channel": "Microsoft-Windows-TerminalServices-RemoteConnectionManager/Operational",
      "Computer": "DESKTOP-QATR41H",
      "Correlation": {
        "#attributes": {
          "ActivityID": "F462E1D6-B367-4768-800C-BF3F7B2D0000"
        }
      },
      "EventID": 20523,
      "EventRecordID": 152,
      "Execution": {
        "#attributes": {
          "ProcessID": 1264,
          "ThreadID": 1420
        }
      },
      "Keywords": "0x1000000000000000",
      "Level": 4,
      "Opcode": 0,
      "Provider": {
        "#attributes": {
          "Guid": "C76BAA63-AE81-421C-B425-340B4B24157F",
          "Name": "Microsoft-Windows-TerminalServices-RemoteConnectionManager"
        }
      },
      "Security": {
        "#attributes": {
          "UserID": "S-1-5-20"
        }
      },
      "Task": 0,
      "TimeCreated": {
        "#attributes": {
          "SystemTime": "2020-04-11T08:35:46.569159Z"
        }
      },
      "Version": 0
    },
    "UserData": {
      "EventXML": {
        "#attributes": {
          "xmlns": "Event_NS"
        },
        "Class": "5828227C-20CF-4408-B73F-73AB70B8849F",
        "ListenerName": "RDP-Tcp"
      }
    }
  }
}
Record 153
{
  "Event": {
    "#attributes": {
      "xmlns": "http://schemas.microsoft.com/win/2004/08/events/event"
    },
    "EventData": null,
    "System": {
      "Channel": "Microsoft-Windows-TerminalServices-RemoteConnectionManager/Operational",
      "Computer": "DESKTOP-QATR41H",
      "Correlation": {
        "#attributes": {
          "ActivityID": "F462E1D6-B367-4768-800C-BF3F7B2D0000"
        }
      },
      "EventID": 263,
      "EventRecordID": 153,
      "Execution": {
        "#attributes": {
          "ProcessID": 1264,
          "ThreadID": 1420
        }
      },
      "Keywords": "0x1000000000000000",
      "Level": 4,
      "Opcode": 0,
      "Provider": {
        "#attributes": {
          "Guid": "C76BAA63-AE81-421C-B425-340B4B24157F",
          "Name": "Microsoft-Windows-TerminalServices-RemoteConnectionManager"
        }
      },
      "Security": {
        "#attributes": {
          "UserID": "S-1-5-20"
        }
      },
      "Task": 0,
      "TimeCreated": {
        "#attributes": {
          "SystemTime": "2020-04-11T08:35:46.580636Z"
        }
      },
      "Version": 0
    }
  }
}
Record 154
{
  "Event": {
    "#attributes": {
      "xmlns": "http://schemas.microsoft.com/win/2004/08/events/event"
    },
    "System": {
      "Channel": "Microsoft-Windows-TerminalServices-RemoteConnectionManager/Operational",
      "Computer": "DESKTOP-QATR41H",
      "Correlation": {
        "#attributes": {
          "ActivityID": "F462D297-855C-424A-8582-BB7522E90000"
        }
      },
      "EventID": 20523,
      "EventRecordID": 154,
      "Execution": {
        "#attributes": {
          "ProcessID": 1264,
          "ThreadID": 1420
        }
      },
      "Keywords": "0x1000000000000000",
      "Level": 4,
      "Opcode": 0,
      "Provider": {
        "#attributes": {
          "Guid": "C76BAA63-AE81-421C-B425-340B4B24157F",
          "Name": "Microsoft-Windows-TerminalServices-RemoteConnectionManager"
        }
      },
      "Security": {
        "#attributes": {
          "UserID": "S-1-5-20"
        }
      },
      "Task": 0,
      "TimeCreated": {
        "#attributes": {
          "SystemTime": "2020-04-11T08:35:46.582635Z"
        }
      },
      "Version": 0
    },
    "UserData": {
      "EventXML": {
        "#attributes": {
          "xmlns": "Event_NS"
        },
        "Class": "5828227C-20CF-4408-B73F-73AB70B8849F",
        "ListenerName": "RDP-Tcp"
      }
    }
  }
}
Record 155
{
  "Event": {
    "#attributes": {
      "xmlns": "http://schemas.microsoft.com/win/2004/08/events/event"
    },
    "EventData": null,
    "System": {
      "Channel": "Microsoft-Windows-TerminalServices-RemoteConnectionManager/Operational",
      "Computer": "DESKTOP-QATR41H",
      "Correlation": {
        "#attributes": {
          "ActivityID": "F462D297-855C-424A-8582-BB7522E90000"
        }
      },
      "EventID": 263,
      "EventRecordID": 155,
      "Execution": {
        "#attributes": {
          "ProcessID": 1264,
          "ThreadID": 1420
        }
      },
      "Keywords": "0x1000000000000000",
      "Level": 4,
      "Opcode": 0,
      "Provider": {
        "#attributes": {
          "Guid": "C76BAA63-AE81-421C-B425-340B4B24157F",
          "Name": "Microsoft-Windows-TerminalServices-RemoteConnectionManager"
        }
      },
      "Security": {
        "#attributes": {
          "UserID": "S-1-5-20"
        }
      },
      "Task": 0,
      "TimeCreated": {
        "#attributes": {
          "SystemTime": "2020-04-11T08:35:46.594755Z"
        }
      },
      "Version": 0
    }
  }
}
Record 156
{
  "Event": {
    "#attributes": {
      "xmlns": "http://schemas.microsoft.com/win/2004/08/events/event"
    },
    "System": {
      "Channel": "Microsoft-Windows-TerminalServices-RemoteConnectionManager/Operational",
      "Computer": "DESKTOP-QATR41H",
      "Correlation": {
        "#attributes": {
          "ActivityID": "F462662D-2550-4EAB-A1F9-0F35E5CA0000"
        }
      },
      "EventID": 20523,
      "EventRecordID": 156,
      "Execution": {
        "#attributes": {
          "ProcessID": 1264,
          "ThreadID": 1420
        }
      },
      "Keywords": "0x1000000000000000",
      "Level": 4,
      "Opcode": 0,
      "Provider": {
        "#attributes": {
          "Guid": "C76BAA63-AE81-421C-B425-340B4B24157F",
          "Name": "Microsoft-Windows-TerminalServices-RemoteConnectionManager"
        }
      },
      "Security": {
        "#attributes": {
          "UserID": "S-1-5-20"
        }
      },
      "Task": 0,
      "TimeCreated": {
        "#attributes": {
          "SystemTime": "2020-04-11T08:35:46.596157Z"
        }
      },
      "Version": 0
    },
    "UserData": {
      "EventXML": {
        "#attributes": {
          "xmlns": "Event_NS"
        },
        "Class": "5828227C-20CF-4408-B73F-73AB70B8849F",
        "ListenerName": "RDP-Tcp"
      }
    }
  }
}
Record 157
{
  "Event": {
    "#attributes": {
      "xmlns": "http://schemas.microsoft.com/win/2004/08/events/event"
    },
    "EventData": null,
    "System": {
      "Channel": "Microsoft-Windows-TerminalServices-RemoteConnectionManager/Operational",
      "Computer": "DESKTOP-QATR41H",
      "Correlation": {
        "#attributes": {
          "ActivityID": "F462662D-2550-4EAB-A1F9-0F35E5CA0000"
        }
      },
      "EventID": 263,
      "EventRecordID": 157,
      "Execution": {
        "#attributes": {
          "ProcessID": 1264,
          "ThreadID": 1420
        }
      },
      "Keywords": "0x1000000000000000",
      "Level": 4,
      "Opcode": 0,
      "Provider": {
        "#attributes": {
          "Guid": "C76BAA63-AE81-421C-B425-340B4B24157F",
          "Name": "Microsoft-Windows-TerminalServices-RemoteConnectionManager"
        }
      },
      "Security": {
        "#attributes": {
          "UserID": "S-1-5-20"
        }
      },
      "Task": 0,
      "TimeCreated": {
        "#attributes": {
          "SystemTime": "2020-04-11T08:35:46.609494Z"
        }
      },
      "Version": 0
    }
  }
}
Record 158
{
  "Event": {
    "#attributes": {
      "xmlns": "http://schemas.microsoft.com/win/2004/08/events/event"
    },
    "System": {
      "Channel": "Microsoft-Windows-TerminalServices-RemoteConnectionManager/Operational",
      "Computer": "DESKTOP-QATR41H",
      "Correlation": {
        "#attributes": {
          "ActivityID": "F4624D94-8712-49DD-B76E-8D7FFC990000"
        }
      },
      "EventID": 20523,
      "EventRecordID": 158,
      "Execution": {
        "#attributes": {
          "ProcessID": 1280,
          "ThreadID": 1480
        }
      },
      "Keywords": "0x1000000000000000",
      "Level": 4,
      "Opcode": 0,
      "Provider": {
        "#attributes": {
          "Guid": "C76BAA63-AE81-421C-B425-340B4B24157F",
          "Name": "Microsoft-Windows-TerminalServices-RemoteConnectionManager"
        }
      },
      "Security": {
        "#attributes": {
          "UserID": "S-1-5-20"
        }
      },
      "Task": 0,
      "TimeCreated": {
        "#attributes": {
          "SystemTime": "2020-04-11T10:51:12.280312Z"
        }
      },
      "Version": 0
    },
    "UserData": {
      "EventXML": {
        "#attributes": {
          "xmlns": "Event_NS"
        },
        "Class": "5828227C-20CF-4408-B73F-73AB70B8849F",
        "ListenerName": "RDP-Tcp"
      }
    }
  }
}
Record 159
{
  "Event": {
    "#attributes": {
      "xmlns": "http://schemas.microsoft.com/win/2004/08/events/event"
    },
    "System": {
      "Channel": "Microsoft-Windows-TerminalServices-RemoteConnectionManager/Operational",
      "Computer": "DESKTOP-QATR41H",
      "Correlation": {
        "#attributes": {
          "ActivityID": "F4624D94-8712-49DD-B76E-8D7FFC990000"
        }
      },
      "EventID": 20523,
      "EventRecordID": 159,
      "Execution": {
        "#attributes": {
          "ProcessID": 1280,
          "ThreadID": 1480
        }
      },
      "Keywords": "0x1000000000000000",
      "Level": 4,
      "Opcode": 0,
      "Provider": {
        "#attributes": {
          "Guid": "C76BAA63-AE81-421C-B425-340B4B24157F",
          "Name": "Microsoft-Windows-TerminalServices-RemoteConnectionManager"
        }
      },
      "Security": {
        "#attributes": {
          "UserID": "S-1-5-20"
        }
      },
      "Task": 0,
      "TimeCreated": {
        "#attributes": {
          "SystemTime": "2020-04-11T10:51:12.503066Z"
        }
      },
      "Version": 0
    },
    "UserData": {
      "EventXML": {
        "#attributes": {
          "xmlns": "Event_NS"
        },
        "Class": "56CF02BC-F460-4BDA-AC40-6BD4EB9347D3",
        "ListenerName": "7A78855482A04FA781DC"
      }
    }
  }
}
Record 160
{
  "Event": {
    "#attributes": {
      "xmlns": "http://schemas.microsoft.com/win/2004/08/events/event"
    },
    "System": {
      "Channel": "Microsoft-Windows-TerminalServices-RemoteConnectionManager/Operational",
      "Computer": "DESKTOP-QATR41H",
      "Correlation": {
        "#attributes": {
          "ActivityID": "F4624D94-8712-49DD-B76E-8D7FFC990000"
        }
      },
      "EventID": 258,
      "EventRecordID": 160,
      "Execution": {
        "#attributes": {
          "ProcessID": 1280,
          "ThreadID": 1480
        }
      },
      "Keywords": "0x1000000000000000",
      "Level": 4,
      "Opcode": 0,
      "Provider": {
        "#attributes": {
          "Guid": "C76BAA63-AE81-421C-B425-340B4B24157F",
          "Name": "Microsoft-Windows-TerminalServices-RemoteConnectionManager"
        }
      },
      "Security": {
        "#attributes": {
          "UserID": "S-1-5-20"
        }
      },
      "Task": 0,
      "TimeCreated": {
        "#attributes": {
          "SystemTime": "2020-04-11T10:51:12.506560Z"
        }
      },
      "Version": 0
    },
    "UserData": {
      "EventXML": {
        "#attributes": {
          "xmlns": "Event_NS"
        },
        "listenerName": "7A78855482A04FA781DC"
      }
    }
  }
}
