Record 681
{
  "Event": {
    "#attributes": {
      "xmlns": "http://schemas.microsoft.com/win/2004/08/events/event"
    },
    "System": {
      "Channel": "Microsoft-Windows-TerminalServices-RemoteConnectionManager/Operational",
      "Computer": "DESKTOP-QATR41H",
      "Correlation": {
        "#attributes": {
          "ActivityID": "F46283AF-95D8-4986-A6B9-E5482FA50000"
        }
      },
      "EventID": 20523,
      "EventRecordID": 681,
      "Execution": {
        "#attributes": {
          "ProcessID": 1276,
          "ThreadID": 1472
        }
      },
      "Keywords": "0x1000000000000000",
      "Level": 4,
      "Opcode": 0,
      "Provider": {
        "#attributes": {
          "Guid": "C76BAA63-AE81-421C-B425-340B4B24157F",
          "Name": "Microsoft-Windows-TerminalServices-RemoteConnectionManager"
        }
      },
      "Security": {
        "#attributes": {
          "UserID": "S-1-5-20"
        }
      },
      "Task": 0,
      "TimeCreated": {
        "#attributes": {
          "SystemTime": "2020-04-15T10:36:57.750278Z"
        }
      },
      "Version": 0
    },
    "UserData": {
      "EventXML": {
        "#attributes": {
          "xmlns": "Event_NS"
        },
        "Class": "5828227C-20CF-4408-B73F-73AB70B8849F",
        "ListenerName": "RDP-Tcp"
      }
    }
  }
}
Record 682
{
  "Event": {
    "#attributes": {
      "xmlns": "http://schemas.microsoft.com/win/2004/08/events/event"
    },
    "EventData": null,
    "System": {
      "Channel": "Microsoft-Windows-TerminalServices-RemoteConnectionManager/Operational",
      "Computer": "DESKTOP-QATR41H",
      "Correlation": {
        "#attributes": {
          "ActivityID": "F46283AF-95D8-4986-A6B9-E5482FA50000"
        }
      },
      "EventID": 263,
      "EventRecordID": 682,
      "Execution": {
        "#attributes": {
          "ProcessID": 1276,
          "ThreadID": 1472
        }
      },
      "Keywords": "0x1000000000000000",
      "Level": 4,
      "Opcode": 0,
      "Provider": {
        "#attributes": {
          "Guid": "C76BAA63-AE81-421C-B425-340B4B24157F",
          "Name": "Microsoft-Windows-TerminalServices-RemoteConnectionManager"
        }
      },
      "Security": {
        "#attributes": {
          "UserID": "S-1-5-20"
        }
      },
      "Task": 0,
      "TimeCreated": {
        "#attributes": {
          "SystemTime": "2020-04-15T10:36:57.760727Z"
        }
      },
      "Version": 0
    }
  }
}
Record 683
{
  "Event": {
    "#attributes": {
      "xmlns": "http://schemas.microsoft.com/win/2004/08/events/event"
    },
    "System": {
      "Channel": "Microsoft-Windows-TerminalServices-RemoteConnectionManager/Operational",
      "Computer": "DESKTOP-QATR41H",
      "Correlation": {
        "#attributes": {
          "ActivityID": "F4629BC2-D62E-4253-9586-80D537570000"
        }
      },
      "EventID": 20523,
      "EventRecordID": 683,
      "Execution": {
        "#attributes": {
          "ProcessID": 1276,
          "ThreadID": 1472
        }
      },
      "Keywords": "0x1000000000000000",
      "Level": 4,
      "Opcode": 0,
      "Provider": {
        "#attributes": {
          "Guid": "C76BAA63-AE81-421C-B425-340B4B24157F",
          "Name": "Microsoft-Windows-TerminalServices-RemoteConnectionManager"
        }
      },
      "Security": {
        "#attributes": {
          "UserID": "S-1-5-20"
        }
      },
      "Task": 0,
      "TimeCreated": {
        "#attributes": {
          "SystemTime": "2020-04-15T10:36:57.762070Z"
        }
      },
      "Version": 0
    },
    "UserData": {
      "EventXML": {
        "#attributes": {
          "xmlns": "Event_NS"
        },
        "Class": "5828227C-20CF-4408-B73F-73AB70B8849F",
        "ListenerName": "RDP-Tcp"
      }
    }
  }
}
Record 684
{
  "Event": {
    "#attributes": {
      "xmlns": "http://schemas.microsoft.com/win/2004/08/events/event"
    },
    "EventData": null,
    "System": {
      "Channel": "Microsoft-Windows-TerminalServices-RemoteConnectionManager/Operational",
      "Computer": "DESKTOP-QATR41H",
      "Correlation": {
        "#attributes": {
          "ActivityID": "F4629BC2-D62E-4253-9586-80D537570000"
        }
      },
      "EventID": 263,
      "EventRecordID": 684,
      "Execution": {
        "#attributes": {
          "ProcessID": 1276,
          "ThreadID": 1472
        }
      },
      "Keywords": "0x1000000000000000",
      "Level": 4,
      "Opcode": 0,
      "Provider": {
        "#attributes": {
          "Guid": "C76BAA63-AE81-421C-B425-340B4B24157F",
          "Name": "Microsoft-Windows-TerminalServices-RemoteConnectionManager"
        }
      },
      "Security": {
        "#attributes": {
          "UserID": "S-1-5-20"
        }
      },
      "Task": 0,
      "TimeCreated": {
        "#attributes": {
          "SystemTime": "2020-04-15T10:36:57.773826Z"
        }
      },
      "Version": 0
    }
  }
}
Record 685
{
  "Event": {
    "#attributes": {
      "xmlns": "http://schemas.microsoft.com/win/2004/08/events/event"
    },
    "System": {
      "Channel": "Microsoft-Windows-TerminalServices-RemoteConnectionManager/Operational",
      "Computer": "DESKTOP-QATR41H",
      "Correlation": {
        "#attributes": {
          "ActivityID": "F46291A7-1D6A-4AFB-90AB-B229894F0000"
        }
      },
      "EventID": 20523,
      "EventRecordID": 685,
      "Execution": {
        "#attributes": {
          "ProcessID": 1276,
          "ThreadID": 1472
        }
      },
      "Keywords": "0x1000000000000000",
      "Level": 4,
      "Opcode": 0,
      "Provider": {
        "#attributes": {
          "Guid": "C76BAA63-AE81-421C-B425-340B4B24157F",
          "Name": "Microsoft-Windows-TerminalServices-RemoteConnectionManager"
        }
      },
      "Security": {
        "#attributes": {
          "UserID": "S-1-5-20"
        }
      },
      "Task": 0,
      "TimeCreated": {
        "#attributes": {
          "SystemTime": "2020-04-15T10:36:57.775587Z"
        }
      },
      "Version": 0
    },
    "UserData": {
      "EventXML": {
        "#attributes": {
          "xmlns": "Event_NS"
        },
        "Class": "5828227C-20CF-4408-B73F-73AB70B8849F",
        "ListenerName": "RDP-Tcp"
      }
    }
  }
}
Record 686
{
  "Event": {
    "#attributes": {
      "xmlns": "http://schemas.microsoft.com/win/2004/08/events/event"
    },
    "EventData": null,
    "System": {
      "Channel": "Microsoft-Windows-TerminalServices-RemoteConnectionManager/Operational",
      "Computer": "DESKTOP-QATR41H",
      "Correlation": {
        "#attributes": {
          "ActivityID": "F46291A7-1D6A-4AFB-90AB-B229894F0000"
        }
      },
      "EventID": 263,
      "EventRecordID": 686,
      "Execution": {
        "#attributes": {
          "ProcessID": 1276,
          "ThreadID": 1472
        }
      },
      "Keywords": "0x1000000000000000",
      "Level": 4,
      "Opcode": 0,
      "Provider": {
        "#attributes": {
          "Guid": "C76BAA63-AE81-421C-B425-340B4B24157F",
          "Name": "Microsoft-Windows-TerminalServices-RemoteConnectionManager"
        }
      },
      "Security": {
        "#attributes": {
          "UserID": "S-1-5-20"
        }
      },
      "Task": 0,
      "TimeCreated": {
        "#attributes": {
          "SystemTime": "2020-04-15T10:36:57.787578Z"
        }
      },
      "Version": 0
    }
  }
}
Record 687
{
  "Event": {
    "#attributes": {
      "xmlns": "http://schemas.microsoft.com/win/2004/08/events/event"
    },
    "System": {
      "Channel": "Microsoft-Windows-TerminalServices-RemoteConnectionManager/Operational",
      "Computer": "DESKTOP-QATR41H",
      "Correlation": {
        "#attributes": {
          "ActivityID": "F462F408-37C1-4EFD-AD22-EDBFE91B0000"
        }
      },
      "EventID": 20523,
      "EventRecordID": 687,
      "Execution": {
        "#attributes": {
          "ProcessID": 1276,
          "ThreadID": 1472
        }
      },
      "Keywords": "0x1000000000000000",
      "Level": 4,
      "Opcode": 0,
      "Provider": {
        "#attributes": {
          "Guid": "C76BAA63-AE81-421C-B425-340B4B24157F",
          "Name": "Microsoft-Windows-TerminalServices-RemoteConnectionManager"
        }
      },
      "Security": {
        "#attributes": {
          "UserID": "S-1-5-20"
        }
      },
      "Task": 0,
      "TimeCreated": {
        "#attributes": {
          "SystemTime": "2020-04-15T10:36:57.789267Z"
        }
      },
      "Version": 0
    },
    "UserData": {
      "EventXML": {
        "#attributes": {
          "xmlns": "Event_NS"
        },
        "Class": "5828227C-20CF-4408-B73F-73AB70B8849F",
        "ListenerName": "RDP-Tcp"
      }
    }
  }
}
Record 688
{
  "Event": {
    "#attributes": {
      "xmlns": "http://schemas.microsoft.com/win/2004/08/events/event"
    },
    "EventData": null,
    "System": {
      "Channel": "Microsoft-Windows-TerminalServices-RemoteConnectionManager/Operational",
      "Computer": "DESKTOP-QATR41H",
      "Correlation": {
        "#attributes": {
          "ActivityID": "F462F408-37C1-4EFD-AD22-EDBFE91B0000"
        }
      },
      "EventID": 263,
      "EventRecordID": 688,
      "Execution": {
        "#attributes": {
          "ProcessID": 1276,
          "ThreadID": 1472
        }
      },
      "Keywords": "0x1000000000000000",
      "Level": 4,
      "Opcode": 0,
      "Provider": {
        "#attributes": {
          "Guid": "C76BAA63-AE81-421C-B425-340B4B24157F",
          "Name": "Microsoft-Windows-TerminalServices-RemoteConnectionManager"
        }
      },
      "Security": {
        "#attributes": {
          "UserID": "S-1-5-20"
        }
      },
      "Task": 0,
      "TimeCreated": {
        "#attributes": {
          "SystemTime": "2020-04-15T10:36:57.801100Z"
        }
      },
      "Version": 0
    }
  }
}
Record 689
{
  "Event": {
    "#attributes": {
      "xmlns": "http://schemas.microsoft.com/win/2004/08/events/event"
    },
    "System": {
      "Channel": "Microsoft-Windows-TerminalServices-RemoteConnectionManager/Operational",
      "Computer": "DESKTOP-QATR41H",
      "Correlation": {
        "#attributes": {
          "ActivityID": "F462040C-D81B-4CF2-834F-8F89745D0000"
        }
      },
      "EventID": 20523,
      "EventRecordID": 689,
      "Execution": {
        "#attributes": {
          "ProcessID": 1252,
          "ThreadID": 1432
        }
      },
      "Keywords": "0x1000000000000000",
      "Level": 4,
      "Opcode": 0,
      "Provider": {
        "#attributes": {
          "Guid": "C76BAA63-AE81-421C-B425-340B4B24157F",
          "Name": "Microsoft-Windows-TerminalServices-RemoteConnectionManager"
        }
      },
      "Security": {
        "#attributes": {
          "UserID": "S-1-5-20"
        }
      },
      "Task": 0,
      "TimeCreated": {
        "#attributes": {
          "SystemTime": "2020-04-15T12:25:12.653217Z"
        }
      },
      "Version": 0
    },
    "UserData": {
      "EventXML": {
        "#attributes": {
          "xmlns": "Event_NS"
        },
        "Class": "5828227C-20CF-4408-B73F-73AB70B8849F",
        "ListenerName": "RDP-Tcp"
      }
    }
  }
}
Record 690
{
  "Event": {
    "#attributes": {
      "xmlns": "http://schemas.microsoft.com/win/2004/08/events/event"
    },
    "System": {
      "Channel": "Microsoft-Windows-TerminalServices-RemoteConnectionManager/Operational",
      "Computer": "DESKTOP-QATR41H",
      "Correlation": {
        "#attributes": {
          "ActivityID": "F462040C-D81B-4CF2-834F-8F89745D0000"
        }
      },
      "EventID": 20523,
      "EventRecordID": 690,
      "Execution": {
        "#attributes": {
          "ProcessID": 1252,
          "ThreadID": 1432
        }
      },
      "Keywords": "0x1000000000000000",
      "Level": 4,
      "Opcode": 0,
      "Provider": {
        "#attributes": {
          "Guid": "C76BAA63-AE81-421C-B425-340B4B24157F",
          "Name": "Microsoft-Windows-TerminalServices-RemoteConnectionManager"
        }
      },
      "Security": {
        "#attributes": {
          "UserID": "S-1-5-20"
        }
      },
      "Task": 0,
      "TimeCreated": {
        "#attributes": {
          "SystemTime": "2020-04-15T12:25:12.864968Z"
        }
      },
      "Version": 0
    },
    "UserData": {
      "EventXML": {
        "#attributes": {
          "xmlns": "Event_NS"
        },
        "Class": "56CF02BC-F460-4BDA-AC40-6BD4EB9347D3",
        "ListenerName": "7A78855482A04FA781DC"
      }
    }
  }
}
Record 691
{
  "Event": {
    "#attributes": {
      "xmlns": "http://schemas.microsoft.com/win/2004/08/events/event"
    },
    "System": {
      "Channel": "Microsoft-Windows-TerminalServices-RemoteConnectionManager/Operational",
      "Computer": "DESKTOP-QATR41H",
      "Correlation": {
        "#attributes": {
          "ActivityID": "F462040C-D81B-4CF2-834F-8F89745D0000"
        }
      },
      "EventID": 258,
      "EventRecordID": 691,
      "Execution": {
        "#attributes": {
          "ProcessID": 1252,
          "ThreadID": 1432
        }
      },
      "Keywords": "0x1000000000000000",
      "Level": 4,
      "Opcode": 0,
      "Provider": {
        "#attributes": {
          "Guid": "C76BAA63-AE81-421C-B425-340B4B24157F",
          "Name": "Microsoft-Windows-TerminalServices-RemoteConnectionManager"
        }
      },
      "Security": {
        "#attributes": {
          "UserID": "S-1-5-20"
        }
      },
      "Task": 0,
      "TimeCreated": {
        "#attributes": {
          "SystemTime": "2020-04-15T12:25:12.868469Z"
        }
      },
      "Version": 0
    },
    "UserData": {
      "EventXML": {
        "#attributes": {
          "xmlns": "Event_NS"
        },
        "listenerName": "7A78855482A04FA781DC"
      }
    }
  }
}
Record 692
{
  "Event": {
    "#attributes": {
      "xmlns": "http://schemas.microsoft.com/win/2004/08/events/event"
    },
    "EventData": null,
    "System": {
      "Channel": "Microsoft-Windows-TerminalServices-RemoteConnectionManager/Operational",
      "Computer": "DESKTOP-QATR41H",
      "Correlation": {
        "#attributes": {
          "ActivityID": "F462040C-D81B-4CF2-834F-8F89745D0000"
        }
      },
      "EventID": 263,
      "EventRecordID": 692,
      "Execution": {
        "#attributes": {
          "ProcessID": 1252,
          "ThreadID": 1432
        }
      },
      "Keywords": "0x1000000000000000",
      "Level": 4,
      "Opcode": 0,
      "Provider": {
        "#attributes": {
          "Guid": "C76BAA63-AE81-421C-B425-340B4B24157F",
          "Name": "Microsoft-Windows-TerminalServices-RemoteConnectionManager"
        }
      },
      "Security": {
        "#attributes": {
          "UserID": "S-1-5-20"
        }
      },
      "Task": 0,
      "TimeCreated": {
        "#attributes": {
          "SystemTime": "2020-04-15T12:25:13.099543Z"
        }
      },
      "Version": 0
    }
  }
}
Record 693
{
  "Event": {
    "#attributes": {
      "xmlns": "http://schemas.microsoft.com/win/2004/08/events/event"
    },
    "EventData": null,
    "System": {
      "Channel": "Microsoft-Windows-TerminalServices-RemoteConnectionManager/Operational",
      "Computer": "DESKTOP-QATR41H",
      "Correlation": null,
      "EventID": 1136,
      "EventRecordID": 693,
      "Execution": {
        "#attributes": {
          "ProcessID": 2744,
          "ThreadID": 2788
        }
      },
      "Keywords": "0x1000000000000000",
      "Level": 4,
      "Opcode": 0,
      "Provider": {
        "#attributes": {
          "Guid": "C76BAA63-AE81-421C-B425-340B4B24157F",
          "Name": "Microsoft-Windows-TerminalServices-RemoteConnectionManager"
        }
      },
      "Security": {
        "#attributes": {
          "UserID": "S-1-5-18"
        }
      },
      "Task": 0,
      "TimeCreated": {
        "#attributes": {
          "SystemTime": "2020-04-15T12:25:13.212566Z"
        }
      },
      "Version": 0
    }
  }
}
Record 694
{
  "Event": {
    "#attributes": {
      "xmlns": "http://schemas.microsoft.com/win/2004/08/events/event"
    },
    "System": {
      "Channel": "Microsoft-Windows-TerminalServices-RemoteConnectionManager/Operational",
      "Computer": "DESKTOP-QATR41H",
      "Correlation": {
        "#attributes": {
          "ActivityID": "F4627E69-FA11-4F7E-85EE-7F5A61740000"
        }
      },
      "EventID": 20523,
      "EventRecordID": 694,
      "Execution": {
        "#attributes": {
          "ProcessID": 1252,
          "ThreadID": 1432
        }
      },
      "Keywords": "0x1000000000000000",
      "Level": 4,
      "Opcode": 0,
      "Provider": {
        "#attributes": {
          "Guid": "C76BAA63-AE81-421C-B425-340B4B24157F",
          "Name": "Microsoft-Windows-TerminalServices-RemoteConnectionManager"
        }
      },
      "Security": {
        "#attributes": {
          "UserID": "S-1-5-20"
        }
      },
      "Task": 0,
      "TimeCreated": {
        "#attributes": {
          "SystemTime": "2020-04-15T12:25:13.226919Z"
        }
      },
      "Version": 0
    },
    "UserData": {
      "EventXML": {
        "#attributes": {
          "xmlns": "Event_NS"
        },
        "Class": "5828227C-20CF-4408-B73F-73AB70B8849F",
        "ListenerName": "RDP-Tcp"
      }
    }
  }
}
Record 695
{
  "Event": {
    "#attributes": {
      "xmlns": "http://schemas.microsoft.com/win/2004/08/events/event"
    },
    "EventData": null,
    "System": {
      "Channel": "Microsoft-Windows-TerminalServices-RemoteConnectionManager/Operational",
      "Computer": "DESKTOP-QATR41H",
      "Correlation": {
        "#attributes": {
          "ActivityID": "F4627E69-FA11-4F7E-85EE-7F5A61740000"
        }
      },
      "EventID": 263,
      "EventRecordID": 695,
      "Execution": {
        "#attributes": {
          "ProcessID": 1252,
          "ThreadID": 1432
        }
      },
      "Keywords": "0x1000000000000000",
      "Level": 4,
      "Opcode": 0,
      "Provider": {
        "#attributes": {
          "Guid": "C76BAA63-AE81-421C-B425-340B4B24157F",
          "Name": "Microsoft-Windows-TerminalServices-RemoteConnectionManager"
        }
      },
      "Security": {
        "#attributes": {
          "UserID": "S-1-5-20"
        }
      },
      "Task": 0,
      "TimeCreated": {
        "#attributes": {
          "SystemTime": "2020-04-15T12:25:13.238290Z"
        }
      },
      "Version": 0
    }
  }
}
Record 696
{
  "Event": {
    "#attributes": {
      "xmlns": "http://schemas.microsoft.com/win/2004/08/events/event"
    },
    "System": {
      "Channel": "Microsoft-Windows-TerminalServices-RemoteConnectionManager/Operational",
      "Computer": "DESKTOP-QATR41H",
      "Correlation": {
        "#attributes": {
          "ActivityID": "F4627366-A328-4C2D-BFDB-DE789F340000"
        }
      },
      "EventID": 20523,
      "EventRecordID": 696,
      "Execution": {
        "#attributes": {
          "ProcessID": 1252,
          "ThreadID": 1432
        }
      },
      "Keywords": "0x1000000000000000",
      "Level": 4,
      "Opcode": 0,
      "Provider": {
        "#attributes": {
          "Guid": "C76BAA63-AE81-421C-B425-340B4B24157F",
          "Name": "Microsoft-Windows-TerminalServices-RemoteConnectionManager"
        }
      },
      "Security": {
        "#attributes": {
          "UserID": "S-1-5-20"
        }
      },
      "Task": 0,
      "TimeCreated": {
        "#attributes": {
          "SystemTime": "2020-04-15T12:25:13.240003Z"
        }
      },
      "Version": 0
    },
    "UserData": {
      "EventXML": {
        "#attributes": {
          "xmlns": "Event_NS"
        },
        "Class": "5828227C-20CF-4408-B73F-73AB70B8849F",
        "ListenerName": "RDP-Tcp"
      }
    }
  }
}
Record 697
{
  "Event": {
    "#attributes": {
      "xmlns": "http://schemas.microsoft.com/win/2004/08/events/event"
    },
    "EventData": null,
    "System": {
      "Channel": "Microsoft-Windows-TerminalServices-RemoteConnectionManager/Operational",
      "Computer": "DESKTOP-QATR41H",
      "Correlation": {
        "#attributes": {
          "ActivityID": "F4627366-A328-4C2D-BFDB-DE789F340000"
        }
      },
      "EventID": 263,
      "EventRecordID": 697,
      "Execution": {
        "#attributes": {
          "ProcessID": 1252,
          "ThreadID": 1432
        }
      },
      "Keywords": "0x1000000000000000",
      "Level": 4,
      "Opcode": 0,
      "Provider": {
        "#attributes": {
          "Guid": "C76BAA63-AE81-421C-B425-340B4B24157F",
          "Name": "Microsoft-Windows-TerminalServices-RemoteConnectionManager"
        }
      },
      "Security": {
        "#attributes": {
          "UserID": "S-1-5-20"
        }
      },
      "Task": 0,
      "TimeCreated": {
        "#attributes": {
          "SystemTime": "2020-04-15T12:25:13.251828Z"
        }
      },
      "Version": 0
    }
  }
}
Record 698
{
  "Event": {
    "#attributes": {
      "xmlns": "http://schemas.microsoft.com/win/2004/08/events/event"
    },
    "System": {
      "Channel": "Microsoft-Windows-TerminalServices-RemoteConnectionManager/Operational",
      "Computer": "DESKTOP-QATR41H",
      "Correlation": {
        "#attributes": {
          "ActivityID": "F46242FC-5C25-40F0-B695-9AAE986E0000"
        }
      },
      "EventID": 20523,
      "EventRecordID": 698,
      "Execution": {
        "#attributes": {
          "ProcessID": 1252,
          "ThreadID": 1432
        }
      },
      "Keywords": "0x1000000000000000",
      "Level": 4,
      "Opcode": 0,
      "Provider": {
        "#attributes": {
          "Guid": "C76BAA63-AE81-421C-B425-340B4B24157F",
          "Name": "Microsoft-Windows-TerminalServices-RemoteConnectionManager"
        }
      },
      "Security": {
        "#attributes": {
          "UserID": "S-1-5-20"
        }
      },
      "Task": 0,
      "TimeCreated": {
        "#attributes": {
          "SystemTime": "2020-04-15T12:25:13.253705Z"
        }
      },
      "Version": 0
    },
    "UserData": {
      "EventXML": {
        "#attributes": {
          "xmlns": "Event_NS"
        },
        "Class": "5828227C-20CF-4408-B73F-73AB70B8849F",
        "ListenerName": "RDP-Tcp"
      }
    }
  }
}
Record 699
{
  "Event": {
    "#attributes": {
      "xmlns": "http://schemas.microsoft.com/win/2004/08/events/event"
    },
    "EventData": null,
    "System": {
      "Channel": "Microsoft-Windows-TerminalServices-RemoteConnectionManager/Operational",
      "Computer": "DESKTOP-QATR41H",
      "Correlation": {
        "#attributes": {
          "ActivityID": "F46242FC-5C25-40F0-B695-9AAE986E0000"
        }
      },
      "EventID": 263,
      "EventRecordID": 699,
      "Execution": {
        "#attributes": {
          "ProcessID": 1252,
          "ThreadID": 1432
        }
      },
      "Keywords": "0x1000000000000000",
      "Level": 4,
      "Opcode": 0,
      "Provider": {
        "#attributes": {
          "Guid": "C76BAA63-AE81-421C-B425-340B4B24157F",
          "Name": "Microsoft-Windows-TerminalServices-RemoteConnectionManager"
        }
      },
      "Security": {
        "#attributes": {
          "UserID": "S-1-5-20"
        }
      },
      "Task": 0,
      "TimeCreated": {
        "#attributes": {
          "SystemTime": "2020-04-15T12:25:13.264980Z"
        }
      },
      "Version": 0
    }
  }
}
Record 700
{
  "Event": {
    "#attributes": {
      "xmlns": "http://schemas.microsoft.com/win/2004/08/events/event"
    },
    "System": {
      "Channel": "Microsoft-Windows-TerminalServices-RemoteConnectionManager/Operational",
      "Computer": "DESKTOP-QATR41H",
      "Correlation": {
        "#attributes": {
          "ActivityID": "F46262E5-B310-4E7D-AA1E-8C10339A0000"
        }
      },
      "EventID": 20523,
      "EventRecordID": 700,
      "Execution": {
        "#attributes": {
          "ProcessID": 1252,
          "ThreadID": 1432
        }
      },
      "Keywords": "0x1000000000000000",
      "Level": 4,
      "Opcode": 0,
      "Provider": {
        "#attributes": {
          "Guid": "C76BAA63-AE81-421C-B425-340B4B24157F",
          "Name": "Microsoft-Windows-TerminalServices-RemoteConnectionManager"
        }
      },
      "Security": {
        "#attributes": {
          "UserID": "S-1-5-20"
        }
      },
      "Task": 0,
      "TimeCreated": {
        "#attributes": {
          "SystemTime": "2020-04-15T12:25:13.266438Z"
        }
      },
      "Version": 0
    },
    "UserData": {
      "EventXML": {
        "#attributes": {
          "xmlns": "Event_NS"
        },
        "Class": "5828227C-20CF-4408-B73F-73AB70B8849F",
        "ListenerName": "RDP-Tcp"
      }
    }
  }
}
Record 701
{
  "Event": {
    "#attributes": {
      "xmlns": "http://schemas.microsoft.com/win/2004/08/events/event"
    },
    "EventData": null,
    "System": {
      "Channel": "Microsoft-Windows-TerminalServices-RemoteConnectionManager/Operational",
      "Computer": "DESKTOP-QATR41H",
      "Correlation": {
        "#attributes": {
          "ActivityID": "F46262E5-B310-4E7D-AA1E-8C10339A0000"
        }
      },
      "EventID": 263,
      "EventRecordID": 701,
      "Execution": {
        "#attributes": {
          "ProcessID": 1252,
          "ThreadID": 1432
        }
      },
      "Keywords": "0x1000000000000000",
      "Level": 4,
      "Opcode": 0,
      "Provider": {
        "#attributes": {
          "Guid": "C76BAA63-AE81-421C-B425-340B4B24157F",
          "Name": "Microsoft-Windows-TerminalServices-RemoteConnectionManager"
        }
      },
      "Security": {
        "#attributes": {
          "UserID": "S-1-5-20"
        }
      },
      "Task": 0,
      "TimeCreated": {
        "#attributes": {
          "SystemTime": "2020-04-15T12:25:13.278397Z"
        }
      },
      "Version": 0
    }
  }
}
Record 702
{
  "Event": {
    "#attributes": {
      "xmlns": "http://schemas.microsoft.com/win/2004/08/events/event"
    },
    "System": {
      "Channel": "Microsoft-Windows-TerminalServices-RemoteConnectionManager/Operational",
      "Computer": "DESKTOP-QATR41H",
      "Correlation": {
        "#attributes": {
          "ActivityID": "F4621653-F661-428C-836A-C6C266010000"
        }
      },
      "EventID": 20523,
      "EventRecordID": 702,
      "Execution": {
        "#attributes": {
          "ProcessID": 1252,
          "ThreadID": 1432
        }
      },
      "Keywords": "0x1000000000000000",
      "Level": 4,
      "Opcode": 0,
      "Provider": {
        "#attributes": {
          "Guid": "C76BAA63-AE81-421C-B425-340B4B24157F",
          "Name": "Microsoft-Windows-TerminalServices-RemoteConnectionManager"
        }
      },
      "Security": {
        "#attributes": {
          "UserID": "S-1-5-20"
        }
      },
      "Task": 0,
      "TimeCreated": {
        "#attributes": {
          "SystemTime": "2020-04-15T12:25:13.280265Z"
        }
      },
      "Version": 0
    },
    "UserData": {
      "EventXML": {
        "#attributes": {
          "xmlns": "Event_NS"
        },
        "Class": "5828227C-20CF-4408-B73F-73AB70B8849F",
        "ListenerName": "RDP-Tcp"
      }
    }
  }
}
Record 703
{
  "Event": {
    "#attributes": {
      "xmlns": "http://schemas.microsoft.com/win/2004/08/events/event"
    },
    "EventData": null,
    "System": {
      "Channel": "Microsoft-Windows-TerminalServices-RemoteConnectionManager/Operational",
      "Computer": "DESKTOP-QATR41H",
      "Correlation": {
        "#attributes": {
          "ActivityID": "F4621653-F661-428C-836A-C6C266010000"
        }
      },
      "EventID": 263,
      "EventRecordID": 703,
      "Execution": {
        "#attributes": {
          "ProcessID": 1252,
          "ThreadID": 1432
        }
      },
      "Keywords": "0x1000000000000000",
      "Level": 4,
      "Opcode": 0,
      "Provider": {
        "#attributes": {
          "Guid": "C76BAA63-AE81-421C-B425-340B4B24157F",
          "Name": "Microsoft-Windows-TerminalServices-RemoteConnectionManager"
        }
      },
      "Security": {
        "#attributes": {
          "UserID": "S-1-5-20"
        }
      },
      "Task": 0,
      "TimeCreated": {
        "#attributes": {
          "SystemTime": "2020-04-15T12:25:13.292198Z"
        }
      },
      "Version": 0
    }
  }
}
Record 704
{
  "Event": {
    "#attributes": {
      "xmlns": "http://schemas.microsoft.com/win/2004/08/events/event"
    },
    "System": {
      "Channel": "Microsoft-Windows-TerminalServices-RemoteConnectionManager/Operational",
      "Computer": "DESKTOP-QATR41H",
      "Correlation": {
        "#attributes": {
          "ActivityID": "F4623069-2810-44D5-9272-BC271F020000"
        }
      },
      "EventID": 20523,
      "EventRecordID": 704,
      "Execution": {
        "#attributes": {
          "ProcessID": 1252,
          "ThreadID": 1432
        }
      },
      "Keywords": "0x1000000000000000",
      "Level": 4,
      "Opcode": 0,
      "Provider": {
        "#attributes": {
          "Guid": "C76BAA63-AE81-421C-B425-340B4B24157F",
          "Name": "Microsoft-Windows-TerminalServices-RemoteConnectionManager"
        }
      },
      "Security": {
        "#attributes": {
          "UserID": "S-1-5-20"
        }
      },
      "Task": 0,
      "TimeCreated": {
        "#attributes": {
          "SystemTime": "2020-04-15T12:25:13.293981Z"
        }
      },
      "Version": 0
    },
    "UserData": {
      "EventXML": {
        "#attributes": {
          "xmlns": "Event_NS"
        },
        "Class": "5828227C-20CF-4408-B73F-73AB70B8849F",
        "ListenerName": "RDP-Tcp"
      }
    }
  }
}
Record 705
{
  "Event": {
    "#attributes": {
      "xmlns": "http://schemas.microsoft.com/win/2004/08/events/event"
    },
    "EventData": null,
    "System": {
      "Channel": "Microsoft-Windows-TerminalServices-RemoteConnectionManager/Operational",
      "Computer": "DESKTOP-QATR41H",
      "Correlation": {
        "#attributes": {
          "ActivityID": "F4623069-2810-44D5-9272-BC271F020000"
        }
      },
      "EventID": 263,
      "EventRecordID": 705,
      "Execution": {
        "#attributes": {
          "ProcessID": 1252,
          "ThreadID": 1432
        }
      },
      "Keywords": "0x1000000000000000",
      "Level": 4,
      "Opcode": 0,
      "Provider": {
        "#attributes": {
          "Guid": "C76BAA63-AE81-421C-B425-340B4B24157F",
          "Name": "Microsoft-Windows-TerminalServices-RemoteConnectionManager"
        }
      },
      "Security": {
        "#attributes": {
          "UserID": "S-1-5-20"
        }
      },
      "Task": 0,
      "TimeCreated": {
        "#attributes": {
          "SystemTime": "2020-04-15T12:25:13.305721Z"
        }
      },
      "Version": 0
    }
  }
}
